
                            < M A T L A B (R) >
                  Copyright 1984-2015 The MathWorks, Inc.
                   R2015a (8.5.0.197613) 64-bit (glnxa64)
                             February 12, 2015

 
To get started, type one of these: helpwin, helpdesk, or demo.
For product information, visit www.mathworks.com.
 
Setting CVX paths...done.

	Academic License


ifinit =

     1


ifplot =

     0


gam =

   8.0000e-01


m =

   300


n =

   375


k =

    10


m1 =

    75


ells =

    10     9     8     7     6     5     4     3     2     1


delta =

   5.0000e-01


nruns =

    40


nsigmas =

    10


sigmas =

  Columns 1 through 6

   1.0000e+00   1.2414e+00   1.5410e+00   1.9129e+00   2.3746e+00   2.9478e+00

  Columns 7 through 10

   3.6593e+00   4.5425e+00   5.6390e+00   7.0000e+00

Starting parallel pool (parpool) using the 'local' profile ... connected to 10 workers.
Run: 
     23 


chk0 =

   1.0039e-15


sig =

     1


ell =

     1

Run: 
     12 


chk0 =

   1.4471e-15


sig =

     1


ell =

     1

Run: 
     9 


chk0 =

   8.9128e-16


sig =

     1


ell =

     1

Run: 
     27 


chk0 =

   1.3345e-15


sig =

     1


ell =

     1

Run: 
     6 


chk0 =

   1.1166e-15


sig =

     1


ell =

     1

Run: 
     25 


chk0 =

   1.2234e-15


sig =

     1


ell =

     1

Run: 
     21 


chk0 =

   8.9371e-16


sig =

     1


ell =

     1

Run: 
     15 


chk0 =

   1.0030e-15


sig =

     1


ell =

     1

Run: 
     3 


chk0 =

   8.8988e-16


sig =

     1


ell =

     1

Run: 
     18 


chk0 =

   1.3339e-15


sig =

     1


ell =

     1


niter =

     []


niter =

     []


niter =

     []


niter =

     []


niter =

     []


niter =

     []


niter =

     []


niter =

     []


niter =

     []


niter =

     []


tol =

     []


kest =

    11

Trimming ...
Sparse SVD ...
Iteration	Fit Error
0		2.056239e+00

sig =

     1


tol =

     []


kest =

    11

Trimming ...
Sparse SVD ...
Iteration	Fit Error
0		2.049138e+00

sig =

     1


tol =

     []


kest =

    11

Trimming ...
Sparse SVD ...
Iteration	Fit Error
0		2.057390e+00

sig =

     1


ell =

     1


ell =

     1


ell =

     1


tol =

     []


kest =

    11

Trimming ...
Sparse SVD ...
Iteration	Fit Error
0		2.035658e+00

sig =

     1


tol =

     []


kest =

    11

Trimming ...
Sparse SVD ...
Iteration	Fit Error
0		2.049462e+00

sig =

     1


ell =

     1


tol =

     []


kest =

    11

Trimming ...
Sparse SVD ...
Iteration	Fit Error
0		2.057228e+00

sig =

     1


tol =

     []


kest =

    11

Trimming ...
Sparse SVD ...
Iteration	Fit Error
0		2.044960e+00

sig =

     1


niter =

     []


tol =

     []


kest =

    11

Trimming ...
Sparse SVD ...
Iteration	Fit Error
0		2.052374e+00

sig =

     1


tol =

     []


kest =

    11

Trimming ...
Sparse SVD ...
Iteration	Fit Error
0		2.076469e+00

sig =

     1


ell =

     1


ell =

     1


tol =

     []


kest =

    11

Trimming ...
Sparse SVD ...
Iteration	Fit Error
0		2.069819e+00

sig =

     1


ell =

     1


ell =

     1


ell =

     1


ell =

     1


niter =

     []


niter =

     []


niter =

     []


niter =

     []


niter =

     []


niter =

     []


niter =

     []


niter =

     []


niter =

     []


tol =

     []


kest =

    11

Trimming ...
Sparse SVD ...
Iteration	Fit Error
0		2.271022e+00

sig =

     1


ell =

     1


tol =

     []


kest =

    11

Trimming ...
Sparse SVD ...
Iteration	Fit Error
0		2.265611e+00

sig =

     1


tol =

     []


kest =

    11

Trimming ...
Sparse SVD ...
Iteration	Fit Error
0		2.286151e+00

sig =

     1


tol =

     []


kest =

    11

Trimming ...
Sparse SVD ...
Iteration	Fit Error
0		2.271125e+00

sig =

     1


tol =

     []


kest =

    11

Trimming ...
Sparse SVD ...
Iteration	Fit Error
0		2.272269e+00

sig =

     1


niter =

     []


ell =

     1


ell =

     1


tol =

     []


kest =

    11

Trimming ...
Sparse SVD ...
Iteration	Fit Error
0		2.251527e+00

sig =

     1


ell =

     1


tol =

     []


kest =

    11

Trimming ...
Sparse SVD ...
Iteration	Fit Error
0		2.259096e+00

sig =

     1


ell =

     1


ell =

     1


tol =

     []


kest =

    11

Trimming ...
Sparse SVD ...
Iteration	Fit Error
0		2.290629e+00

sig =

     1


tol =

     []


kest =

    11

Trimming ...
Sparse SVD ...
Iteration	Fit Error
0		2.264376e+00

sig =

     1


ell =

     1


tol =

     []


kest =

    11

Trimming ...
Sparse SVD ...
Iteration	Fit Error
0		2.267197e+00

sig =

     1


ell =

     1


ell =

     1


niter =

     []


ell =

     1


niter =

     []


niter =

     []


niter =

     []


niter =

     []


niter =

     []


tol =

     []


kest =

    11

Trimming ...
Sparse SVD ...
Iteration	Fit Error
0		2.462556e+00

sig =

     1


niter =

     []


niter =

     []


niter =

     []


ell =

     1


tol =

     []


kest =

    11

Trimming ...
Sparse SVD ...
Iteration	Fit Error
0		2.459189e+00

sig =

     1


ell =

     1


tol =

     []


kest =

    11

Trimming ...
Sparse SVD ...
Iteration	Fit Error
0		2.452745e+00

sig =

     1


niter =

     []


tol =

     []


kest =

    11

Trimming ...
Sparse SVD ...
Iteration	Fit Error
0		2.463606e+00

sig =

     1


tol =

     []


kest =

    11

Trimming ...
Sparse SVD ...
Iteration	Fit Error
0		2.462228e+00

sig =

     1


ell =

     1


tol =

     []


kest =

    11

Trimming ...
Sparse SVD ...
Iteration	Fit Error
0		2.477777e+00

sig =

     1


ell =

     1


tol =

     []


kest =

    11

Trimming ...
Sparse SVD ...
Iteration	Fit Error
0		2.444522e+00

sig =

     1


ell =

     1


ell =

     1


ell =

     1


tol =

     []


kest =

    11

Trimming ...
Sparse SVD ...
Iteration	Fit Error
0		2.481247e+00

sig =

     1


tol =

     []


kest =

    11

Trimming ...
Sparse SVD ...
Iteration	Fit Error
0		2.457825e+00

sig =

     1


ell =

     1


niter =

     []


tol =

     []


kest =

    11

Trimming ...
Sparse SVD ...
Iteration	Fit Error
0		2.459167e+00

sig =

     1


niter =

     []


ell =

     1


niter =

     []


niter =

     []


ell =

     1


niter =

     []


niter =

     []


niter =

     []


tol =

     []


kest =

    11

Trimming ...
Sparse SVD ...
Iteration	Fit Error
0		2.619618e+00

sig =

     1


niter =

     []


ell =

     1


niter =

     []


niter =

     []


tol =

     []


kest =

    11

Trimming ...
Sparse SVD ...
Iteration	Fit Error
0		2.614872e+00

sig =

     1


tol =

     []


kest =

    11

Trimming ...
Sparse SVD ...
Iteration	Fit Error
0		2.620214e+00

sig =

     1


tol =

     []


kest =

    11

Trimming ...
Sparse SVD ...
Iteration	Fit Error
0		2.613941e+00

sig =

     1


ell =

     1


tol =

     []


kest =

    11

Trimming ...
Sparse SVD ...
Iteration	Fit Error
0		2.603141e+00

sig =

     1


ell =

     1


ell =

     1


tol =

     []


kest =

    11

Trimming ...
Sparse SVD ...
Iteration	Fit Error
0		2.620895e+00

sig =

     1


ell =

     1


tol =

     []


kest =

    11

Trimming ...
Sparse SVD ...
Iteration	Fit Error
0		2.636809e+00

sig =

     1


niter =

     []


tol =

     []


kest =

    11

Trimming ...
Sparse SVD ...
Iteration	Fit Error
0		2.629886e+00

sig =

     1


ell =

     1


niter =

     []


ell =

     1


ell =

     1


tol =

     []


kest =

    11

Trimming ...
Sparse SVD ...
Iteration	Fit Error
0		2.618006e+00

sig =

     1


ell =

     1


niter =

     []


niter =

     []


tol =

     []


kest =

    11

Trimming ...
Sparse SVD ...
Iteration	Fit Error
0		2.613681e+00

sig =

     1


niter =

     []


ell =

     1


niter =

     []


tol =

     []


kest =

    11

Trimming ...
Sparse SVD ...
Iteration	Fit Error
0		2.741510e+00

sig =

     1


niter =

     []


niter =

     []


ell =

     1


tol =

     []


kest =

    11

Trimming ...
Sparse SVD ...
Iteration	Fit Error
0		2.741689e+00

sig =

     1


niter =

     []


tol =

     []


kest =

    11

Trimming ...
Sparse SVD ...
Iteration	Fit Error
0		2.732674e+00

sig =

     1


ell =

     1


ell =

     1


niter =

     []


tol =

     []


kest =

    11

Trimming ...
Sparse SVD ...
Iteration	Fit Error
0		2.736255e+00

sig =

     1


tol =

     []


kest =

    11

Trimming ...
Sparse SVD ...
Iteration	Fit Error
0		2.725857e+00

sig =

     1


niter =

     []


ell =

     1


niter =

     []


ell =

     1


tol =

     []


kest =

    11

Trimming ...
Sparse SVD ...
Iteration	Fit Error
0		2.746367e+00

sig =

     1


tol =

     []


kest =

    11

Trimming ...
Sparse SVD ...
Iteration	Fit Error
0		2.741494e+00

sig =

     1


tol =

     []


kest =

    11

Trimming ...
Sparse SVD ...
Iteration	Fit Error
0		2.754842e+00

sig =

     1


tol =

     []


kest =

    11

Trimming ...
Sparse SVD ...
Iteration	Fit Error
0		2.737660e+00

sig =

     1


ell =

     1


ell =

     1


ell =

     1


ell =

     1


tol =

     []


kest =

    11

Trimming ...
Sparse SVD ...
Iteration	Fit Error
0		2.828864e+00

sig =

     1


niter =

     []


ell =

     1


niter =

     []


niter =

     []


tol =

     []


kest =

    11

Trimming ...
Sparse SVD ...
Iteration	Fit Error
0		2.732466e+00

sig =

     1


niter =

     []


ell =

     1


niter =

     []


niter =

     []


tol =

     []


kest =

    11

Trimming ...
Sparse SVD ...
Iteration	Fit Error
0		2.820138e+00

sig =

     1


tol =

     []


kest =

    11

Trimming ...
Sparse SVD ...
Iteration	Fit Error
0		2.829693e+00

sig =

     1


niter =

     []


ell =

     1


ell =

     1


niter =

     []


tol =

     []


kest =

    11

Trimming ...
Sparse SVD ...
Iteration	Fit Error
0		2.813291e+00

sig =

     1


tol =

     []


kest =

    11

Trimming ...
Sparse SVD ...
Iteration	Fit Error
0		2.825826e+00

sig =

     1


niter =

     []


ell =

     1


tol =

     []


kest =

    11

Trimming ...
Sparse SVD ...
Iteration	Fit Error
0		2.830889e+00

sig =

     1


tol =

     []


kest =

    11

Trimming ...
Sparse SVD ...
Iteration	Fit Error
0		2.826782e+00

sig =

     1


ell =

     1


niter =

     []


ell =

     1


ell =

     1


tol =

     []


kest =

    11

Trimming ...
Sparse SVD ...
Iteration	Fit Error
0		2.835290e+00

sig =

     1


tol =

     []


kest =

    11

Trimming ...
Sparse SVD ...
Iteration	Fit Error
0		2.826425e+00

sig =

     1


ell =

     1


ell =

     1


tol =

     []


kest =

    11

Trimming ...
Sparse SVD ...
Iteration	Fit Error
0		2.887488e+00

sig =

     1


niter =

     []


niter =

     []


niter =

     []


ell =

     1


niter =

     []


tol =

     []


kest =

    11

Trimming ...
Sparse SVD ...
Iteration	Fit Error
0		2.820634e+00

sig =

     1


niter =

     []


niter =

     []


tol =

     []


kest =

    11

Trimming ...
Sparse SVD ...
Iteration	Fit Error
0		2.879532e+00

sig =

     1


ell =

     1


ell =

     1


tol =

     []


kest =

    11

Trimming ...
Sparse SVD ...
Iteration	Fit Error
0		2.888594e+00

sig =

     1


niter =

     []


ell =

     1


niter =

     []


niter =

     []


tol =

     []


kest =

    11

Trimming ...
Sparse SVD ...
Iteration	Fit Error
0		2.884633e+00

sig =

     1


tol =

     []


kest =

    11

Trimming ...
Sparse SVD ...
Iteration	Fit Error
0		2.884693e+00

sig =

     1


ell =

     1


tol =

     []


kest =

    11

Trimming ...
Sparse SVD ...
Iteration	Fit Error
0		2.872317e+00

sig =

     1


tol =

     []


kest =

    11

Trimming ...
Sparse SVD ...
Iteration	Fit Error
0		2.884120e+00

sig =

     1


ell =

     1


tol =

     []


kest =

    11

Trimming ...
Sparse SVD ...
Iteration	Fit Error
0		2.887475e+00

sig =

     1


niter =

     []


ell =

     1


ell =

     1


ell =

     1


tol =

     []


kest =

    11

Trimming ...
Sparse SVD ...
Iteration	Fit Error
0		2.885872e+00

sig =

     1


ell =

     1


niter =

     []


tol =

     []


kest =

    11

Trimming ...
Sparse SVD ...
Iteration	Fit Error
0		2.922762e+00

sig =

     1


niter =

     []


niter =

     []


ell =

     1


tol =

     []


kest =

    11

Trimming ...
Sparse SVD ...
Iteration	Fit Error
0		2.915644e+00

sig =

     1


niter =

     []


ell =

     1


niter =

     []


tol =

     []


kest =

    11

Trimming ...
Sparse SVD ...
Iteration	Fit Error
0		2.879656e+00

sig =

     1


niter =

     []


ell =

     1


niter =

     []


tol =

     []


kest =

    11

Trimming ...
Sparse SVD ...
Iteration	Fit Error
0		2.923368e+00

sig =

     1


ell =

     1


niter =

     []


niter =

     []


tol =

     []


kest =

    11

Trimming ...
Sparse SVD ...
Iteration	Fit Error
0		2.917695e+00

sig =

     1


tol =

     []


kest =

    11

Trimming ...
Sparse SVD ...
Iteration	Fit Error
0		2.922074e+00

sig =

     1


tol =

     []


kest =

    11

Trimming ...
Sparse SVD ...
Iteration	Fit Error
0		2.922019e+00

sig =

     1


ell =

     1


tol =

     []


kest =

    11

Trimming ...
Sparse SVD ...
Iteration	Fit Error
0		2.909457e+00

sig =

     1


niter =

     []


ell =

     1


ell =

     1


ell =

     1


tol =

     []


kest =

    11

Trimming ...
Sparse SVD ...
Iteration	Fit Error
0		2.917379e+00

sig =

     1


tol =

     []


kest =

    11

Trimming ...
Sparse SVD ...
Iteration	Fit Error
0		2.918481e+00

sig =

     1


ell =

     1


ell =

     1


niter =

     []


tol =

     []


kest =

    11

Trimming ...
Sparse SVD ...
Iteration	Fit Error
0		2.941753e+00

sig =

     1


niter =

     []


niter =

     []


niter =

     []


ell =

     1


niter =

     []


tol =

     []


kest =

    11

Trimming ...
Sparse SVD ...
Iteration	Fit Error
0		2.935934e+00

sig =

     1


ell =

     1


tol =

     []


kest =

    11

Trimming ...
Sparse SVD ...
Iteration	Fit Error
0		2.914279e+00

sig =

     1


niter =

     []


ell =

     1


tol =

     []


kest =

    11

Trimming ...
Sparse SVD ...
Iteration	Fit Error
0		2.941501e+00

sig =

     1


niter =

     []


ell =

     1


niter =

     []


tol =

     []


kest =

    11

Trimming ...
Sparse SVD ...
Iteration	Fit Error
0		2.942596e+00

sig =

     1


tol =

     []


kest =

    11

Trimming ...
Sparse SVD ...
Iteration	Fit Error
0		2.942126e+00

sig =

     1


tol =

     []


kest =

    11

Trimming ...
Sparse SVD ...
Iteration	Fit Error
0		2.935943e+00

sig =

     1


tol =

     []


kest =

    11

Trimming ...
Sparse SVD ...
Iteration	Fit Error
0		2.936372e+00

sig =

     1


tol =

     []


kest =

    11

Trimming ...
Sparse SVD ...
Iteration	Fit Error
0		2.930909e+00

sig =

     1


niter =

     []


ell =

     1


ell =

     1


ell =

     1


ell =

     1


niter =

     []


ell =

     1


tol =

     []


kest =

    11

Trimming ...
Sparse SVD ...
Iteration	Fit Error
0		2.934424e+00

sig =

     1


ell =

     1


niter =

     []


niter =

     []


niter =

     []


tol =

     []


kest =

    11

Trimming ...
Sparse SVD ...
Iteration	Fit Error
0		2.950810e+00
Run: 
     26 


niter =

     []


chk0 =

   6.7892e-16


sig =

     1


ell =

     1


tol =

     []


kest =

    11

Trimming ...
Sparse SVD ...
Iteration	Fit Error
0		2.945552e+00
Run: 
     5 


niter =

     []


chk0 =

   8.9167e-16


sig =

     1


ell =

     1


niter =

     []


niter =

     []


tol =

     []


kest =

    11

Trimming ...
Sparse SVD ...
Iteration	Fit Error
0		2.932315e+00

sig =

     1


tol =

     []


kest =

    11

Trimming ...
Sparse SVD ...
Iteration	Fit Error
0		2.947665e+00
Run: 
     22 


ell =

     1


chk0 =

   8.9877e-16


sig =

     1


ell =

     1


niter =

     []


tol =

     []


kest =

    11

Trimming ...
Sparse SVD ...
Iteration	Fit Error
0		2.950748e+00
Run: 
     11 


tol =

     []


kest =

    11

Trimming ...
Sparse SVD ...
Iteration	Fit Error
0		2.944411e+00
Run: 
     20 


chk0 =

   8.9016e-16


sig =

     1


ell =

     1


tol =

     []


kest =

    11

Trimming ...
Sparse SVD ...
Iteration	Fit Error
0		2.950587e+00
Run: 
     8 


niter =

     []


tol =

     []


kest =

    11

Trimming ...
Sparse SVD ...
Iteration	Fit Error
0		2.945434e+00
Run: 
     24 


chk0 =

   1.3335e-15


sig =

     1


ell =

     1


tol =

     []


kest =

    11

Trimming ...
Sparse SVD ...
Iteration	Fit Error
0		2.940997e+00
Run: 
     14 


chk0 =

   9.0674e-16


sig =

     1


ell =

     1


chk0 =

   8.9411e-16


sig =

     1


ell =

     1


chk0 =

   6.7687e-16


sig =

     1


ell =

     1


niter =

     []


tol =

     []


kest =

    11

Trimming ...
Sparse SVD ...
Iteration	Fit Error
0		2.943239e+00
Run: 
     17 


tol =

     []


kest =

    11

Trimming ...
Sparse SVD ...
Iteration	Fit Error
0		2.050925e+00

sig =

     1


chk0 =

   1.3337e-15


sig =

     1


ell =

     1


ell =

     1


niter =

     []


niter =

     []


niter =

     []


tol =

     []


kest =

    11

Trimming ...
Sparse SVD ...
Iteration	Fit Error
0		2.941790e+00
Run: 
     2 


niter =

     []


niter =

     []


chk0 =

   1.3364e-15


sig =

     1


ell =

     1


niter =

     []


tol =

     []


kest =

    11

Trimming ...
Sparse SVD ...
Iteration	Fit Error
0		2.047093e+00

sig =

     1


ell =

     1


niter =

     []


niter =

     []


tol =

     []


kest =

    11

Trimming ...
Sparse SVD ...
Iteration	Fit Error
0		2.039436e+00

sig =

     1


ell =

     1


niter =

     []


tol =

     []


kest =

    11

Trimming ...
Sparse SVD ...
Iteration	Fit Error
0		2.035618e+00

sig =

     1


tol =

     []


kest =

    11

Trimming ...
Sparse SVD ...
Iteration	Fit Error
0		2.037852e+00

sig =

     1


ell =

     1


ell =

     1


tol =

     []


kest =

    11

Trimming ...
Sparse SVD ...
Iteration	Fit Error
0		2.035662e+00

sig =

     1


tol =

     []


kest =

    11

Trimming ...
Sparse SVD ...
Iteration	Fit Error
0		2.064118e+00

sig =

     1


tol =

     []


kest =

    11

Trimming ...
Sparse SVD ...
Iteration	Fit Error
0		2.264011e+00

sig =

     1


ell =

     1


ell =

     1


niter =

     []


ell =

     1


tol =

     []


kest =

    11

Trimming ...
Sparse SVD ...
Iteration	Fit Error
0		2.052758e+00

sig =

     1


niter =

     []


ell =

     1


tol =

     []


kest =

    11

Trimming ...
Sparse SVD ...
Iteration	Fit Error
0		2.066326e+00

sig =

     1


niter =

     []


tol =

     []


kest =

    11

Trimming ...
Sparse SVD ...
Iteration	Fit Error
0		2.026348e+00

sig =

     1


ell =

     1


niter =

     []


niter =

     []


niter =

     []


tol =

     []


kest =

    11

Trimming ...
Sparse SVD ...
Iteration	Fit Error
0		2.261413e+00

sig =

     1


ell =

     1


ell =

     1


niter =

     []


niter =

     []


niter =

     []


tol =

     []


kest =

    11

Trimming ...
Sparse SVD ...
Iteration	Fit Error
0		2.256053e+00

sig =

     1


ell =

     1


tol =

     []


kest =

    11

Trimming ...
Sparse SVD ...
Iteration	Fit Error
0		2.252812e+00

sig =

     1


ell =

     1


tol =

     []


kest =

    11

Trimming ...
Sparse SVD ...
Iteration	Fit Error
0		2.253098e+00

sig =

     1


niter =

     []


tol =

     []


kest =

    11

Trimming ...
Sparse SVD ...
Iteration	Fit Error
0		2.250440e+00

sig =

     1


ell =

     1


ell =

     1


tol =

     []


kest =

    11

Trimming ...
Sparse SVD ...
Iteration	Fit Error
0		2.278911e+00

sig =

     1


tol =

     []


kest =

    11

Trimming ...
Sparse SVD ...
Iteration	Fit Error
0		2.455224e+00

sig =

     1


ell =

     1


niter =

     []


ell =

     1


niter =

     []


niter =

     []


tol =

     []


kest =

    11

Trimming ...
Sparse SVD ...
Iteration	Fit Error
0		2.268676e+00

sig =

     1


tol =

     []


kest =

    11

Trimming ...
Sparse SVD ...
Iteration	Fit Error
0		2.244921e+00

sig =

     1


tol =

     []


kest =

    11

Trimming ...
Sparse SVD ...
Iteration	Fit Error
0		2.285602e+00

sig =

     1


ell =

     1


ell =

     1


ell =

     1


niter =

     []


niter =

     []


niter =

     []


tol =

     []


kest =

    11

Trimming ...
Sparse SVD ...
Iteration	Fit Error
0		2.455363e+00

sig =

     1


niter =

     []


ell =

     1


niter =

     []


niter =

     []


tol =

     []


kest =

    11

Trimming ...
Sparse SVD ...
Iteration	Fit Error
0		2.450837e+00

sig =

     1


ell =

     1


tol =

     []


kest =

    11

Trimming ...
Sparse SVD ...
Iteration	Fit Error
0		2.444521e+00

sig =

     1


tol =

     []


kest =

    11

Trimming ...
Sparse SVD ...
Iteration	Fit Error
0		2.446914e+00

sig =

     1


ell =

     1


ell =

     1


niter =

     []


tol =

     []


kest =

    11

Trimming ...
Sparse SVD ...
Iteration	Fit Error
0		2.443357e+00

sig =

     1


tol =

     []


kest =

    11

Trimming ...
Sparse SVD ...
Iteration	Fit Error
0		2.469156e+00

sig =

     1


niter =

     []


tol =

     []


kest =

    11

Trimming ...
Sparse SVD ...
Iteration	Fit Error
0		2.613832e+00

sig =

     1


ell =

     1


ell =

     1


niter =

     []


ell =

     1


tol =

     []


kest =

    11

Trimming ...
Sparse SVD ...
Iteration	Fit Error
0		2.442322e+00

sig =

     1


niter =

     []


tol =

     []


kest =

    11

Trimming ...
Sparse SVD ...
Iteration	Fit Error
0		2.462874e+00

sig =

     1


ell =

     1


tol =

     []


kest =

    11

Trimming ...
Sparse SVD ...
Iteration	Fit Error
0		2.480926e+00

sig =

     1


niter =

     []


niter =

     []


ell =

     1


ell =

     1


niter =

     []


tol =

     []


kest =

    11

Trimming ...
Sparse SVD ...
Iteration	Fit Error
0		2.615904e+00

sig =

     1


niter =

     []


ell =

     1


niter =

     []


niter =

     []


tol =

     []


kest =

    11

Trimming ...
Sparse SVD ...
Iteration	Fit Error
0		2.611127e+00

sig =

     1


tol =

     []


kest =

    11

Trimming ...
Sparse SVD ...
Iteration	Fit Error
0		2.607354e+00

sig =

     1


ell =

     1


ell =

     1


tol =

     []


kest =

    11

Trimming ...
Sparse SVD ...
Iteration	Fit Error
0		2.607822e+00

sig =

     1


ell =

     1


tol =

     []


kest =

    11

Trimming ...
Sparse SVD ...
Iteration	Fit Error
0		2.604090e+00

sig =

     1


tol =

     []


kest =

    11

Trimming ...
Sparse SVD ...
Iteration	Fit Error
0		2.733067e+00

sig =

     1


ell =

     1


tol =

     []


kest =

    11

Trimming ...
Sparse SVD ...
Iteration	Fit Error
0		2.624517e+00

sig =

     1


ell =

     1


niter =

     []


ell =

     1


niter =

     []


niter =

     []


niter =

     []


niter =

     []


niter =

     []


tol =

     []


kest =

    11

Trimming ...
Sparse SVD ...
Iteration	Fit Error
0		2.606399e+00

sig =

     1


tol =

     []


kest =

    11

Trimming ...
Sparse SVD ...
Iteration	Fit Error
0		2.639848e+00

sig =

     1


tol =

     []


kest =

    11

Trimming ...
Sparse SVD ...
Iteration	Fit Error
0		2.623125e+00

sig =

     1


ell =

     1


ell =

     1


niter =

     []


ell =

     1


niter =

     []


tol =

     []


kest =

    11

Trimming ...
Sparse SVD ...
Iteration	Fit Error
0		2.737547e+00

sig =

     1


niter =

     []


tol =

     []


kest =

    11

Trimming ...
Sparse SVD ...
Iteration	Fit Error
0		2.733641e+00

sig =

     1


tol =

     []


kest =

    11

Trimming ...
Sparse SVD ...
Iteration	Fit Error
0		2.730837e+00

sig =

     1


ell =

     1


tol =

     []


kest =

    11

Trimming ...
Sparse SVD ...
Iteration	Fit Error
0		2.728651e+00

sig =

     1


niter =

     []


ell =

     1


ell =

     1


ell =

     1


tol =

     []


kest =

    11

Trimming ...
Sparse SVD ...
Iteration	Fit Error
0		2.735061e+00

sig =

     1


tol =

     []


kest =

    11

Trimming ...
Sparse SVD ...
Iteration	Fit Error
0		2.742464e+00

sig =

     1


ell =

     1


tol =

     []


kest =

    11

Trimming ...
Sparse SVD ...
Iteration	Fit Error
0		2.821604e+00

sig =

     1


ell =

     1


ell =

     1


niter =

     []


niter =

     []


niter =

     []


niter =

     []


niter =

     []


niter =

     []


tol =

     []


kest =

    11

Trimming ...
Sparse SVD ...
Iteration	Fit Error
0		2.733669e+00

sig =

     1


ell =

     1


tol =

     []


kest =

    11

Trimming ...
Sparse SVD ...
Iteration	Fit Error
0		2.760471e+00

sig =

     1


ell =

     1


niter =

     []


tol =

     []


kest =

    11

Trimming ...
Sparse SVD ...
Iteration	Fit Error
0		2.745702e+00

sig =

     1


ell =

     1


niter =

     []


niter =

     []


tol =

     []


kest =

    11

Trimming ...
Sparse SVD ...
Iteration	Fit Error
0		2.823780e+00

sig =

     1


tol =

     []


kest =

    11

Trimming ...
Sparse SVD ...
Iteration	Fit Error
0		2.824066e+00

sig =

     1


tol =

     []


kest =

    11

Trimming ...
Sparse SVD ...
Iteration	Fit Error
0		2.821622e+00

sig =

     1


tol =

     []


kest =

    11

Trimming ...
Sparse SVD ...
Iteration	Fit Error
0		2.815794e+00

sig =

     1


tol =

     []


kest =

    11

Trimming ...
Sparse SVD ...
Iteration	Fit Error
0		2.827004e+00

sig =

     1


tol =

     []


kest =

    11

Trimming ...
Sparse SVD ...
Iteration	Fit Error
0		2.822190e+00

sig =

     1


ell =

     1


ell =

     1


ell =

     1


ell =

     1


ell =

     1


niter =

     []


ell =

     1


tol =

     []


kest =

    11

Trimming ...
Sparse SVD ...
Iteration	Fit Error
0		2.879042e+00

sig =

     1


ell =

     1


niter =

     []


niter =

     []


niter =

     []


niter =

     []


niter =

     []


niter =

     []


tol =

     []


kest =

    11

Trimming ...
Sparse SVD ...
Iteration	Fit Error
0		2.824160e+00

sig =

     1


tol =

     []


kest =

    11

Trimming ...
Sparse SVD ...
Iteration	Fit Error
0		2.845987e+00

sig =

     1


ell =

     1


ell =

     1


niter =

     []


tol =

     []


kest =

    11

Trimming ...
Sparse SVD ...
Iteration	Fit Error
0		2.831186e+00

sig =

     1


ell =

     1


niter =

     []


niter =

     []


tol =

     []


kest =

    11

Trimming ...
Sparse SVD ...
Iteration	Fit Error
0		2.882184e+00

sig =

     1


tol =

     []


kest =

    11

Trimming ...
Sparse SVD ...
Iteration	Fit Error
0		2.880744e+00

sig =

     1


tol =

     []


kest =

    11

Trimming ...
Sparse SVD ...
Iteration	Fit Error
0		2.882417e+00

sig =

     1


ell =

     1


tol =

     []


kest =

    11

Trimming ...
Sparse SVD ...
Iteration	Fit Error
0		2.881529e+00

sig =

     1


ell =

     1


ell =

     1


tol =

     []


kest =

    11

Trimming ...
Sparse SVD ...
Iteration	Fit Error
0		2.874646e+00

sig =

     1


tol =

     []


kest =

    11

Trimming ...
Sparse SVD ...
Iteration	Fit Error
0		2.884194e+00

sig =

     1


niter =

     []


ell =

     1


ell =

     1


ell =

     1


niter =

     []


tol =

     []


kest =

    11

Trimming ...
Sparse SVD ...
Iteration	Fit Error
0		2.913368e+00

sig =

     1


niter =

     []


ell =

     1


niter =

     []


niter =

     []


niter =

     []


niter =

     []


tol =

     []


kest =

    11

Trimming ...
Sparse SVD ...
Iteration	Fit Error
0		2.900562e+00

sig =

     1


tol =

     []


kest =

    11

Trimming ...
Sparse SVD ...
Iteration	Fit Error
0		2.884024e+00

sig =

     1


ell =

     1


niter =

     []


ell =

     1


niter =

     []


tol =

     []


kest =

    11

Trimming ...
Sparse SVD ...
Iteration	Fit Error
0		2.886821e+00

sig =

     1


ell =

     1


tol =

     []


kest =

    11

Trimming ...
Sparse SVD ...
Iteration	Fit Error
0		2.917225e+00

sig =

     1


tol =

     []


kest =

    11

Trimming ...
Sparse SVD ...
Iteration	Fit Error
0		2.916536e+00

sig =

     1


tol =

     []


kest =

    11

Trimming ...
Sparse SVD ...
Iteration	Fit Error
0		2.919490e+00

sig =

     1


ell =

     1


ell =

     1


tol =

     []


kest =

    11

Trimming ...
Sparse SVD ...
Iteration	Fit Error
0		2.917101e+00

sig =

     1


ell =

     1


niter =

     []


niter =

     []


tol =

     []


kest =

    11

Trimming ...
Sparse SVD ...
Iteration	Fit Error
0		2.919079e+00

sig =

     1


ell =

     1


tol =

     []


kest =

    11

Trimming ...
Sparse SVD ...
Iteration	Fit Error
0		2.911915e+00

sig =

     1


ell =

     1


ell =

     1


niter =

     []


tol =

     []


kest =

    11

Trimming ...
Sparse SVD ...
Iteration	Fit Error
0		2.932181e+00

sig =

     1


niter =

     []


ell =

     1


niter =

     []


niter =

     []


tol =

     []


kest =

    11

Trimming ...
Sparse SVD ...
Iteration	Fit Error
0		2.931983e+00

sig =

     1


niter =

     []


ell =

     1


niter =

     []


niter =

     []


tol =

     []


kest =

    11

Trimming ...
Sparse SVD ...
Iteration	Fit Error
0		2.920535e+00

sig =

     1


tol =

     []


kest =

    11

Trimming ...
Sparse SVD ...
Iteration	Fit Error
0		2.920434e+00

sig =

     1


ell =

     1


ell =

     1


tol =

     []


kest =

    11

Trimming ...
Sparse SVD ...
Iteration	Fit Error
0		2.936715e+00

sig =

     1


niter =

     []


ell =

     1


tol =

     []


kest =

    11

Trimming ...
Sparse SVD ...
Iteration	Fit Error
0		2.936415e+00

sig =

     1


tol =

     []


kest =

    11

Trimming ...
Sparse SVD ...
Iteration	Fit Error
0		2.936952e+00

sig =

     1


tol =

     []


kest =

    11

Trimming ...
Sparse SVD ...
Iteration	Fit Error
0		2.939476e+00

sig =

     1


niter =

     []


tol =

     []


kest =

    11

Trimming ...
Sparse SVD ...
Iteration	Fit Error
0		2.937579e+00

sig =

     1


ell =

     1


niter =

     []


ell =

     1


ell =

     1


ell =

     1


tol =

     []


kest =

    11

Trimming ...
Sparse SVD ...
Iteration	Fit Error
0		2.932944e+00

sig =

     1


niter =

     []


niter =

     []


ell =

     1


tol =

     []


kest =

    11

Trimming ...
Sparse SVD ...
Iteration	Fit Error
0		2.942259e+00

niter =

     []


niter =

     []


niter =

     []

Run: 
     29 


chk0 =

   1.1141e-15


sig =

     1


ell =

     1


tol =

     []


kest =

    11

Trimming ...
Sparse SVD ...
Iteration	Fit Error
0		2.946902e+00

sig =

     1


niter =

     []


ell =

     1


tol =

     []


kest =

    11

Trimming ...
Sparse SVD ...
Iteration	Fit Error
0		2.939540e+00

sig =

     1


niter =

     []


tol =

     []


kest =

    11

Trimming ...
Sparse SVD ...
Iteration	Fit Error
0		2.938665e+00

sig =

     1


ell =

     1


ell =

     1


tol =

     []


kest =

    11

Trimming ...
Sparse SVD ...
Iteration	Fit Error
0		2.947330e+00
Run: 
     10 


tol =

     []


kest =

    11

Trimming ...
Sparse SVD ...
Iteration	Fit Error
0		2.946696e+00
Run: 
     4 


chk0 =

   8.9267e-16


sig =

     1


ell =

     1


niter =

     []


chk0 =

   1.2218e-15


sig =

     1


ell =

     1


tol =

     []


kest =

    11

Trimming ...
Sparse SVD ...
Iteration	Fit Error
0		2.949538e+00
Run: 
     19 


chk0 =

   8.9055e-16


sig =

     1


ell =

     1


niter =

     []


tol =

     []


kest =

    11

Trimming ...
Sparse SVD ...
Iteration	Fit Error
0		2.945935e+00

tol =

     []


kest =

    11

Trimming ...
Sparse SVD ...
Iteration	Fit Error
0		2.945009e+00
Run: 
     7 


tol =

     []


kest =

    11

Trimming ...
Sparse SVD ...
Iteration	Fit Error
0		2.941781e+00

niter =

     []

Run: 
     31 


chk0 =

   1.3343e-15


sig =

     1


ell =

     1


chk0 =

   1.1132e-15


sig =

     1


ell =

     1


niter =

     []

Run: 
     32 


chk0 =

   8.9217e-16


sig =

     1


ell =

     1


tol =

     []


kest =

    11

Trimming ...
Sparse SVD ...
Iteration	Fit Error
0		2.952722e+00
Run: 
     16 


niter =

     []


chk0 =

   6.9388e-16


sig =

     1


ell =

     1


niter =

     []


niter =

     []


niter =

     []


niter =

     []


tol =

     []


kest =

    11

Trimming ...
Sparse SVD ...
Iteration	Fit Error
0		2.053199e+00

sig =

     1


tol =

     []


kest =

    11

Trimming ...
Sparse SVD ...
Iteration	Fit Error
0		2.948185e+00
Run: 
     1 


ell =

     1


tol =

     []


kest =

    11

Trimming ...
Sparse SVD ...
Iteration	Fit Error
0		2.947095e+00
Run: 
     13 


chk0 =

   8.9475e-16


sig =

     1


ell =

     1


chk0 =

   1.1140e-15


sig =

     1


ell =

     1


tol =

     []


kest =

    11

Trimming ...
Sparse SVD ...
Iteration	Fit Error
0		2.061960e+00

sig =

     1


niter =

     []


ell =

     1


niter =

     []


niter =

     []


tol =

     []


kest =

    11

Trimming ...
Sparse SVD ...
Iteration	Fit Error
0		2.053754e+00

sig =

     1


tol =

     []


kest =

    11

Trimming ...
Sparse SVD ...
Iteration	Fit Error
0		2.049534e+00

sig =

     1


tol =

     []


kest =

    11

Trimming ...
Sparse SVD ...
Iteration	Fit Error
0		2.056692e+00

sig =

     1


tol =

     []


kest =

    11

Trimming ...
Sparse SVD ...
Iteration	Fit Error
0		2.051893e+00

sig =

     1


ell =

     1


ell =

     1


ell =

     1


ell =

     1


tol =

     []


kest =

    11

Trimming ...
Sparse SVD ...
Iteration	Fit Error
0		2.053012e+00

sig =

     1


ell =

     1


niter =

     []


niter =

     []


niter =

     []


niter =

     []


niter =

     []


tol =

     []


kest =

    11

Trimming ...
Sparse SVD ...
Iteration	Fit Error
0		2.269704e+00

sig =

     1


tol =

     []


kest =

    11

Trimming ...
Sparse SVD ...
Iteration	Fit Error
0		2.025500e+00

sig =

     1


ell =

     1


niter =

     []


niter =

     []


tol =

     []


kest =

    11

Trimming ...
Sparse SVD ...
Iteration	Fit Error
0		2.027682e+00

sig =

     1


ell =

     1


ell =

     1


niter =

     []


niter =

     []


tol =

     []


kest =

    11

Trimming ...
Sparse SVD ...
Iteration	Fit Error
0		2.277537e+00

sig =

     1


tol =

     []


kest =

    11

Trimming ...
Sparse SVD ...
Iteration	Fit Error
0		2.270522e+00

sig =

     1


tol =

     []


kest =

    11

Trimming ...
Sparse SVD ...
Iteration	Fit Error
0		2.058850e+00

sig =

     1


niter =

     []


tol =

     []


kest =

    11

Trimming ...
Sparse SVD ...
Iteration	Fit Error
0		2.270514e+00

sig =

     1


ell =

     1


ell =

     1


ell =

     1


ell =

     1


tol =

     []


kest =

    11

Trimming ...
Sparse SVD ...
Iteration	Fit Error
0		2.267485e+00

sig =

     1


ell =

     1


tol =

     []


kest =

    11

Trimming ...
Sparse SVD ...
Iteration	Fit Error
0		2.265514e+00

sig =

     1


tol =

     []


kest =

    11

Trimming ...
Sparse SVD ...
Iteration	Fit Error
0		2.267308e+00

sig =

     1


niter =

     []


ell =

     1


ell =

     1


tol =

     []


kest =

    11

Trimming ...
Sparse SVD ...
Iteration	Fit Error
0		2.459291e+00

sig =

     1


niter =

     []


niter =

     []


niter =

     []


niter =

     []


ell =

     1


tol =

     []


kest =

    11

Trimming ...
Sparse SVD ...
Iteration	Fit Error
0		2.246375e+00

sig =

     1


tol =

     []


kest =

    11

Trimming ...
Sparse SVD ...
Iteration	Fit Error
0		2.242250e+00

sig =

     1


ell =

     1


niter =

     []


ell =

     1


niter =

     []


tol =

     []


kest =

    11

Trimming ...
Sparse SVD ...
Iteration	Fit Error
0		2.275107e+00

sig =

     1


niter =

     []


ell =

     1


niter =

     []


tol =

     []


kest =

    11

Trimming ...
Sparse SVD ...
Iteration	Fit Error
0		2.469971e+00

sig =

     1


tol =

     []


kest =

    11

Trimming ...
Sparse SVD ...
Iteration	Fit Error
0		2.465017e+00

sig =

     1


tol =

     []


kest =

    11

Trimming ...
Sparse SVD ...
Iteration	Fit Error
0		2.461171e+00

sig =

     1


ell =

     1


tol =

     []


kest =

    11

Trimming ...
Sparse SVD ...
Iteration	Fit Error
0		2.459944e+00

sig =

     1


ell =

     1


niter =

     []


ell =

     1


ell =

     1


niter =

     []


tol =

     []


kest =

    11

Trimming ...
Sparse SVD ...
Iteration	Fit Error
0		2.458851e+00

sig =

     1


tol =

     []


kest =

    11

Trimming ...
Sparse SVD ...
Iteration	Fit Error
0		2.459338e+00

sig =

     1


niter =

     []


niter =

     []


niter =

     []


ell =

     1


ell =

     1


niter =

     []


tol =

     []


kest =

    11

Trimming ...
Sparse SVD ...
Iteration	Fit Error
0		2.619169e+00

sig =

     1


ell =

     1


tol =

     []


kest =

    11

Trimming ...
Sparse SVD ...
Iteration	Fit Error
0		2.438381e+00

sig =

     1


ell =

     1


niter =

     []


tol =

     []


kest =

    11

Trimming ...
Sparse SVD ...
Iteration	Fit Error
0		2.441386e+00

sig =

     1


niter =

     []


ell =

     1


tol =

     []


kest =

    11

Trimming ...
Sparse SVD ...
Iteration	Fit Error
0		2.617761e+00

sig =

     1


tol =

     []


kest =

    11

Trimming ...
Sparse SVD ...
Iteration	Fit Error
0		2.624840e+00

sig =

     1


tol =

     []


kest =

    11

Trimming ...
Sparse SVD ...
Iteration	Fit Error
0		2.468115e+00

sig =

     1


ell =

     1


tol =

     []


kest =

    11

Trimming ...
Sparse SVD ...
Iteration	Fit Error
0		2.619677e+00

sig =

     1


niter =

     []


ell =

     1


tol =

     []


kest =

    11

Trimming ...
Sparse SVD ...
Iteration	Fit Error
0		2.626766e+00

sig =

     1


ell =

     1


ell =

     1


niter =

     []


ell =

     1


niter =

     []


niter =

     []


niter =

     []


niter =

     []


tol =

     []


kest =

    11

Trimming ...
Sparse SVD ...
Iteration	Fit Error
0		2.617443e+00

sig =

     1


tol =

     []


kest =

    11

Trimming ...
Sparse SVD ...
Iteration	Fit Error
0		2.617315e+00

sig =

     1


niter =

     []


ell =

     1


ell =

     1


niter =

     []


tol =

     []


kest =

    11

Trimming ...
Sparse SVD ...
Iteration	Fit Error
0		2.741408e+00

sig =

     1


ell =

     1


tol =

     []


kest =

    11

Trimming ...
Sparse SVD ...
Iteration	Fit Error
0		2.601422e+00

sig =

     1


niter =

     []


ell =

     1


niter =

     []


tol =

     []


kest =

    11

Trimming ...
Sparse SVD ...
Iteration	Fit Error
0		2.620787e+00

sig =

     1


tol =

     []


kest =

    11

Trimming ...
Sparse SVD ...
Iteration	Fit Error
0		2.600830e+00

sig =

     1


ell =

     1


ell =

     1


tol =

     []


kest =

    11

Trimming ...
Sparse SVD ...
Iteration	Fit Error
0		2.743509e+00

sig =

     1


tol =

     []


kest =

    11

Trimming ...
Sparse SVD ...
Iteration	Fit Error
0		2.738510e+00

sig =

     1


tol =

     []


kest =

    11

Trimming ...
Sparse SVD ...
Iteration	Fit Error
0		2.742694e+00

sig =

     1


niter =

     []


ell =

     1


ell =

     1


ell =

     1


niter =

     []


tol =

     []


kest =

    11

Trimming ...
Sparse SVD ...
Iteration	Fit Error
0		2.745649e+00

sig =

     1


ell =

     1


niter =

     []


niter =

     []


niter =

     []


tol =

     []


kest =

    11

Trimming ...
Sparse SVD ...
Iteration	Fit Error
0		2.735654e+00

sig =

     1


niter =

     []


ell =

     1


niter =

     []


tol =

     []


kest =

    11

Trimming ...
Sparse SVD ...
Iteration	Fit Error
0		2.737697e+00

sig =

     1


niter =

     []


ell =

     1


tol =

     []


kest =

    11

Trimming ...
Sparse SVD ...
Iteration	Fit Error
0		2.827691e+00

sig =

     1


ell =

     1


niter =

     []


niter =

     []


tol =

     []


kest =

    11

Trimming ...
Sparse SVD ...
Iteration	Fit Error
0		2.726676e+00

sig =

     1


tol =

     []


kest =

    11

Trimming ...
Sparse SVD ...
Iteration	Fit Error
0		2.742140e+00

sig =

     1


ell =

     1


ell =

     1


tol =

     []


kest =

    11

Trimming ...
Sparse SVD ...
Iteration	Fit Error
0		2.826262e+00

sig =

     1


tol =

     []


kest =

    11

Trimming ...
Sparse SVD ...
Iteration	Fit Error
0		2.727736e+00

sig =

     1


tol =

     []


kest =

    11

Trimming ...
Sparse SVD ...
Iteration	Fit Error
0		2.825971e+00

sig =

     1


tol =

     []


kest =

    11

Trimming ...
Sparse SVD ...
Iteration	Fit Error
0		2.831231e+00

sig =

     1


niter =

     []


ell =

     1


ell =

     1


ell =

     1


ell =

     1


niter =

     []


tol =

     []


kest =

    11

Trimming ...
Sparse SVD ...
Iteration	Fit Error
0		2.828906e+00

sig =

     1


niter =

     []


ell =

     1


tol =

     []


kest =

    11

Trimming ...
Sparse SVD ...
Iteration	Fit Error
0		2.825181e+00

sig =

     1


tol =

     []


kest =

    11

Trimming ...
Sparse SVD ...
Iteration	Fit Error
0		2.821896e+00

sig =

     1


ell =

     1


niter =

     []


niter =

     []


niter =

     []


ell =

     1


niter =

     []


niter =

     []


tol =

     []


kest =

    11

Trimming ...
Sparse SVD ...
Iteration	Fit Error
0		2.886905e+00

sig =

     1


niter =

     []


ell =

     1


niter =

     []


tol =

     []


kest =

    11

Trimming ...
Sparse SVD ...
Iteration	Fit Error
0		2.881743e+00

sig =

     1


tol =

     []


kest =

    11

Trimming ...
Sparse SVD ...
Iteration	Fit Error
0		2.816435e+00

sig =

     1


ell =

     1


tol =

     []


kest =

    11

Trimming ...
Sparse SVD ...
Iteration	Fit Error
0		2.828582e+00

sig =

     1


ell =

     1


tol =

     []


kest =

    11

Trimming ...
Sparse SVD ...
Iteration	Fit Error
0		2.881934e+00

sig =

     1


ell =

     1


tol =

     []


kest =

    11

Trimming ...
Sparse SVD ...
Iteration	Fit Error
0		2.816435e+00

sig =

     1


niter =

     []


ell =

     1


ell =

     1


tol =

     []


kest =

    11

Trimming ...
Sparse SVD ...
Iteration	Fit Error
0		2.889430e+00

sig =

     1


niter =

     []


tol =

     []


kest =

    11

Trimming ...
Sparse SVD ...
Iteration	Fit Error
0		2.885282e+00

sig =

     1


ell =

     1


ell =

     1


tol =

     []


kest =

    11

Trimming ...
Sparse SVD ...
Iteration	Fit Error
0		2.883394e+00

sig =

     1


niter =

     []


niter =

     []


niter =

     []


ell =

     1


niter =

     []


tol =

     []


kest =

    11

Trimming ...
Sparse SVD ...
Iteration	Fit Error
0		2.880372e+00

sig =

     1


ell =

     1


niter =

     []


niter =

     []


tol =

     []


kest =

    11

Trimming ...
Sparse SVD ...
Iteration	Fit Error
0		2.921721e+00

sig =

     1


niter =

     []


tol =

     []


kest =

    11

Trimming ...
Sparse SVD ...
Iteration	Fit Error
0		2.917403e+00

sig =

     1


ell =

     1


niter =

     []


ell =

     1


tol =

     []


kest =

    11

Trimming ...
Sparse SVD ...
Iteration	Fit Error
0		2.875751e+00

sig =

     1


tol =

     []


kest =

    11

Trimming ...
Sparse SVD ...
Iteration	Fit Error
0		2.887700e+00

sig =

     1


ell =

     1


tol =

     []


kest =

    11

Trimming ...
Sparse SVD ...
Iteration	Fit Error
0		2.917109e+00

sig =

     1


ell =

     1


tol =

     []


kest =

    11

Trimming ...
Sparse SVD ...
Iteration	Fit Error
0		2.876247e+00

sig =

     1


niter =

     []


ell =

     1


ell =

     1


tol =

     []


kest =

    11

Trimming ...
Sparse SVD ...
Iteration	Fit Error
0		2.923086e+00

sig =

     1


niter =

     []


niter =

     []


tol =

     []


kest =

    11

Trimming ...
Sparse SVD ...
Iteration	Fit Error
0		2.919384e+00

sig =

     1


ell =

     1


niter =

     []


ell =

     1


tol =

     []


kest =

    11

Trimming ...
Sparse SVD ...
Iteration	Fit Error
0		2.916487e+00

sig =

     1


niter =

     []


niter =

     []


ell =

     1


tol =

     []


kest =

    11

Trimming ...
Sparse SVD ...
Iteration	Fit Error
0		2.917418e+00

sig =

     1


niter =

     []


ell =

     1


niter =

     []


niter =

     []


tol =

     []


kest =

    11

Trimming ...
Sparse SVD ...
Iteration	Fit Error
0		2.940212e+00

sig =

     1


niter =

     []


tol =

     []


kest =

    11

Trimming ...
Sparse SVD ...
Iteration	Fit Error
0		2.911348e+00

sig =

     1


tol =

     []


kest =

    11

Trimming ...
Sparse SVD ...
Iteration	Fit Error
0		2.934568e+00

sig =

     1


ell =

     1


ell =

     1


ell =

     1


tol =

     []


kest =

    11

Trimming ...
Sparse SVD ...
Iteration	Fit Error
0		2.936264e+00

sig =

     1


ell =

     1


tol =

     []


kest =

    11

Trimming ...
Sparse SVD ...
Iteration	Fit Error
0		2.925054e+00

sig =

     1


tol =

     []


kest =

    11

Trimming ...
Sparse SVD ...
Iteration	Fit Error
0		2.940739e+00

sig =

     1


ell =

     1


niter =

     []


ell =

     1


niter =

     []


tol =

     []


kest =

    11

Trimming ...
Sparse SVD ...
Iteration	Fit Error
0		2.913370e+00

sig =

     1


tol =

     []


kest =

    11

Trimming ...
Sparse SVD ...
Iteration	Fit Error
0		2.938333e+00

sig =

     1


niter =

     []


ell =

     1


niter =

     []


ell =

     1


tol =

     []


kest =

    11

Trimming ...
Sparse SVD ...
Iteration	Fit Error
0		2.937378e+00

sig =

     1


tol =

     []


kest =

    11

Trimming ...
Sparse SVD ...
Iteration	Fit Error
0		2.933894e+00

sig =

     1


niter =

     []


niter =

     []


ell =

     1


ell =

     1


niter =

     []


niter =

     []


tol =

     []


kest =

    11

Trimming ...
Sparse SVD ...
Iteration	Fit Error
0		2.947707e+00
Run: 
     28 


niter =

     []


niter =

     []


tol =

     []


kest =

    11

Trimming ...
Sparse SVD ...
Iteration	Fit Error
0		2.943186e+00
Run: 
     30 


chk0 =

   1.3344e-15


sig =

     1


ell =

     1


tol =

     []


kest =

    11

Trimming ...
Sparse SVD ...
Iteration	Fit Error
0		2.944604e+00

chk0 =

   6.6763e-16


sig =

     1


ell =

     1


tol =

     []


kest =

    11

Trimming ...
Sparse SVD ...
Iteration	Fit Error
0		2.930470e+00

sig =

     1

Run: 
     33 


chk0 =

   1.0032e-15


sig =

     1


ell =

     1


ell =

     1


tol =

     []


kest =

    11

Trimming ...
Sparse SVD ...
Iteration	Fit Error
0		2.948952e+00

tol =

     []


kest =

    11

Trimming ...
Sparse SVD ...
Iteration	Fit Error
0		2.944097e+00

sig =

     1


niter =

     []


niter =

     []


ell =

     1

Run: 
     34 


chk0 =

   8.9098e-16


sig =

     1


ell =

     1


tol =

     []


kest =

    11

Trimming ...
Sparse SVD ...
Iteration	Fit Error
0		2.947265e+00

tol =

     []


kest =

    11

Trimming ...
Sparse SVD ...
Iteration	Fit Error
0		2.933451e+00

sig =

     1


niter =

     []


niter =

     []


ell =

     1

Run: 
     35 


chk0 =

   1.3344e-15


sig =

     1


ell =

     1


tol =

     []


kest =

    11

Trimming ...
Sparse SVD ...
Iteration	Fit Error
0		2.941790e+00

tol =

     []


kest =

    11

Trimming ...
Sparse SVD ...
Iteration	Fit Error
0		2.945104e+00
Run: 
     36 


chk0 =

   1.1116e-15


sig =

     1


ell =

     1


niter =

     []

Run: 
     37 


chk0 =

   8.9400e-16


sig =

     1


ell =

     1


niter =

     []


niter =

     []


tol =

     []


kest =

    11

Trimming ...
Sparse SVD ...
Iteration	Fit Error
0		2.029511e+00

sig =

     1


tol =

     []


kest =

    11

Trimming ...
Sparse SVD ...
Iteration	Fit Error
0		2.037814e+00

sig =

     1


ell =

     1


ell =

     1


niter =

     []


niter =

     []


tol =

     []


kest =

    11

Trimming ...
Sparse SVD ...
Iteration	Fit Error
0		2.940331e+00

niter =

     []


tol =

     []


kest =

    11

Trimming ...
Sparse SVD ...
Iteration	Fit Error
0		2.012618e+00

sig =

     1


niter =

     []


ell =

     1


tol =

     []


kest =

    11

Trimming ...
Sparse SVD ...
Iteration	Fit Error
0		2.951719e+00
Run: 
     38 


chk0 =

   7.0908e-16


sig =

     1


ell =

     1

Run: 
     39 


chk0 =

   1.3361e-15


sig =

     1


ell =

     1


niter =

     []


tol =

     []


kest =

    11

Trimming ...
Sparse SVD ...
Iteration	Fit Error
0		2.021992e+00

sig =

     1


niter =

     []


tol =

     []


kest =

    11

Trimming ...
Sparse SVD ...
Iteration	Fit Error
0		2.942922e+00

ell =

     1

Run: 
     40 


chk0 =

   1.1155e-15


sig =

     1


ell =

     1


tol =

     []


kest =

    11

Trimming ...
Sparse SVD ...
Iteration	Fit Error
0		2.030210e+00

sig =

     1


niter =

     []


tol =

     []


kest =

    11

Trimming ...
Sparse SVD ...
Iteration	Fit Error
0		2.017232e+00

sig =

     1


tol =

     []


kest =

    11

Trimming ...
Sparse SVD ...
Iteration	Fit Error
0		2.032116e+00

sig =

     1


tol =

     []


kest =

    11

Trimming ...
Sparse SVD ...
Iteration	Fit Error
0		2.247415e+00

sig =

     1


niter =

     []


ell =

     1


ell =

     1


niter =

     []


ell =

     1


ell =

     1


niter =

     []


niter =

     []


tol =

     []


kest =

    11

Trimming ...
Sparse SVD ...
Iteration	Fit Error
0		2.067036e+00

sig =

     1


tol =

     []


kest =

    11

Trimming ...
Sparse SVD ...
Iteration	Fit Error
0		2.251451e+00

sig =

     1


niter =

     []


ell =

     1


niter =

     []


ell =

     1


niter =

     []


tol =

     []


kest =

    11

Trimming ...
Sparse SVD ...
Iteration	Fit Error
0		2.230643e+00

sig =

     1


niter =

     []


ell =

     1


tol =

     []


kest =

    11

Trimming ...
Sparse SVD ...
Iteration	Fit Error
0		2.236946e+00

sig =

     1


tol =

     []


kest =

    11

Trimming ...
Sparse SVD ...
Iteration	Fit Error
0		2.051277e+00

sig =

     1


ell =

     1


niter =

     []


ell =

     1


tol =

     []


kest =

    11

Trimming ...
Sparse SVD ...
Iteration	Fit Error
0		2.246251e+00

sig =

     1


tol =

     []


kest =

    11

Trimming ...
Sparse SVD ...
Iteration	Fit Error
0		2.233988e+00

sig =

     1


ell =

     1


ell =

     1


tol =

     []


kest =

    11

Trimming ...
Sparse SVD ...
Iteration	Fit Error
0		2.047536e+00

sig =

     1


tol =

     []


kest =

    11

Trimming ...
Sparse SVD ...
Iteration	Fit Error
0		2.246141e+00

sig =

     1


niter =

     []


ell =

     1


tol =

     []


kest =

    11

Trimming ...
Sparse SVD ...
Iteration	Fit Error
0		2.445046e+00

sig =

     1


ell =

     1


ell =

     1


niter =

     []


niter =

     []


tol =

     []


kest =

    11

Trimming ...
Sparse SVD ...
Iteration	Fit Error
0		2.282087e+00

sig =

     1


ell =

     1


niter =

     []


niter =

     []


niter =

     []


niter =

     []


tol =

     []


kest =

    11

Trimming ...
Sparse SVD ...
Iteration	Fit Error
0		2.445755e+00

sig =

     1


niter =

     []


ell =

     1


niter =

     []


tol =

     []


kest =

    11

Trimming ...
Sparse SVD ...
Iteration	Fit Error
0		2.428348e+00

sig =

     1


ell =

     1


tol =

     []


kest =

    11

Trimming ...
Sparse SVD ...
Iteration	Fit Error
0		2.431747e+00

sig =

     1


niter =

     []


tol =

     []


kest =

    11

Trimming ...
Sparse SVD ...
Iteration	Fit Error
0		2.266636e+00

sig =

     1


ell =

     1


tol =

     []


kest =

    11

Trimming ...
Sparse SVD ...
Iteration	Fit Error
0		2.439537e+00

sig =

     1


ell =

     1


tol =

     []


kest =

    11

Trimming ...
Sparse SVD ...
Iteration	Fit Error
0		2.430215e+00

sig =

     1


ell =

     1


tol =

     []


kest =

    11

Trimming ...
Sparse SVD ...
Iteration	Fit Error
0		2.606245e+00

sig =

     1


tol =

     []


kest =

    11

Trimming ...
Sparse SVD ...
Iteration	Fit Error
0		2.441467e+00

sig =

     1


niter =

     []


ell =

     1


tol =

     []


kest =

    11

Trimming ...
Sparse SVD ...
Iteration	Fit Error
0		2.263203e+00

sig =

     1


ell =

     1


ell =

     1


niter =

     []


tol =

     []


kest =

    11

Trimming ...
Sparse SVD ...
Iteration	Fit Error
0		2.475036e+00

sig =

     1


ell =

     1


ell =

     1


niter =

     []


niter =

     []


niter =

     []


niter =

     []


niter =

     []


tol =

     []


kest =

    11

Trimming ...
Sparse SVD ...
Iteration	Fit Error
0		2.605881e+00

sig =

     1


niter =

     []


ell =

     1


niter =

     []


tol =

     []


kest =

    11

Trimming ...
Sparse SVD ...
Iteration	Fit Error
0		2.594876e+00

sig =

     1


tol =

     []


kest =

    11

Trimming ...
Sparse SVD ...
Iteration	Fit Error
0		2.593068e+00

sig =

     1


ell =

     1


ell =

     1


niter =

     []


tol =

     []


kest =

    11

Trimming ...
Sparse SVD ...
Iteration	Fit Error
0		2.731042e+00

sig =

     1


tol =

     []


kest =

    11

Trimming ...
Sparse SVD ...
Iteration	Fit Error
0		2.458934e+00

sig =

     1


ell =

     1


tol =

     []


kest =

    11

Trimming ...
Sparse SVD ...
Iteration	Fit Error
0		2.592603e+00

sig =

     1


tol =

     []


kest =

    11

Trimming ...
Sparse SVD ...
Iteration	Fit Error
0		2.600893e+00

sig =

     1


ell =

     1


tol =

     []


kest =

    11

Trimming ...
Sparse SVD ...
Iteration	Fit Error
0		2.633644e+00

sig =

     1


tol =

     []


kest =

    11

Trimming ...
Sparse SVD ...
Iteration	Fit Error
0		2.603984e+00

sig =

     1


ell =

     1


ell =

     1


ell =

     1


ell =

     1


niter =

     []


niter =

     []


niter =

     []


niter =

     []


tol =

     []


kest =

    11

Trimming ...
Sparse SVD ...
Iteration	Fit Error
0		2.457882e+00

sig =

     1


niter =

     []


niter =

     []


ell =

     1


niter =

     []


niter =

     []


tol =

     []


kest =

    11

Trimming ...
Sparse SVD ...
Iteration	Fit Error
0		2.729516e+00

sig =

     1


ell =

     1


niter =

     []


tol =

     []


kest =

    11

Trimming ...
Sparse SVD ...
Iteration	Fit Error
0		2.823168e+00

sig =

     1


tol =

     []


kest =

    11

Trimming ...
Sparse SVD ...
Iteration	Fit Error
0		2.719406e+00

sig =

     1


tol =

     []


kest =

    11

Trimming ...
Sparse SVD ...
Iteration	Fit Error
0		2.720878e+00

sig =

     1


tol =

     []


kest =

    11

Trimming ...
Sparse SVD ...
Iteration	Fit Error
0		2.614562e+00

sig =

     1


ell =

     1


ell =

     1


ell =

     1


tol =

     []


kest =

    11

Trimming ...
Sparse SVD ...
Iteration	Fit Error
0		2.727769e+00

sig =

     1


ell =

     1


tol =

     []


kest =

    11

Trimming ...
Sparse SVD ...
Iteration	Fit Error
0		2.753227e+00

sig =

     1


niter =

     []


ell =

     1


niter =

     []


ell =

     1


niter =

     []


tol =

     []


kest =

    11

Trimming ...
Sparse SVD ...
Iteration	Fit Error
0		2.719974e+00

sig =

     1


tol =

     []


kest =

    11

Trimming ...
Sparse SVD ...
Iteration	Fit Error
0		2.727412e+00

sig =

     1


ell =

     1


niter =

     []


ell =

     1


niter =

     []


tol =

     []


kest =

    11

Trimming ...
Sparse SVD ...
Iteration	Fit Error
0		2.619055e+00

sig =

     1


niter =

     []


ell =

     1


niter =

     []


niter =

     []


niter =

     []


tol =

     []


kest =

    11

Trimming ...
Sparse SVD ...
Iteration	Fit Error
0		2.816717e+00

sig =

     1


niter =

     []


tol =

     []


kest =

    11

Trimming ...
Sparse SVD ...
Iteration	Fit Error
0		2.810473e+00

sig =

     1


ell =

     1


tol =

     []


kest =

    11

Trimming ...
Sparse SVD ...
Iteration	Fit Error
0		2.732868e+00

sig =

     1


ell =

     1


ell =

     1


tol =

     []


kest =

    11

Trimming ...
Sparse SVD ...
Iteration	Fit Error
0		2.815001e+00

sig =

     1


tol =

     []


kest =

    11

Trimming ...
Sparse SVD ...
Iteration	Fit Error
0		2.883965e+00

sig =

     1


tol =

     []


kest =

    11

Trimming ...
Sparse SVD ...
Iteration	Fit Error
0		2.838484e+00

sig =

     1


ell =

     1


ell =

     1


niter =

     []


tol =

     []


kest =

    11

Trimming ...
Sparse SVD ...
Iteration	Fit Error
0		2.816684e+00

sig =

     1


ell =

     1


niter =

     []


ell =

     1


niter =

     []


tol =

     []


kest =

    11

Trimming ...
Sparse SVD ...
Iteration	Fit Error
0		2.739212e+00

sig =

     1


tol =

     []


kest =

    11

Trimming ...
Sparse SVD ...
Iteration	Fit Error
0		2.816810e+00

sig =

     1


tol =

     []


kest =

    11

Trimming ...
Sparse SVD ...
Iteration	Fit Error
0		2.813399e+00

sig =

     1


ell =

     1


niter =

     []


niter =

     []


ell =

     1


ell =

     1


niter =

     []


niter =

     []


tol =

     []


kest =

    11

Trimming ...
Sparse SVD ...
Iteration	Fit Error
0		2.876021e+00

sig =

     1


niter =

     []


niter =

     []


niter =

     []


ell =

     1


tol =

     []


kest =

    11

Trimming ...
Sparse SVD ...
Iteration	Fit Error
0		2.872850e+00

sig =

     1


tol =

     []


kest =

    11

Trimming ...
Sparse SVD ...
Iteration	Fit Error
0		2.822601e+00

sig =

     1


ell =

     1


ell =

     1


tol =

     []


kest =

    11

Trimming ...
Sparse SVD ...
Iteration	Fit Error
0		2.895426e+00

sig =

     1


tol =

     []


kest =

    11

Trimming ...
Sparse SVD ...
Iteration	Fit Error
0		2.920664e+00

sig =

     1


niter =

     []


tol =

     []


kest =

    11

Trimming ...
Sparse SVD ...
Iteration	Fit Error
0		2.877702e+00

sig =

     1


ell =

     1


ell =

     1


ell =

     1


niter =

     []


tol =

     []


kest =

    11

Trimming ...
Sparse SVD ...
Iteration	Fit Error
0		2.875719e+00

sig =

     1


ell =

     1


niter =

     []


tol =

     []


kest =

    11

Trimming ...
Sparse SVD ...
Iteration	Fit Error
0		2.876171e+00

sig =

     1


niter =

     []


tol =

     []


kest =

    11

Trimming ...
Sparse SVD ...
Iteration	Fit Error
0		2.876966e+00

sig =

     1


ell =

     1


tol =

     []


kest =

    11

Trimming ...
Sparse SVD ...
Iteration	Fit Error
0		2.827323e+00

sig =

     1


ell =

     1


niter =

     []


ell =

     1


niter =

     []


niter =

     []


niter =

     []


tol =

     []


kest =

    11

Trimming ...
Sparse SVD ...
Iteration	Fit Error
0		2.911294e+00

sig =

     1


tol =

     []


kest =

    11

Trimming ...
Sparse SVD ...
Iteration	Fit Error
0		2.912685e+00

sig =

     1


niter =

     []


niter =

     []


ell =

     1


ell =

     1


tol =

     []


kest =

    11

Trimming ...
Sparse SVD ...
Iteration	Fit Error
0		2.939989e+00

sig =

     1


tol =

     []


kest =

    11

Trimming ...
Sparse SVD ...
Iteration	Fit Error
0		2.883934e+00

sig =

     1


ell =

     1


tol =

     []


kest =

    11

Trimming ...
Sparse SVD ...
Iteration	Fit Error
0		2.912485e+00

sig =

     1


ell =

     1


tol =

     []


kest =

    11

Trimming ...
Sparse SVD ...
Iteration	Fit Error
0		2.928776e+00

sig =

     1


niter =

     []


tol =

     []


kest =

    11

Trimming ...
Sparse SVD ...
Iteration	Fit Error
0		2.915394e+00

sig =

     1


ell =

     1


ell =

     1


niter =

     []


ell =

     1


niter =

     []


tol =

     []


kest =

    11

Trimming ...
Sparse SVD ...
Iteration	Fit Error
0		2.913188e+00

sig =

     1


niter =

     []


ell =

     1


tol =

     []


kest =

    11

Trimming ...
Sparse SVD ...
Iteration	Fit Error
0		2.915043e+00

sig =

     1


ell =

     1


tol =

     []


kest =

    11

Trimming ...
Sparse SVD ...
Iteration	Fit Error
0		2.885491e+00

sig =

     1


niter =

     []


ell =

     1


niter =

     []


niter =

     []


niter =

     []


tol =

     []


kest =

    11

Trimming ...
Sparse SVD ...
Iteration	Fit Error
0		2.932191e+00

sig =

     1


ell =

     1


tol =

     []


kest =

    11

Trimming ...
Sparse SVD ...
Iteration	Fit Error
0		2.932049e+00

sig =

     1


niter =

     []


ell =

     1


niter =

     []


tol =

     []


kest =

    11

Trimming ...
Sparse SVD ...
Iteration	Fit Error
0		2.947277e+00

tol =

     []


kest =

    11

Trimming ...
Sparse SVD ...
Iteration	Fit Error
0		2.921086e+00

sig =

     1


ell =

     1


niter =

     []


tol =

     []


kest =

    11

Trimming ...
Sparse SVD ...
Iteration	Fit Error
0		2.932570e+00

sig =

     1


tol =

     []


kest =

    11

Trimming ...
Sparse SVD ...
Iteration	Fit Error
0		2.943248e+00

sig =

     1


tol =

     []


kest =

    11

Trimming ...
Sparse SVD ...
Iteration	Fit Error
0		2.935969e+00

sig =

     1


niter =

     []


ell =

     1


ell =

     1


tol =

     []


kest =

    11

Trimming ...
Sparse SVD ...
Iteration	Fit Error
0		2.931451e+00

sig =

     1


ell =

     1


ell =

     1


niter =

     []


tol =

     []


kest =

    11

Trimming ...
Sparse SVD ...
Iteration	Fit Error
0		2.935183e+00

sig =

     1


niter =

     []


niter =

     []


ell =

     1


tol =

     []


kest =

    11

Trimming ...
Sparse SVD ...
Iteration	Fit Error
0		2.919396e+00

sig =

     1


niter =

     []


ell =

     1


niter =

     []


tol =

     []


kest =

    11

Trimming ...
Sparse SVD ...
Iteration	Fit Error
0		2.942925e+00

niter =

     []


tol =

     []


kest =

    11

Trimming ...
Sparse SVD ...
Iteration	Fit Error
0		2.943684e+00

niter =

     []


tol =

     []


kest =

    11

Trimming ...
Sparse SVD ...
Iteration	Fit Error
0		2.941522e+00

sig =

     1


tol =

     []


kest =

    11

Trimming ...
Sparse SVD ...
Iteration	Fit Error
0		2.943101e+00

ell =

     1


tol =

     []


kest =

    11

Trimming ...
Sparse SVD ...
Iteration	Fit Error
0		2.949074e+00

tol =

     []


kest =

    11

Trimming ...
Sparse SVD ...
Iteration	Fit Error
0		2.942849e+00

tol =

     []


kest =

    11

Trimming ...
Sparse SVD ...
Iteration	Fit Error
0		2.941057e+00

niter =

     []


tol =

     []


kest =

    11

Trimming ...
Sparse SVD ...
Iteration	Fit Error
0		2.944794e+00

tol =

     []


kest =

    11

Trimming ...
Sparse SVD ...
Iteration	Fit Error
0		2.936513e+00

sig =

     1


ell =

     1


tol =

     []


kest =

    11

Trimming ...
Sparse SVD ...
Iteration	Fit Error
0		2.951124e+00

niter =

     []


tol =

     []


kest =

    11

Trimming ...
Sparse SVD ...
Iteration	Fit Error
0		2.945740e+00

timing =

   6.1948e+02


errs_opt =

  Columns 1 through 6

   3.2228e-01   4.1342e-01   5.2521e-01   6.8094e-01   9.0451e-01   1.1534e+00
   3.3001e-01   4.1802e-01   5.2963e-01   6.8054e-01   8.8101e-01   1.1250e+00
   3.3807e-01   4.2976e-01   5.4973e-01   7.0591e-01   9.0512e-01   1.1668e+00
   3.3981e-01   4.2610e-01   5.3983e-01   6.9768e-01   9.3003e-01   1.1934e+00
   3.3642e-01   4.2444e-01   5.3918e-01   6.8907e-01   8.9584e-01   1.1530e+00
   3.3299e-01   4.2249e-01   5.4406e-01   7.1031e-01   9.0861e-01   1.1582e+00
   3.3457e-01   4.2742e-01   5.4709e-01   7.0600e-01   9.1253e-01   1.1731e+00
   3.3284e-01   4.2293e-01   5.4102e-01   6.9826e-01   9.0041e-01   1.1566e+00
   3.2579e-01   4.1513e-01   5.3436e-01   6.9030e-01   8.8855e-01   1.1503e+00
   3.4374e-01   4.3500e-01   5.5434e-01   7.2514e-01   9.2891e-01   1.1981e+00
   3.3478e-01   4.2702e-01   5.4480e-01   6.9442e-01   8.8959e-01   1.1517e+00
   3.4521e-01   4.3157e-01   5.4683e-01   7.0954e-01   9.0133e-01   1.1503e+00
   3.4362e-01   4.2948e-01   5.4288e-01   6.9022e-01   9.0985e-01   1.1574e+00
   3.4989e-01   4.3290e-01   5.4638e-01   6.9893e-01   9.0759e-01   1.1655e+00
   3.3267e-01   4.1826e-01   5.3356e-01   6.7812e-01   8.8834e-01   1.1476e+00
   3.3091e-01   4.1947e-01   5.3344e-01   6.8515e-01   8.8457e-01   1.1388e+00
   3.4073e-01   4.2549e-01   5.3995e-01   6.9453e-01   9.0890e-01   1.1773e+00
   3.4300e-01   4.3527e-01   5.5544e-01   7.2128e-01   9.3512e-01   1.2071e+00
   3.3879e-01   4.3315e-01   5.5543e-01   7.1402e-01   9.1652e-01   1.1720e+00
   3.4822e-01   4.3886e-01   5.6059e-01   7.1834e-01   9.2760e-01   1.1835e+00
   3.4037e-01   4.3135e-01   5.4693e-01   7.0034e-01   9.1113e-01   1.1765e+00
   3.3655e-01   4.2432e-01   5.3910e-01   6.9150e-01   9.0771e-01   1.1572e+00
   3.4450e-01   4.2886e-01   5.4385e-01   6.9949e-01   9.0015e-01   1.1482e+00
   3.2860e-01   4.1749e-01   5.3536e-01   6.8925e-01   8.9331e-01   1.1507e+00
   3.4438e-01   4.3520e-01   5.5601e-01   7.2390e-01   9.3497e-01   1.1964e+00
   3.3999e-01   4.3094e-01   5.4812e-01   7.0031e-01   9.0481e-01   1.1676e+00
   3.4108e-01   4.3137e-01   5.4682e-01   7.0278e-01   9.0840e-01   1.1745e+00
   3.2183e-01   4.1447e-01   5.2859e-01   6.7537e-01   8.7362e-01   1.1294e+00
   3.3577e-01   4.2234e-01   5.4058e-01   6.9012e-01   8.9307e-01   1.1491e+00
   3.3077e-01   4.1814e-01   5.2537e-01   6.6904e-01   8.6313e-01   1.1140e+00
   3.4227e-01   4.3431e-01   5.4997e-01   7.1067e-01   9.2184e-01   1.1841e+00
   3.3015e-01   4.1986e-01   5.3459e-01   6.9134e-01   8.9192e-01   1.1462e+00
   3.3203e-01   4.2060e-01   5.3900e-01   6.8471e-01   8.8039e-01   1.1317e+00
   3.3007e-01   4.1870e-01   5.3048e-01   6.7799e-01   8.8511e-01   1.1496e+00
   3.2387e-01   4.1170e-01   5.2614e-01   6.7378e-01   8.7091e-01   1.1373e+00
   3.3466e-01   4.2334e-01   5.3898e-01   6.9136e-01   9.0012e-01   1.1513e+00
   3.2448e-01   4.1403e-01   5.3034e-01   6.8140e-01   8.7525e-01   1.1177e+00
   3.3658e-01   4.2589e-01   5.3907e-01   6.9635e-01   9.1437e-01   1.1931e+00
   3.3682e-01   4.2589e-01   5.4248e-01   6.9791e-01   9.0291e-01   1.1498e+00
   3.3768e-01   4.2432e-01   5.3612e-01   6.8627e-01   8.8619e-01   1.1437e+00

  Columns 7 through 10

   1.4635e+00   1.8766e+00   2.3770e+00   2.9545e+00
   1.4603e+00   1.8745e+00   2.3805e+00   2.9923e+00
   1.4972e+00   1.9224e+00   2.4374e+00   3.0378e+00
   1.5212e+00   1.9255e+00   2.4182e+00   3.0127e+00
   1.4761e+00   1.8935e+00   2.3996e+00   2.9885e+00
   1.4910e+00   1.9122e+00   2.4138e+00   3.0003e+00
   1.5121e+00   1.9444e+00   2.4550e+00   3.0502e+00
   1.4808e+00   1.8916e+00   2.4005e+00   2.9971e+00
   1.4683e+00   1.8880e+00   2.4018e+00   2.9937e+00
   1.5315e+00   1.9451e+00   2.4475e+00   3.0368e+00
   1.4571e+00   1.8649e+00   2.3526e+00   2.9494e+00
   1.4807e+00   1.8910e+00   2.4250e+00   3.0076e+00
   1.4751e+00   1.9089e+00   2.4465e+00   3.0510e+00
   1.4934e+00   1.9074e+00   2.4055e+00   2.9884e+00
   1.4635e+00   1.8661e+00   2.3707e+00   2.9595e+00
   1.4645e+00   1.8694e+00   2.3572e+00   2.9390e+00
   1.5170e+00   1.9536e+00   2.4502e+00   3.0500e+00
   1.5419e+00   1.9642e+00   2.4848e+00   3.0873e+00
   1.4996e+00   1.9307e+00   2.4395e+00   3.0318e+00
   1.5100e+00   1.9177e+00   2.4301e+00   3.0414e+00
   1.5003e+00   1.9107e+00   2.4124e+00   3.0318e+00
   1.4718e+00   1.8791e+00   2.3742e+00   2.9540e+00
   1.4620e+00   1.9165e+00   2.4543e+00   3.0449e+00
   1.4526e+00   1.8625e+00   2.3782e+00   2.9694e+00
   1.5216e+00   1.9397e+00   2.4409e+00   3.0484e+00
   1.4963e+00   1.9040e+00   2.4111e+00   3.0003e+00
   1.4872e+00   1.9049e+00   2.4433e+00   3.0458e+00
   1.4489e+00   1.8522e+00   2.3674e+00   2.9625e+00
   1.4767e+00   1.9006e+00   2.4168e+00   3.0107e+00
   1.4389e+00   1.8781e+00   2.3915e+00   2.9687e+00
   1.5241e+00   1.9350e+00   2.4542e+00   3.0404e+00
   1.4890e+00   1.9044e+00   2.4294e+00   3.0404e+00
   1.4534e+00   1.8596e+00   2.3407e+00   2.9432e+00
   1.4618e+00   1.8606e+00   2.3450e+00   2.9381e+00
   1.4558e+00   1.8458e+00   2.3379e+00   2.9187e+00
   1.4696e+00   1.8749e+00   2.3906e+00   2.9760e+00
   1.4284e+00   1.8486e+00   2.3424e+00   2.9400e+00
   1.5295e+00   1.9575e+00   2.4786e+00   3.0594e+00
   1.4609e+00   1.8829e+00   2.3846e+00   2.9896e+00
   1.4730e+00   1.9216e+00   2.4063e+00   3.0032e+00


errs_shr =

  Columns 1 through 6

   3.8879e-01   4.1823e-01   4.6181e-01   5.1675e-01   5.8322e-01   6.5666e-01
   3.9592e-01   4.2520e-01   4.6656e-01   5.2085e-01   5.8714e-01   6.6938e-01
   4.1056e-01   4.3738e-01   4.7637e-01   5.2792e-01   5.9090e-01   6.7236e-01
   4.0125e-01   4.3154e-01   4.7412e-01   5.3202e-01   6.0395e-01   6.8462e-01
   3.9882e-01   4.2828e-01   4.6829e-01   5.1983e-01   5.8455e-01   6.6598e-01
   4.1176e-01   4.4100e-01   4.7870e-01   5.2804e-01   5.8902e-01   6.5930e-01
   3.9558e-01   4.2678e-01   4.7158e-01   5.3028e-01   5.9697e-01   6.7420e-01
   3.9841e-01   4.2744e-01   4.6887e-01   5.2361e-01   5.8896e-01   6.6744e-01
   3.9754e-01   4.2139e-01   4.5989e-01   5.0825e-01   5.6657e-01   6.4503e-01
   4.0434e-01   4.3330e-01   4.7255e-01   5.2600e-01   5.9070e-01   6.7199e-01
   3.9206e-01   4.2217e-01   4.6395e-01   5.1889e-01   5.8587e-01   6.6431e-01
   4.0649e-01   4.3555e-01   4.7603e-01   5.2971e-01   5.9040e-01   6.6297e-01
   3.9188e-01   4.1880e-01   4.5732e-01   5.0756e-01   5.6921e-01   6.4437e-01
   4.2248e-01   4.4809e-01   4.8441e-01   5.3378e-01   5.8997e-01   6.6352e-01
   3.9853e-01   4.2569e-01   4.6454e-01   5.1757e-01   5.8093e-01   6.5598e-01
   3.8970e-01   4.1936e-01   4.6468e-01   5.2238e-01   5.9036e-01   6.7272e-01
   4.1255e-01   4.3992e-01   4.7812e-01   5.3035e-01   6.0116e-01   6.8489e-01
   4.1468e-01   4.4188e-01   4.8188e-01   5.3775e-01   6.0757e-01   6.9195e-01
   4.0049e-01   4.3335e-01   4.7899e-01   5.3585e-01   6.0052e-01   6.7488e-01
   4.1305e-01   4.4462e-01   4.8630e-01   5.3855e-01   6.0150e-01   6.7844e-01
   4.0952e-01   4.3838e-01   4.7676e-01   5.2639e-01   5.8877e-01   6.6789e-01
   3.9911e-01   4.2914e-01   4.7153e-01   5.2822e-01   5.9318e-01   6.6893e-01
   3.9791e-01   4.2843e-01   4.7075e-01   5.2824e-01   5.9532e-01   6.7224e-01
   3.9363e-01   4.2297e-01   4.6480e-01   5.1993e-01   5.8460e-01   6.5774e-01
   4.0134e-01   4.3248e-01   4.7566e-01   5.3041e-01   5.9878e-01   6.8078e-01
   4.0268e-01   4.3366e-01   4.7520e-01   5.2890e-01   5.9762e-01   6.7444e-01
   4.0726e-01   4.3719e-01   4.7734e-01   5.3059e-01   5.9553e-01   6.7266e-01
   3.8844e-01   4.1541e-01   4.5451e-01   5.0996e-01   5.7758e-01   6.6237e-01
   4.0635e-01   4.3164e-01   4.6886e-01   5.1977e-01   5.8499e-01   6.6632e-01
   3.9807e-01   4.2528e-01   4.6376e-01   5.1478e-01   5.8086e-01   6.5581e-01
   3.9322e-01   4.2692e-01   4.6961e-01   5.2462e-01   5.9152e-01   6.7102e-01
   4.2274e-01   4.5399e-01   4.9356e-01   5.4391e-01   6.0287e-01   6.7186e-01
   4.0661e-01   4.3523e-01   4.7710e-01   5.2723e-01   5.9049e-01   6.6520e-01
   4.0113e-01   4.3144e-01   4.7165e-01   5.2278e-01   5.8528e-01   6.6137e-01
   4.1692e-01   4.4343e-01   4.7933e-01   5.2672e-01   5.8482e-01   6.5548e-01
   3.8931e-01   4.1916e-01   4.6121e-01   5.1762e-01   5.8608e-01   6.6541e-01
   3.9734e-01   4.2534e-01   4.6648e-01   5.2040e-01   5.8340e-01   6.5808e-01
   4.1049e-01   4.4046e-01   4.8154e-01   5.3481e-01   5.9885e-01   6.7654e-01
   4.0529e-01   4.3205e-01   4.6998e-01   5.1947e-01   5.7929e-01   6.5298e-01
   4.0042e-01   4.3054e-01   4.7097e-01   5.2307e-01   5.8946e-01   6.6766e-01

  Columns 7 through 10

   7.4187e-01   8.3719e-01   9.2297e-01   9.7726e-01
   7.6382e-01   8.5464e-01   9.1777e-01   9.6884e-01
   7.6268e-01   8.4990e-01   9.2439e-01   9.7945e-01
   7.7689e-01   8.6841e-01   9.4694e-01   1.0125e+00
   7.5766e-01   8.4458e-01   9.1717e-01   9.7007e-01
   7.3816e-01   8.2382e-01   8.9894e-01   9.5667e-01
   7.7091e-01   8.5479e-01   9.2905e-01   9.8836e-01
   7.5975e-01   8.4522e-01   9.2483e-01   9.6905e-01
   7.3955e-01   8.3655e-01   9.1580e-01   9.7702e-01
   7.6207e-01   8.4588e-01   9.1230e-01   9.6363e-01
   7.5262e-01   8.4201e-01   9.2876e-01   9.8845e-01
   7.5294e-01   8.3957e-01   9.1896e-01   9.7967e-01
   7.2934e-01   8.2986e-01   9.1496e-01   9.6566e-01
   7.4426e-01   8.2622e-01   8.9834e-01   9.6035e-01
   7.4121e-01   8.3933e-01   9.1342e-01   9.6367e-01
   7.6949e-01   8.4427e-01   9.1736e-01   9.9563e-01
   7.7385e-01   8.6700e-01   9.3920e-01   9.8122e-01
   7.7708e-01   8.6155e-01   9.3147e-01   9.8952e-01
   7.6815e-01   8.5132e-01   9.2247e-01   9.7668e-01
   7.6341e-01   8.3669e-01   9.1059e-01   9.6737e-01
   7.5941e-01   8.4722e-01   9.2303e-01   9.8072e-01
   7.5697e-01   8.3985e-01   9.1542e-01   9.7174e-01
   7.6107e-01   8.4787e-01   9.1571e-01   9.6669e-01
   7.4226e-01   8.3742e-01   9.2182e-01   9.8927e-01
   7.6767e-01   8.5916e-01   9.3446e-01   9.8793e-01
   7.6192e-01   8.5215e-01   9.1960e-01   9.8565e-01
   7.5902e-01   8.4881e-01   9.2018e-01   9.8867e-01
   7.5451e-01   8.4725e-01   9.2787e-01   9.8286e-01
   7.6027e-01   8.5533e-01   9.2475e-01   9.7547e-01
   7.4159e-01   8.2968e-01   9.1184e-01   9.6561e-01
   7.6159e-01   8.5112e-01   9.2879e-01   9.8081e-01
   7.5587e-01   8.4934e-01   9.3676e-01   9.8968e-01
   7.4957e-01   8.3086e-01   9.0683e-01   9.5663e-01
   7.4716e-01   8.3180e-01   9.1441e-01   9.8073e-01
   7.3532e-01   8.1646e-01   8.9973e-01   9.4580e-01
   7.5524e-01   8.5011e-01   9.1229e-01   9.6201e-01
   7.4421e-01   8.3320e-01   9.0053e-01   9.6359e-01
   7.6965e-01   8.5581e-01   9.2389e-01   9.7878e-01
   7.4383e-01   8.3443e-01   9.2724e-01   9.8081e-01
   7.5978e-01   8.4485e-01   9.2125e-01   9.6140e-01


errs_nuc =

  Columns 1 through 6

   4.0169e-01   4.7236e-01   5.4984e-01   6.3229e-01   7.1590e-01   7.9760e-01
   4.0446e-01   4.7567e-01   5.5450e-01   6.3957e-01   7.2778e-01   8.1477e-01
   4.1112e-01   4.8207e-01   5.5998e-01   6.4337e-01   7.2996e-01   8.1464e-01
   4.1472e-01   4.8784e-01   5.6794e-01   6.5301e-01   7.3898e-01   8.2068e-01
   4.0521e-01   4.7591e-01   5.5360e-01   6.3680e-01   7.2256e-01   8.0683e-01
   4.0756e-01   4.7829e-01   5.5554e-01   6.3710e-01   7.2089e-01   8.0341e-01
   4.1151e-01   4.8315e-01   5.6204e-01   6.4655e-01   7.3344e-01   8.1849e-01
   4.0973e-01   4.8126e-01   5.5985e-01   6.4386e-01   7.3033e-01   8.1400e-01
   4.0135e-01   4.7201e-01   5.5017e-01   6.3415e-01   7.2194e-01   8.0935e-01
   4.1274e-01   4.8366e-01   5.6153e-01   6.4441e-01   7.2960e-01   8.1172e-01
   4.0834e-01   4.7890e-01   5.5649e-01   6.3982e-01   7.2631e-01   8.1060e-01
   4.0802e-01   4.7847e-01   5.5574e-01   6.3878e-01   7.2557e-01   8.1203e-01
   4.0502e-01   4.7464e-01   5.5148e-01   6.3419e-01   7.2001e-01   8.0583e-01
   4.1149e-01   4.8233e-01   5.6005e-01   6.4314e-01   7.2881e-01   8.1208e-01
   4.0707e-01   4.7752e-01   5.5468e-01   6.3697e-01   7.2190e-01   8.0499e-01
   4.0444e-01   4.7537e-01   5.5342e-01   6.3665e-01   7.2177e-01   8.0397e-01
   4.1647e-01   4.8972e-01   5.7063e-01   6.5755e-01   7.4672e-01   8.3166e-01
   4.1693e-01   4.8970e-01   5.6973e-01   6.5526e-01   7.4220e-01   8.2408e-01
   4.1080e-01   4.8193e-01   5.5992e-01   6.4287e-01   7.2801e-01   8.1169e-01
   4.1251e-01   4.8333e-01   5.6033e-01   6.4166e-01   7.2425e-01   8.0430e-01
   4.1013e-01   4.8101e-01   5.5880e-01   6.4223e-01   7.2843e-01   8.1246e-01
   4.1117e-01   4.8300e-01   5.6194e-01   6.4583e-01   7.3038e-01   8.1296e-01
   4.1220e-01   4.8388e-01   5.6323e-01   6.4819e-01   7.3540e-01   8.2059e-01
   4.0404e-01   4.7496e-01   5.5295e-01   6.3604e-01   7.2093e-01   8.0372e-01
   4.1530e-01   4.8767e-01   5.6683e-01   6.5098e-01   7.3751e-01   8.2052e-01
   4.0810e-01   4.7891e-01   5.5672e-01   6.3982e-01   7.2444e-01   8.0575e-01
   4.1073e-01   4.8174e-01   5.5936e-01   6.4239e-01   7.2797e-01   8.1141e-01
   4.0345e-01   4.7456e-01   5.5317e-01   6.3787e-01   7.2544e-01   8.1068e-01
   4.0562e-01   4.7623e-01   5.5432e-01   6.3840e-01   7.2561e-01   8.1148e-01
   4.0142e-01   4.7132e-01   5.4903e-01   6.3311e-01   7.2034e-01   8.0589e-01
   4.1226e-01   4.8299e-01   5.6065e-01   6.4386e-01   7.2989e-01   8.1423e-01
   4.0853e-01   4.7969e-01   5.5778e-01   6.4074e-01   7.2539e-01   8.0812e-01
   4.0385e-01   4.7427e-01   5.5179e-01   6.3500e-01   7.2147e-01   8.0598e-01
   4.0376e-01   4.7358e-01   5.5017e-01   6.3199e-01   7.1598e-01   7.9790e-01
   4.0013e-01   4.7033e-01   5.4707e-01   6.2873e-01   7.1309e-01   7.9520e-01
   4.0394e-01   4.7470e-01   5.5281e-01   6.3635e-01   7.2180e-01   8.0499e-01
   3.9603e-01   4.6576e-01   5.4268e-01   6.2525e-01   7.1077e-01   7.9485e-01
   4.1656e-01   4.8884e-01   5.6817e-01   6.5300e-01   7.3986e-01   8.2436e-01
   4.0772e-01   4.7914e-01   5.5754e-01   6.4117e-01   7.2749e-01   8.1242e-01
   4.0591e-01   4.7629e-01   5.5419e-01   6.3823e-01   7.2545e-01   8.1090e-01

  Columns 7 through 10

   8.7363e-01   9.3468e-01   9.7296e-01   9.9000e-01
   8.9203e-01   9.5049e-01   9.8446e-01   9.9816e-01
   8.8983e-01   9.4802e-01   9.8228e-01   9.9633e-01
   8.9256e-01   9.4791e-01   9.8033e-01   9.9591e-01
   8.8188e-01   9.3984e-01   9.7596e-01   9.9508e-01
   8.7871e-01   9.4026e-01   9.8192e-01   9.9816e-01
   8.9437e-01   9.5095e-01   9.8441e-01   9.9747e-01
   8.8810e-01   9.4566e-01   9.8077e-01   9.9579e-01
   8.8867e-01   9.5063e-01   9.8771e-01   9.9931e-01
   8.8411e-01   9.3926e-01   9.7638e-01   9.9360e-01
   8.8694e-01   9.4820e-01   9.8541e-01   9.9790e-01
   8.8993e-01   9.5072e-01   9.8514e-01   9.9625e-01
   8.8610e-01   9.5057e-01   9.8781e-01   9.9912e-01
   8.8751e-01   9.4679e-01   9.8369e-01   9.9940e-01
   8.8144e-01   9.4265e-01   9.8181e-01   9.9741e-01
   8.7527e-01   9.3103e-01   9.7273e-01   9.9477e-01
   9.0597e-01   9.6100e-01   9.9052e-01   9.9850e-01
   8.9483e-01   9.4977e-01   9.8272e-01   9.9566e-01
   8.8570e-01   9.4218e-01   9.7761e-01   9.9397e-01
   8.7479e-01   9.3195e-01   9.7351e-01   9.9333e-01
   8.8801e-01   9.4749e-01   9.8455e-01   9.9844e-01
   8.8617e-01   9.4503e-01   9.8063e-01   9.9552e-01
   8.9639e-01   9.5299e-01   9.8616e-01   9.9758e-01
   8.8125e-01   9.4381e-01   9.8271e-01   9.9606e-01
   8.9499e-01   9.5265e-01   9.8572e-01   9.9753e-01
   8.7841e-01   9.3452e-01   9.7269e-01   9.9494e-01
   8.8668e-01   9.4694e-01   9.8121e-01   9.9747e-01
   8.8686e-01   9.4698e-01   9.8101e-01   9.9499e-01
   8.8930e-01   9.4800e-01   9.8216e-01   9.9678e-01
   8.8393e-01   9.4684e-01   9.8458e-01   9.9862e-01
   8.8946e-01   9.4778e-01   9.8293e-01   9.9640e-01
   8.8313e-01   9.4273e-01   9.8014e-01   9.9517e-01
   8.8092e-01   9.4089e-01   9.7942e-01   9.9728e-01
   8.7294e-01   9.3452e-01   9.7695e-01   9.9599e-01
   8.6968e-01   9.3128e-01   9.6999e-01   9.8959e-01
   8.8032e-01   9.3928e-01   9.7628e-01   9.9337e-01
   8.7203e-01   9.3322e-01   9.7407e-01   9.9426e-01
   9.0006e-01   9.5719e-01   9.9025e-01   9.9931e-01
   8.8886e-01   9.4835e-01   9.8546e-01   9.9790e-01
   8.8757e-01   9.4602e-01   9.8079e-01   9.9509e-01

{Undefined function or variable 'stop'.

Error in test10>stopnow (line 253)
        stop

Error in test10 (line 80)
        stopnow

Error in run10 (line 13)
  test10()
} 
