
                            < M A T L A B (R) >
                  Copyright 1984-2015 The MathWorks, Inc.
                   R2015a (8.5.0.197613) 64-bit (glnxa64)
                             February 12, 2015

 
To get started, type one of these: helpwin, helpdesk, or demo.
For product information, visit www.mathworks.com.
 
Setting CVX paths...done.

	Academic License


ifinit =

     1


ifplot =

     0


gam =

   8.0000e-01


m =

   300


n =

   375


k =

    10


m1 =

   150


ells =

    10     9     8     7     6     5     4     3     2     1


delta =

   5.0000e-01


nruns =

    40


nsigmas =

    10


sigmas =

  Columns 1 through 6

   1.0000e+00   1.2414e+00   1.5410e+00   1.9129e+00   2.3746e+00   2.9478e+00

  Columns 7 through 10

   3.6593e+00   4.5425e+00   5.6390e+00   7.0000e+00

Starting parallel pool (parpool) using the 'local' profile ... connected to 10 workers.
Run: 
     9 


chk0 =

   8.9184e-16


sig =

     1


ell =

     1

Run: 
     21 


chk0 =

   1.0009e-15


sig =

     1


ell =

     1

Run: 
     6 


chk0 =

   8.9440e-16


sig =

     1


ell =

     1

Run: 
     12 


chk0 =

   5.7543e-16


sig =

     1


ell =

     1

Run: 
     25 


chk0 =

   1.3334e-15


sig =

     1


ell =

     1

Run: 
     18 


chk0 =

   7.8463e-16


sig =

     1


ell =

     1

Run: 
     27 


chk0 =

   1.5558e-15


sig =

     1


ell =

     1

Run: 
     3 


chk0 =

   4.4763e-16


sig =

     1


ell =

     1

Run: 
     23 


chk0 =

   1.1123e-15


sig =

     1


ell =

     1

Run: 
     15 


chk0 =

   6.6931e-16


sig =

     1


ell =

     1


niter =

     []


niter =

     []


niter =

     []


niter =

     []


niter =

     []


niter =

     []


niter =

     []


niter =

     []


niter =

     []


niter =

     []


tol =

     []


kest =

    11

Trimming ...
Sparse SVD ...
Iteration	Fit Error
0		2.045709e+00

sig =

     1


tol =

     []


kest =

    11

Trimming ...
Sparse SVD ...
Iteration	Fit Error
0		2.042411e+00

sig =

     1


tol =

     []


kest =

    11

Trimming ...
Sparse SVD ...
Iteration	Fit Error
0		2.067280e+00

sig =

     1


ell =

     1


tol =

     []


kest =

    11

Trimming ...
Sparse SVD ...
Iteration	Fit Error
0		2.050973e+00

sig =

     1


ell =

     1


ell =

     1


tol =

     []


kest =

    11

Trimming ...
Sparse SVD ...
Iteration	Fit Error
0		2.024603e+00

sig =

     1


ell =

     1


tol =

     []


kest =

    11

Trimming ...
Sparse SVD ...
Iteration	Fit Error
0		2.047953e+00

sig =

     1


ell =

     1


tol =

     []


kest =

    11

Trimming ...
Sparse SVD ...
Iteration	Fit Error
0		2.033207e+00

sig =

     1


ell =

     1


tol =

     []


kest =

    11

Trimming ...
Sparse SVD ...
Iteration	Fit Error
0		2.058701e+00

sig =

     1


tol =

     []


kest =

    11

Trimming ...
Sparse SVD ...
Iteration	Fit Error
0		2.042457e+00

sig =

     1


tol =

     []


kest =

    11

Trimming ...
Sparse SVD ...
Iteration	Fit Error
0		2.054477e+00

sig =

     1


niter =

     []


ell =

     1


niter =

     []


ell =

     1


ell =

     1


ell =

     1


niter =

     []


niter =

     []


niter =

     []


niter =

     []


niter =

     []


niter =

     []


niter =

     []


niter =

     []


tol =

     []


kest =

    11

Trimming ...
Sparse SVD ...
Iteration	Fit Error
0		2.265371e+00

sig =

     1


tol =

     []


kest =

    11

Trimming ...
Sparse SVD ...
Iteration	Fit Error
0		2.261419e+00

sig =

     1


ell =

     1


ell =

     1


tol =

     []


kest =

    11

Trimming ...
Sparse SVD ...
Iteration	Fit Error
0		2.239697e+00

sig =

     1


tol =

     []


kest =

    11

Trimming ...
Sparse SVD ...
Iteration	Fit Error
0		2.282103e+00

sig =

     1


ell =

     1


tol =

     []


kest =

    11

Trimming ...
Sparse SVD ...
Iteration	Fit Error
0		2.255857e+00

sig =

     1


ell =

     1


tol =

     []


kest =

    11

Trimming ...
Sparse SVD ...
Iteration	Fit Error
0		2.255603e+00

sig =

     1


tol =

     []


kest =

    11

Trimming ...
Sparse SVD ...
Iteration	Fit Error
0		2.268901e+00

sig =

     1


ell =

     1


ell =

     1


ell =

     1


niter =

     []


tol =

     []


kest =

    11

Trimming ...
Sparse SVD ...
Iteration	Fit Error
0		2.248393e+00

sig =

     1


tol =

     []


kest =

    11

Trimming ...
Sparse SVD ...
Iteration	Fit Error
0		2.261686e+00

sig =

     1


tol =

     []


kest =

    11

Trimming ...
Sparse SVD ...
Iteration	Fit Error
0		2.273502e+00

sig =

     1


ell =

     1


ell =

     1


niter =

     []


ell =

     1


niter =

     []


niter =

     []


niter =

     []


niter =

     []


niter =

     []


niter =

     []


niter =

     []


niter =

     []


tol =

     []


kest =

    11

Trimming ...
Sparse SVD ...
Iteration	Fit Error
0		2.433772e+00

sig =

     1


ell =

     1


tol =

     []


kest =

    11

Trimming ...
Sparse SVD ...
Iteration	Fit Error
0		2.454246e+00

sig =

     1


tol =

     []


kest =

    11

Trimming ...
Sparse SVD ...
Iteration	Fit Error
0		2.457141e+00

sig =

     1


tol =

     []


kest =

    11

Trimming ...
Sparse SVD ...
Iteration	Fit Error
0		2.447837e+00

sig =

     1


ell =

     1


ell =

     1


ell =

     1


tol =

     []


kest =

    11

Trimming ...
Sparse SVD ...
Iteration	Fit Error
0		2.471466e+00

sig =

     1


tol =

     []


kest =

    11

Trimming ...
Sparse SVD ...
Iteration	Fit Error
0		2.459629e+00

sig =

     1


ell =

     1


tol =

     []


kest =

    11

Trimming ...
Sparse SVD ...
Iteration	Fit Error
0		2.466293e+00

sig =

     1


tol =

     []


kest =

    11

Trimming ...
Sparse SVD ...
Iteration	Fit Error
0		2.448640e+00

sig =

     1


ell =

     1


tol =

     []


kest =

    11

Trimming ...
Sparse SVD ...
Iteration	Fit Error
0		2.443924e+00

sig =

     1


tol =

     []


kest =

    11

Trimming ...
Sparse SVD ...
Iteration	Fit Error
0		2.452682e+00

sig =

     1


ell =

     1


niter =

     []


ell =

     1


niter =

     []


ell =

     1


ell =

     1


niter =

     []


niter =

     []


niter =

     []


niter =

     []


niter =

     []


niter =

     []


niter =

     []


niter =

     []


tol =

     []


kest =

    11

Trimming ...
Sparse SVD ...
Iteration	Fit Error
0		2.614439e+00

sig =

     1


tol =

     []


kest =

    11

Trimming ...
Sparse SVD ...
Iteration	Fit Error
0		2.595658e+00

sig =

     1


ell =

     1


tol =

     []


kest =

    11

Trimming ...
Sparse SVD ...
Iteration	Fit Error
0		2.615128e+00

sig =

     1


tol =

     []


kest =

    11

Trimming ...
Sparse SVD ...
Iteration	Fit Error
0		2.625244e+00

sig =

     1


ell =

     1


ell =

     1


tol =

     []


kest =

    11

Trimming ...
Sparse SVD ...
Iteration	Fit Error
0		2.607127e+00

sig =

     1


ell =

     1


tol =

     []


kest =

    11

Trimming ...
Sparse SVD ...
Iteration	Fit Error
0		2.614477e+00

sig =

     1


ell =

     1


tol =

     []


kest =

    11

Trimming ...
Sparse SVD ...
Iteration	Fit Error
0		2.622353e+00

sig =

     1


ell =

     1


ell =

     1


niter =

     []


niter =

     []


tol =

     []


kest =

    11

Trimming ...
Sparse SVD ...
Iteration	Fit Error
0		2.611170e+00

sig =

     1


tol =

     []


kest =

    11

Trimming ...
Sparse SVD ...
Iteration	Fit Error
0		2.604824e+00

sig =

     1


ell =

     1


niter =

     []


tol =

     []


kest =

    11

Trimming ...
Sparse SVD ...
Iteration	Fit Error
0		2.608707e+00

sig =

     1


niter =

     []


ell =

     1


ell =

     1


niter =

     []


niter =

     []


niter =

     []


niter =

     []


niter =

     []


niter =

     []


tol =

     []


kest =

    11

Trimming ...
Sparse SVD ...
Iteration	Fit Error
0		2.738060e+00

sig =

     1


tol =

     []


kest =

    11

Trimming ...
Sparse SVD ...
Iteration	Fit Error
0		2.736154e+00

sig =

     1


ell =

     1


tol =

     []


kest =

    11

Trimming ...
Sparse SVD ...
Iteration	Fit Error
0		2.721475e+00

sig =

     1


ell =

     1


tol =

     []


kest =

    11

Trimming ...
Sparse SVD ...
Iteration	Fit Error
0		2.746164e+00

sig =

     1


ell =

     1


ell =

     1


tol =

     []


kest =

    11

Trimming ...
Sparse SVD ...
Iteration	Fit Error
0		2.738404e+00

sig =

     1


tol =

     []


kest =

    11

Trimming ...
Sparse SVD ...
Iteration	Fit Error
0		2.730023e+00

sig =

     1


ell =

     1


tol =

     []


kest =

    11

Trimming ...
Sparse SVD ...
Iteration	Fit Error
0		2.742010e+00

sig =

     1


niter =

     []


ell =

     1


tol =

     []


kest =

    11

Trimming ...
Sparse SVD ...
Iteration	Fit Error
0		2.733657e+00

sig =

     1


ell =

     1


ell =

     1


niter =

     []


tol =

     []


kest =

    11

Trimming ...
Sparse SVD ...
Iteration	Fit Error
0		2.735236e+00

sig =

     1


tol =

     []


kest =

    11

Trimming ...
Sparse SVD ...
Iteration	Fit Error
0		2.728314e+00

sig =

     1


ell =

     1


niter =

     []


ell =

     1


niter =

     []


niter =

     []


niter =

     []


niter =

     []


niter =

     []


niter =

     []


niter =

     []


tol =

     []


kest =

    11

Trimming ...
Sparse SVD ...
Iteration	Fit Error
0		2.827747e+00

sig =

     1


ell =

     1


tol =

     []


kest =

    11

Trimming ...
Sparse SVD ...
Iteration	Fit Error
0		2.824355e+00

sig =

     1


ell =

     1


tol =

     []


kest =

    11

Trimming ...
Sparse SVD ...
Iteration	Fit Error
0		2.832030e+00

sig =

     1


tol =

     []


kest =

    11

Trimming ...
Sparse SVD ...
Iteration	Fit Error
0		2.811007e+00

sig =

     1


ell =

     1


ell =

     1


tol =

     []


kest =

    11

Trimming ...
Sparse SVD ...
Iteration	Fit Error
0		2.824689e+00

sig =

     1


tol =

     []


kest =

    11

Trimming ...
Sparse SVD ...
Iteration	Fit Error
0		2.819532e+00

sig =

     1


tol =

     []


kest =

    11

Trimming ...
Sparse SVD ...
Iteration	Fit Error
0		2.827625e+00

sig =

     1


ell =

     1


ell =

     1


niter =

     []


ell =

     1


tol =

     []


kest =

    11

Trimming ...
Sparse SVD ...
Iteration	Fit Error
0		2.827855e+00

sig =

     1


niter =

     []


ell =

     1


niter =

     []


tol =

     []


kest =

    11

Trimming ...
Sparse SVD ...
Iteration	Fit Error
0		2.818531e+00

sig =

     1


niter =

     []


tol =

     []


kest =

    11

Trimming ...
Sparse SVD ...
Iteration	Fit Error
0		2.825752e+00

sig =

     1


ell =

     1


ell =

     1


niter =

     []


niter =

     []


niter =

     []


niter =

     []


niter =

     []


niter =

     []


tol =

     []


kest =

    11

Trimming ...
Sparse SVD ...
Iteration	Fit Error
0		2.886964e+00

sig =

     1


ell =

     1


tol =

     []


kest =

    11

Trimming ...
Sparse SVD ...
Iteration	Fit Error
0		2.886324e+00

sig =

     1


tol =

     []


kest =

    11

Trimming ...
Sparse SVD ...
Iteration	Fit Error
0		2.882649e+00

sig =

     1


ell =

     1


tol =

     []


kest =

    11

Trimming ...
Sparse SVD ...
Iteration	Fit Error
0		2.871802e+00

sig =

     1


ell =

     1


ell =

     1


tol =

     []


kest =

    11

Trimming ...
Sparse SVD ...
Iteration	Fit Error
0		2.884164e+00

sig =

     1


niter =

     []


tol =

     []


kest =

    11

Trimming ...
Sparse SVD ...
Iteration	Fit Error
0		2.886693e+00

sig =

     1


ell =

     1


tol =

     []


kest =

    11

Trimming ...
Sparse SVD ...
Iteration	Fit Error
0		2.879692e+00

sig =

     1


niter =

     []


ell =

     1


ell =

     1


tol =

     []


kest =

    11

Trimming ...
Sparse SVD ...
Iteration	Fit Error
0		2.882630e+00

sig =

     1


ell =

     1


tol =

     []


kest =

    11

Trimming ...
Sparse SVD ...
Iteration	Fit Error
0		2.878705e+00

sig =

     1


niter =

     []


tol =

     []


kest =

    11

Trimming ...
Sparse SVD ...
Iteration	Fit Error
0		2.886040e+00

sig =

     1


ell =

     1


niter =

     []


ell =

     1


niter =

     []


niter =

     []


niter =

     []


niter =

     []


niter =

     []


tol =

     []


kest =

    11

Trimming ...
Sparse SVD ...
Iteration	Fit Error
0		2.918139e+00

sig =

     1


niter =

     []


ell =

     1


tol =

     []


kest =

    11

Trimming ...
Sparse SVD ...
Iteration	Fit Error
0		2.922418e+00

sig =

     1


ell =

     1


tol =

     []


kest =

    11

Trimming ...
Sparse SVD ...
Iteration	Fit Error
0		2.917922e+00

sig =

     1


tol =

     []


kest =

    11

Trimming ...
Sparse SVD ...
Iteration	Fit Error
0		2.909301e+00

sig =

     1


ell =

     1


niter =

     []


tol =

     []


kest =

    11

Trimming ...
Sparse SVD ...
Iteration	Fit Error
0		2.922534e+00

sig =

     1


ell =

     1


tol =

     []


kest =

    11

Trimming ...
Sparse SVD ...
Iteration	Fit Error
0		2.921284e+00

sig =

     1


tol =

     []


kest =

    11

Trimming ...
Sparse SVD ...
Iteration	Fit Error
0		2.916290e+00

sig =

     1


niter =

     []


ell =

     1


ell =

     1


tol =

     []


kest =

    11

Trimming ...
Sparse SVD ...
Iteration	Fit Error
0		2.915894e+00

sig =

     1


ell =

     1


ell =

     1


tol =

     []


kest =

    11

Trimming ...
Sparse SVD ...
Iteration	Fit Error
0		2.913316e+00

sig =

     1


ell =

     1


niter =

     []


niter =

     []


niter =

     []


tol =

     []


kest =

    11

Trimming ...
Sparse SVD ...
Iteration	Fit Error
0		2.923039e+00

sig =

     1


niter =

     []


ell =

     1


niter =

     []


niter =

     []


tol =

     []


kest =

    11

Trimming ...
Sparse SVD ...
Iteration	Fit Error
0		2.934993e+00

sig =

     1


niter =

     []


ell =

     1


tol =

     []


kest =

    11

Trimming ...
Sparse SVD ...
Iteration	Fit Error
0		2.941645e+00

sig =

     1


niter =

     []


ell =

     1


tol =

     []


kest =

    11

Trimming ...
Sparse SVD ...
Iteration	Fit Error
0		2.940556e+00

sig =

     1


tol =

     []


kest =

    11

Trimming ...
Sparse SVD ...
Iteration	Fit Error
0		2.941291e+00

sig =

     1


tol =

     []


kest =

    11

Trimming ...
Sparse SVD ...
Iteration	Fit Error
0		2.936117e+00

sig =

     1


ell =

     1


tol =

     []


kest =

    11

Trimming ...
Sparse SVD ...
Iteration	Fit Error
0		2.931670e+00

sig =

     1


ell =

     1


ell =

     1


niter =

     []


niter =

     []


ell =

     1


tol =

     []


kest =

    11

Trimming ...
Sparse SVD ...
Iteration	Fit Error
0		2.934539e+00

sig =

     1


tol =

     []


kest =

    11

Trimming ...
Sparse SVD ...
Iteration	Fit Error
0		2.935177e+00

sig =

     1


ell =

     1


niter =

     []


ell =

     1


tol =

     []


kest =

    11

Trimming ...
Sparse SVD ...
Iteration	Fit Error
0		2.933782e+00

sig =

     1


niter =

     []


niter =

     []


ell =

     1


niter =

     []


tol =

     []


kest =

    11

Trimming ...
Sparse SVD ...
Iteration	Fit Error
0		2.943764e+00

sig =

     1


niter =

     []


ell =

     1


niter =

     []


niter =

     []


tol =

     []


kest =

    11

Trimming ...
Sparse SVD ...
Iteration	Fit Error
0		2.943113e+00
Run: 
     17 


tol =

     []


kest =

    11

Trimming ...
Sparse SVD ...
Iteration	Fit Error
0		2.951630e+00
Run: 
     26 


niter =

     []


chk0 =

   1.4448e-15


sig =

     1


ell =

     1


chk0 =

   1.1130e-15


sig =

     1


ell =

     1


tol =

     []


kest =

    11

Trimming ...
Sparse SVD ...
Iteration	Fit Error
0		2.950596e+00
Run: 
     8 


tol =

     []


kest =

    11

Trimming ...
Sparse SVD ...
Iteration	Fit Error
0		2.946786e+00
Run: 
     22 


chk0 =

   8.9596e-16


sig =

     1


ell =

     1


tol =

     []


kest =

    11

Trimming ...
Sparse SVD ...
Iteration	Fit Error
0		2.944242e+00
Run: 
     20 


tol =

     []


kest =

    11

Trimming ...
Sparse SVD ...
Iteration	Fit Error
0		2.941713e+00
Run: 
     14 


chk0 =

   4.4780e-16


sig =

     1


ell =

     1


chk0 =

   1.6668e-15


sig =

     1


ell =

     1


chk0 =

   8.9253e-16


sig =

     1


ell =

     1


tol =

     []


kest =

    11

Trimming ...
Sparse SVD ...
Iteration	Fit Error
0		2.945065e+00
Run: 
     5 


tol =

     []


kest =

    11

Trimming ...
Sparse SVD ...
Iteration	Fit Error
0		2.942759e+00
Run: 
     24 


chk0 =

   9.0017e-16


sig =

     1


ell =

     1


chk0 =

   6.7608e-16


sig =

     1


ell =

     1


tol =

     []


kest =

    11

Trimming ...
Sparse SVD ...
Iteration	Fit Error
0		2.952746e+00
Run: 
     11 


niter =

     []


niter =

     []


niter =

     []


niter =

     []


chk0 =

   5.8141e-16


sig =

     1


ell =

     1


tol =

     []


kest =

    11

Trimming ...
Sparse SVD ...
Iteration	Fit Error
0		2.942106e+00
Run: 
     2 


chk0 =

   6.6818e-16


sig =

     1


ell =

     1


niter =

     []


niter =

     []


niter =

     []


niter =

     []


niter =

     []


niter =

     []


tol =

     []


kest =

    11

Trimming ...
Sparse SVD ...
Iteration	Fit Error
0		2.040932e+00

sig =

     1


tol =

     []


kest =

    11

Trimming ...
Sparse SVD ...
Iteration	Fit Error
0		2.032985e+00

sig =

     1


tol =

     []


kest =

    11

Trimming ...
Sparse SVD ...
Iteration	Fit Error
0		2.058192e+00

sig =

     1


tol =

     []


kest =

    11

Trimming ...
Sparse SVD ...
Iteration	Fit Error
0		2.056162e+00

sig =

     1


ell =

     1


ell =

     1


ell =

     1


ell =

     1


tol =

     []


kest =

    11

Trimming ...
Sparse SVD ...
Iteration	Fit Error
0		2.034667e+00

sig =

     1


ell =

     1


niter =

     []


tol =

     []


kest =

    11

Trimming ...
Sparse SVD ...
Iteration	Fit Error
0		2.028348e+00

sig =

     1


tol =

     []


kest =

    11

Trimming ...
Sparse SVD ...
Iteration	Fit Error
0		2.051956e+00

sig =

     1


niter =

     []


ell =

     1


ell =

     1


niter =

     []


tol =

     []


kest =

    11

Trimming ...
Sparse SVD ...
Iteration	Fit Error
0		2.042597e+00

sig =

     1


tol =

     []


kest =

    11

Trimming ...
Sparse SVD ...
Iteration	Fit Error
0		2.034123e+00

sig =

     1


ell =

     1


ell =

     1


niter =

     []


tol =

     []


kest =

    11

Trimming ...
Sparse SVD ...
Iteration	Fit Error
0		2.020461e+00

sig =

     1


niter =

     []


ell =

     1


niter =

     []


niter =

     []


niter =

     []


niter =

     []


niter =

     []


tol =

     []


kest =

    11

Trimming ...
Sparse SVD ...
Iteration	Fit Error
0		2.253968e+00

sig =

     1


tol =

     []


kest =

    11

Trimming ...
Sparse SVD ...
Iteration	Fit Error
0		2.273017e+00

sig =

     1


ell =

     1


tol =

     []


kest =

    11

Trimming ...
Sparse SVD ...
Iteration	Fit Error
0		2.249497e+00

sig =

     1


ell =

     1


ell =

     1


tol =

     []


kest =

    11

Trimming ...
Sparse SVD ...
Iteration	Fit Error
0		2.271282e+00

sig =

     1


ell =

     1


tol =

     []


kest =

    11

Trimming ...
Sparse SVD ...
Iteration	Fit Error
0		2.246390e+00

sig =

     1


ell =

     1


niter =

     []


tol =

     []


kest =

    11

Trimming ...
Sparse SVD ...
Iteration	Fit Error
0		2.238546e+00

sig =

     1


tol =

     []


kest =

    11

Trimming ...
Sparse SVD ...
Iteration	Fit Error
0		2.268598e+00

sig =

     1


niter =

     []


ell =

     1


tol =

     []


kest =

    11

Trimming ...
Sparse SVD ...
Iteration	Fit Error
0		2.246239e+00

sig =

     1


ell =

     1


niter =

     []


niter =

     []


tol =

     []


kest =

    11

Trimming ...
Sparse SVD ...
Iteration	Fit Error
0		2.257770e+00

sig =

     1


tol =

     []


kest =

    11

Trimming ...
Sparse SVD ...
Iteration	Fit Error
0		2.249574e+00

sig =

     1


niter =

     []


ell =

     1


ell =

     1


ell =

     1


niter =

     []


niter =

     []


niter =

     []


niter =

     []


niter =

     []


tol =

     []


kest =

    11

Trimming ...
Sparse SVD ...
Iteration	Fit Error
0		2.446945e+00

sig =

     1


ell =

     1


tol =

     []


kest =

    11

Trimming ...
Sparse SVD ...
Iteration	Fit Error
0		2.443109e+00

sig =

     1


tol =

     []


kest =

    11

Trimming ...
Sparse SVD ...
Iteration	Fit Error
0		2.463465e+00

sig =

     1


tol =

     []


kest =

    11

Trimming ...
Sparse SVD ...
Iteration	Fit Error
0		2.441095e+00

sig =

     1


tol =

     []


kest =

    11

Trimming ...
Sparse SVD ...
Iteration	Fit Error
0		2.466832e+00

sig =

     1


ell =

     1


ell =

     1


ell =

     1


ell =

     1


niter =

     []


niter =

     []


niter =

     []


tol =

     []


kest =

    11

Trimming ...
Sparse SVD ...
Iteration	Fit Error
0		2.431153e+00

sig =

     1


tol =

     []


kest =

    11

Trimming ...
Sparse SVD ...
Iteration	Fit Error
0		2.462093e+00

sig =

     1


ell =

     1


tol =

     []


kest =

    11

Trimming ...
Sparse SVD ...
Iteration	Fit Error
0		2.443377e+00

sig =

     1


ell =

     1


niter =

     []


niter =

     []


tol =

     []


kest =

    11

Trimming ...
Sparse SVD ...
Iteration	Fit Error
0		2.451484e+00

sig =

     1


tol =

     []


kest =

    11

Trimming ...
Sparse SVD ...
Iteration	Fit Error
0		2.443102e+00

sig =

     1


ell =

     1


ell =

     1


ell =

     1


niter =

     []


niter =

     []


niter =

     []


niter =

     []


tol =

     []


kest =

    11

Trimming ...
Sparse SVD ...
Iteration	Fit Error
0		2.628558e+00

sig =

     1


niter =

     []


tol =

     []


kest =

    11

Trimming ...
Sparse SVD ...
Iteration	Fit Error
0		2.603267e+00

sig =

     1


ell =

     1


tol =

     []


kest =

    11

Trimming ...
Sparse SVD ...
Iteration	Fit Error
0		2.608761e+00

sig =

     1


ell =

     1


ell =

     1


tol =

     []


kest =

    11

Trimming ...
Sparse SVD ...
Iteration	Fit Error
0		2.605602e+00

sig =

     1


tol =

     []


kest =

    11

Trimming ...
Sparse SVD ...
Iteration	Fit Error
0		2.619072e+00

sig =

     1


ell =

     1


ell =

     1


niter =

     []


tol =

     []


kest =

    11

Trimming ...
Sparse SVD ...
Iteration	Fit Error
0		2.620428e+00

sig =

     1


niter =

     []


niter =

     []


niter =

     []


tol =

     []


kest =

    11

Trimming ...
Sparse SVD ...
Iteration	Fit Error
0		2.597388e+00

sig =

     1


ell =

     1


niter =

     []


tol =

     []


kest =

    11

Trimming ...
Sparse SVD ...
Iteration	Fit Error
0		2.606842e+00

sig =

     1


tol =

     []


kest =

    11

Trimming ...
Sparse SVD ...
Iteration	Fit Error
0		2.604427e+00

sig =

     1


ell =

     1


ell =

     1


tol =

     []


kest =

    11

Trimming ...
Sparse SVD ...
Iteration	Fit Error
0		2.610329e+00

sig =

     1


ell =

     1


ell =

     1


niter =

     []


niter =

     []


tol =

     []


kest =

    11

Trimming ...
Sparse SVD ...
Iteration	Fit Error
0		2.733220e+00

sig =

     1


niter =

     []


niter =

     []


ell =

     1


tol =

     []


kest =

    11

Trimming ...
Sparse SVD ...
Iteration	Fit Error
0		2.737333e+00

sig =

     1


niter =

     []


tol =

     []


kest =

    11

Trimming ...
Sparse SVD ...
Iteration	Fit Error
0		2.753035e+00

sig =

     1


tol =

     []


kest =

    11

Trimming ...
Sparse SVD ...
Iteration	Fit Error
0		2.733397e+00

sig =

     1


tol =

     []


kest =

    11

Trimming ...
Sparse SVD ...
Iteration	Fit Error
0		2.726096e+00

sig =

     1


ell =

     1


ell =

     1


ell =

     1


ell =

     1


niter =

     []


niter =

     []


niter =

     []


niter =

     []


tol =

     []


kest =

    11

Trimming ...
Sparse SVD ...
Iteration	Fit Error
0		2.726686e+00

sig =

     1


tol =

     []


kest =

    11

Trimming ...
Sparse SVD ...
Iteration	Fit Error
0		2.740738e+00

sig =

     1


niter =

     []


ell =

     1


ell =

     1


tol =

     []


kest =

    11

Trimming ...
Sparse SVD ...
Iteration	Fit Error
0		2.731313e+00

sig =

     1


tol =

     []


kest =

    11

Trimming ...
Sparse SVD ...
Iteration	Fit Error
0		2.729327e+00

sig =

     1


ell =

     1


tol =

     []


kest =

    11

Trimming ...
Sparse SVD ...
Iteration	Fit Error
0		2.732183e+00

sig =

     1


ell =

     1


ell =

     1


niter =

     []


niter =

     []


niter =

     []


tol =

     []


kest =

    11

Trimming ...
Sparse SVD ...
Iteration	Fit Error
0		2.823340e+00

sig =

     1


niter =

     []


ell =

     1


tol =

     []


kest =

    11

Trimming ...
Sparse SVD ...
Iteration	Fit Error
0		2.822823e+00

sig =

     1


tol =

     []


kest =

    11

Trimming ...
Sparse SVD ...
Iteration	Fit Error
0		2.841266e+00

sig =

     1


tol =

     []


kest =

    11

Trimming ...
Sparse SVD ...
Iteration	Fit Error
0		2.821454e+00

sig =

     1


ell =

     1


niter =

     []


tol =

     []


kest =

    11

Trimming ...
Sparse SVD ...
Iteration	Fit Error
0		2.814983e+00

sig =

     1


ell =

     1


ell =

     1


ell =

     1


niter =

     []


tol =

     []


kest =

    11

Trimming ...
Sparse SVD ...
Iteration	Fit Error
0		2.821903e+00

sig =

     1


niter =

     []


niter =

     []


tol =

     []


kest =

    11

Trimming ...
Sparse SVD ...
Iteration	Fit Error
0		2.826976e+00

sig =

     1


niter =

     []


ell =

     1


niter =

     []


tol =

     []


kest =

    11

Trimming ...
Sparse SVD ...
Iteration	Fit Error
0		2.819003e+00

sig =

     1


ell =

     1


tol =

     []


kest =

    11

Trimming ...
Sparse SVD ...
Iteration	Fit Error
0		2.821237e+00

sig =

     1


ell =

     1


ell =

     1


tol =

     []


kest =

    11

Trimming ...
Sparse SVD ...
Iteration	Fit Error
0		2.820215e+00

sig =

     1


ell =

     1


niter =

     []


niter =

     []


niter =

     []


tol =

     []


kest =

    11

Trimming ...
Sparse SVD ...
Iteration	Fit Error
0		2.882256e+00

sig =

     1


niter =

     []


ell =

     1


tol =

     []


kest =

    11

Trimming ...
Sparse SVD ...
Iteration	Fit Error
0		2.874556e+00

sig =

     1


tol =

     []


kest =

    11

Trimming ...
Sparse SVD ...
Iteration	Fit Error
0		2.896695e+00

sig =

     1


tol =

     []


kest =

    11

Trimming ...
Sparse SVD ...
Iteration	Fit Error
0		2.880928e+00

sig =

     1


ell =

     1


ell =

     1


tol =

     []


kest =

    11

Trimming ...
Sparse SVD ...
Iteration	Fit Error
0		2.880263e+00

sig =

     1


ell =

     1


niter =

     []


ell =

     1


niter =

     []


niter =

     []


niter =

     []


niter =

     []


tol =

     []


kest =

    11

Trimming ...
Sparse SVD ...
Iteration	Fit Error
0		2.880808e+00

sig =

     1


niter =

     []


ell =

     1


tol =

     []


kest =

    11

Trimming ...
Sparse SVD ...
Iteration	Fit Error
0		2.880458e+00

sig =

     1


tol =

     []


kest =

    11

Trimming ...
Sparse SVD ...
Iteration	Fit Error
0		2.883716e+00

sig =

     1


ell =

     1


tol =

     []


kest =

    11

Trimming ...
Sparse SVD ...
Iteration	Fit Error
0		2.881179e+00

sig =

     1


ell =

     1


ell =

     1


tol =

     []


kest =

    11

Trimming ...
Sparse SVD ...
Iteration	Fit Error
0		2.879187e+00

sig =

     1


ell =

     1


niter =

     []


niter =

     []


tol =

     []


kest =

    11

Trimming ...
Sparse SVD ...
Iteration	Fit Error
0		2.918591e+00

sig =

     1


niter =

     []


tol =

     []


kest =

    11

Trimming ...
Sparse SVD ...
Iteration	Fit Error
0		2.929007e+00

sig =

     1


tol =

     []


kest =

    11

Trimming ...
Sparse SVD ...
Iteration	Fit Error
0		2.915214e+00

sig =

     1


niter =

     []


ell =

     1


tol =

     []


kest =

    11

Trimming ...
Sparse SVD ...
Iteration	Fit Error
0		2.916597e+00

sig =

     1


niter =

     []


tol =

     []


kest =

    11

Trimming ...
Sparse SVD ...
Iteration	Fit Error
0		2.911957e+00

sig =

     1


ell =

     1


ell =

     1


ell =

     1


ell =

     1


niter =

     []


niter =

     []


niter =

     []


niter =

     []


niter =

     []


tol =

     []


kest =

    11

Trimming ...
Sparse SVD ...
Iteration	Fit Error
0		2.916533e+00

sig =

     1


tol =

     []


kest =

    11

Trimming ...
Sparse SVD ...
Iteration	Fit Error
0		2.918825e+00

sig =

     1


ell =

     1


tol =

     []


kest =

    11

Trimming ...
Sparse SVD ...
Iteration	Fit Error
0		2.918397e+00

sig =

     1


ell =

     1


tol =

     []


kest =

    11

Trimming ...
Sparse SVD ...
Iteration	Fit Error
0		2.917967e+00

sig =

     1


ell =

     1


tol =

     []


kest =

    11

Trimming ...
Sparse SVD ...
Iteration	Fit Error
0		2.915750e+00

sig =

     1


ell =

     1


ell =

     1


niter =

     []


tol =

     []


kest =

    11

Trimming ...
Sparse SVD ...
Iteration	Fit Error
0		2.944490e+00

sig =

     1


niter =

     []


niter =

     []


tol =

     []


kest =

    11

Trimming ...
Sparse SVD ...
Iteration	Fit Error
0		2.937008e+00

sig =

     1


niter =

     []


tol =

     []


kest =

    11

Trimming ...
Sparse SVD ...
Iteration	Fit Error
0		2.933041e+00

sig =

     1


ell =

     1


tol =

     []


kest =

    11

Trimming ...
Sparse SVD ...
Iteration	Fit Error
0		2.933845e+00

sig =

     1


ell =

     1


ell =

     1


ell =

     1


niter =

     []


tol =

     []


kest =

    11

Trimming ...
Sparse SVD ...
Iteration	Fit Error
0		2.937345e+00

sig =

     1


ell =

     1


niter =

     []


niter =

     []


niter =

     []


niter =

     []


niter =

     []


tol =

     []


kest =

    11

Trimming ...
Sparse SVD ...
Iteration	Fit Error
0		2.936443e+00

sig =

     1


tol =

     []


kest =

    11

Trimming ...
Sparse SVD ...
Iteration	Fit Error
0		2.938113e+00

sig =

     1


ell =

     1


tol =

     []


kest =

    11

Trimming ...
Sparse SVD ...
Iteration	Fit Error
0		2.938345e+00

sig =

     1


tol =

     []


kest =

    11

Trimming ...
Sparse SVD ...
Iteration	Fit Error
0		2.935018e+00

sig =

     1


ell =

     1


ell =

     1


ell =

     1


tol =

     []


kest =

    11

Trimming ...
Sparse SVD ...
Iteration	Fit Error
0		2.936985e+00

sig =

     1


ell =

     1


niter =

     []


niter =

     []


niter =

     []


tol =

     []


kest =

    11

Trimming ...
Sparse SVD ...
Iteration	Fit Error
0		2.944781e+00
Run: 
     7 


niter =

     []


tol =

     []


kest =

    11

Trimming ...
Sparse SVD ...
Iteration	Fit Error
0		2.950628e+00
Run: 
     16 


tol =

     []


kest =

    11

Trimming ...
Sparse SVD ...
Iteration	Fit Error
0		2.941695e+00

tol =

     []


kest =

    11

Trimming ...
Sparse SVD ...
Iteration	Fit Error
0		2.943504e+00

chk0 =

   6.7525e-16


sig =

     1


ell =

     1


chk0 =

   6.8152e-16


sig =

     1


ell =

     1


niter =

     []


tol =

     []


kest =

    11

Trimming ...
Sparse SVD ...
Iteration	Fit Error
0		2.947246e+00
Run: 
     19 

Run: 
     29 


chk0 =

   6.7020e-16


sig =

     1


ell =

     1

Run: 
     31 


chk0 =

   8.9472e-16


sig =

     1


ell =

     1


chk0 =

   8.9213e-16


sig =

     1


ell =

     1


niter =

     []


niter =

     []


niter =

     []


niter =

     []


tol =

     []


kest =

    11

Trimming ...
Sparse SVD ...
Iteration	Fit Error
0		2.946664e+00
Run: 
     10 


tol =

     []


kest =

    11

Trimming ...
Sparse SVD ...
Iteration	Fit Error
0		2.947599e+00
Run: 
     1 


chk0 =

   1.1121e-15


sig =

     1


ell =

     1


tol =

     []


kest =

    11

Trimming ...
Sparse SVD ...
Iteration	Fit Error
0		2.947257e+00
Run: 
     13 


tol =

     []


kest =

    11

Trimming ...
Sparse SVD ...
Iteration	Fit Error
0		2.944845e+00
Run: 
     4 


chk0 =

   8.9084e-16


sig =

     1


ell =

     1


chk0 =

   8.8996e-16


sig =

     1


ell =

     1


tol =

     []


kest =

    11

Trimming ...
Sparse SVD ...
Iteration	Fit Error
0		2.946009e+00

niter =

     []


chk0 =

   1.6662e-15


sig =

     1


ell =

     1

Run: 
     32 


chk0 =

   1.3416e-15


sig =

     1


ell =

     1


niter =

     []


tol =

     []


kest =

    11

Trimming ...
Sparse SVD ...
Iteration	Fit Error
0		2.050884e+00

sig =

     1


niter =

     []


tol =

     []


kest =

    11

Trimming ...
Sparse SVD ...
Iteration	Fit Error
0		2.043958e+00

sig =

     1


tol =

     []


kest =

    11

Trimming ...
Sparse SVD ...
Iteration	Fit Error
0		2.021871e+00

sig =

     1


ell =

     1


niter =

     []


niter =

     []


ell =

     1


ell =

     1


tol =

     []


kest =

    11

Trimming ...
Sparse SVD ...
Iteration	Fit Error
0		2.046894e+00

sig =

     1


niter =

     []


ell =

     1


tol =

     []


kest =

    11

Trimming ...
Sparse SVD ...
Iteration	Fit Error
0		2.037581e+00

sig =

     1


niter =

     []


ell =

     1


niter =

     []


niter =

     []


niter =

     []


tol =

     []


kest =

    11

Trimming ...
Sparse SVD ...
Iteration	Fit Error
0		2.053142e+00

sig =

     1


ell =

     1


tol =

     []


kest =

    11

Trimming ...
Sparse SVD ...
Iteration	Fit Error
0		2.023117e+00

sig =

     1


tol =

     []


kest =

    11

Trimming ...
Sparse SVD ...
Iteration	Fit Error
0		2.053294e+00

sig =

     1


ell =

     1


ell =

     1


niter =

     []


tol =

     []


kest =

    11

Trimming ...
Sparse SVD ...
Iteration	Fit Error
0		2.052658e+00

sig =

     1


tol =

     []


kest =

    11

Trimming ...
Sparse SVD ...
Iteration	Fit Error
0		2.040475e+00

sig =

     1


ell =

     1


niter =

     []


ell =

     1


niter =

     []


niter =

     []


tol =

     []


kest =

    11

Trimming ...
Sparse SVD ...
Iteration	Fit Error
0		2.260525e+00

sig =

     1


tol =

     []


kest =

    11

Trimming ...
Sparse SVD ...
Iteration	Fit Error
0		2.239173e+00

sig =

     1


ell =

     1


ell =

     1


tol =

     []


kest =

    11

Trimming ...
Sparse SVD ...
Iteration	Fit Error
0		2.264449e+00

sig =

     1


tol =

     []


kest =

    11

Trimming ...
Sparse SVD ...
Iteration	Fit Error
0		2.263424e+00

sig =

     1


niter =

     []


ell =

     1


niter =

     []


ell =

     1


niter =

     []


tol =

     []


kest =

    11

Trimming ...
Sparse SVD ...
Iteration	Fit Error
0		2.252313e+00

sig =

     1


ell =

     1


tol =

     []


kest =

    11

Trimming ...
Sparse SVD ...
Iteration	Fit Error
0		2.268637e+00

sig =

     1


niter =

     []


tol =

     []


kest =

    11

Trimming ...
Sparse SVD ...
Iteration	Fit Error
0		2.264852e+00

sig =

     1


ell =

     1


ell =

     1


niter =

     []


niter =

     []


niter =

     []


tol =

     []


kest =

    11

Trimming ...
Sparse SVD ...
Iteration	Fit Error
0		2.239391e+00

sig =

     1


ell =

     1


tol =

     []


kest =

    11

Trimming ...
Sparse SVD ...
Iteration	Fit Error
0		2.268509e+00

sig =

     1


ell =

     1


tol =

     []


kest =

    11

Trimming ...
Sparse SVD ...
Iteration	Fit Error
0		2.434763e+00

sig =

     1


tol =

     []


kest =

    11

Trimming ...
Sparse SVD ...
Iteration	Fit Error
0		2.256551e+00

sig =

     1


niter =

     []


niter =

     []


ell =

     1


ell =

     1


niter =

     []


niter =

     []


tol =

     []


kest =

    11

Trimming ...
Sparse SVD ...
Iteration	Fit Error
0		2.451976e+00

sig =

     1


ell =

     1


tol =

     []


kest =

    11

Trimming ...
Sparse SVD ...
Iteration	Fit Error
0		2.457234e+00

sig =

     1


tol =

     []


kest =

    11

Trimming ...
Sparse SVD ...
Iteration	Fit Error
0		2.445036e+00

sig =

     1


niter =

     []


tol =

     []


kest =

    11

Trimming ...
Sparse SVD ...
Iteration	Fit Error
0		2.454773e+00

sig =

     1


ell =

     1


ell =

     1


ell =

     1


niter =

     []


niter =

     []


niter =

     []


tol =

     []


kest =

    11

Trimming ...
Sparse SVD ...
Iteration	Fit Error
0		2.460986e+00

sig =

     1


tol =

     []


kest =

    11

Trimming ...
Sparse SVD ...
Iteration	Fit Error
0		2.457747e+00

sig =

     1


tol =

     []


kest =

    11

Trimming ...
Sparse SVD ...
Iteration	Fit Error
0		2.460680e+00

sig =

     1


ell =

     1


tol =

     []


kest =

    11

Trimming ...
Sparse SVD ...
Iteration	Fit Error
0		2.435057e+00

sig =

     1


ell =

     1


niter =

     []


ell =

     1


niter =

     []


ell =

     1


tol =

     []


kest =

    11

Trimming ...
Sparse SVD ...
Iteration	Fit Error
0		2.599966e+00

sig =

     1


niter =

     []


ell =

     1


niter =

     []


niter =

     []


tol =

     []


kest =

    11

Trimming ...
Sparse SVD ...
Iteration	Fit Error
0		2.447010e+00

sig =

     1


niter =

     []


ell =

     1


tol =

     []


kest =

    11

Trimming ...
Sparse SVD ...
Iteration	Fit Error
0		2.618285e+00

sig =

     1


tol =

     []


kest =

    11

Trimming ...
Sparse SVD ...
Iteration	Fit Error
0		2.612518e+00

sig =

     1


niter =

     []


ell =

     1


ell =

     1


tol =

     []


kest =

    11

Trimming ...
Sparse SVD ...
Iteration	Fit Error
0		2.607561e+00

sig =

     1


tol =

     []


kest =

    11

Trimming ...
Sparse SVD ...
Iteration	Fit Error
0		2.613545e+00

sig =

     1


ell =

     1


ell =

     1


niter =

     []


tol =

     []


kest =

    11

Trimming ...
Sparse SVD ...
Iteration	Fit Error
0		2.620275e+00

sig =

     1


tol =

     []


kest =

    11

Trimming ...
Sparse SVD ...
Iteration	Fit Error
0		2.619270e+00

sig =

     1


ell =

     1


niter =

     []


tol =

     []


kest =

    11

Trimming ...
Sparse SVD ...
Iteration	Fit Error
0		2.617586e+00

sig =

     1


niter =

     []


ell =

     1


tol =

     []


kest =

    11

Trimming ...
Sparse SVD ...
Iteration	Fit Error
0		2.727351e+00

sig =

     1


ell =

     1


niter =

     []


ell =

     1


tol =

     []


kest =

    11

Trimming ...
Sparse SVD ...
Iteration	Fit Error
0		2.598488e+00

sig =

     1


niter =

     []


niter =

     []


niter =

     []


ell =

     1


niter =

     []


niter =

     []


tol =

     []


kest =

    11

Trimming ...
Sparse SVD ...
Iteration	Fit Error
0		2.607664e+00

sig =

     1


niter =

     []


ell =

     1


tol =

     []


kest =

    11

Trimming ...
Sparse SVD ...
Iteration	Fit Error
0		2.736094e+00

sig =

     1


tol =

     []


kest =

    11

Trimming ...
Sparse SVD ...
Iteration	Fit Error
0		2.742035e+00

sig =

     1


ell =

     1


ell =

     1


tol =

     []


kest =

    11

Trimming ...
Sparse SVD ...
Iteration	Fit Error
0		2.740256e+00

sig =

     1


tol =

     []


kest =

    11

Trimming ...
Sparse SVD ...
Iteration	Fit Error
0		2.730460e+00

sig =

     1


tol =

     []


kest =

    11

Trimming ...
Sparse SVD ...
Iteration	Fit Error
0		2.741471e+00

sig =

     1


ell =

     1


niter =

     []


tol =

     []


kest =

    11

Trimming ...
Sparse SVD ...
Iteration	Fit Error
0		2.736732e+00

sig =

     1


niter =

     []


ell =

     1


ell =

     1


ell =

     1


tol =

     []


kest =

    11

Trimming ...
Sparse SVD ...
Iteration	Fit Error
0		2.741332e+00

sig =

     1


niter =

     []


tol =

     []


kest =

    11

Trimming ...
Sparse SVD ...
Iteration	Fit Error
0		2.818212e+00

sig =

     1


ell =

     1


niter =

     []


ell =

     1


tol =

     []


kest =

    11

Trimming ...
Sparse SVD ...
Iteration	Fit Error
0		2.723550e+00

sig =

     1


niter =

     []


ell =

     1


niter =

     []


niter =

     []


niter =

     []


tol =

     []


kest =

    11

Trimming ...
Sparse SVD ...
Iteration	Fit Error
0		2.825618e+00

sig =

     1


tol =

     []


kest =

    11

Trimming ...
Sparse SVD ...
Iteration	Fit Error
0		2.733023e+00

sig =

     1


ell =

     1


niter =

     []


niter =

     []


ell =

     1


tol =

     []


kest =

    11

Trimming ...
Sparse SVD ...
Iteration	Fit Error
0		2.826281e+00

sig =

     1


niter =

     []


tol =

     []


kest =

    11

Trimming ...
Sparse SVD ...
Iteration	Fit Error
0		2.831395e+00

sig =

     1


ell =

     1


ell =

     1


tol =

     []


kest =

    11

Trimming ...
Sparse SVD ...
Iteration	Fit Error
0		2.819696e+00

sig =

     1


ell =

     1


tol =

     []


kest =

    11

Trimming ...
Sparse SVD ...
Iteration	Fit Error
0		2.826368e+00

sig =

     1


tol =

     []


kest =

    11

Trimming ...
Sparse SVD ...
Iteration	Fit Error
0		2.825509e+00

sig =

     1


ell =

     1


ell =

     1


niter =

     []


tol =

     []


kest =

    11

Trimming ...
Sparse SVD ...
Iteration	Fit Error
0		2.828855e+00

sig =

     1


niter =

     []


tol =

     []


kest =

    11

Trimming ...
Sparse SVD ...
Iteration	Fit Error
0		2.877513e+00

sig =

     1


ell =

     1


niter =

     []


ell =

     1


tol =

     []


kest =

    11

Trimming ...
Sparse SVD ...
Iteration	Fit Error
0		2.814867e+00

sig =

     1


niter =

     []


ell =

     1


niter =

     []


tol =

     []


kest =

    11

Trimming ...
Sparse SVD ...
Iteration	Fit Error
0		2.885684e+00

sig =

     1


ell =

     1


niter =

     []


niter =

     []


niter =

     []


niter =

     []


tol =

     []


kest =

    11

Trimming ...
Sparse SVD ...
Iteration	Fit Error
0		2.821803e+00

sig =

     1


ell =

     1


tol =

     []


kest =

    11

Trimming ...
Sparse SVD ...
Iteration	Fit Error
0		2.883392e+00

sig =

     1


niter =

     []


tol =

     []


kest =

    11

Trimming ...
Sparse SVD ...
Iteration	Fit Error
0		2.890712e+00

sig =

     1


ell =

     1


ell =

     1


tol =

     []


kest =

    11

Trimming ...
Sparse SVD ...
Iteration	Fit Error
0		2.879693e+00

sig =

     1


ell =

     1


tol =

     []


kest =

    11

Trimming ...
Sparse SVD ...
Iteration	Fit Error
0		2.882799e+00

sig =

     1


ell =

     1


tol =

     []


kest =

    11

Trimming ...
Sparse SVD ...
Iteration	Fit Error
0		2.882993e+00

sig =

     1


tol =

     []


kest =

    11

Trimming ...
Sparse SVD ...
Iteration	Fit Error
0		2.888197e+00

sig =

     1


niter =

     []


ell =

     1


tol =

     []


kest =

    11

Trimming ...
Sparse SVD ...
Iteration	Fit Error
0		2.875555e+00

sig =

     1


niter =

     []


ell =

     1


tol =

     []


kest =

    11

Trimming ...
Sparse SVD ...
Iteration	Fit Error
0		2.911617e+00

sig =

     1


ell =

     1


niter =

     []


niter =

     []


ell =

     1


niter =

     []


niter =

     []


niter =

     []


tol =

     []


kest =

    11

Trimming ...
Sparse SVD ...
Iteration	Fit Error
0		2.921633e+00

sig =

     1


niter =

     []


ell =

     1


niter =

     []


tol =

     []


kest =

    11

Trimming ...
Sparse SVD ...
Iteration	Fit Error
0		2.917962e+00

sig =

     1


tol =

     []


kest =

    11

Trimming ...
Sparse SVD ...
Iteration	Fit Error
0		2.881433e+00

sig =

     1


ell =

     1


niter =

     []


ell =

     1


tol =

     []


kest =

    11

Trimming ...
Sparse SVD ...
Iteration	Fit Error
0		2.923890e+00

sig =

     1


tol =

     []


kest =

    11

Trimming ...
Sparse SVD ...
Iteration	Fit Error
0		2.917619e+00

sig =

     1


tol =

     []


kest =

    11

Trimming ...
Sparse SVD ...
Iteration	Fit Error
0		2.918200e+00

sig =

     1


tol =

     []


kest =

    11

Trimming ...
Sparse SVD ...
Iteration	Fit Error
0		2.913965e+00

sig =

     1


ell =

     1


ell =

     1


ell =

     1


ell =

     1


niter =

     []


tol =

     []


kest =

    11

Trimming ...
Sparse SVD ...
Iteration	Fit Error
0		2.913281e+00

sig =

     1


tol =

     []


kest =

    11

Trimming ...
Sparse SVD ...
Iteration	Fit Error
0		2.925126e+00

sig =

     1


niter =

     []


ell =

     1


ell =

     1


niter =

     []


tol =

     []


kest =

    11

Trimming ...
Sparse SVD ...
Iteration	Fit Error
0		2.930842e+00

sig =

     1


niter =

     []


niter =

     []


niter =

     []


niter =

     []


ell =

     1


niter =

     []


tol =

     []


kest =

    11

Trimming ...
Sparse SVD ...
Iteration	Fit Error
0		2.939585e+00

sig =

     1


ell =

     1


tol =

     []


kest =

    11

Trimming ...
Sparse SVD ...
Iteration	Fit Error
0		2.937076e+00

sig =

     1


niter =

     []


tol =

     []


kest =

    11

Trimming ...
Sparse SVD ...
Iteration	Fit Error
0		2.936760e+00

sig =

     1


ell =

     1


niter =

     []


ell =

     1


tol =

     []


kest =

    11

Trimming ...
Sparse SVD ...
Iteration	Fit Error
0		2.918026e+00

sig =

     1


niter =

     []


tol =

     []


kest =

    11

Trimming ...
Sparse SVD ...
Iteration	Fit Error
0		2.935995e+00

sig =

     1


tol =

     []


kest =

    11

Trimming ...
Sparse SVD ...
Iteration	Fit Error
0		2.933862e+00

sig =

     1


ell =

     1


tol =

     []


kest =

    11

Trimming ...
Sparse SVD ...
Iteration	Fit Error
0		2.941400e+00

sig =

     1


tol =

     []


kest =

    11

Trimming ...
Sparse SVD ...
Iteration	Fit Error
0		2.932650e+00

sig =

     1


ell =

     1


ell =

     1


ell =

     1


ell =

     1


tol =

     []


kest =

    11

Trimming ...
Sparse SVD ...
Iteration	Fit Error
0		2.943798e+00

sig =

     1


niter =

     []


niter =

     []


ell =

     1


niter =

     []


niter =

     []


tol =

     []


kest =

    11

Trimming ...
Sparse SVD ...
Iteration	Fit Error
0		2.941020e+00

niter =

     []


niter =

     []


tol =

     []


kest =

    11

Trimming ...
Sparse SVD ...
Iteration	Fit Error
0		2.946991e+00
Run: 
     28 

Run: 
     33 


chk0 =

   1.5579e-15


sig =

     1


ell =

     1


niter =

     []


tol =

     []


kest =

    11

Trimming ...
Sparse SVD ...
Iteration	Fit Error
0		2.946632e+00

chk0 =

   9.0830e-16


sig =

     1


ell =

     1

Run: 
     34 


chk0 =

   1.3353e-15


sig =

     1


ell =

     1


tol =

     []


kest =

    11

Trimming ...
Sparse SVD ...
Iteration	Fit Error
0		2.941245e+00

tol =

     []


kest =

    11

Trimming ...
Sparse SVD ...
Iteration	Fit Error
0		2.944978e+00

tol =

     []


kest =

    11

Trimming ...
Sparse SVD ...
Iteration	Fit Error
0		2.948497e+00
Run: 
     35 


chk0 =

   7.8198e-16


sig =

     1


ell =

     1

Run: 
     36 


chk0 =

   1.3332e-15


sig =

     1


ell =

     1


niter =

     []


tol =

     []


kest =

    11

Trimming ...
Sparse SVD ...
Iteration	Fit Error
0		2.943918e+00

tol =

     []


kest =

    11

Trimming ...
Sparse SVD ...
Iteration	Fit Error
0		2.938186e+00

sig =

     1

Run: 
     37 


chk0 =

   1.1140e-15


sig =

     1


ell =

     1


niter =

     []


tol =

     []


kest =

    11

Trimming ...
Sparse SVD ...
Iteration	Fit Error
0		2.944293e+00
Run: 
     30 


ell =

     1


niter =

     []


chk0 =

   6.8199e-16


sig =

     1


ell =

     1

Run: 
     38 


chk0 =

   1.1128e-15


sig =

     1


ell =

     1


tol =

     []


kest =

    11

Trimming ...
Sparse SVD ...
Iteration	Fit Error
0		2.952244e+00

niter =

     []

Run: 
     39 


chk0 =

   1.1114e-15


sig =

     1


ell =

     1


niter =

     []


niter =

     []


niter =

     []


niter =

     []


niter =

     []


tol =

     []


kest =

    11

Trimming ...
Sparse SVD ...
Iteration	Fit Error
0		2.023636e+00

sig =

     1


niter =

     []


tol =

     []


kest =

    11

Trimming ...
Sparse SVD ...
Iteration	Fit Error
0		2.008013e+00

sig =

     1


ell =

     1


tol =

     []


kest =

    11

Trimming ...
Sparse SVD ...
Iteration	Fit Error
0		2.017153e+00

sig =

     1


ell =

     1


ell =

     1


tol =

     []


kest =

    11

Trimming ...
Sparse SVD ...
Iteration	Fit Error
0		2.027569e+00

sig =

     1


niter =

     []


ell =

     1


niter =

     []


tol =

     []


kest =

    11

Trimming ...
Sparse SVD ...
Iteration	Fit Error
0		2.060301e+00

sig =

     1


tol =

     []


kest =

    11

Trimming ...
Sparse SVD ...
Iteration	Fit Error
0		2.946222e+00

tol =

     []


kest =

    11

Trimming ...
Sparse SVD ...
Iteration	Fit Error
0		2.008901e+00

sig =

     1


tol =

     []


kest =

    11

Trimming ...
Sparse SVD ...
Iteration	Fit Error
0		2.020527e+00

sig =

     1


tol =

     []


kest =

    11

Trimming ...
Sparse SVD ...
Iteration	Fit Error
0		2.019651e+00

sig =

     1


ell =

     1


ell =

     1


ell =

     1


niter =

     []


ell =

     1

Run: 
     40 


chk0 =

   6.7293e-16


sig =

     1


ell =

     1


tol =

     []


kest =

    11

Trimming ...
Sparse SVD ...
Iteration	Fit Error
0		2.046853e+00

sig =

     1


ell =

     1


niter =

     []


niter =

     []


tol =

     []


kest =

    11

Trimming ...
Sparse SVD ...
Iteration	Fit Error
0		2.242285e+00

sig =

     1


niter =

     []


niter =

     []


niter =

     []


niter =

     []


tol =

     []


kest =

    11

Trimming ...
Sparse SVD ...
Iteration	Fit Error
0		2.233034e+00

sig =

     1


ell =

     1


ell =

     1


tol =

     []


kest =

    11

Trimming ...
Sparse SVD ...
Iteration	Fit Error
0		2.226190e+00

sig =

     1


niter =

     []


niter =

     []


niter =

     []


ell =

     1


tol =

     []


kest =

    11

Trimming ...
Sparse SVD ...
Iteration	Fit Error
0		2.243478e+00

sig =

     1


ell =

     1


tol =

     []


kest =

    11

Trimming ...
Sparse SVD ...
Iteration	Fit Error
0		2.225437e+00

sig =

     1


tol =

     []


kest =

    11

Trimming ...
Sparse SVD ...
Iteration	Fit Error
0		2.274953e+00

sig =

     1


tol =

     []


kest =

    11

Trimming ...
Sparse SVD ...
Iteration	Fit Error
0		2.042279e+00

sig =

     1


ell =

     1


tol =

     []


kest =

    11

Trimming ...
Sparse SVD ...
Iteration	Fit Error
0		2.234501e+00

sig =

     1


tol =

     []


kest =

    11

Trimming ...
Sparse SVD ...
Iteration	Fit Error
0		2.235863e+00

sig =

     1


ell =

     1


ell =

     1


ell =

     1


niter =

     []


ell =

     1


niter =

     []


tol =

     []


kest =

    11

Trimming ...
Sparse SVD ...
Iteration	Fit Error
0		2.438414e+00

sig =

     1


niter =

     []


tol =

     []


kest =

    11

Trimming ...
Sparse SVD ...
Iteration	Fit Error
0		2.258328e+00

sig =

     1


tol =

     []


kest =

    11

Trimming ...
Sparse SVD ...
Iteration	Fit Error
0		2.428865e+00

sig =

     1


ell =

     1


niter =

     []


ell =

     1


niter =

     []


ell =

     1


niter =

     []


niter =

     []


niter =

     []


niter =

     []


niter =

     []


tol =

     []


kest =

    11

Trimming ...
Sparse SVD ...
Iteration	Fit Error
0		2.425098e+00

sig =

     1


tol =

     []


kest =

    11

Trimming ...
Sparse SVD ...
Iteration	Fit Error
0		2.438382e+00

sig =

     1


ell =

     1


ell =

     1


tol =

     []


kest =

    11

Trimming ...
Sparse SVD ...
Iteration	Fit Error
0		2.255834e+00

sig =

     1


tol =

     []


kest =

    11

Trimming ...
Sparse SVD ...
Iteration	Fit Error
0		2.432887e+00

sig =

     1


ell =

     1


tol =

     []


kest =

    11

Trimming ...
Sparse SVD ...
Iteration	Fit Error
0		2.420130e+00

sig =

     1


ell =

     1


tol =

     []


kest =

    11

Trimming ...
Sparse SVD ...
Iteration	Fit Error
0		2.468325e+00

sig =

     1


ell =

     1


niter =

     []


ell =

     1


tol =

     []


kest =

    11

Trimming ...
Sparse SVD ...
Iteration	Fit Error
0		2.430709e+00

sig =

     1


niter =

     []


tol =

     []


kest =

    11

Trimming ...
Sparse SVD ...
Iteration	Fit Error
0		2.450053e+00

sig =

     1


ell =

     1


tol =

     []


kest =

    11

Trimming ...
Sparse SVD ...
Iteration	Fit Error
0		2.597282e+00

sig =

     1


niter =

     []


niter =

     []


ell =

     1


ell =

     1


tol =

     []


kest =

    11

Trimming ...
Sparse SVD ...
Iteration	Fit Error
0		2.593321e+00

sig =

     1


niter =

     []


ell =

     1


niter =

     []


niter =

     []


niter =

     []


niter =

     []


tol =

     []


kest =

    11

Trimming ...
Sparse SVD ...
Iteration	Fit Error
0		2.592635e+00

sig =

     1


niter =

     []


tol =

     []


kest =

    11

Trimming ...
Sparse SVD ...
Iteration	Fit Error
0		2.601594e+00

sig =

     1


ell =

     1


ell =

     1


tol =

     []


kest =

    11

Trimming ...
Sparse SVD ...
Iteration	Fit Error
0		2.599002e+00

sig =

     1


tol =

     []


kest =

    11

Trimming ...
Sparse SVD ...
Iteration	Fit Error
0		2.448830e+00

sig =

     1


ell =

     1


ell =

     1


tol =

     []


kest =

    11

Trimming ...
Sparse SVD ...
Iteration	Fit Error
0		2.586174e+00

sig =

     1


niter =

     []


tol =

     []


kest =

    11

Trimming ...
Sparse SVD ...
Iteration	Fit Error
0		2.628864e+00

sig =

     1


ell =

     1


niter =

     []


ell =

     1


tol =

     []


kest =

    11

Trimming ...
Sparse SVD ...
Iteration	Fit Error
0		2.594563e+00

sig =

     1


ell =

     1


niter =

     []


tol =

     []


kest =

    11

Trimming ...
Sparse SVD ...
Iteration	Fit Error
0		2.610036e+00

sig =

     1


tol =

     []


kest =

    11

Trimming ...
Sparse SVD ...
Iteration	Fit Error
0		2.722835e+00

sig =

     1


niter =

     []


ell =

     1


tol =

     []


kest =

    11

Trimming ...
Sparse SVD ...
Iteration	Fit Error
0		2.720468e+00

sig =

     1


ell =

     1


niter =

     []


niter =

     []


niter =

     []


ell =

     1


tol =

     []


kest =

    11

Trimming ...
Sparse SVD ...
Iteration	Fit Error
0		2.728624e+00

sig =

     1


niter =

     []


ell =

     1


tol =

     []


kest =

    11

Trimming ...
Sparse SVD ...
Iteration	Fit Error
0		2.724434e+00

sig =

     1


niter =

     []


niter =

     []


ell =

     1


tol =

     []


kest =

    11

Trimming ...
Sparse SVD ...
Iteration	Fit Error
0		2.750779e+00

sig =

     1


tol =

     []


kest =

    11

Trimming ...
Sparse SVD ...
Iteration	Fit Error
0		2.610016e+00

sig =

     1


tol =

     []


kest =

    11

Trimming ...
Sparse SVD ...
Iteration	Fit Error
0		2.725316e+00

sig =

     1


ell =

     1


ell =

     1


tol =

     []


kest =

    11

Trimming ...
Sparse SVD ...
Iteration	Fit Error
0		2.716942e+00

sig =

     1


tol =

     []


kest =

    11

Trimming ...
Sparse SVD ...
Iteration	Fit Error
0		2.722298e+00

sig =

     1


niter =

     []


ell =

     1


ell =

     1


ell =

     1


niter =

     []


niter =

     []


niter =

     []


niter =

     []


tol =

     []


kest =

    11

Trimming ...
Sparse SVD ...
Iteration	Fit Error
0		2.730454e+00

sig =

     1


tol =

     []


kest =

    11

Trimming ...
Sparse SVD ...
Iteration	Fit Error
0		2.814883e+00

sig =

     1


ell =

     1


tol =

     []


kest =

    11

Trimming ...
Sparse SVD ...
Iteration	Fit Error
0		2.810898e+00

sig =

     1


ell =

     1


niter =

     []


niter =

     []


ell =

     1


niter =

     []


tol =

     []


kest =

    11

Trimming ...
Sparse SVD ...
Iteration	Fit Error
0		2.818460e+00

sig =

     1


ell =

     1


tol =

     []


kest =

    11

Trimming ...
Sparse SVD ...
Iteration	Fit Error
0		2.734873e+00

sig =

     1


niter =

     []


tol =

     []


kest =

    11

Trimming ...
Sparse SVD ...
Iteration	Fit Error
0		2.819139e+00

sig =

     1


niter =

     []


tol =

     []


kest =

    11

Trimming ...
Sparse SVD ...
Iteration	Fit Error
0		2.836129e+00

sig =

     1


tol =

     []


kest =

    11

Trimming ...
Sparse SVD ...
Iteration	Fit Error
0		2.811573e+00

sig =

     1


ell =

     1


ell =

     1


ell =

     1


ell =

     1


tol =

     []


kest =

    11

Trimming ...
Sparse SVD ...
Iteration	Fit Error
0		2.819563e+00

sig =

     1


tol =

     []


kest =

    11

Trimming ...
Sparse SVD ...
Iteration	Fit Error
0		2.813812e+00

sig =

     1


niter =

     []


ell =

     1


niter =

     []


ell =

     1


niter =

     []


niter =

     []


tol =

     []


kest =

    11

Trimming ...
Sparse SVD ...
Iteration	Fit Error
0		2.821904e+00

sig =

     1


niter =

     []


niter =

     []


ell =

     1


tol =

     []


kest =

    11

Trimming ...
Sparse SVD ...
Iteration	Fit Error
0		2.872543e+00

sig =

     1


tol =

     []


kest =

    11

Trimming ...
Sparse SVD ...
Iteration	Fit Error
0		2.875260e+00

sig =

     1


niter =

     []


ell =

     1


ell =

     1


niter =

     []


tol =

     []


kest =

    11

Trimming ...
Sparse SVD ...
Iteration	Fit Error
0		2.877785e+00

sig =

     1


tol =

     []


kest =

    11

Trimming ...
Sparse SVD ...
Iteration	Fit Error
0		2.893255e+00

sig =

     1


ell =

     1


ell =

     1


niter =

     []


tol =

     []


kest =

    11

Trimming ...
Sparse SVD ...
Iteration	Fit Error
0		2.881509e+00

sig =

     1


niter =

     []


tol =

     []


kest =

    11

Trimming ...
Sparse SVD ...
Iteration	Fit Error
0		2.824623e+00

sig =

     1


tol =

     []


kest =

    11

Trimming ...
Sparse SVD ...
Iteration	Fit Error
0		2.874878e+00

sig =

     1


tol =

     []


kest =

    11

Trimming ...
Sparse SVD ...
Iteration	Fit Error
0		2.874798e+00

sig =

     1


ell =

     1


ell =

     1


ell =

     1


ell =

     1


niter =

     []


niter =

     []


tol =

     []


kest =

    11

Trimming ...
Sparse SVD ...
Iteration	Fit Error
0		2.881921e+00

sig =

     1


niter =

     []


niter =

     []


niter =

     []


ell =

     1


tol =

     []


kest =

    11

Trimming ...
Sparse SVD ...
Iteration	Fit Error
0		2.883866e+00

sig =

     1


niter =

     []


ell =

     1


tol =

     []


kest =

    11

Trimming ...
Sparse SVD ...
Iteration	Fit Error
0		2.910878e+00

sig =

     1


tol =

     []


kest =

    11

Trimming ...
Sparse SVD ...
Iteration	Fit Error
0		2.912269e+00

sig =

     1


ell =

     1


ell =

     1


niter =

     []


niter =

     []


niter =

     []


tol =

     []


kest =

    11

Trimming ...
Sparse SVD ...
Iteration	Fit Error
0		2.913107e+00

sig =

     1


tol =

     []


kest =

    11

Trimming ...
Sparse SVD ...
Iteration	Fit Error
0		2.914382e+00

sig =

     1


tol =

     []


kest =

    11

Trimming ...
Sparse SVD ...
Iteration	Fit Error
0		2.927362e+00

sig =

     1


tol =

     []


kest =

    11

Trimming ...
Sparse SVD ...
Iteration	Fit Error
0		2.883613e+00

sig =

     1


ell =

     1


ell =

     1


niter =

     []


tol =

     []


kest =

    11

Trimming ...
Sparse SVD ...
Iteration	Fit Error
0		2.918131e+00

sig =

     1


ell =

     1


ell =

     1


ell =

     1


tol =

     []


kest =

    11

Trimming ...
Sparse SVD ...
Iteration	Fit Error
0		2.910572e+00

sig =

     1


niter =

     []


ell =

     1


niter =

     []


niter =

     []


niter =

     []


tol =

     []


kest =

    11

Trimming ...
Sparse SVD ...
Iteration	Fit Error
0		2.919050e+00

sig =

     1


ell =

     1


niter =

     []


tol =

     []


kest =

    11

Trimming ...
Sparse SVD ...
Iteration	Fit Error
0		2.932523e+00

sig =

     1


tol =

     []


kest =

    11

Trimming ...
Sparse SVD ...
Iteration	Fit Error
0		2.921309e+00

sig =

     1


niter =

     []


ell =

     1


ell =

     1


tol =

     []


kest =

    11

Trimming ...
Sparse SVD ...
Iteration	Fit Error
0		2.932053e+00

sig =

     1


ell =

     1


tol =

     []


kest =

    11

Trimming ...
Sparse SVD ...
Iteration	Fit Error
0		2.936493e+00

sig =

     1


niter =

     []


ell =

     1


niter =

     []


niter =

     []


niter =

     []


tol =

     []


kest =

    11

Trimming ...
Sparse SVD ...
Iteration	Fit Error
0		2.943188e+00

sig =

     1


tol =

     []


kest =

    11

Trimming ...
Sparse SVD ...
Iteration	Fit Error
0		2.933671e+00

sig =

     1


tol =

     []


kest =

    11

Trimming ...
Sparse SVD ...
Iteration	Fit Error
0		2.934020e+00

sig =

     1


ell =

     1


ell =

     1


ell =

     1


tol =

     []


kest =

    11

Trimming ...
Sparse SVD ...
Iteration	Fit Error
0		2.917985e+00

sig =

     1


ell =

     1


tol =

     []


kest =

    11

Trimming ...
Sparse SVD ...
Iteration	Fit Error
0		2.931098e+00

sig =

     1


niter =

     []


niter =

     []


ell =

     1


niter =

     []


niter =

     []


tol =

     []


kest =

    11

Trimming ...
Sparse SVD ...
Iteration	Fit Error
0		2.938904e+00

sig =

     1


tol =

     []


kest =

    11

Trimming ...
Sparse SVD ...
Iteration	Fit Error
0		2.942308e+00

niter =

     []


ell =

     1


tol =

     []


kest =

    11

Trimming ...
Sparse SVD ...
Iteration	Fit Error
0		2.940974e+00

sig =

     1


tol =

     []


kest =

    11

Trimming ...
Sparse SVD ...
Iteration	Fit Error
0		2.943510e+00

ell =

     1


niter =

     []


niter =

     []


tol =

     []


kest =

    11

Trimming ...
Sparse SVD ...
Iteration	Fit Error
0		2.941158e+00

niter =

     []


tol =

     []


kest =

    11

Trimming ...
Sparse SVD ...
Iteration	Fit Error
0		2.948554e+00

tol =

     []


kest =

    11

Trimming ...
Sparse SVD ...
Iteration	Fit Error
0		2.944056e+00

tol =

     []


kest =

    11

Trimming ...
Sparse SVD ...
Iteration	Fit Error
0		2.944166e+00

tol =

     []


kest =

    11

Trimming ...
Sparse SVD ...
Iteration	Fit Error
0		2.935109e+00

sig =

     1


tol =

     []


kest =

    11

Trimming ...
Sparse SVD ...
Iteration	Fit Error
0		2.941034e+00

ell =

     1


tol =

     []


kest =

    11

Trimming ...
Sparse SVD ...
Iteration	Fit Error
0		2.946520e+00

tol =

     []


kest =

    11

Trimming ...
Sparse SVD ...
Iteration	Fit Error
0		2.950483e+00

niter =

     []


tol =

     []


kest =

    11

Trimming ...
Sparse SVD ...
Iteration	Fit Error
0		2.944370e+00

timing =

   6.5210e+02


errs_opt =

  Columns 1 through 6

   3.2508e-01   4.1559e-01   5.2887e-01   6.8155e-01   8.9785e-01   1.1566e+00
   3.3598e-01   4.2188e-01   5.3267e-01   6.8265e-01   8.8539e-01   1.1303e+00
   3.3347e-01   4.2654e-01   5.4635e-01   7.0217e-01   9.0088e-01   1.1596e+00
   3.3410e-01   4.2360e-01   5.4352e-01   7.0461e-01   9.2629e-01   1.1991e+00
   3.3354e-01   4.2413e-01   5.4010e-01   6.9565e-01   9.0251e-01   1.1550e+00
   3.3145e-01   4.2504e-01   5.4469e-01   7.0514e-01   9.0530e-01   1.1580e+00
   3.3521e-01   4.2686e-01   5.4843e-01   7.0671e-01   9.1000e-01   1.1727e+00
   3.3034e-01   4.2156e-01   5.4263e-01   7.0232e-01   9.0791e-01   1.1597e+00
   3.2604e-01   4.1556e-01   5.3221e-01   6.8460e-01   8.8389e-01   1.1441e+00
   3.3805e-01   4.3440e-01   5.5505e-01   7.1572e-01   9.3066e-01   1.2001e+00
   3.3074e-01   4.2234e-01   5.4535e-01   6.9341e-01   8.8978e-01   1.1448e+00
   3.4270e-01   4.3140e-01   5.4718e-01   7.0450e-01   8.9742e-01   1.1440e+00
   3.4012e-01   4.3208e-01   5.4482e-01   6.9263e-01   9.1507e-01   1.1597e+00
   3.4103e-01   4.2557e-01   5.4079e-01   6.9612e-01   9.0372e-01   1.1613e+00
   3.2506e-01   4.1828e-01   5.3401e-01   6.8338e-01   8.8580e-01   1.1425e+00
   3.3361e-01   4.2002e-01   5.3118e-01   6.7900e-01   8.7903e-01   1.1488e+00
   3.3023e-01   4.2343e-01   5.4029e-01   6.9417e-01   9.0383e-01   1.1597e+00
   3.3637e-01   4.2733e-01   5.4758e-01   7.1073e-01   9.3081e-01   1.2039e+00
   3.3842e-01   4.3230e-01   5.5158e-01   7.1581e-01   9.1846e-01   1.1724e+00
   3.4243e-01   4.3720e-01   5.5873e-01   7.1556e-01   9.2538e-01   1.1827e+00
   3.4371e-01   4.3305e-01   5.4752e-01   6.9765e-01   9.1609e-01   1.1795e+00
   3.3628e-01   4.2331e-01   5.3687e-01   6.9117e-01   9.0537e-01   1.1553e+00
   3.3822e-01   4.2866e-01   5.4210e-01   6.9544e-01   8.9875e-01   1.1474e+00
   3.3209e-01   4.1620e-01   5.3857e-01   6.9671e-01   9.0244e-01   1.1568e+00
   3.3927e-01   4.3398e-01   5.5753e-01   7.2157e-01   9.3142e-01   1.1906e+00
   3.3748e-01   4.3052e-01   5.4842e-01   6.9924e-01   9.0724e-01   1.1622e+00
   3.3649e-01   4.2919e-01   5.4752e-01   7.0277e-01   9.1471e-01   1.1686e+00
   3.2609e-01   4.1684e-01   5.2759e-01   6.7481e-01   8.7269e-01   1.1274e+00
   3.3141e-01   4.1842e-01   5.3436e-01   6.8754e-01   8.9017e-01   1.1438e+00
   3.3203e-01   4.1702e-01   5.2567e-01   6.6698e-01   8.6694e-01   1.1157e+00
   3.4056e-01   4.3455e-01   5.5075e-01   7.0882e-01   9.1852e-01   1.1748e+00
   3.3015e-01   4.1964e-01   5.3329e-01   6.8460e-01   8.8877e-01   1.1434e+00
   3.2875e-01   4.1977e-01   5.3821e-01   6.8663e-01   8.7658e-01   1.1244e+00
   3.2972e-01   4.1868e-01   5.3084e-01   6.7834e-01   8.8863e-01   1.1468e+00
   3.2402e-01   4.0794e-01   5.2442e-01   6.7291e-01   8.6809e-01   1.1362e+00
   3.3342e-01   4.2246e-01   5.3757e-01   6.9273e-01   9.0280e-01   1.1552e+00
   3.2259e-01   4.1351e-01   5.3273e-01   6.8306e-01   8.7694e-01   1.1172e+00
   3.3465e-01   4.2581e-01   5.4019e-01   6.9851e-01   9.1281e-01   1.1951e+00
   3.3456e-01   4.2559e-01   5.4324e-01   6.9885e-01   9.0189e-01   1.1476e+00
   3.3031e-01   4.2107e-01   5.3750e-01   6.8626e-01   8.8857e-01   1.1474e+00

  Columns 7 through 10

   1.4674e+00   1.8734e+00   2.3710e+00   2.9534e+00
   1.4530e+00   1.8728e+00   2.3761e+00   2.9846e+00
   1.4906e+00   1.9237e+00   2.4465e+00   3.0504e+00
   1.5251e+00   1.9267e+00   2.4251e+00   3.0210e+00
   1.4810e+00   1.9027e+00   2.4093e+00   2.9939e+00
   1.4872e+00   1.9056e+00   2.4097e+00   3.0045e+00
   1.5147e+00   1.9430e+00   2.4563e+00   3.0540e+00
   1.4834e+00   1.8986e+00   2.4014e+00   2.9959e+00
   1.4670e+00   1.8874e+00   2.4054e+00   3.0012e+00
   1.5288e+00   1.9505e+00   2.4390e+00   3.0460e+00
   1.4580e+00   1.8610e+00   2.3596e+00   2.9564e+00
   1.4802e+00   1.8981e+00   2.3969e+00   3.0252e+00
   1.4763e+00   1.9112e+00   2.4554e+00   3.0795e+00
   1.4866e+00   1.9027e+00   2.4064e+00   2.9899e+00
   1.4584e+00   1.8628e+00   2.3575e+00   2.9700e+00
   1.4744e+00   1.8713e+00   2.3504e+00   2.9445e+00
   1.5149e+00   1.9439e+00   2.4385e+00   3.0450e+00
   1.5440e+00   1.9478e+00   2.4818e+00   3.0724e+00
   1.4975e+00   1.9224e+00   2.4220e+00   3.0217e+00
   1.5101e+00   1.9154e+00   2.4310e+00   3.0457e+00
   1.5045e+00   1.9124e+00   2.4220e+00   3.0180e+00
   1.4676e+00   1.8834e+00   2.3783e+00   2.9561e+00
   1.4745e+00   1.9053e+00   2.4517e+00   3.0391e+00
   1.4576e+00   1.8647e+00   2.3747e+00   2.9789e+00
   1.5170e+00   1.9349e+00   2.4532e+00   3.0581e+00
   1.4912e+00   1.9091e+00   2.4194e+00   3.0028e+00
   1.4931e+00   1.9150e+00   2.4427e+00   3.0582e+00
   1.4417e+00   1.8557e+00   2.3693e+00   2.9609e+00
   1.4696e+00   1.9002e+00   2.4182e+00   3.0063e+00
   1.4402e+00   1.8658e+00   2.3797e+00   2.9558e+00
   1.5145e+00   1.9283e+00   2.4602e+00   3.0527e+00
   1.4636e+00   1.8889e+00   2.4048e+00   3.0323e+00
   1.4500e+00   1.8577e+00   2.3494e+00   2.9531e+00
   1.4627e+00   1.8640e+00   2.3414e+00   2.9476e+00
   1.4583e+00   1.8493e+00   2.3360e+00   2.9142e+00
   1.4719e+00   1.8819e+00   2.4018e+00   2.9913e+00
   1.4325e+00   1.8570e+00   2.3437e+00   2.9288e+00
   1.5318e+00   1.9639e+00   2.4818e+00   3.0625e+00
   1.4604e+00   1.8724e+00   2.3849e+00   3.0012e+00
   1.4814e+00   1.9230e+00   2.4080e+00   2.9935e+00


errs_shr =

  Columns 1 through 6

   3.8191e-01   4.1492e-01   4.5934e-01   5.1685e-01   5.8552e-01   6.6106e-01
   3.7620e-01   4.0841e-01   4.5314e-01   5.1090e-01   5.8117e-01   6.6543e-01
   3.8320e-01   4.1573e-01   4.6192e-01   5.1958e-01   5.8549e-01   6.6673e-01
   3.8964e-01   4.2066e-01   4.6579e-01   5.2640e-01   6.0024e-01   6.8356e-01
   3.9127e-01   4.2125e-01   4.6289e-01   5.1779e-01   5.8640e-01   6.6985e-01
   3.7985e-01   4.1401e-01   4.6237e-01   5.1979e-01   5.8453e-01   6.5846e-01
   3.8503e-01   4.1887e-01   4.6497e-01   5.2537e-01   5.9381e-01   6.7355e-01
   3.7621e-01   4.1162e-01   4.5959e-01   5.1873e-01   5.8831e-01   6.7003e-01
   3.7824e-01   4.0899e-01   4.5021e-01   5.0170e-01   5.6473e-01   6.4557e-01
   3.7977e-01   4.1374e-01   4.5901e-01   5.1709e-01   5.8535e-01   6.6918e-01
   3.8602e-01   4.1884e-01   4.6416e-01   5.2085e-01   5.8850e-01   6.6637e-01
   3.8814e-01   4.2070e-01   4.6398e-01   5.1812e-01   5.8436e-01   6.5961e-01
   3.7803e-01   4.1018e-01   4.5267e-01   5.0661e-01   5.7125e-01   6.4524e-01
   4.0162e-01   4.2887e-01   4.6766e-01   5.1657e-01   5.7732e-01   6.5521e-01
   3.7902e-01   4.1261e-01   4.5732e-01   5.1275e-01   5.7705e-01   6.5179e-01
   3.7845e-01   4.1081e-01   4.5710e-01   5.1621e-01   5.8699e-01   6.7403e-01
   3.7902e-01   4.1133e-01   4.5653e-01   5.2057e-01   5.9522e-01   6.8312e-01
   3.8507e-01   4.1813e-01   4.6502e-01   5.2761e-01   6.0541e-01   6.9094e-01
   3.8578e-01   4.2147e-01   4.6882e-01   5.2962e-01   5.9707e-01   6.7360e-01
   4.0095e-01   4.3347e-01   4.7616e-01   5.3017e-01   5.9649e-01   6.7474e-01
   3.9918e-01   4.2755e-01   4.6786e-01   5.2139e-01   5.8802e-01   6.6695e-01
   3.8110e-01   4.1573e-01   4.6243e-01   5.2096e-01   5.8931e-01   6.6729e-01
   3.8408e-01   4.1633e-01   4.6104e-01   5.2043e-01   5.9171e-01   6.7207e-01
   3.8245e-01   4.1477e-01   4.5916e-01   5.1563e-01   5.8166e-01   6.5589e-01
   3.8236e-01   4.1775e-01   4.6453e-01   5.2193e-01   5.9199e-01   6.7663e-01
   3.8949e-01   4.2208e-01   4.6678e-01   5.2476e-01   5.9445e-01   6.7307e-01
   3.7789e-01   4.1591e-01   4.6300e-01   5.2025e-01   5.8815e-01   6.6907e-01
   3.6857e-01   4.0149e-01   4.4692e-01   5.0672e-01   5.7851e-01   6.6478e-01
   3.8133e-01   4.1214e-01   4.5501e-01   5.1060e-01   5.8021e-01   6.6343e-01
   3.7391e-01   4.0582e-01   4.4888e-01   5.0496e-01   5.7447e-01   6.5243e-01
   3.8237e-01   4.1944e-01   4.6615e-01   5.2340e-01   5.9135e-01   6.7210e-01
   3.9199e-01   4.2382e-01   4.6749e-01   5.2346e-01   5.8926e-01   6.6381e-01
   3.7898e-01   4.1259e-01   4.6059e-01   5.1512e-01   5.8175e-01   6.5891e-01
   3.8864e-01   4.2164e-01   4.6469e-01   5.1829e-01   5.8355e-01   6.6285e-01
   3.8720e-01   4.1982e-01   4.6222e-01   5.1361e-01   5.7545e-01   6.4816e-01
   3.7983e-01   4.1207e-01   4.5644e-01   5.1509e-01   5.8489e-01   6.6315e-01
   3.7604e-01   4.0758e-01   4.5098e-01   5.0725e-01   5.7496e-01   6.5399e-01
   3.9431e-01   4.2746e-01   4.7163e-01   5.2889e-01   5.9684e-01   6.7535e-01
   3.7655e-01   4.0929e-01   4.5467e-01   5.0988e-01   5.7440e-01   6.5126e-01
   3.8097e-01   4.1460e-01   4.5778e-01   5.1396e-01   5.8376e-01   6.6553e-01

  Columns 7 through 10

   7.4604e-01   8.4058e-01   9.2045e-01   9.7963e-01
   7.5916e-01   8.5151e-01   9.1630e-01   9.6511e-01
   7.5877e-01   8.4791e-01   9.2093e-01   9.7659e-01
   7.7784e-01   8.7174e-01   9.5153e-01   1.0127e+00
   7.6442e-01   8.4887e-01   9.2146e-01   9.7355e-01
   7.4279e-01   8.2593e-01   9.0189e-01   9.5661e-01
   7.7115e-01   8.5825e-01   9.3307e-01   9.9115e-01
   7.6506e-01   8.5239e-01   9.2869e-01   9.7015e-01
   7.3984e-01   8.3515e-01   9.1175e-01   9.7524e-01
   7.6058e-01   8.4728e-01   9.1194e-01   9.6286e-01
   7.5205e-01   8.4208e-01   9.2807e-01   9.8593e-01
   7.5196e-01   8.4119e-01   9.2285e-01   9.7901e-01
   7.3082e-01   8.2650e-01   9.1476e-01   9.6999e-01
   7.4084e-01   8.2550e-01   9.0477e-01   9.6052e-01
   7.3673e-01   8.3583e-01   9.0875e-01   9.6212e-01
   7.6958e-01   8.4920e-01   9.2982e-01   9.9681e-01
   7.7295e-01   8.6332e-01   9.2799e-01   9.7960e-01
   7.7438e-01   8.5798e-01   9.2677e-01   9.8897e-01
   7.6814e-01   8.5143e-01   9.2596e-01   9.7721e-01
   7.5979e-01   8.3251e-01   9.0657e-01   9.6585e-01
   7.5047e-01   8.3981e-01   9.2406e-01   9.7865e-01
   7.5741e-01   8.4330e-01   9.2041e-01   9.7466e-01
   7.6180e-01   8.4972e-01   9.1697e-01   9.6652e-01
   7.4373e-01   8.4058e-01   9.2233e-01   9.8732e-01
   7.6408e-01   8.5741e-01   9.3499e-01   9.8855e-01
   7.6118e-01   8.5425e-01   9.2780e-01   9.8958e-01
   7.5795e-01   8.4960e-01   9.2300e-01   9.9020e-01
   7.6219e-01   8.6021e-01   9.3984e-01   9.8482e-01
   7.5914e-01   8.5536e-01   9.2643e-01   9.7096e-01
   7.4171e-01   8.2987e-01   9.1151e-01   9.6486e-01
   7.6255e-01   8.5177e-01   9.2724e-01   9.8128e-01
   7.5350e-01   8.4986e-01   9.3653e-01   9.9119e-01
   7.4541e-01   8.2987e-01   9.1040e-01   9.6092e-01
   7.5027e-01   8.3698e-01   9.1936e-01   9.8033e-01
   7.3011e-01   8.1466e-01   8.9974e-01   9.4720e-01
   7.5084e-01   8.5313e-01   9.2196e-01   9.7065e-01
   7.4200e-01   8.3565e-01   9.0535e-01   9.7162e-01
   7.6897e-01   8.5506e-01   9.2531e-01   9.8033e-01
   7.4152e-01   8.3393e-01   9.3256e-01   9.8176e-01
   7.5647e-01   8.4396e-01   9.1962e-01   9.6010e-01


errs_nuc =

  Columns 1 through 6

   4.0109e-01   4.7168e-01   5.4912e-01   6.3163e-01   7.1534e-01   7.9709e-01
   4.0392e-01   4.7495e-01   5.5350e-01   6.3818e-01   7.2593e-01   8.1260e-01
   4.0891e-01   4.7961e-01   5.5732e-01   6.4060e-01   7.2726e-01   8.1239e-01
   4.1599e-01   4.8943e-01   5.6993e-01   6.5551e-01   7.4227e-01   8.2469e-01
   4.0712e-01   4.7818e-01   5.5632e-01   6.3992e-01   7.2607e-01   8.1055e-01
   4.0759e-01   4.7855e-01   5.5618e-01   6.3826e-01   7.2266e-01   8.0586e-01
   4.1185e-01   4.8379e-01   5.6297e-01   6.4778e-01   7.3494e-01   8.2021e-01
   4.1034e-01   4.8228e-01   5.6137e-01   6.4595e-01   7.3294e-01   8.1686e-01
   4.0112e-01   4.7190e-01   5.5027e-01   6.3460e-01   7.2277e-01   8.1045e-01
   4.1182e-01   4.8278e-01   5.6069e-01   6.4374e-01   7.2926e-01   8.1185e-01
   4.0882e-01   4.7941e-01   5.5689e-01   6.3998e-01   7.2607e-01   8.0989e-01
   4.0802e-01   4.7867e-01   5.5628e-01   6.3980e-01   7.2722e-01   8.1446e-01
   4.0354e-01   4.7313e-01   5.5009e-01   6.3316e-01   7.1949e-01   8.0605e-01
   4.1012e-01   4.8094e-01   5.5874e-01   6.4205e-01   7.2820e-01   8.1214e-01
   4.0568e-01   4.7582e-01   5.5261e-01   6.3451e-01   7.1914e-01   8.0209e-01
   4.0454e-01   4.7582e-01   5.5445e-01   6.3856e-01   7.2478e-01   8.0804e-01
   4.1444e-01   4.8753e-01   5.6832e-01   6.5513e-01   7.4416e-01   8.2896e-01
   4.1445e-01   4.8684e-01   5.6654e-01   6.5167e-01   7.3806e-01   8.1963e-01
   4.0850e-01   4.7924e-01   5.5683e-01   6.3944e-01   7.2431e-01   8.0779e-01
   4.1091e-01   4.8151e-01   5.5836e-01   6.3952e-01   7.2177e-01   8.0140e-01
   4.0934e-01   4.8003e-01   5.5758e-01   6.4072e-01   7.2644e-01   8.0986e-01
   4.1109e-01   4.8291e-01   5.6187e-01   6.4586e-01   7.3063e-01   8.1390e-01
   4.1219e-01   4.8400e-01   5.6355e-01   6.4888e-01   7.3656e-01   8.2198e-01
   4.0353e-01   4.7441e-01   5.5240e-01   6.3564e-01   7.2093e-01   8.0437e-01
   4.1472e-01   4.8703e-01   5.6609e-01   6.5016e-01   7.3685e-01   8.2031e-01
   4.0909e-01   4.7997e-01   5.5784e-01   6.4095e-01   7.2561e-01   8.0724e-01
   4.0996e-01   4.8109e-01   5.5900e-01   6.4246e-01   7.2884e-01   8.1334e-01
   4.0485e-01   4.7653e-01   5.5600e-01   6.4184e-01   7.3074e-01   8.1764e-01
   4.0331e-01   4.7377e-01   5.5177e-01   6.3583e-01   7.2307e-01   8.0913e-01
   3.9923e-01   4.6902e-01   5.4672e-01   6.3091e-01   7.1839e-01   8.0434e-01
   4.1245e-01   4.8320e-01   5.6083e-01   6.4398e-01   7.3001e-01   8.1431e-01
   4.0632e-01   4.7737e-01   5.5554e-01   6.3894e-01   7.2461e-01   8.0870e-01
   4.0375e-01   4.7422e-01   5.5188e-01   6.3529e-01   7.2208e-01   8.0711e-01
   4.0418e-01   4.7422e-01   5.5113e-01   6.3337e-01   7.1786e-01   8.0038e-01
   3.9865e-01   4.6865e-01   5.4514e-01   6.2664e-01   7.1113e-01   7.9384e-01
   4.0491e-01   4.7592e-01   5.5431e-01   6.3816e-01   7.2402e-01   8.0779e-01
   3.9627e-01   4.6620e-01   5.4335e-01   6.2628e-01   7.1238e-01   7.9699e-01
   4.1725e-01   4.8962e-01   5.6902e-01   6.5392e-01   7.4074e-01   8.2501e-01
   4.0714e-01   4.7867e-01   5.5723e-01   6.4110e-01   7.2777e-01   8.1297e-01
   4.0496e-01   4.7526e-01   5.5314e-01   6.3722e-01   7.2459e-01   8.1019e-01

  Columns 7 through 10

   8.7300e-01   9.3394e-01   9.7216e-01   9.9019e-01
   8.9006e-01   9.4888e-01   9.8306e-01   9.9736e-01
   8.8827e-01   9.4717e-01   9.8175e-01   9.9577e-01
   8.9695e-01   9.5193e-01   9.8265e-01   9.9655e-01
   8.8534e-01   9.4247e-01   9.7801e-01   9.9513e-01
   8.8086e-01   9.4190e-01   9.8266e-01   9.9861e-01
   8.9627e-01   9.5355e-01   9.8603e-01   9.9828e-01
   8.9068e-01   9.4697e-01   9.8058e-01   9.9494e-01
   8.8948e-01   9.5044e-01   9.8747e-01   9.9937e-01
   8.8472e-01   9.4003e-01   9.7712e-01   9.9468e-01
   8.8598e-01   9.4697e-01   9.8375e-01   9.9650e-01
   8.9313e-01   9.5414e-01   9.8747e-01   9.9693e-01
   8.8713e-01   9.5295e-01   9.9080e-01   9.9966e-01
   8.8838e-01   9.4826e-01   9.8496e-01   9.9921e-01
   8.7889e-01   9.4084e-01   9.8137e-01   9.9729e-01
   8.8044e-01   9.3686e-01   9.7778e-01   9.9561e-01
   9.0280e-01   9.5668e-01   9.8859e-01   9.9851e-01
   8.9056e-01   9.4642e-01   9.8179e-01   9.9662e-01
   8.8200e-01   9.3897e-01   9.7486e-01   9.9205e-01
   8.7145e-01   9.2867e-01   9.7165e-01   9.9280e-01
   8.8536e-01   9.4604e-01   9.8432e-01   9.9729e-01
   8.8797e-01   9.4730e-01   9.8311e-01   9.9712e-01
   8.9760e-01   9.5381e-01   9.8665e-01   9.9773e-01
   8.8252e-01   9.4526e-01   9.8334e-01   9.9591e-01
   8.9534e-01   9.5338e-01   9.8658e-01   9.9775e-01
   8.8068e-01   9.3827e-01   9.7631e-01   9.9634e-01
   8.8956e-01   9.5050e-01   9.8497e-01   9.9896e-01
   8.9526e-01   9.5484e-01   9.8483e-01   9.9514e-01
   8.8763e-01   9.4689e-01   9.8165e-01   9.9596e-01
   8.8263e-01   9.4564e-01   9.8288e-01   9.9754e-01
   8.8954e-01   9.4849e-01   9.8407e-01   9.9731e-01
   8.8511e-01   9.4527e-01   9.8215e-01   9.9680e-01
   8.8282e-01   9.4377e-01   9.8240e-01   9.9840e-01
   8.7531e-01   9.3699e-01   9.7826e-01   9.9606e-01
   8.6942e-01   9.3222e-01   9.7163e-01   9.9086e-01
   8.8420e-01   9.4462e-01   9.8015e-01   9.9572e-01
   8.7471e-01   9.3593e-01   9.7662e-01   9.9481e-01
   9.0010e-01   9.5656e-01   9.8949e-01   9.9915e-01
   8.8989e-01   9.5075e-01   9.8962e-01   9.9866e-01
   8.8717e-01   9.4596e-01   9.8070e-01   9.9521e-01

{Undefined function or variable 'stop'.

Error in test10>stopnow (line 254)
        stop

Error in test10 (line 81)
        stopnow

Error in run10 (line 13)
  test10()
} 
