
                            < M A T L A B (R) >
                  Copyright 1984-2015 The MathWorks, Inc.
                   R2015a (8.5.0.197613) 64-bit (glnxa64)
                             February 12, 2015

 
To get started, type one of these: helpwin, helpdesk, or demo.
For product information, visit www.mathworks.com.
 
Setting CVX paths...done.

	Academic License


ifinit =

     1


ifplot =

     0


gam =

   8.0000e-01


m =

   300


n =

   375


k =

    10


m1 =

   300


ells =

    10     9     8     7     6     5     4     3     2     1


delta =

   5.0000e-01


nruns =

    40


nsigmas =

    10


sigmas =

  Columns 1 through 6

   1.0000e+00   1.2414e+00   1.5410e+00   1.9129e+00   2.3746e+00   2.9478e+00

  Columns 7 through 10

   3.6593e+00   4.5425e+00   5.6390e+00   7.0000e+00

Starting parallel pool (parpool) using the 'local' profile ... connected to 12 workers.
Run: 
     20 


chk0 =

   6.7592e-16


sig =

     1


ell =

     1

Run: 
     26 


chk0 =

   5.6000e-16


sig =

     1


ell =

     1

Run: 
     24 


chk0 =

   8.0193e-16


sig =

     1


ell =

     1

Run: 
     12 


chk0 =

   8.9057e-16


sig =

     1


ell =

     1

Run: 
     3 


chk0 =

   6.7876e-16


sig =

     1


ell =

     1

Run: 
     18 


chk0 =

   7.8160e-16


sig =

     1


ell =

     1

Run: 
     28 


chk0 =

   6.7094e-16


sig =

     1


ell =

     1

Run: 
     6 


chk0 =

   1.1171e-15


sig =

     1


ell =

     1

Run: 
     22 


chk0 =

   1.1108e-15


sig =

     1


ell =

     1

Run: 
     15 


chk0 =

   4.4899e-16


sig =

     1


ell =

     1

Run: 
     29 


chk0 =

   8.9798e-16


sig =

     1


ell =

     1

Run: 
     9 


chk0 =

   7.4766e-16


sig =

     1


ell =

     1


niter =

     []


niter =

     []


niter =

     []


niter =

     []


niter =

     []


niter =

     []


niter =

     []


niter =

     []


niter =

     []


niter =

     []


niter =

     []


niter =

     []


tol =

     []


kest =

    11

Trimming ...
Sparse SVD ...
Iteration	Fit Error
0		2.043890e+00

sig =

     1


tol =

     []


kest =

    11

Trimming ...
Sparse SVD ...
Iteration	Fit Error
0		2.035282e+00

sig =

     1


tol =

     []


kest =

    11

Trimming ...
Sparse SVD ...
Iteration	Fit Error
0		2.000303e+00

sig =

     1


tol =

     []


kest =

    11

Trimming ...
Sparse SVD ...
Iteration	Fit Error
0		2.015973e+00

sig =

     1


tol =

     []


kest =

    11

Trimming ...
Sparse SVD ...
Iteration	Fit Error
0		2.038074e+00

sig =

     1


ell =

     1


ell =

     1


ell =

     1


tol =

     []


kest =

    11

Trimming ...
Sparse SVD ...
Iteration	Fit Error
0		2.022480e+00

sig =

     1


ell =

     1


ell =

     1


tol =

     []


kest =

    11

Trimming ...
Sparse SVD ...
Iteration	Fit Error
0		2.053297e+00

sig =

     1


tol =

     []


kest =

    11

Trimming ...
Sparse SVD ...
Iteration	Fit Error
0		2.038846e+00

sig =

     1


tol =

     []


kest =

    11

Trimming ...
Sparse SVD ...
Iteration	Fit Error
0		2.033970e+00

sig =

     1


ell =

     1


ell =

     1


ell =

     1


tol =

     []


kest =

    11

Trimming ...
Sparse SVD ...
Iteration	Fit Error
0		2.024101e+00

sig =

     1


tol =

     []


kest =

    11

Trimming ...
Sparse SVD ...
Iteration	Fit Error
0		2.053109e+00

sig =

     1


niter =

     []


ell =

     1


tol =

     []


kest =

    11

Trimming ...
Sparse SVD ...
Iteration	Fit Error
0		2.029401e+00

sig =

     1


ell =

     1


ell =

     1


niter =

     []


ell =

     1


niter =

     []


niter =

     []


niter =

     []


niter =

     []


niter =

     []


niter =

     []


niter =

     []


niter =

     []


niter =

     []


niter =

     []


tol =

     []


kest =

    11

Trimming ...
Sparse SVD ...
Iteration	Fit Error
0		2.219830e+00

sig =

     1


ell =

     1


tol =

     []


kest =

    11

Trimming ...
Sparse SVD ...
Iteration	Fit Error
0		2.250730e+00

sig =

     1


ell =

     1


tol =

     []


kest =

    11

Trimming ...
Sparse SVD ...
Iteration	Fit Error
0		2.267715e+00

sig =

     1


tol =

     []


kest =

    11

Trimming ...
Sparse SVD ...
Iteration	Fit Error
0		2.256950e+00

sig =

     1


tol =

     []


kest =

    11

Trimming ...
Sparse SVD ...
Iteration	Fit Error
0		2.249718e+00

sig =

     1


tol =

     []


kest =

    11

Trimming ...
Sparse SVD ...
Iteration	Fit Error
0		2.240208e+00

sig =

     1


tol =

     []


kest =

    11

Trimming ...
Sparse SVD ...
Iteration	Fit Error
0		2.232739e+00

sig =

     1


ell =

     1


tol =

     []


kest =

    11

Trimming ...
Sparse SVD ...
Iteration	Fit Error
0		2.253764e+00

sig =

     1


ell =

     1


ell =

     1


ell =

     1


ell =

     1


ell =

     1


tol =

     []


kest =

    11

Trimming ...
Sparse SVD ...
Iteration	Fit Error
0		2.240252e+00

sig =

     1


tol =

     []


kest =

    11

Trimming ...
Sparse SVD ...
Iteration	Fit Error
0		2.248985e+00

sig =

     1


tol =

     []


kest =

    11

Trimming ...
Sparse SVD ...
Iteration	Fit Error
0		2.245684e+00

sig =

     1


ell =

     1


tol =

     []


kest =

    11

Trimming ...
Sparse SVD ...
Iteration	Fit Error
0		2.269740e+00

sig =

     1


niter =

     []


ell =

     1


ell =

     1


niter =

     []


ell =

     1


niter =

     []


niter =

     []


niter =

     []


niter =

     []


niter =

     []


niter =

     []


niter =

     []


niter =

     []


niter =

     []


niter =

     []


tol =

     []


kest =

    11

Trimming ...
Sparse SVD ...
Iteration	Fit Error
0		2.443477e+00

sig =

     1


tol =

     []


kest =

    11

Trimming ...
Sparse SVD ...
Iteration	Fit Error
0		2.419796e+00

sig =

     1


tol =

     []


kest =

    11

Trimming ...
Sparse SVD ...
Iteration	Fit Error
0		2.448359e+00

sig =

     1


ell =

     1


tol =

     []


kest =

    11

Trimming ...
Sparse SVD ...
Iteration	Fit Error
0		2.445962e+00

sig =

     1


tol =

     []


kest =

    11

Trimming ...
Sparse SVD ...
Iteration	Fit Error
0		2.458512e+00

sig =

     1


ell =

     1


ell =

     1


tol =

     []


kest =

    11

Trimming ...
Sparse SVD ...
Iteration	Fit Error
0		2.429021e+00

sig =

     1


ell =

     1


ell =

     1


tol =

     []


kest =

    11

Trimming ...
Sparse SVD ...
Iteration	Fit Error
0		2.449457e+00

sig =

     1


ell =

     1


ell =

     1


tol =

     []


kest =

    11

Trimming ...
Sparse SVD ...
Iteration	Fit Error
0		2.436981e+00

sig =

     1


niter =

     []


tol =

     []


kest =

    11

Trimming ...
Sparse SVD ...
Iteration	Fit Error
0		2.442513e+00

sig =

     1


ell =

     1


tol =

     []


kest =

    11

Trimming ...
Sparse SVD ...
Iteration	Fit Error
0		2.441962e+00

sig =

     1


tol =

     []


kest =

    11

Trimming ...
Sparse SVD ...
Iteration	Fit Error
0		2.436338e+00

sig =

     1


tol =

     []


kest =

    11

Trimming ...
Sparse SVD ...
Iteration	Fit Error
0		2.461948e+00

sig =

     1


niter =

     []


ell =

     1


ell =

     1


niter =

     []


ell =

     1


ell =

     1


niter =

     []


niter =

     []


niter =

     []


niter =

     []


niter =

     []


niter =

     []


niter =

     []


niter =

     []


niter =

     []


tol =

     []


kest =

    11

Trimming ...
Sparse SVD ...
Iteration	Fit Error
0		2.602621e+00

sig =

     1


tol =

     []


kest =

    11

Trimming ...
Sparse SVD ...
Iteration	Fit Error
0		2.610920e+00

sig =

     1


ell =

     1


tol =

     []


kest =

    11

Trimming ...
Sparse SVD ...
Iteration	Fit Error
0		2.588033e+00

sig =

     1


tol =

     []


kest =

    11

Trimming ...
Sparse SVD ...
Iteration	Fit Error
0		2.608271e+00

sig =

     1


ell =

     1


tol =

     []


kest =

    11

Trimming ...
Sparse SVD ...
Iteration	Fit Error
0		2.615696e+00

sig =

     1


ell =

     1


tol =

     []


kest =

    11

Trimming ...
Sparse SVD ...
Iteration	Fit Error
0		2.610391e+00

sig =

     1


tol =

     []


kest =

    11

Trimming ...
Sparse SVD ...
Iteration	Fit Error
0		2.601684e+00

sig =

     1


tol =

     []


kest =

    11

Trimming ...
Sparse SVD ...
Iteration	Fit Error
0		2.592379e+00

sig =

     1


ell =

     1


ell =

     1


tol =

     []


kest =

    11

Trimming ...
Sparse SVD ...
Iteration	Fit Error
0		2.599917e+00

sig =

     1


ell =

     1


ell =

     1


ell =

     1


ell =

     1


niter =

     []


niter =

     []


tol =

     []


kest =

    11

Trimming ...
Sparse SVD ...
Iteration	Fit Error
0		2.604922e+00

sig =

     1


tol =

     []


kest =

    11

Trimming ...
Sparse SVD ...
Iteration	Fit Error
0		2.622670e+00

sig =

     1


tol =

     []


kest =

    11

Trimming ...
Sparse SVD ...
Iteration	Fit Error
0		2.603519e+00

sig =

     1


ell =

     1


niter =

     []


ell =

     1


ell =

     1


niter =

     []


niter =

     []


niter =

     []


niter =

     []


niter =

     []


niter =

     []


niter =

     []


niter =

     []


niter =

     []


tol =

     []


kest =

    11

Trimming ...
Sparse SVD ...
Iteration	Fit Error
0		2.719460e+00

sig =

     1


tol =

     []


kest =

    11

Trimming ...
Sparse SVD ...
Iteration	Fit Error
0		2.728924e+00

sig =

     1


ell =

     1


ell =

     1


tol =

     []


kest =

    11

Trimming ...
Sparse SVD ...
Iteration	Fit Error
0		2.735036e+00

sig =

     1


tol =

     []


kest =

    11

Trimming ...
Sparse SVD ...
Iteration	Fit Error
0		2.735125e+00

sig =

     1


tol =

     []


kest =

    11

Trimming ...
Sparse SVD ...
Iteration	Fit Error
0		2.733529e+00

sig =

     1


ell =

     1


niter =

     []


tol =

     []


kest =

    11

Trimming ...
Sparse SVD ...
Iteration	Fit Error
0		2.718805e+00

sig =

     1


ell =

     1


tol =

     []


kest =

    11

Trimming ...
Sparse SVD ...
Iteration	Fit Error
0		2.735589e+00

sig =

     1


tol =

     []


kest =

    11

Trimming ...
Sparse SVD ...
Iteration	Fit Error
0		2.725441e+00

sig =

     1


ell =

     1


tol =

     []


kest =

    11

Trimming ...
Sparse SVD ...
Iteration	Fit Error
0		2.727638e+00

sig =

     1


tol =

     []


kest =

    11

Trimming ...
Sparse SVD ...
Iteration	Fit Error
0		2.729488e+00

sig =

     1


ell =

     1


ell =

     1


ell =

     1


niter =

     []


ell =

     1


ell =

     1


tol =

     []


kest =

    11

Trimming ...
Sparse SVD ...
Iteration	Fit Error
0		2.731526e+00

sig =

     1


ell =

     1


niter =

     []


niter =

     []


tol =

     []


kest =

    11

Trimming ...
Sparse SVD ...
Iteration	Fit Error
0		2.745488e+00

sig =

     1


niter =

     []


niter =

     []


niter =

     []


ell =

     1


niter =

     []


niter =

     []


niter =

     []


niter =

     []


tol =

     []


kest =

    11

Trimming ...
Sparse SVD ...
Iteration	Fit Error
0		2.819452e+00

sig =

     1


ell =

     1


niter =

     []


tol =

     []


kest =

    11

Trimming ...
Sparse SVD ...
Iteration	Fit Error
0		2.814788e+00

sig =

     1


ell =

     1


tol =

     []


kest =

    11

Trimming ...
Sparse SVD ...
Iteration	Fit Error
0		2.820418e+00

sig =

     1


tol =

     []


kest =

    11

Trimming ...
Sparse SVD ...
Iteration	Fit Error
0		2.822767e+00

sig =

     1


tol =

     []


kest =

    11

Trimming ...
Sparse SVD ...
Iteration	Fit Error
0		2.814387e+00

sig =

     1


ell =

     1


tol =

     []


kest =

    11

Trimming ...
Sparse SVD ...
Iteration	Fit Error
0		2.823810e+00

sig =

     1


tol =

     []


kest =

    11

Trimming ...
Sparse SVD ...
Iteration	Fit Error
0		2.822997e+00

sig =

     1


ell =

     1


ell =

     1


tol =

     []


kest =

    11

Trimming ...
Sparse SVD ...
Iteration	Fit Error
0		2.825660e+00

sig =

     1


ell =

     1


ell =

     1


tol =

     []


kest =

    11

Trimming ...
Sparse SVD ...
Iteration	Fit Error
0		2.821760e+00

sig =

     1


ell =

     1


niter =

     []


tol =

     []


kest =

    11

Trimming ...
Sparse SVD ...
Iteration	Fit Error
0		2.817774e+00

sig =

     1


tol =

     []


kest =

    11

Trimming ...
Sparse SVD ...
Iteration	Fit Error
0		2.808870e+00

sig =

     1


ell =

     1


niter =

     []


ell =

     1


ell =

     1


niter =

     []


niter =

     []


niter =

     []


tol =

     []


kest =

    11

Trimming ...
Sparse SVD ...
Iteration	Fit Error
0		2.832954e+00

sig =

     1


niter =

     []


niter =

     []


niter =

     []


ell =

     1


niter =

     []


niter =

     []


niter =

     []


tol =

     []


kest =

    11

Trimming ...
Sparse SVD ...
Iteration	Fit Error
0		2.878737e+00

sig =

     1


niter =

     []


ell =

     1


tol =

     []


kest =

    11

Trimming ...
Sparse SVD ...
Iteration	Fit Error
0		2.878585e+00

sig =

     1


tol =

     []


kest =

    11

Trimming ...
Sparse SVD ...
Iteration	Fit Error
0		2.884020e+00

sig =

     1


tol =

     []


kest =

    11

Trimming ...
Sparse SVD ...
Iteration	Fit Error
0		2.881839e+00

sig =

     1


tol =

     []


kest =

    11

Trimming ...
Sparse SVD ...
Iteration	Fit Error
0		2.873879e+00

sig =

     1


ell =

     1


tol =

     []


kest =

    11

Trimming ...
Sparse SVD ...
Iteration	Fit Error
0		2.881401e+00

sig =

     1


ell =

     1


ell =

     1


ell =

     1


tol =

     []


kest =

    11

Trimming ...
Sparse SVD ...
Iteration	Fit Error
0		2.878628e+00

sig =

     1


ell =

     1


tol =

     []


kest =

    11

Trimming ...
Sparse SVD ...
Iteration	Fit Error
0		2.883822e+00

sig =

     1


tol =

     []


kest =

    11

Trimming ...
Sparse SVD ...
Iteration	Fit Error
0		2.886695e+00

sig =

     1


niter =

     []


ell =

     1


tol =

     []


kest =

    11

Trimming ...
Sparse SVD ...
Iteration	Fit Error
0		2.870534e+00

sig =

     1


ell =

     1


tol =

     []


kest =

    11

Trimming ...
Sparse SVD ...
Iteration	Fit Error
0		2.881076e+00

sig =

     1


ell =

     1


ell =

     1


ell =

     1


niter =

     []


niter =

     []


niter =

     []


niter =

     []


niter =

     []


tol =

     []


kest =

    11

Trimming ...
Sparse SVD ...
Iteration	Fit Error
0		2.887805e+00

sig =

     1


niter =

     []


ell =

     1


niter =

     []


niter =

     []


niter =

     []


niter =

     []


tol =

     []


kest =

    11

Trimming ...
Sparse SVD ...
Iteration	Fit Error
0		2.914409e+00

sig =

     1


niter =

     []


ell =

     1


tol =

     []


kest =

    11

Trimming ...
Sparse SVD ...
Iteration	Fit Error
0		2.916488e+00

sig =

     1


tol =

     []


kest =

    11

Trimming ...
Sparse SVD ...
Iteration	Fit Error
0		2.919744e+00

sig =

     1


tol =

     []


kest =

    11

Trimming ...
Sparse SVD ...
Iteration	Fit Error
0		2.917143e+00

sig =

     1


tol =

     []


kest =

    11

Trimming ...
Sparse SVD ...
Iteration	Fit Error
0		2.911756e+00

sig =

     1


tol =

     []


kest =

    11

Trimming ...
Sparse SVD ...
Iteration	Fit Error
0		2.923615e+00

sig =

     1


niter =

     []


ell =

     1


tol =

     []


kest =

    11

Trimming ...
Sparse SVD ...
Iteration	Fit Error
0		2.918107e+00

sig =

     1


ell =

     1


tol =

     []


kest =

    11

Trimming ...
Sparse SVD ...
Iteration	Fit Error
0		2.921030e+00

sig =

     1


ell =

     1


ell =

     1


ell =

     1


tol =

     []


kest =

    11

Trimming ...
Sparse SVD ...
Iteration	Fit Error
0		2.915918e+00

sig =

     1


ell =

     1


tol =

     []


kest =

    11

Trimming ...
Sparse SVD ...
Iteration	Fit Error
0		2.908798e+00

sig =

     1


ell =

     1


tol =

     []


kest =

    11

Trimming ...
Sparse SVD ...
Iteration	Fit Error
0		2.917064e+00

sig =

     1


ell =

     1


ell =

     1


niter =

     []


ell =

     1


niter =

     []


niter =

     []


tol =

     []


kest =

    11

Trimming ...
Sparse SVD ...
Iteration	Fit Error
0		2.920192e+00

sig =

     1


niter =

     []


niter =

     []


niter =

     []


ell =

     1


niter =

     []


niter =

     []


niter =

     []


tol =

     []


kest =

    11

Trimming ...
Sparse SVD ...
Iteration	Fit Error
0		2.933286e+00

sig =

     1


niter =

     []


ell =

     1


niter =

     []


tol =

     []


kest =

    11

Trimming ...
Sparse SVD ...
Iteration	Fit Error
0		2.935466e+00

sig =

     1


tol =

     []


kest =

    11

Trimming ...
Sparse SVD ...
Iteration	Fit Error
0		2.938243e+00

sig =

     1


ell =

     1


tol =

     []


kest =

    11

Trimming ...
Sparse SVD ...
Iteration	Fit Error
0		2.937562e+00

sig =

     1


ell =

     1


tol =

     []


kest =

    11

Trimming ...
Sparse SVD ...
Iteration	Fit Error
0		2.942711e+00

sig =

     1


niter =

     []


tol =

     []


kest =

    11

Trimming ...
Sparse SVD ...
Iteration	Fit Error
0		2.935795e+00

sig =

     1


ell =

     1


tol =

     []


kest =

    11

Trimming ...
Sparse SVD ...
Iteration	Fit Error
0		2.940852e+00

sig =

     1


tol =

     []


kest =

    11

Trimming ...
Sparse SVD ...
Iteration	Fit Error
0		2.933558e+00

sig =

     1


ell =

     1


ell =

     1


ell =

     1


ell =

     1


tol =

     []


kest =

    11

Trimming ...
Sparse SVD ...
Iteration	Fit Error
0		2.936687e+00

sig =

     1


tol =

     []


kest =

    11

Trimming ...
Sparse SVD ...
Iteration	Fit Error
0		2.930619e+00

sig =

     1


niter =

     []


tol =

     []


kest =

    11

Trimming ...
Sparse SVD ...
Iteration	Fit Error
0		2.937848e+00

sig =

     1


niter =

     []


ell =

     1


ell =

     1


ell =

     1


tol =

     []


kest =

    11

Trimming ...
Sparse SVD ...
Iteration	Fit Error
0		2.936069e+00

sig =

     1


niter =

     []


niter =

     []


niter =

     []


ell =

     1


niter =

     []


niter =

     []


tol =

     []


kest =

    11

Trimming ...
Sparse SVD ...
Iteration	Fit Error
0		2.943033e+00
Run: 
     2 


niter =

     []


niter =

     []


chk0 =

   1.7768e-15


sig =

     1


ell =

     1


niter =

     []


niter =

     []


tol =

     []


kest =

    11

Trimming ...
Sparse SVD ...
Iteration	Fit Error
0		2.946614e+00

tol =

     []


kest =

    11

Trimming ...
Sparse SVD ...
Iteration	Fit Error
0		2.944782e+00
Run: 
     25 


chk0 =

   8.9406e-16


sig =

     1


ell =

     1

Run: 
     30 


chk0 =

   4.7862e-16


sig =

     1


ell =

     1


tol =

     []


kest =

    11

Trimming ...
Sparse SVD ...
Iteration	Fit Error
0		2.941704e+00
Run: 
     27 


tol =

     []


kest =

    11

Trimming ...
Sparse SVD ...
Iteration	Fit Error
0		2.946777e+00
Run: 
     21 


tol =

     []


kest =

    11

Trimming ...
Sparse SVD ...
Iteration	Fit Error
0		2.944119e+00
Run: 
     23 


tol =

     []


kest =

    11

Trimming ...
Sparse SVD ...
Iteration	Fit Error
0		2.951960e+00
Run: 
     11 


chk0 =

   8.9255e-16


sig =

     1


ell =

     1


chk0 =

   6.8435e-16


sig =

     1


ell =

     1


tol =

     []


kest =

    11

Trimming ...
Sparse SVD ...
Iteration	Fit Error
0		2.950033e+00
Run: 
     8 


chk0 =

   7.9192e-16


sig =

     1


ell =

     1


niter =

     []


tol =

     []


kest =

    11

Trimming ...
Sparse SVD ...
Iteration	Fit Error
0		2.946042e+00
Run: 
     5 


chk0 =

   6.9169e-16


sig =

     1


ell =

     1


niter =

     []


chk0 =

   1.5591e-15


sig =

     1


ell =

     1


chk0 =

   7.2021e-16


sig =

     1


ell =

     1


tol =

     []


kest =

    11

Trimming ...
Sparse SVD ...
Iteration	Fit Error
0		2.940174e+00
Run: 
     14 


niter =

     []


tol =

     []


kest =

    11

Trimming ...
Sparse SVD ...
Iteration	Fit Error
0		2.948548e+00
Run: 
     19 


chk0 =

   1.1222e-15


sig =

     1


ell =

     1


niter =

     []


tol =

     []


kest =

    11

Trimming ...
Sparse SVD ...
Iteration	Fit Error
0		2.944073e+00
Run: 
     17 


niter =

     []


niter =

     []


chk0 =

   6.8040e-16


sig =

     1


ell =

     1


chk0 =

   8.9317e-16


sig =

     1


ell =

     1


niter =

     []


niter =

     []


niter =

     []


niter =

     []


niter =

     []


tol =

     []


kest =

    11

Trimming ...
Sparse SVD ...
Iteration	Fit Error
0		2.010211e+00

sig =

     1


tol =

     []


kest =

    11

Trimming ...
Sparse SVD ...
Iteration	Fit Error
0		2.059659e+00

sig =

     1


ell =

     1


niter =

     []


tol =

     []


kest =

    11

Trimming ...
Sparse SVD ...
Iteration	Fit Error
0		2.014337e+00

sig =

     1


ell =

     1


ell =

     1


tol =

     []


kest =

    11

Trimming ...
Sparse SVD ...
Iteration	Fit Error
0		2.026284e+00

sig =

     1


tol =

     []


kest =

    11

Trimming ...
Sparse SVD ...
Iteration	Fit Error
0		2.044150e+00

sig =

     1


tol =

     []


kest =

    11

Trimming ...
Sparse SVD ...
Iteration	Fit Error
0		2.028572e+00

sig =

     1


ell =

     1


ell =

     1


tol =

     []


kest =

    11

Trimming ...
Sparse SVD ...
Iteration	Fit Error
0		2.039205e+00

sig =

     1


ell =

     1


ell =

     1


niter =

     []


tol =

     []


kest =

    11

Trimming ...
Sparse SVD ...
Iteration	Fit Error
0		2.033770e+00

sig =

     1


niter =

     []


tol =

     []


kest =

    11

Trimming ...
Sparse SVD ...
Iteration	Fit Error
0		2.046690e+00

sig =

     1


niter =

     []


tol =

     []


kest =

    11

Trimming ...
Sparse SVD ...
Iteration	Fit Error
0		2.045963e+00

sig =

     1


ell =

     1


ell =

     1


tol =

     []


kest =

    11

Trimming ...
Sparse SVD ...
Iteration	Fit Error
0		2.040657e+00

sig =

     1


ell =

     1


ell =

     1


niter =

     []


tol =

     []


kest =

    11

Trimming ...
Sparse SVD ...
Iteration	Fit Error
0		2.047718e+00

sig =

     1


niter =

     []


niter =

     []


niter =

     []


ell =

     1


niter =

     []


niter =

     []


niter =

     []


tol =

     []


kest =

    11

Trimming ...
Sparse SVD ...
Iteration	Fit Error
0		2.232402e+00

sig =

     1


niter =

     []


ell =

     1


tol =

     []


kest =

    11

Trimming ...
Sparse SVD ...
Iteration	Fit Error
0		2.273301e+00

sig =

     1


tol =

     []


kest =

    11

Trimming ...
Sparse SVD ...
Iteration	Fit Error
0		2.228413e+00

sig =

     1


ell =

     1


ell =

     1


niter =

     []


tol =

     []


kest =

    11

Trimming ...
Sparse SVD ...
Iteration	Fit Error
0		2.258729e+00

sig =

     1


tol =

     []


kest =

    11

Trimming ...
Sparse SVD ...
Iteration	Fit Error
0		2.243997e+00

sig =

     1


tol =

     []


kest =

    11

Trimming ...
Sparse SVD ...
Iteration	Fit Error
0		2.261317e+00

sig =

     1


niter =

     []


tol =

     []


kest =

    11

Trimming ...
Sparse SVD ...
Iteration	Fit Error
0		2.245496e+00

sig =

     1


ell =

     1


ell =

     1


ell =

     1


tol =

     []


kest =

    11

Trimming ...
Sparse SVD ...
Iteration	Fit Error
0		2.254299e+00

sig =

     1


ell =

     1


niter =

     []


ell =

     1


tol =

     []


kest =

    11

Trimming ...
Sparse SVD ...
Iteration	Fit Error
0		2.261587e+00

sig =

     1


tol =

     []


kest =

    11

Trimming ...
Sparse SVD ...
Iteration	Fit Error
0		2.249724e+00

sig =

     1


niter =

     []


ell =

     1


ell =

     1


niter =

     []


tol =

     []


kest =

    11

Trimming ...
Sparse SVD ...
Iteration	Fit Error
0		2.255889e+00

sig =

     1


niter =

     []


ell =

     1


niter =

     []


niter =

     []


niter =

     []


tol =

     []


kest =

    11

Trimming ...
Sparse SVD ...
Iteration	Fit Error
0		2.267090e+00

sig =

     1


ell =

     1


niter =

     []


tol =

     []


kest =

    11

Trimming ...
Sparse SVD ...
Iteration	Fit Error
0		2.428018e+00

sig =

     1


niter =

     []


niter =

     []


ell =

     1


tol =

     []


kest =

    11

Trimming ...
Sparse SVD ...
Iteration	Fit Error
0		2.464033e+00

sig =

     1


tol =

     []


kest =

    11

Trimming ...
Sparse SVD ...
Iteration	Fit Error
0		2.427105e+00

sig =

     1


ell =

     1


niter =

     []


niter =

     []


tol =

     []


kest =

    11

Trimming ...
Sparse SVD ...
Iteration	Fit Error
0		2.441057e+00

sig =

     1


ell =

     1


tol =

     []


kest =

    11

Trimming ...
Sparse SVD ...
Iteration	Fit Error
0		2.455346e+00

sig =

     1


ell =

     1


tol =

     []


kest =

    11

Trimming ...
Sparse SVD ...
Iteration	Fit Error
0		2.452205e+00

sig =

     1


ell =

     1


tol =

     []


kest =

    11

Trimming ...
Sparse SVD ...
Iteration	Fit Error
0		2.448111e+00

sig =

     1


ell =

     1


tol =

     []


kest =

    11

Trimming ...
Sparse SVD ...
Iteration	Fit Error
0		2.440960e+00

sig =

     1


ell =

     1


ell =

     1


niter =

     []


niter =

     []


tol =

     []


kest =

    11

Trimming ...
Sparse SVD ...
Iteration	Fit Error
0		2.453425e+00

sig =

     1


niter =

     []


tol =

     []


kest =

    11

Trimming ...
Sparse SVD ...
Iteration	Fit Error
0		2.444859e+00

sig =

     1


niter =

     []


tol =

     []


kest =

    11

Trimming ...
Sparse SVD ...
Iteration	Fit Error
0		2.447932e+00

sig =

     1


ell =

     1


ell =

     1


niter =

     []


ell =

     1


niter =

     []


niter =

     []


tol =

     []


kest =

    11

Trimming ...
Sparse SVD ...
Iteration	Fit Error
0		2.463286e+00

sig =

     1


tol =

     []


kest =

    11

Trimming ...
Sparse SVD ...
Iteration	Fit Error
0		2.593348e+00

sig =

     1


ell =

     1


ell =

     1


niter =

     []


niter =

     []


tol =

     []


kest =

    11

Trimming ...
Sparse SVD ...
Iteration	Fit Error
0		2.593389e+00

sig =

     1


tol =

     []


kest =

    11

Trimming ...
Sparse SVD ...
Iteration	Fit Error
0		2.618745e+00

sig =

     1


niter =

     []


ell =

     1


ell =

     1


tol =

     []


kest =

    11

Trimming ...
Sparse SVD ...
Iteration	Fit Error
0		2.604103e+00

sig =

     1


tol =

     []


kest =

    11

Trimming ...
Sparse SVD ...
Iteration	Fit Error
0		2.604735e+00

sig =

     1


niter =

     []


tol =

     []


kest =

    11

Trimming ...
Sparse SVD ...
Iteration	Fit Error
0		2.616653e+00

sig =

     1


niter =

     []


ell =

     1


ell =

     1


ell =

     1


tol =

     []


kest =

    11

Trimming ...
Sparse SVD ...
Iteration	Fit Error
0		2.608815e+00

sig =

     1


tol =

     []


kest =

    11

Trimming ...
Sparse SVD ...
Iteration	Fit Error
0		2.613445e+00

sig =

     1


ell =

     1


niter =

     []


ell =

     1


niter =

     []


tol =

     []


kest =

    11

Trimming ...
Sparse SVD ...
Iteration	Fit Error
0		2.608116e+00

sig =

     1


tol =

     []


kest =

    11

Trimming ...
Sparse SVD ...
Iteration	Fit Error
0		2.612859e+00

sig =

     1


ell =

     1


ell =

     1


niter =

     []


niter =

     []


niter =

     []


tol =

     []


kest =

    11

Trimming ...
Sparse SVD ...
Iteration	Fit Error
0		2.609662e+00

sig =

     1


ell =

     1


niter =

     []


tol =

     []


kest =

    11

Trimming ...
Sparse SVD ...
Iteration	Fit Error
0		2.723217e+00

sig =

     1


niter =

     []


tol =

     []


kest =

    11

Trimming ...
Sparse SVD ...
Iteration	Fit Error
0		2.624157e+00

sig =

     1


ell =

     1


ell =

     1


niter =

     []


tol =

     []


kest =

    11

Trimming ...
Sparse SVD ...
Iteration	Fit Error
0		2.723234e+00

sig =

     1


niter =

     []


tol =

     []


kest =

    11

Trimming ...
Sparse SVD ...
Iteration	Fit Error
0		2.739447e+00

sig =

     1


niter =

     []


ell =

     1


ell =

     1


tol =

     []


kest =

    11

Trimming ...
Sparse SVD ...
Iteration	Fit Error
0		2.730181e+00

sig =

     1


tol =

     []


kest =

    11

Trimming ...
Sparse SVD ...
Iteration	Fit Error
0		2.732452e+00

sig =

     1


niter =

     []


tol =

     []


kest =

    11

Trimming ...
Sparse SVD ...
Iteration	Fit Error
0		2.740767e+00

sig =

     1


niter =

     []


ell =

     1


ell =

     1


tol =

     []


kest =

    11

Trimming ...
Sparse SVD ...
Iteration	Fit Error
0		2.732475e+00

sig =

     1


tol =

     []


kest =

    11

Trimming ...
Sparse SVD ...
Iteration	Fit Error
0		2.736750e+00

sig =

     1


ell =

     1


niter =

     []


ell =

     1


niter =

     []


ell =

     1


niter =

     []


tol =

     []


kest =

    11

Trimming ...
Sparse SVD ...
Iteration	Fit Error
0		2.731515e+00

sig =

     1


niter =

     []


tol =

     []


kest =

    11

Trimming ...
Sparse SVD ...
Iteration	Fit Error
0		2.736265e+00

sig =

     1


ell =

     1


niter =

     []


tol =

     []


kest =

    11

Trimming ...
Sparse SVD ...
Iteration	Fit Error
0		2.734435e+00

sig =

     1


niter =

     []


ell =

     1


niter =

     []


ell =

     1


tol =

     []


kest =

    11

Trimming ...
Sparse SVD ...
Iteration	Fit Error
0		2.750224e+00

sig =

     1


tol =

     []


kest =

    11

Trimming ...
Sparse SVD ...
Iteration	Fit Error
0		2.817327e+00

sig =

     1


ell =

     1


ell =

     1


niter =

     []


tol =

     []


kest =

    11

Trimming ...
Sparse SVD ...
Iteration	Fit Error
0		2.815887e+00

sig =

     1


niter =

     []


tol =

     []


kest =

    11

Trimming ...
Sparse SVD ...
Iteration	Fit Error
0		2.824476e+00

sig =

     1


ell =

     1


niter =

     []


tol =

     []


kest =

    11

Trimming ...
Sparse SVD ...
Iteration	Fit Error
0		2.820952e+00

sig =

     1


ell =

     1


niter =

     []


ell =

     1


tol =

     []


kest =

    11

Trimming ...
Sparse SVD ...
Iteration	Fit Error
0		2.823284e+00

sig =

     1


niter =

     []


tol =

     []


kest =

    11

Trimming ...
Sparse SVD ...
Iteration	Fit Error
0		2.830451e+00

sig =

     1


ell =

     1


ell =

     1


tol =

     []


kest =

    11

Trimming ...
Sparse SVD ...
Iteration	Fit Error
0		2.821227e+00

sig =

     1


tol =

     []


kest =

    11

Trimming ...
Sparse SVD ...
Iteration	Fit Error
0		2.826381e+00

sig =

     1


ell =

     1


niter =

     []


ell =

     1


niter =

     []


niter =

     []


tol =

     []


kest =

    11

Trimming ...
Sparse SVD ...
Iteration	Fit Error
0		2.820564e+00

sig =

     1


tol =

     []


kest =

    11

Trimming ...
Sparse SVD ...
Iteration	Fit Error
0		2.824732e+00

sig =

     1


ell =

     1


niter =

     []


niter =

     []


niter =

     []


tol =

     []


kest =

    11

Trimming ...
Sparse SVD ...
Iteration	Fit Error
0		2.823316e+00

sig =

     1


niter =

     []


ell =

     1


ell =

     1


tol =

     []


kest =

    11

Trimming ...
Sparse SVD ...
Iteration	Fit Error
0		2.879880e+00

sig =

     1


tol =

     []


kest =

    11

Trimming ...
Sparse SVD ...
Iteration	Fit Error
0		2.839898e+00

sig =

     1


ell =

     1


ell =

     1


niter =

     []


tol =

     []


kest =

    11

Trimming ...
Sparse SVD ...
Iteration	Fit Error
0		2.880178e+00

sig =

     1


niter =

     []


tol =

     []


kest =

    11

Trimming ...
Sparse SVD ...
Iteration	Fit Error
0		2.877924e+00

sig =

     1


niter =

     []


ell =

     1


ell =

     1


tol =

     []


kest =

    11

Trimming ...
Sparse SVD ...
Iteration	Fit Error
0		2.881045e+00

sig =

     1


niter =

     []


ell =

     1


tol =

     []


kest =

    11

Trimming ...
Sparse SVD ...
Iteration	Fit Error
0		2.886065e+00

sig =

     1


tol =

     []


kest =

    11

Trimming ...
Sparse SVD ...
Iteration	Fit Error
0		2.882719e+00

sig =

     1


niter =

     []


tol =

     []


kest =

    11

Trimming ...
Sparse SVD ...
Iteration	Fit Error
0		2.889527e+00

sig =

     1


tol =

     []


kest =

    11

Trimming ...
Sparse SVD ...
Iteration	Fit Error
0		2.880206e+00

sig =

     1


ell =

     1


ell =

     1


ell =

     1


niter =

     []


ell =

     1


niter =

     []


tol =

     []


kest =

    11

Trimming ...
Sparse SVD ...
Iteration	Fit Error
0		2.882837e+00

sig =

     1


niter =

     []


niter =

     []


tol =

     []


kest =

    11

Trimming ...
Sparse SVD ...
Iteration	Fit Error
0		2.880054e+00

sig =

     1


niter =

     []


niter =

     []


tol =

     []


kest =

    11

Trimming ...
Sparse SVD ...
Iteration	Fit Error
0		2.882442e+00

sig =

     1


niter =

     []


ell =

     1


ell =

     1


ell =

     1


tol =

     []


kest =

    11

Trimming ...
Sparse SVD ...
Iteration	Fit Error
0		2.918017e+00

sig =

     1


tol =

     []


kest =

    11

Trimming ...
Sparse SVD ...
Iteration	Fit Error
0		2.896043e+00

sig =

     1


niter =

     []


ell =

     1


ell =

     1


tol =

     []


kest =

    11

Trimming ...
Sparse SVD ...
Iteration	Fit Error
0		2.916756e+00

sig =

     1


niter =

     []


tol =

     []


kest =

    11

Trimming ...
Sparse SVD ...
Iteration	Fit Error
0		2.916224e+00

sig =

     1


niter =

     []


ell =

     1


niter =

     []


tol =

     []


kest =

    11

Trimming ...
Sparse SVD ...
Iteration	Fit Error
0		2.915625e+00

sig =

     1


tol =

     []


kest =

    11

Trimming ...
Sparse SVD ...
Iteration	Fit Error
0		2.918536e+00

sig =

     1


ell =

     1


tol =

     []


kest =

    11

Trimming ...
Sparse SVD ...
Iteration	Fit Error
0		2.924250e+00

sig =

     1


ell =

     1


tol =

     []


kest =

    11

Trimming ...
Sparse SVD ...
Iteration	Fit Error
0		2.921759e+00

sig =

     1


ell =

     1


niter =

     []


ell =

     1


tol =

     []


kest =

    11

Trimming ...
Sparse SVD ...
Iteration	Fit Error
0		2.916084e+00

sig =

     1


ell =

     1


ell =

     1


niter =

     []


niter =

     []


niter =

     []


niter =

     []


niter =

     []


tol =

     []


kest =

    11

Trimming ...
Sparse SVD ...
Iteration	Fit Error
0		2.917781e+00

sig =

     1


niter =

     []


tol =

     []


kest =

    11

Trimming ...
Sparse SVD ...
Iteration	Fit Error
0		2.918074e+00

sig =

     1


ell =

     1


tol =

     []


kest =

    11

Trimming ...
Sparse SVD ...
Iteration	Fit Error
0		2.915184e+00

sig =

     1


ell =

     1


niter =

     []


ell =

     1


tol =

     []


kest =

    11

Trimming ...
Sparse SVD ...
Iteration	Fit Error
0		2.937157e+00

sig =

     1


ell =

     1


tol =

     []


kest =

    11

Trimming ...
Sparse SVD ...
Iteration	Fit Error
0		2.928768e+00

sig =

     1


niter =

     []


tol =

     []


kest =

    11

Trimming ...
Sparse SVD ...
Iteration	Fit Error
0		2.936041e+00

sig =

     1


niter =

     []


tol =

     []


kest =

    11

Trimming ...
Sparse SVD ...
Iteration	Fit Error
0		2.934688e+00

sig =

     1


tol =

     []


kest =

    11

Trimming ...
Sparse SVD ...
Iteration	Fit Error
0		2.939610e+00

sig =

     1


tol =

     []


kest =

    11

Trimming ...
Sparse SVD ...
Iteration	Fit Error
0		2.937696e+00

sig =

     1


ell =

     1


niter =

     []


ell =

     1


ell =

     1


ell =

     1


ell =

     1


tol =

     []


kest =

    11

Trimming ...
Sparse SVD ...
Iteration	Fit Error
0		2.937551e+00

sig =

     1


niter =

     []


ell =

     1


tol =

     []


kest =

    11

Trimming ...
Sparse SVD ...
Iteration	Fit Error
0		2.942671e+00

sig =

     1


tol =

     []


kest =

    11

Trimming ...
Sparse SVD ...
Iteration	Fit Error
0		2.935176e+00

sig =

     1


niter =

     []


ell =

     1


ell =

     1


niter =

     []


niter =

     []


niter =

     []


niter =

     []


niter =

     []


tol =

     []


kest =

    11

Trimming ...
Sparse SVD ...
Iteration	Fit Error
0		2.937091e+00

sig =

     1


niter =

     []


niter =

     []


ell =

     1


tol =

     []


kest =

    11

Trimming ...
Sparse SVD ...
Iteration	Fit Error
0		2.933617e+00

sig =

     1


tol =

     []


kest =

    11

Trimming ...
Sparse SVD ...
Iteration	Fit Error
0		2.939033e+00

sig =

     1


ell =

     1


ell =

     1


tol =

     []


kest =

    11

Trimming ...
Sparse SVD ...
Iteration	Fit Error
0		2.945112e+00

niter =

     []


tol =

     []


kest =

    11

Trimming ...
Sparse SVD ...
Iteration	Fit Error
0		2.944892e+00

sig =

     1


niter =

     []


niter =

     []

Run: 
     31 


chk0 =

   6.7154e-16


sig =

     1


ell =

     1


tol =

     []


kest =

    11

Trimming ...
Sparse SVD ...
Iteration	Fit Error
0		2.944080e+00
Run: 
     7 


tol =

     []


kest =

    11

Trimming ...
Sparse SVD ...
Iteration	Fit Error
0		2.943992e+00

tol =

     []


kest =

    11

Trimming ...
Sparse SVD ...
Iteration	Fit Error
0		2.947145e+00

tol =

     []


kest =

    11

Trimming ...
Sparse SVD ...
Iteration	Fit Error
0		2.947597e+00
Run: 
     10 


ell =

     1


chk0 =

   6.7367e-16


sig =

     1


ell =

     1

Run: 
     32 


chk0 =

   6.7308e-16


sig =

     1


ell =

     1

Run: 
     33 


chk0 =

   4.8446e-16


sig =

     1


ell =

     1


chk0 =

   8.9350e-16


sig =

     1


ell =

     1


tol =

     []


kest =

    11

Trimming ...
Sparse SVD ...
Iteration	Fit Error
0		2.946933e+00
Run: 
     1 


tol =

     []


kest =

    11

Trimming ...
Sparse SVD ...
Iteration	Fit Error
0		2.943949e+00

tol =

     []


kest =

    11

Trimming ...
Sparse SVD ...
Iteration	Fit Error
0		2.952148e+00

chk0 =

   7.8167e-16


sig =

     1


ell =

     1

Run: 
     34 


chk0 =

   6.6966e-16


sig =

     1


ell =

     1


niter =

     []

Run: 
     35 


chk0 =

   1.1133e-15


sig =

     1


ell =

     1


niter =

     []


niter =

     []


niter =

     []


tol =

     []


kest =

    11

Trimming ...
Sparse SVD ...
Iteration	Fit Error
0		2.941883e+00

niter =

     []


niter =

     []


tol =

     []


kest =

    11

Trimming ...
Sparse SVD ...
Iteration	Fit Error
0		2.947316e+00
Run: 
     4 

Run: 
     36 


chk0 =

   1.1123e-15


sig =

     1


ell =

     1


niter =

     []


chk0 =

   6.7540e-16


sig =

     1


ell =

     1


tol =

     []


kest =

    11

Trimming ...
Sparse SVD ...
Iteration	Fit Error
0		2.946798e+00
Run: 
     13 


niter =

     []


niter =

     []


chk0 =

   1.3425e-15


sig =

     1


ell =

     1


niter =

     []


niter =

     []


niter =

     []


tol =

     []


kest =

    11

Trimming ...
Sparse SVD ...
Iteration	Fit Error
0		2.048329e+00

sig =

     1


tol =

     []


kest =

    11

Trimming ...
Sparse SVD ...
Iteration	Fit Error
0		2.018573e+00

sig =

     1


tol =

     []


kest =

    11

Trimming ...
Sparse SVD ...
Iteration	Fit Error
0		2.951247e+00
Run: 
     16 


tol =

     []


kest =

    11

Trimming ...
Sparse SVD ...
Iteration	Fit Error
0		2.047080e+00

sig =

     1


ell =

     1


chk0 =

   7.8317e-16


sig =

     1


ell =

     1


ell =

     1


ell =

     1


tol =

     []


kest =

    11

Trimming ...
Sparse SVD ...
Iteration	Fit Error
0		2.033186e+00

sig =

     1


tol =

     []


kest =

    11

Trimming ...
Sparse SVD ...
Iteration	Fit Error
0		2.014488e+00

sig =

     1


ell =

     1


ell =

     1


tol =

     []


kest =

    11

Trimming ...
Sparse SVD ...
Iteration	Fit Error
0		2.051375e+00

sig =

     1


tol =

     []


kest =

    11

Trimming ...
Sparse SVD ...
Iteration	Fit Error
0		2.011014e+00

sig =

     1


tol =

     []


kest =

    11

Trimming ...
Sparse SVD ...
Iteration	Fit Error
0		2.010572e+00

sig =

     1


niter =

     []


ell =

     1


ell =

     1


tol =

     []


kest =

    11

Trimming ...
Sparse SVD ...
Iteration	Fit Error
0		2.024508e+00

sig =

     1


ell =

     1


ell =

     1


niter =

     []


niter =

     []


niter =

     []


niter =

     []


niter =

     []


tol =

     []


kest =

    11

Trimming ...
Sparse SVD ...
Iteration	Fit Error
0		2.043033e+00

sig =

     1


niter =

     []


niter =

     []


ell =

     1


tol =

     []


kest =

    11

Trimming ...
Sparse SVD ...
Iteration	Fit Error
0		2.045445e+00

sig =

     1


niter =

     []


ell =

     1


tol =

     []


kest =

    11

Trimming ...
Sparse SVD ...
Iteration	Fit Error
0		2.262332e+00

sig =

     1


niter =

     []


niter =

     []


ell =

     1


tol =

     []


kest =

    11

Trimming ...
Sparse SVD ...
Iteration	Fit Error
0		2.234639e+00

sig =

     1


niter =

     []


tol =

     []


kest =

    11

Trimming ...
Sparse SVD ...
Iteration	Fit Error
0		2.249806e+00

sig =

     1


ell =

     1


tol =

     []


kest =

    11

Trimming ...
Sparse SVD ...
Iteration	Fit Error
0		2.259267e+00

sig =

     1


ell =

     1


tol =

     []


kest =

    11

Trimming ...
Sparse SVD ...
Iteration	Fit Error
0		2.268278e+00

sig =

     1


tol =

     []


kest =

    11

Trimming ...
Sparse SVD ...
Iteration	Fit Error
0		2.018518e+00

sig =

     1


ell =

     1


tol =

     []


kest =

    11

Trimming ...
Sparse SVD ...
Iteration	Fit Error
0		2.232824e+00

sig =

     1


ell =

     1


ell =

     1


tol =

     []


kest =

    11

Trimming ...
Sparse SVD ...
Iteration	Fit Error
0		2.229853e+00

sig =

     1


ell =

     1


ell =

     1


tol =

     []


kest =

    11

Trimming ...
Sparse SVD ...
Iteration	Fit Error
0		2.227305e+00

sig =

     1


niter =

     []


ell =

     1


tol =

     []


kest =

    11

Trimming ...
Sparse SVD ...
Iteration	Fit Error
0		2.240817e+00

sig =

     1


niter =

     []


niter =

     []


ell =

     1


niter =

     []


niter =

     []


niter =

     []


tol =

     []


kest =

    11

Trimming ...
Sparse SVD ...
Iteration	Fit Error
0		2.259423e+00

sig =

     1


niter =

     []


tol =

     []


kest =

    11

Trimming ...
Sparse SVD ...
Iteration	Fit Error
0		2.259956e+00

sig =

     1


niter =

     []


ell =

     1


ell =

     1


niter =

     []


niter =

     []


tol =

     []


kest =

    11

Trimming ...
Sparse SVD ...
Iteration	Fit Error
0		2.454054e+00

sig =

     1


niter =

     []


niter =

     []


ell =

     1


tol =

     []


kest =

    11

Trimming ...
Sparse SVD ...
Iteration	Fit Error
0		2.428928e+00

sig =

     1


tol =

     []


kest =

    11

Trimming ...
Sparse SVD ...
Iteration	Fit Error
0		2.430835e+00

sig =

     1


tol =

     []


kest =

    11

Trimming ...
Sparse SVD ...
Iteration	Fit Error
0		2.454479e+00

sig =

     1


tol =

     []


kest =

    11

Trimming ...
Sparse SVD ...
Iteration	Fit Error
0		2.444576e+00

sig =

     1


ell =

     1


tol =

     []


kest =

    11

Trimming ...
Sparse SVD ...
Iteration	Fit Error
0		2.462309e+00

sig =

     1


tol =

     []


kest =

    11

Trimming ...
Sparse SVD ...
Iteration	Fit Error
0		2.236456e+00

sig =

     1


ell =

     1


ell =

     1


ell =

     1


ell =

     1


ell =

     1


tol =

     []


kest =

    11

Trimming ...
Sparse SVD ...
Iteration	Fit Error
0		2.424801e+00

sig =

     1


ell =

     1


niter =

     []


tol =

     []


kest =

    11

Trimming ...
Sparse SVD ...
Iteration	Fit Error
0		2.428509e+00

sig =

     1


niter =

     []


niter =

     []


ell =

     1


tol =

     []


kest =

    11

Trimming ...
Sparse SVD ...
Iteration	Fit Error
0		2.455276e+00

sig =

     1


tol =

     []


kest =

    11

Trimming ...
Sparse SVD ...
Iteration	Fit Error
0		2.436147e+00

sig =

     1


niter =

     []


niter =

     []


ell =

     1


tol =

     []


kest =

    11

Trimming ...
Sparse SVD ...
Iteration	Fit Error
0		2.452160e+00

sig =

     1


ell =

     1


niter =

     []


niter =

     []


ell =

     1


niter =

     []


niter =

     []


niter =

     []


niter =

     []


tol =

     []


kest =

    11

Trimming ...
Sparse SVD ...
Iteration	Fit Error
0		2.613567e+00

sig =

     1


tol =

     []


kest =

    11

Trimming ...
Sparse SVD ...
Iteration	Fit Error
0		2.617108e+00

sig =

     1


niter =

     []


ell =

     1


tol =

     []


kest =

    11

Trimming ...
Sparse SVD ...
Iteration	Fit Error
0		2.590975e+00

sig =

     1


tol =

     []


kest =

    11

Trimming ...
Sparse SVD ...
Iteration	Fit Error
0		2.620848e+00

sig =

     1


ell =

     1


ell =

     1


ell =

     1


tol =

     []


kest =

    11

Trimming ...
Sparse SVD ...
Iteration	Fit Error
0		2.595627e+00

sig =

     1


tol =

     []


kest =

    11

Trimming ...
Sparse SVD ...
Iteration	Fit Error
0		2.607185e+00

sig =

     1


ell =

     1


tol =

     []


kest =

    11

Trimming ...
Sparse SVD ...
Iteration	Fit Error
0		2.431411e+00

sig =

     1


tol =

     []


kest =

    11

Trimming ...
Sparse SVD ...
Iteration	Fit Error
0		2.590431e+00

sig =

     1


ell =

     1


ell =

     1


tol =

     []


kest =

    11

Trimming ...
Sparse SVD ...
Iteration	Fit Error
0		2.593140e+00

sig =

     1


ell =

     1


tol =

     []


kest =

    11

Trimming ...
Sparse SVD ...
Iteration	Fit Error
0		2.600679e+00

sig =

     1


niter =

     []


ell =

     1


niter =

     []


niter =

     []


ell =

     1


niter =

     []


tol =

     []


kest =

    11

Trimming ...
Sparse SVD ...
Iteration	Fit Error
0		2.618153e+00

sig =

     1


niter =

     []


ell =

     1


niter =

     []


niter =

     []


tol =

     []


kest =

    11

Trimming ...
Sparse SVD ...
Iteration	Fit Error
0		2.614643e+00

sig =

     1


niter =

     []


ell =

     1


niter =

     []


niter =

     []


niter =

     []


tol =

     []


kest =

    11

Trimming ...
Sparse SVD ...
Iteration	Fit Error
0		2.736207e+00

sig =

     1


tol =

     []


kest =

    11

Trimming ...
Sparse SVD ...
Iteration	Fit Error
0		2.718437e+00

sig =

     1


tol =

     []


kest =

    11

Trimming ...
Sparse SVD ...
Iteration	Fit Error
0		2.742889e+00

sig =

     1


niter =

     []


ell =

     1


tol =

     []


kest =

    11

Trimming ...
Sparse SVD ...
Iteration	Fit Error
0		2.741548e+00

sig =

     1


ell =

     1


ell =

     1


ell =

     1


tol =

     []


kest =

    11

Trimming ...
Sparse SVD ...
Iteration	Fit Error
0		2.732313e+00

sig =

     1


tol =

     []


kest =

    11

Trimming ...
Sparse SVD ...
Iteration	Fit Error
0		2.722469e+00

sig =

     1


ell =

     1


tol =

     []


kest =

    11

Trimming ...
Sparse SVD ...
Iteration	Fit Error
0		2.719309e+00

sig =

     1


ell =

     1


tol =

     []


kest =

    11

Trimming ...
Sparse SVD ...
Iteration	Fit Error
0		2.597447e+00

sig =

     1


tol =

     []


kest =

    11

Trimming ...
Sparse SVD ...
Iteration	Fit Error
0		2.721268e+00

sig =

     1


ell =

     1


niter =

     []


tol =

     []


kest =

    11

Trimming ...
Sparse SVD ...
Iteration	Fit Error
0		2.728042e+00

sig =

     1


niter =

     []


ell =

     1


ell =

     1


niter =

     []


ell =

     1


niter =

     []


tol =

     []


kest =

    11

Trimming ...
Sparse SVD ...
Iteration	Fit Error
0		2.740797e+00

sig =

     1


niter =

     []


niter =

     []


ell =

     1


niter =

     []


tol =

     []


kest =

    11

Trimming ...
Sparse SVD ...
Iteration	Fit Error
0		2.739775e+00

sig =

     1


ell =

     1


niter =

     []


niter =

     []


niter =

     []


niter =

     []


tol =

     []


kest =

    11

Trimming ...
Sparse SVD ...
Iteration	Fit Error
0		2.830639e+00

sig =

     1


tol =

     []


kest =

    11

Trimming ...
Sparse SVD ...
Iteration	Fit Error
0		2.810701e+00

sig =

     1


tol =

     []


kest =

    11

Trimming ...
Sparse SVD ...
Iteration	Fit Error
0		2.829744e+00

sig =

     1


niter =

     []


tol =

     []


kest =

    11

Trimming ...
Sparse SVD ...
Iteration	Fit Error
0		2.825109e+00

sig =

     1


ell =

     1


ell =

     1


ell =

     1


ell =

     1


tol =

     []


kest =

    11

Trimming ...
Sparse SVD ...
Iteration	Fit Error
0		2.820904e+00

sig =

     1


tol =

     []


kest =

    11

Trimming ...
Sparse SVD ...
Iteration	Fit Error
0		2.814521e+00

sig =

     1


ell =

     1


niter =

     []


ell =

     1


tol =

     []


kest =

    11

Trimming ...
Sparse SVD ...
Iteration	Fit Error
0		2.812149e+00

sig =

     1


ell =

     1


niter =

     []


tol =

     []


kest =

    11

Trimming ...
Sparse SVD ...
Iteration	Fit Error
0		2.817915e+00

sig =

     1


niter =

     []


niter =

     []


tol =

     []


kest =

    11

Trimming ...
Sparse SVD ...
Iteration	Fit Error
0		2.726063e+00

sig =

     1


tol =

     []


kest =

    11

Trimming ...
Sparse SVD ...
Iteration	Fit Error
0		2.812855e+00

sig =

     1


tol =

     []


kest =

    11

Trimming ...
Sparse SVD ...
Iteration	Fit Error
0		2.826760e+00

sig =

     1


niter =

     []


ell =

     1


ell =

     1


ell =

     1


ell =

     1


niter =

     []


niter =

     []


tol =

     []


kest =

    11

Trimming ...
Sparse SVD ...
Iteration	Fit Error
0		2.827800e+00

sig =

     1


niter =

     []


ell =

     1


niter =

     []


tol =

     []


kest =

    11

Trimming ...
Sparse SVD ...
Iteration	Fit Error
0		2.871594e+00

sig =

     1


niter =

     []


niter =

     []


ell =

     1


tol =

     []


kest =

    11

Trimming ...
Sparse SVD ...
Iteration	Fit Error
0		2.889541e+00

sig =

     1


tol =

     []


kest =

    11

Trimming ...
Sparse SVD ...
Iteration	Fit Error
0		2.885236e+00

sig =

     1


tol =

     []


kest =

    11

Trimming ...
Sparse SVD ...
Iteration	Fit Error
0		2.875723e+00

sig =

     1


niter =

     []


tol =

     []


kest =

    11

Trimming ...
Sparse SVD ...
Iteration	Fit Error
0		2.881579e+00

sig =

     1


ell =

     1


ell =

     1


ell =

     1


ell =

     1


tol =

     []


kest =

    11

Trimming ...
Sparse SVD ...
Iteration	Fit Error
0		2.881366e+00

sig =

     1


niter =

     []


tol =

     []


kest =

    11

Trimming ...
Sparse SVD ...
Iteration	Fit Error
0		2.874586e+00

sig =

     1


ell =

     1


tol =

     []


kest =

    11

Trimming ...
Sparse SVD ...
Iteration	Fit Error
0		2.883539e+00

sig =

     1


ell =

     1


niter =

     []


ell =

     1


niter =

     []


niter =

     []


tol =

     []


kest =

    11

Trimming ...
Sparse SVD ...
Iteration	Fit Error
0		2.877304e+00

sig =

     1


niter =

     []


tol =

     []


kest =

    11

Trimming ...
Sparse SVD ...
Iteration	Fit Error
0		2.816408e+00

sig =

     1


tol =

     []


kest =

    11

Trimming ...
Sparse SVD ...
Iteration	Fit Error
0		2.873197e+00

sig =

     1


ell =

     1


ell =

     1


ell =

     1


niter =

     []


niter =

     []


niter =

     []


niter =

     []


niter =

     []


tol =

     []


kest =

    11

Trimming ...
Sparse SVD ...
Iteration	Fit Error
0		2.887480e+00

sig =

     1


tol =

     []


kest =

    11

Trimming ...
Sparse SVD ...
Iteration	Fit Error
0		2.909422e+00

sig =

     1


niter =

     []


ell =

     1


ell =

     1


tol =

     []


kest =

    11

Trimming ...
Sparse SVD ...
Iteration	Fit Error
0		2.919587e+00

sig =

     1


niter =

     []


ell =

     1


tol =

     []


kest =

    11

Trimming ...
Sparse SVD ...
Iteration	Fit Error
0		2.914656e+00

sig =

     1


tol =

     []


kest =

    11

Trimming ...
Sparse SVD ...
Iteration	Fit Error
0		2.918037e+00

sig =

     1


tol =

     []


kest =

    11

Trimming ...
Sparse SVD ...
Iteration	Fit Error
0		2.923371e+00

sig =

     1


niter =

     []


ell =

     1


ell =

     1


ell =

     1


tol =

     []


kest =

    11

Trimming ...
Sparse SVD ...
Iteration	Fit Error
0		2.918257e+00

sig =

     1


ell =

     1


tol =

     []


kest =

    11

Trimming ...
Sparse SVD ...
Iteration	Fit Error
0		2.912711e+00

sig =

     1


tol =

     []


kest =

    11

Trimming ...
Sparse SVD ...
Iteration	Fit Error
0		2.913513e+00

sig =

     1


tol =

     []


kest =

    11

Trimming ...
Sparse SVD ...
Iteration	Fit Error
0		2.918481e+00

sig =

     1


niter =

     []


tol =

     []


kest =

    11

Trimming ...
Sparse SVD ...
Iteration	Fit Error
0		2.876561e+00

sig =

     1


ell =

     1


ell =

     1


ell =

     1


niter =

     []


ell =

     1


tol =

     []


kest =

    11

Trimming ...
Sparse SVD ...
Iteration	Fit Error
0		2.910050e+00

sig =

     1


niter =

     []


niter =

     []


niter =

     []


ell =

     1


niter =

     []


niter =

     []


tol =

     []


kest =

    11

Trimming ...
Sparse SVD ...
Iteration	Fit Error
0		2.924650e+00

sig =

     1


niter =

     []


ell =

     1


niter =

     []


tol =

     []


kest =

    11

Trimming ...
Sparse SVD ...
Iteration	Fit Error
0		2.929947e+00

sig =

     1


ell =

     1


niter =

     []


tol =

     []


kest =

    11

Trimming ...
Sparse SVD ...
Iteration	Fit Error
0		2.938417e+00

sig =

     1


niter =

     []


tol =

     []


kest =

    11

Trimming ...
Sparse SVD ...
Iteration	Fit Error
0		2.936149e+00

sig =

     1


tol =

     []


kest =

    11

Trimming ...
Sparse SVD ...
Iteration	Fit Error
0		2.940884e+00

sig =

     1


niter =

     []


ell =

     1


tol =

     []


kest =

    11

Trimming ...
Sparse SVD ...
Iteration	Fit Error
0		2.935595e+00

sig =

     1


ell =

     1


ell =

     1


tol =

     []


kest =

    11

Trimming ...
Sparse SVD ...
Iteration	Fit Error
0		2.938729e+00

sig =

     1


ell =

     1


tol =

     []


kest =

    11

Trimming ...
Sparse SVD ...
Iteration	Fit Error
0		2.936688e+00

sig =

     1


ell =

     1


tol =

     []


kest =

    11

Trimming ...
Sparse SVD ...
Iteration	Fit Error
0		2.912006e+00

sig =

     1


ell =

     1


tol =

     []


kest =

    11

Trimming ...
Sparse SVD ...
Iteration	Fit Error
0		2.934880e+00

sig =

     1


niter =

     []


ell =

     1


ell =

     1


niter =

     []


tol =

     []


kest =

    11

Trimming ...
Sparse SVD ...
Iteration	Fit Error
0		2.933186e+00

sig =

     1


ell =

     1


niter =

     []


niter =

     []


tol =

     []


kest =

    11

Trimming ...
Sparse SVD ...
Iteration	Fit Error
0		2.931218e+00

sig =

     1


niter =

     []


niter =

     []


ell =

     1


niter =

     []


niter =

     []


tol =

     []


kest =

    11

Trimming ...
Sparse SVD ...
Iteration	Fit Error
0		2.943887e+00

sig =

     1


tol =

     []


kest =

    11

Trimming ...
Sparse SVD ...
Iteration	Fit Error
0		2.941089e+00

ell =

     1


niter =

     []

Run: 
     37 


chk0 =

   1.1127e-15


sig =

     1


ell =

     1


tol =

     []


kest =

    11

Trimming ...
Sparse SVD ...
Iteration	Fit Error
0		2.947912e+00

tol =

     []


kest =

    11

Trimming ...
Sparse SVD ...
Iteration	Fit Error
0		2.947145e+00

niter =

     []


niter =

     []

Run: 
     38 


chk0 =

   1.4475e-15


sig =

     1


ell =

     1

Run: 
     39 


chk0 =

   5.6684e-16


sig =

     1


ell =

     1


tol =

     []


kest =

    11

Trimming ...
Sparse SVD ...
Iteration	Fit Error
0		2.944783e+00

tol =

     []


kest =

    11

Trimming ...
Sparse SVD ...
Iteration	Fit Error
0		2.944501e+00

tol =

     []


kest =

    11

Trimming ...
Sparse SVD ...
Iteration	Fit Error
0		2.946321e+00

tol =

     []


kest =

    11

Trimming ...
Sparse SVD ...
Iteration	Fit Error
0		2.945921e+00

niter =

     []


tol =

     []


kest =

    11

Trimming ...
Sparse SVD ...
Iteration	Fit Error
0		2.945917e+00
Run: 
     40 


chk0 =

   1.3353e-15


sig =

     1


ell =

     1


tol =

     []


kest =

    11

Trimming ...
Sparse SVD ...
Iteration	Fit Error
0		2.930425e+00

sig =

     1


tol =

     []


kest =

    11

Trimming ...
Sparse SVD ...
Iteration	Fit Error
0		2.943349e+00

niter =

     []


ell =

     1


niter =

     []


tol =

     []


kest =

    11

Trimming ...
Sparse SVD ...
Iteration	Fit Error
0		2.941269e+00

niter =

     []


tol =

     []


kest =

    11

Trimming ...
Sparse SVD ...
Iteration	Fit Error
0		2.951613e+00

niter =

     []


tol =

     []


kest =

    11

Trimming ...
Sparse SVD ...
Iteration	Fit Error
0		2.001619e+00

sig =

     1


ell =

     1


tol =

     []


kest =

    11

Trimming ...
Sparse SVD ...
Iteration	Fit Error
0		2.039674e+00

sig =

     1


tol =

     []


kest =

    11

Trimming ...
Sparse SVD ...
Iteration	Fit Error
0		2.054402e+00

sig =

     1


ell =

     1


ell =

     1


niter =

     []


tol =

     []


kest =

    11

Trimming ...
Sparse SVD ...
Iteration	Fit Error
0		2.033719e+00

sig =

     1


tol =

     []


kest =

    11

Trimming ...
Sparse SVD ...
Iteration	Fit Error
0		2.940060e+00

ell =

     1


niter =

     []


niter =

     []


niter =

     []


tol =

     []


kest =

    11

Trimming ...
Sparse SVD ...
Iteration	Fit Error
0		2.218746e+00

sig =

     1


tol =

     []


kest =

    11

Trimming ...
Sparse SVD ...
Iteration	Fit Error
0		2.269873e+00

sig =

     1


ell =

     1


ell =

     1


tol =

     []


kest =

    11

Trimming ...
Sparse SVD ...
Iteration	Fit Error
0		2.254641e+00

sig =

     1


ell =

     1


niter =

     []


tol =

     []


kest =

    11

Trimming ...
Sparse SVD ...
Iteration	Fit Error
0		2.249864e+00

sig =

     1


niter =

     []


ell =

     1


niter =

     []


niter =

     []


tol =

     []


kest =

    11

Trimming ...
Sparse SVD ...
Iteration	Fit Error
0		2.416521e+00

sig =

     1


ell =

     1


tol =

     []


kest =

    11

Trimming ...
Sparse SVD ...
Iteration	Fit Error
0		2.448416e+00

sig =

     1


ell =

     1


tol =

     []


kest =

    11

Trimming ...
Sparse SVD ...
Iteration	Fit Error
0		2.464477e+00

sig =

     1


ell =

     1


niter =

     []


tol =

     []


kest =

    11

Trimming ...
Sparse SVD ...
Iteration	Fit Error
0		2.445529e+00

sig =

     1


niter =

     []


ell =

     1


niter =

     []


tol =

     []


kest =

    11

Trimming ...
Sparse SVD ...
Iteration	Fit Error
0		2.583511e+00

sig =

     1


niter =

     []


ell =

     1


tol =

     []


kest =

    11

Trimming ...
Sparse SVD ...
Iteration	Fit Error
0		2.609418e+00

sig =

     1


ell =

     1


tol =

     []


kest =

    11

Trimming ...
Sparse SVD ...
Iteration	Fit Error
0		2.624118e+00

sig =

     1


ell =

     1


niter =

     []


niter =

     []


tol =

     []


kest =

    11

Trimming ...
Sparse SVD ...
Iteration	Fit Error
0		2.607362e+00

sig =

     1


ell =

     1


niter =

     []


tol =

     []


kest =

    11

Trimming ...
Sparse SVD ...
Iteration	Fit Error
0		2.714775e+00

sig =

     1


niter =

     []


ell =

     1


tol =

     []


kest =

    11

Trimming ...
Sparse SVD ...
Iteration	Fit Error
0		2.730827e+00

sig =

     1


niter =

     []


ell =

     1


tol =

     []


kest =

    11

Trimming ...
Sparse SVD ...
Iteration	Fit Error
0		2.747433e+00

sig =

     1


ell =

     1


niter =

     []


niter =

     []


tol =

     []


kest =

    11

Trimming ...
Sparse SVD ...
Iteration	Fit Error
0		2.732407e+00

sig =

     1


ell =

     1


tol =

     []


kest =

    11

Trimming ...
Sparse SVD ...
Iteration	Fit Error
0		2.810512e+00

sig =

     1


ell =

     1


niter =

     []


tol =

     []


kest =

    11

Trimming ...
Sparse SVD ...
Iteration	Fit Error
0		2.833752e+00

sig =

     1


ell =

     1


tol =

     []


kest =

    11

Trimming ...
Sparse SVD ...
Iteration	Fit Error
0		2.821255e+00

sig =

     1


niter =

     []


ell =

     1


niter =

     []


niter =

     []


tol =

     []


kest =

    11

Trimming ...
Sparse SVD ...
Iteration	Fit Error
0		2.823042e+00

sig =

     1


ell =

     1


tol =

     []


kest =

    11

Trimming ...
Sparse SVD ...
Iteration	Fit Error
0		2.890629e+00

sig =

     1


tol =

     []


kest =

    11

Trimming ...
Sparse SVD ...
Iteration	Fit Error
0		2.874507e+00

sig =

     1


niter =

     []


ell =

     1


ell =

     1


tol =

     []


kest =

    11

Trimming ...
Sparse SVD ...
Iteration	Fit Error
0		2.882858e+00

sig =

     1


ell =

     1


niter =

     []


niter =

     []


niter =

     []


tol =

     []


kest =

    11

Trimming ...
Sparse SVD ...
Iteration	Fit Error
0		2.882032e+00

sig =

     1


ell =

     1


tol =

     []


kest =

    11

Trimming ...
Sparse SVD ...
Iteration	Fit Error
0		2.924472e+00

sig =

     1


tol =

     []


kest =

    11

Trimming ...
Sparse SVD ...
Iteration	Fit Error
0		2.912065e+00

sig =

     1


niter =

     []


ell =

     1


ell =

     1


tol =

     []


kest =

    11

Trimming ...
Sparse SVD ...
Iteration	Fit Error
0		2.919913e+00

sig =

     1


ell =

     1


niter =

     []


niter =

     []


niter =

     []


tol =

     []


kest =

    11

Trimming ...
Sparse SVD ...
Iteration	Fit Error
0		2.916083e+00

sig =

     1


ell =

     1


tol =

     []


kest =

    11

Trimming ...
Sparse SVD ...
Iteration	Fit Error
0		2.941169e+00

sig =

     1


niter =

     []


ell =

     1


tol =

     []


kest =

    11

Trimming ...
Sparse SVD ...
Iteration	Fit Error
0		2.933645e+00

sig =

     1


tol =

     []


kest =

    11

Trimming ...
Sparse SVD ...
Iteration	Fit Error
0		2.939699e+00

sig =

     1


niter =

     []


ell =

     1


ell =

     1


niter =

     []


niter =

     []


tol =

     []


kest =

    11

Trimming ...
Sparse SVD ...
Iteration	Fit Error
0		2.933430e+00

sig =

     1


ell =

     1


tol =

     []


kest =

    11

Trimming ...
Sparse SVD ...
Iteration	Fit Error
0		2.948071e+00

niter =

     []


tol =

     []


kest =

    11

Trimming ...
Sparse SVD ...
Iteration	Fit Error
0		2.943806e+00

tol =

     []


kest =

    11

Trimming ...
Sparse SVD ...
Iteration	Fit Error
0		2.949570e+00

tol =

     []


kest =

    11

Trimming ...
Sparse SVD ...
Iteration	Fit Error
0		2.942274e+00

timing =

   5.4242e+02


errs_opt =

  Columns 1 through 6

   3.2431e-01   4.1511e-01   5.2715e-01   6.8681e-01   8.9891e-01   1.1477e+00
   3.3005e-01   4.1976e-01   5.3267e-01   6.8123e-01   8.7909e-01   1.1281e+00
   3.3122e-01   4.2469e-01   5.4454e-01   7.0154e-01   8.9753e-01   1.1611e+00
   3.3072e-01   4.2480e-01   5.4287e-01   7.0253e-01   9.2480e-01   1.1968e+00
   3.2688e-01   4.2062e-01   5.3763e-01   6.8757e-01   8.9943e-01   1.1519e+00
   3.3288e-01   4.2432e-01   5.4250e-01   7.0181e-01   9.0546e-01   1.1541e+00
   3.3308e-01   4.2817e-01   5.4404e-01   7.0189e-01   9.0888e-01   1.1749e+00
   3.2996e-01   4.2211e-01   5.4317e-01   7.0094e-01   9.0666e-01   1.1574e+00
   3.2701e-01   4.1669e-01   5.3313e-01   6.8481e-01   8.8197e-01   1.1460e+00
   3.3881e-01   4.3362e-01   5.5573e-01   7.1909e-01   9.2732e-01   1.1971e+00
   3.3228e-01   4.2490e-01   5.4463e-01   6.9157e-01   8.8709e-01   1.1425e+00
   3.4562e-01   4.3302e-01   5.4901e-01   7.0342e-01   8.9881e-01   1.1493e+00
   3.4260e-01   4.3283e-01   5.4402e-01   6.9320e-01   9.1033e-01   1.1600e+00
   3.3386e-01   4.2457e-01   5.4696e-01   7.0417e-01   9.0679e-01   1.1698e+00
   3.2466e-01   4.1508e-01   5.3068e-01   6.8500e-01   8.8741e-01   1.1471e+00
   3.2991e-01   4.1801e-01   5.3129e-01   6.8106e-01   8.8098e-01   1.1462e+00
   3.2987e-01   4.2086e-01   5.4116e-01   6.9404e-01   9.0146e-01   1.1667e+00
   3.3626e-01   4.2844e-01   5.4929e-01   7.1094e-01   9.2879e-01   1.1965e+00
   3.3559e-01   4.2976e-01   5.4930e-01   7.1432e-01   9.2315e-01   1.1772e+00
   3.4244e-01   4.3484e-01   5.6008e-01   7.1794e-01   9.2955e-01   1.1842e+00
   3.3799e-01   4.3193e-01   5.4911e-01   7.0358e-01   9.1140e-01   1.1756e+00
   3.3631e-01   4.2307e-01   5.3519e-01   6.8826e-01   8.9580e-01   1.1460e+00
   3.3912e-01   4.2835e-01   5.3942e-01   6.9056e-01   8.9626e-01   1.1599e+00
   3.3078e-01   4.2223e-01   5.4023e-01   6.9531e-01   9.0109e-01   1.1546e+00
   3.3904e-01   4.3296e-01   5.5309e-01   7.1772e-01   9.2929e-01   1.1888e+00
   3.3864e-01   4.2975e-01   5.4774e-01   7.0045e-01   9.0195e-01   1.1616e+00
   3.3399e-01   4.3156e-01   5.4795e-01   6.9850e-01   9.1081e-01   1.1657e+00
   3.2530e-01   4.1636e-01   5.2810e-01   6.7201e-01   8.7054e-01   1.1258e+00
   3.2868e-01   4.1865e-01   5.3419e-01   6.8813e-01   8.8987e-01   1.1441e+00
   3.3422e-01   4.1928e-01   5.2613e-01   6.7141e-01   8.6378e-01   1.1170e+00
   3.4068e-01   4.3414e-01   5.5031e-01   7.0781e-01   9.1975e-01   1.1776e+00
   3.2982e-01   4.2021e-01   5.3401e-01   6.8748e-01   8.9029e-01   1.1420e+00
   3.2726e-01   4.1944e-01   5.4176e-01   6.8873e-01   8.7947e-01   1.1326e+00
   3.3002e-01   4.1845e-01   5.2906e-01   6.7798e-01   8.7819e-01   1.1383e+00
   3.1766e-01   4.0676e-01   5.2566e-01   6.7326e-01   8.7023e-01   1.1338e+00
   3.3645e-01   4.2379e-01   5.3849e-01   6.9082e-01   8.9894e-01   1.1576e+00
   3.2668e-01   4.1706e-01   5.3202e-01   6.8039e-01   8.7433e-01   1.1150e+00
   3.3186e-01   4.2279e-01   5.3747e-01   6.9845e-01   9.1721e-01   1.2008e+00
   3.3046e-01   4.2617e-01   5.4346e-01   6.9964e-01   8.9740e-01   1.1463e+00
   3.3326e-01   4.2082e-01   5.3550e-01   6.8389e-01   8.8642e-01   1.1458e+00

  Columns 7 through 10

   1.4677e+00   1.8682e+00   2.3757e+00   2.9627e+00
   1.4534e+00   1.8760e+00   2.3768e+00   2.9702e+00
   1.4855e+00   1.9248e+00   2.4393e+00   3.0501e+00
   1.5243e+00   1.9306e+00   2.4248e+00   3.0211e+00
   1.4832e+00   1.8964e+00   2.4032e+00   2.9948e+00
   1.4839e+00   1.9005e+00   2.3928e+00   3.0011e+00
   1.5141e+00   1.9545e+00   2.4602e+00   3.0569e+00
   1.4795e+00   1.8893e+00   2.4047e+00   2.9887e+00
   1.4656e+00   1.8875e+00   2.4023e+00   3.0019e+00
   1.5332e+00   1.9569e+00   2.4574e+00   3.0559e+00
   1.4502e+00   1.8634e+00   2.3721e+00   2.9624e+00
   1.4775e+00   1.8886e+00   2.3988e+00   3.0019e+00
   1.4807e+00   1.9096e+00   2.4498e+00   3.0759e+00
   1.4974e+00   1.9007e+00   2.4087e+00   2.9940e+00
   1.4590e+00   1.8603e+00   2.3700e+00   2.9615e+00
   1.4811e+00   1.8825e+00   2.3540e+00   2.9295e+00
   1.5138e+00   1.9389e+00   2.4347e+00   3.0192e+00
   1.5323e+00   1.9482e+00   2.4831e+00   3.0745e+00
   1.5015e+00   1.9158e+00   2.4174e+00   3.0296e+00
   1.5047e+00   1.9215e+00   2.4288e+00   3.0634e+00
   1.5063e+00   1.9155e+00   2.4164e+00   3.0205e+00
   1.4557e+00   1.8691e+00   2.3728e+00   2.9664e+00
   1.4783e+00   1.9147e+00   2.4387e+00   3.0122e+00
   1.4553e+00   1.8624e+00   2.3750e+00   2.9655e+00
   1.5110e+00   1.9337e+00   2.4487e+00   3.0553e+00
   1.4896e+00   1.9129e+00   2.4260e+00   3.0080e+00
   1.4916e+00   1.9179e+00   2.4425e+00   3.0596e+00
   1.4429e+00   1.8565e+00   2.3631e+00   2.9547e+00
   1.4662e+00   1.8997e+00   2.3973e+00   3.0094e+00
   1.4408e+00   1.8746e+00   2.3738e+00   2.9613e+00
   1.5207e+00   1.9321e+00   2.4546e+00   3.0391e+00
   1.4663e+00   1.8936e+00   2.4110e+00   3.0304e+00
   1.4550e+00   1.8716e+00   2.3590e+00   2.9416e+00
   1.4574e+00   1.8669e+00   2.3483e+00   2.9428e+00
   1.4583e+00   1.8503e+00   2.3314e+00   2.9249e+00
   1.4770e+00   1.8839e+00   2.4053e+00   2.9903e+00
   1.4335e+00   1.8566e+00   2.3461e+00   2.9343e+00
   1.5345e+00   1.9535e+00   2.4705e+00   3.0584e+00
   1.4618e+00   1.8810e+00   2.3776e+00   2.9711e+00
   1.4782e+00   1.9123e+00   2.4022e+00   2.9714e+00


errs_shr =

  Columns 1 through 6

   3.7338e-01   4.0769e-01   4.5410e-01   5.1362e-01   5.8488e-01   6.6078e-01
   3.7214e-01   4.0577e-01   4.5210e-01   5.1156e-01   5.8272e-01   6.6745e-01
   3.7452e-01   4.1077e-01   4.5838e-01   5.1687e-01   5.8467e-01   6.6808e-01
   3.7216e-01   4.1044e-01   4.5914e-01   5.2165e-01   5.9688e-01   6.8139e-01
   3.7243e-01   4.0665e-01   4.5428e-01   5.1304e-01   5.8358e-01   6.6823e-01
   3.7171e-01   4.0857e-01   4.5715e-01   5.1595e-01   5.8004e-01   6.5300e-01
   3.7318e-01   4.1053e-01   4.5947e-01   5.1954e-01   5.8884e-01   6.6989e-01
   3.7052e-01   4.0743e-01   4.5623e-01   5.1560e-01   5.8509e-01   6.6560e-01
   3.6841e-01   4.0113e-01   4.4507e-01   4.9887e-01   5.6242e-01   6.4561e-01
   3.7690e-01   4.1143e-01   4.5679e-01   5.1700e-01   5.8468e-01   6.6786e-01
   3.7598e-01   4.1144e-01   4.5858e-01   5.1667e-01   5.8591e-01   6.6321e-01
   3.7743e-01   4.1306e-01   4.5927e-01   5.1579e-01   5.8236e-01   6.5877e-01
   3.7241e-01   4.0551e-01   4.4932e-01   5.0474e-01   5.7169e-01   6.4633e-01
   3.8057e-01   4.1054e-01   4.5292e-01   5.0837e-01   5.7307e-01   6.5241e-01
   3.7025e-01   4.0577e-01   4.5180e-01   5.0858e-01   5.7578e-01   6.5359e-01
   3.7123e-01   4.0414e-01   4.5280e-01   5.1448e-01   5.8442e-01   6.7249e-01
   3.6774e-01   4.0293e-01   4.5030e-01   5.1300e-01   5.8924e-01   6.7996e-01
   3.7005e-01   4.0824e-01   4.5746e-01   5.2223e-01   6.0007e-01   6.8560e-01
   3.7480e-01   4.1375e-01   4.6407e-01   5.2664e-01   5.9511e-01   6.7068e-01
   3.8275e-01   4.2097e-01   4.6807e-01   5.2620e-01   5.9445e-01   6.7480e-01
   3.7951e-01   4.1235e-01   4.5713e-01   5.1528e-01   5.8523e-01   6.6769e-01
   3.7225e-01   4.0716e-01   4.5426e-01   5.1482e-01   5.8427e-01   6.6335e-01
   3.7183e-01   4.0717e-01   4.5505e-01   5.1581e-01   5.9044e-01   6.7161e-01
   3.7008e-01   4.0579e-01   4.5292e-01   5.1125e-01   5.7920e-01   6.5418e-01
   3.7614e-01   4.1275e-01   4.6166e-01   5.2128e-01   5.9112e-01   6.7557e-01
   3.8215e-01   4.1699e-01   4.6345e-01   5.2365e-01   5.9346e-01   6.7205e-01
   3.7436e-01   4.1375e-01   4.6089e-01   5.1856e-01   5.8649e-01   6.6797e-01
   3.6395e-01   3.9883e-01   4.4596e-01   5.0781e-01   5.7851e-01   6.6294e-01
   3.6822e-01   4.0233e-01   4.4715e-01   5.0533e-01   5.7690e-01   6.6130e-01
   3.7015e-01   4.0230e-01   4.4570e-01   5.0379e-01   5.7382e-01   6.5144e-01
   3.7834e-01   4.1649e-01   4.6301e-01   5.2022e-01   5.8860e-01   6.6803e-01
   3.8077e-01   4.1704e-01   4.6435e-01   5.2299e-01   5.9092e-01   6.6541e-01
   3.7151e-01   4.0709e-01   4.5565e-01   5.1216e-01   5.7969e-01   6.5691e-01
   3.8042e-01   4.1477e-01   4.5865e-01   5.1261e-01   5.7720e-01   6.5797e-01
   3.7416e-01   4.0984e-01   4.5468e-01   5.0791e-01   5.7116e-01   6.4751e-01
   3.7024e-01   4.0425e-01   4.5179e-01   5.1248e-01   5.8331e-01   6.6386e-01
   3.6386e-01   3.9983e-01   4.4683e-01   5.0529e-01   5.7534e-01   6.5685e-01
   3.8313e-01   4.1807e-01   4.6411e-01   5.2225e-01   5.9127e-01   6.7305e-01
   3.7101e-01   4.0575e-01   4.5289e-01   5.1012e-01   5.7577e-01   6.5248e-01
   3.7415e-01   4.0865e-01   4.5322e-01   5.1126e-01   5.8123e-01   6.6334e-01

  Columns 7 through 10

   7.4431e-01   8.3663e-01   9.2296e-01   9.7832e-01
   7.6117e-01   8.5317e-01   9.2056e-01   9.6706e-01
   7.5851e-01   8.4675e-01   9.2257e-01   9.7929e-01
   7.7668e-01   8.7080e-01   9.5225e-01   1.0119e+00
   7.6446e-01   8.5216e-01   9.2484e-01   9.7776e-01
   7.3627e-01   8.1953e-01   9.0154e-01   9.6046e-01
   7.6711e-01   8.5497e-01   9.3868e-01   9.9155e-01
   7.5990e-01   8.4750e-01   9.2650e-01   9.7123e-01
   7.4174e-01   8.3802e-01   9.1842e-01   9.7476e-01
   7.6101e-01   8.5013e-01   9.1458e-01   9.6623e-01
   7.4880e-01   8.4020e-01   9.2830e-01   9.8652e-01
   7.5192e-01   8.4085e-01   9.2578e-01   9.7749e-01
   7.3071e-01   8.2362e-01   9.1623e-01   9.6934e-01
   7.3960e-01   8.2611e-01   9.0705e-01   9.5961e-01
   7.4120e-01   8.4189e-01   9.1128e-01   9.6173e-01
   7.6947e-01   8.5072e-01   9.2566e-01   9.9420e-01
   7.7105e-01   8.6484e-01   9.3661e-01   9.7946e-01
   7.7073e-01   8.5873e-01   9.3444e-01   9.8754e-01
   7.6586e-01   8.5045e-01   9.2171e-01   9.7844e-01
   7.6074e-01   8.3693e-01   9.1383e-01   9.7009e-01
   7.5314e-01   8.3965e-01   9.1959e-01   9.7841e-01
   7.5344e-01   8.4105e-01   9.2031e-01   9.7581e-01
   7.6233e-01   8.5261e-01   9.2003e-01   9.6531e-01
   7.4110e-01   8.3762e-01   9.2166e-01   9.8890e-01
   7.6244e-01   8.5294e-01   9.3336e-01   9.8768e-01
   7.6110e-01   8.5428e-01   9.3129e-01   9.8832e-01
   7.5930e-01   8.5310e-01   9.3080e-01   9.9121e-01
   7.5881e-01   8.5334e-01   9.3043e-01   9.8079e-01
   7.5733e-01   8.5345e-01   9.2400e-01   9.7004e-01
   7.4131e-01   8.3145e-01   9.0927e-01   9.6436e-01
   7.5862e-01   8.4762e-01   9.2477e-01   9.7843e-01
   7.5262e-01   8.4737e-01   9.3893e-01   9.9140e-01
   7.4489e-01   8.2817e-01   9.0650e-01   9.6144e-01
   7.4616e-01   8.3522e-01   9.1969e-01   9.8041e-01
   7.3004e-01   8.1582e-01   9.0063e-01   9.5062e-01
   7.5329e-01   8.5474e-01   9.2183e-01   9.6952e-01
   7.4724e-01   8.4137e-01   9.0861e-01   9.6784e-01
   7.6933e-01   8.5512e-01   9.2527e-01   9.8260e-01
   7.4414e-01   8.3746e-01   9.2511e-01   9.8195e-01
   7.5497e-01   8.4362e-01   9.1557e-01   9.5913e-01


errs_nuc =

  Columns 1 through 6

   4.0139e-01   4.7206e-01   5.4967e-01   6.3236e-01   7.1628e-01   7.9798e-01
   4.0304e-01   4.7388e-01   5.5225e-01   6.3671e-01   7.2420e-01   8.1059e-01
   4.0958e-01   4.8056e-01   5.5857e-01   6.4224e-01   7.2932e-01   8.1465e-01
   4.1497e-01   4.8835e-01   5.6889e-01   6.5466e-01   7.4173e-01   8.2449e-01
   4.0756e-01   4.7887e-01   5.5738e-01   6.4155e-01   7.2852e-01   8.1410e-01
   4.0592e-01   4.7642e-01   5.5353e-01   6.3517e-01   7.1931e-01   8.0272e-01
   4.1069e-01   4.8244e-01   5.6155e-01   6.4636e-01   7.3360e-01   8.1908e-01
   4.0841e-01   4.7998e-01   5.5867e-01   6.4281e-01   7.2940e-01   8.1308e-01
   4.0216e-01   4.7300e-01   5.5140e-01   6.3576e-01   7.2411e-01   8.1200e-01
   4.1254e-01   4.8370e-01   5.6183e-01   6.4514e-01   7.3102e-01   8.1423e-01
   4.0652e-01   4.7706e-01   5.5467e-01   6.3804e-01   7.2459e-01   8.0911e-01
   4.0880e-01   4.7975e-01   5.5773e-01   6.4160e-01   7.2931e-01   8.1670e-01
   4.0430e-01   4.7402e-01   5.5109e-01   6.3419e-01   7.2034e-01   8.0650e-01
   4.0960e-01   4.8049e-01   5.5845e-01   6.4192e-01   7.2815e-01   8.1189e-01
   4.0519e-01   4.7527e-01   5.5197e-01   6.3377e-01   7.1856e-01   8.0175e-01
   4.0463e-01   4.7594e-01   5.5458e-01   6.3859e-01   7.2479e-01   8.0806e-01
   4.1371e-01   4.8675e-01   5.6751e-01   6.5440e-01   7.4371e-01   8.2904e-01
   4.1344e-01   4.8581e-01   5.6559e-01   6.5095e-01   7.3785e-01   8.2042e-01
   4.0844e-01   4.7936e-01   5.5716e-01   6.3998e-01   7.2516e-01   8.0920e-01
   4.1286e-01   4.8381e-01   5.6097e-01   6.4238e-01   7.2498e-01   8.0525e-01
   4.0798e-01   4.7850e-01   5.5595e-01   6.3906e-01   7.2485e-01   8.0831e-01
   4.0979e-01   4.8145e-01   5.6028e-01   6.4420e-01   7.2915e-01   8.1267e-01
   4.1046e-01   4.8200e-01   5.6135e-01   6.4659e-01   7.3427e-01   8.1983e-01
   4.0347e-01   4.7430e-01   5.5216e-01   6.3512e-01   7.2007e-01   8.0325e-01
   4.1339e-01   4.8540e-01   5.6418e-01   6.4798e-01   7.3434e-01   8.1743e-01
   4.0926e-01   4.8035e-01   5.5850e-01   6.4198e-01   7.2729e-01   8.0978e-01
   4.1058e-01   4.8196e-01   5.6020e-01   6.4408e-01   7.3087e-01   8.1592e-01
   4.0408e-01   4.7546e-01   5.5449e-01   6.3967e-01   7.2777e-01   8.1367e-01
   4.0247e-01   4.7290e-01   5.5089e-01   6.3497e-01   7.2219e-01   8.0815e-01
   3.9938e-01   4.6906e-01   5.4660e-01   6.3061e-01   7.1798e-01   8.0400e-01
   4.1160e-01   4.8218e-01   5.5970e-01   6.4281e-01   7.2881e-01   8.1325e-01
   4.0671e-01   4.7794e-01   5.5625e-01   6.3968e-01   7.2514e-01   8.0910e-01
   4.0273e-01   4.7295e-01   5.5027e-01   6.3333e-01   7.1973e-01   8.0441e-01
   4.0344e-01   4.7335e-01   5.5019e-01   6.3253e-01   7.1744e-01   8.0074e-01
   3.9860e-01   4.6869e-01   5.4533e-01   6.2695e-01   7.1140e-01   7.9406e-01
   4.0496e-01   4.7608e-01   5.5474e-01   6.3899e-01   7.2526e-01   8.0938e-01
   3.9600e-01   4.6600e-01   5.4335e-01   6.2664e-01   7.1316e-01   7.9819e-01
   4.1625e-01   4.8853e-01   5.6790e-01   6.5278e-01   7.3965e-01   8.2406e-01
   4.0800e-01   4.7969e-01   5.5841e-01   6.4235e-01   7.2896e-01   8.1413e-01
   4.0317e-01   4.7321e-01   5.5076e-01   6.3450e-01   7.2156e-01   8.0687e-01

  Columns 7 through 10

   8.7374e-01   9.3488e-01   9.7363e-01   9.9057e-01
   8.8793e-01   9.4674e-01   9.8069e-01   9.9525e-01
   8.9043e-01   9.4914e-01   9.8399e-01   9.9710e-01
   8.9707e-01   9.5233e-01   9.8263e-01   9.9610e-01
   8.9033e-01   9.4856e-01   9.8422e-01   9.9764e-01
   8.7924e-01   9.4211e-01   9.8468e-01   9.9970e-01
   8.9569e-01   9.5440e-01   9.8786e-01   9.9904e-01
   8.8719e-01   9.4417e-01   9.7873e-01   9.9402e-01
   8.9113e-01   9.5158e-01   9.8752e-01   9.9919e-01
   8.8780e-01   9.4285e-01   9.7953e-01   9.9534e-01
   8.8609e-01   9.4763e-01   9.8483e-01   9.9774e-01
   8.9539e-01   9.5625e-01   9.8939e-01   9.9740e-01
   8.8723e-01   9.5335e-01   9.9133e-01   9.9962e-01
   8.8777e-01   9.4759e-01   9.8451e-01   9.9891e-01
   8.7851e-01   9.4000e-01   9.7962e-01   9.9637e-01
   8.8039e-01   9.3693e-01   9.7722e-01   9.9511e-01
   9.0372e-01   9.5872e-01   9.8998e-01   9.9856e-01
   8.9281e-01   9.5018e-01   9.8504e-01   9.9699e-01
   8.8426e-01   9.4166e-01   9.7771e-01   9.9423e-01
   8.7611e-01   9.3392e-01   9.7555e-01   9.9495e-01
   8.8367e-01   9.4452e-01   9.8314e-01   9.9696e-01
   8.8728e-01   9.4733e-01   9.8376e-01   9.9802e-01
   8.9597e-01   9.5318e-01   9.8562e-01   9.9754e-01
   8.8172e-01   9.4547e-01   9.8545e-01   9.9760e-01
   8.9208e-01   9.5040e-01   9.8568e-01   9.9734e-01
   8.8420e-01   9.4168e-01   9.7839e-01   9.9631e-01
   8.9276e-01   9.5409e-01   9.8834e-01   9.9887e-01
   8.9040e-01   9.4940e-01   9.8110e-01   9.9457e-01
   8.8652e-01   9.4550e-01   9.8035e-01   9.9550e-01
   8.8217e-01   9.4476e-01   9.8163e-01   9.9686e-01
   8.8913e-01   9.4854e-01   9.8418e-01   9.9694e-01
   8.8570e-01   9.4657e-01   9.8374e-01   9.9682e-01
   8.7999e-01   9.4094e-01   9.8056e-01   9.9831e-01
   8.7710e-01   9.3983e-01   9.8026e-01   9.9689e-01
   8.6973e-01   9.3270e-01   9.7197e-01   9.9145e-01
   8.8587e-01   9.4548e-01   9.8006e-01   9.9493e-01
   8.7610e-01   9.3678e-01   9.7634e-01   9.9467e-01
   8.9920e-01   9.5664e-01   9.9104e-01   9.9963e-01
   8.9075e-01   9.5040e-01   9.8686e-01   9.9868e-01
   8.8345e-01   9.4198e-01   9.7701e-01   9.9243e-01

{Undefined function or variable 'stop'.

Error in test10>stopnow (line 251)
        stop

Error in test10 (line 78)
        stopnow

Error in run10 (line 13)
  test10()
} 
