
                            < M A T L A B (R) >
                  Copyright 1984-2015 The MathWorks, Inc.
                   R2015a (8.5.0.197613) 64-bit (glnxa64)
                             February 12, 2015

 
To get started, type one of these: helpwin, helpdesk, or demo.
For product information, visit www.mathworks.com.
 
Setting CVX paths...done.

	Academic License


ifinit =

     1


ifplot =

     0


gam =

   8.0000e-01


m =

   300


n =

   375


k =

    10


m1 =

   290


ells =

    10     9     8     7     6     5     4     3     2     1


delta =

   5.0000e-01


nruns =

    40


nsigmas =

    10


sigmas =

  Columns 1 through 6

   1.0000e+00   1.2414e+00   1.5410e+00   1.9129e+00   2.3746e+00   2.9478e+00

  Columns 7 through 10

   3.6593e+00   4.5425e+00   5.6390e+00   7.0000e+00

Starting parallel pool (parpool) using the 'local' profile ... connected to 12 workers.
Run: 
     12 


chk0 =

   4.5267e-16


sig =

     1


ell =

     1

Run: 
     26 


chk0 =

   8.9466e-16


sig =

     1


ell =

     1

Run: 
     29 


chk0 =

   8.9282e-16


sig =

     1


ell =

     1

Run: 
     22 


chk0 =

   1.0132e-15


sig =

     1


ell =

     1

Run: 
     18 


chk0 =

   8.9055e-16


sig =

     1


ell =

     1

Run: 
     3 


chk0 =

   8.8976e-16


sig =

     1


ell =

     1

Run: 
     9 


chk0 =

   8.9215e-16


sig =

     1


ell =

     1

Run: 
     15 


chk0 =

   1.2596e-15


sig =

     1


ell =

     1

Run: 
     24 


chk0 =

   8.9850e-16


sig =

     1


ell =

     1

Run: 
     28 


chk0 =

   8.9411e-16


sig =

     1


ell =

     1

Run: 
     20 


chk0 =

   6.6907e-16


sig =

     1


ell =

     1

Run: 
     6 


chk0 =

   1.2627e-15


sig =

     1


ell =

     1


niter =

     []


niter =

     []


niter =

     []


niter =

     []


niter =

     []


niter =

     []


niter =

     []


niter =

     []


niter =

     []


niter =

     []


niter =

     []


niter =

     []


tol =

     []


kest =

    11

Trimming ...
Sparse SVD ...
Iteration	Fit Error
0		2.052210e+00

sig =

     1


tol =

     []


kest =

    11

Trimming ...
Sparse SVD ...
Iteration	Fit Error
0		2.029023e+00

sig =

     1


tol =

     []


kest =

    11

Trimming ...
Sparse SVD ...
Iteration	Fit Error
0		2.024269e+00

sig =

     1


tol =

     []


kest =

    11

Trimming ...
Sparse SVD ...
Iteration	Fit Error
0		2.052950e+00

sig =

     1


tol =

     []


kest =

    11

Trimming ...
Sparse SVD ...
Iteration	Fit Error
0		2.038319e+00

sig =

     1


ell =

     1


ell =

     1


ell =

     1


ell =

     1


tol =

     []


kest =

    11

Trimming ...
Sparse SVD ...
Iteration	Fit Error
0		2.033235e+00

sig =

     1


tol =

     []


kest =

    11

Trimming ...
Sparse SVD ...
Iteration	Fit Error
0		2.043640e+00

sig =

     1


ell =

     1


ell =

     1


ell =

     1


tol =

     []


kest =

    11

Trimming ...
Sparse SVD ...
Iteration	Fit Error
0		2.021210e+00

sig =

     1


niter =

     []


tol =

     []


kest =

    11

Trimming ...
Sparse SVD ...
Iteration	Fit Error
0		2.001226e+00

sig =

     1


tol =

     []


kest =

    11

Trimming ...
Sparse SVD ...
Iteration	Fit Error
0		2.039833e+00

sig =

     1


ell =

     1


tol =

     []


kest =

    11

Trimming ...
Sparse SVD ...
Iteration	Fit Error
0		2.036084e+00

sig =

     1


tol =

     []


kest =

    11

Trimming ...
Sparse SVD ...
Iteration	Fit Error
0		2.016004e+00

sig =

     1


niter =

     []


niter =

     []


ell =

     1


niter =

     []


ell =

     1


ell =

     1


ell =

     1


niter =

     []


niter =

     []


niter =

     []


niter =

     []


niter =

     []


niter =

     []


niter =

     []


niter =

     []


tol =

     []


kest =

    11

Trimming ...
Sparse SVD ...
Iteration	Fit Error
0		2.269157e+00

sig =

     1


ell =

     1


tol =

     []


kest =

    11

Trimming ...
Sparse SVD ...
Iteration	Fit Error
0		2.239700e+00

sig =

     1


tol =

     []


kest =

    11

Trimming ...
Sparse SVD ...
Iteration	Fit Error
0		2.248444e+00

sig =

     1


tol =

     []


kest =

    11

Trimming ...
Sparse SVD ...
Iteration	Fit Error
0		2.251286e+00

sig =

     1


ell =

     1


ell =

     1


tol =

     []


kest =

    11

Trimming ...
Sparse SVD ...
Iteration	Fit Error
0		2.245265e+00

sig =

     1


tol =

     []


kest =

    11

Trimming ...
Sparse SVD ...
Iteration	Fit Error
0		2.267493e+00

sig =

     1


ell =

     1


ell =

     1


tol =

     []


kest =

    11

Trimming ...
Sparse SVD ...
Iteration	Fit Error
0		2.220792e+00

sig =

     1


ell =

     1


tol =

     []


kest =

    11

Trimming ...
Sparse SVD ...
Iteration	Fit Error
0		2.239345e+00

sig =

     1


tol =

     []


kest =

    11

Trimming ...
Sparse SVD ...
Iteration	Fit Error
0		2.232796e+00

sig =

     1


niter =

     []


tol =

     []


kest =

    11

Trimming ...
Sparse SVD ...
Iteration	Fit Error
0		2.256522e+00

sig =

     1


ell =

     1


niter =

     []


ell =

     1


ell =

     1


ell =

     1


tol =

     []


kest =

    11

Trimming ...
Sparse SVD ...
Iteration	Fit Error
0		2.254577e+00

sig =

     1


tol =

     []


kest =

    11

Trimming ...
Sparse SVD ...
Iteration	Fit Error
0		2.250529e+00

sig =

     1


niter =

     []


niter =

     []


ell =

     1


ell =

     1


niter =

     []


niter =

     []


niter =

     []


niter =

     []


niter =

     []


niter =

     []


niter =

     []


tol =

     []


kest =

    11

Trimming ...
Sparse SVD ...
Iteration	Fit Error
0		2.435191e+00

sig =

     1


tol =

     []


kest =

    11

Trimming ...
Sparse SVD ...
Iteration	Fit Error
0		2.461582e+00

sig =

     1


niter =

     []


ell =

     1


ell =

     1


tol =

     []


kest =

    11

Trimming ...
Sparse SVD ...
Iteration	Fit Error
0		2.428997e+00

sig =

     1


tol =

     []


kest =

    11

Trimming ...
Sparse SVD ...
Iteration	Fit Error
0		2.442306e+00

sig =

     1


ell =

     1


ell =

     1


tol =

     []


kest =

    11

Trimming ...
Sparse SVD ...
Iteration	Fit Error
0		2.449033e+00

sig =

     1


tol =

     []


kest =

    11

Trimming ...
Sparse SVD ...
Iteration	Fit Error
0		2.445659e+00

sig =

     1


tol =

     []


kest =

    11

Trimming ...
Sparse SVD ...
Iteration	Fit Error
0		2.460549e+00

sig =

     1


ell =

     1


ell =

     1


tol =

     []


kest =

    11

Trimming ...
Sparse SVD ...
Iteration	Fit Error
0		2.441435e+00

sig =

     1


tol =

     []


kest =

    11

Trimming ...
Sparse SVD ...
Iteration	Fit Error
0		2.420522e+00

sig =

     1


ell =

     1


tol =

     []


kest =

    11

Trimming ...
Sparse SVD ...
Iteration	Fit Error
0		2.436148e+00

sig =

     1


niter =

     []


ell =

     1


niter =

     []


niter =

     []


ell =

     1


tol =

     []


kest =

    11

Trimming ...
Sparse SVD ...
Iteration	Fit Error
0		2.449047e+00

sig =

     1


ell =

     1


ell =

     1


tol =

     []


kest =

    11

Trimming ...
Sparse SVD ...
Iteration	Fit Error
0		2.444005e+00

sig =

     1


niter =

     []


niter =

     []


niter =

     []


ell =

     1


niter =

     []


niter =

     []


niter =

     []


niter =

     []


niter =

     []


tol =

     []


kest =

    11

Trimming ...
Sparse SVD ...
Iteration	Fit Error
0		2.622344e+00

sig =

     1


niter =

     []


tol =

     []


kest =

    11

Trimming ...
Sparse SVD ...
Iteration	Fit Error
0		2.592388e+00

sig =

     1


tol =

     []


kest =

    11

Trimming ...
Sparse SVD ...
Iteration	Fit Error
0		2.598444e+00

sig =

     1


ell =

     1


ell =

     1


ell =

     1


tol =

     []


kest =

    11

Trimming ...
Sparse SVD ...
Iteration	Fit Error
0		2.615708e+00

sig =

     1


tol =

     []


kest =

    11

Trimming ...
Sparse SVD ...
Iteration	Fit Error
0		2.603572e+00

sig =

     1


tol =

     []


kest =

    11

Trimming ...
Sparse SVD ...
Iteration	Fit Error
0		2.610002e+00

sig =

     1


ell =

     1


ell =

     1


ell =

     1


tol =

     []


kest =

    11

Trimming ...
Sparse SVD ...
Iteration	Fit Error
0		2.607966e+00

sig =

     1


tol =

     []


kest =

    11

Trimming ...
Sparse SVD ...
Iteration	Fit Error
0		2.604339e+00

sig =

     1


niter =

     []


tol =

     []


kest =

    11

Trimming ...
Sparse SVD ...
Iteration	Fit Error
0		2.588609e+00

sig =

     1


ell =

     1


tol =

     []


kest =

    11

Trimming ...
Sparse SVD ...
Iteration	Fit Error
0		2.600797e+00

sig =

     1


ell =

     1


tol =

     []


kest =

    11

Trimming ...
Sparse SVD ...
Iteration	Fit Error
0		2.611467e+00

sig =

     1


ell =

     1


niter =

     []


niter =

     []


ell =

     1


ell =

     1


niter =

     []


niter =

     []


tol =

     []


kest =

    11

Trimming ...
Sparse SVD ...
Iteration	Fit Error
0		2.603541e+00

sig =

     1


niter =

     []


niter =

     []


niter =

     []


niter =

     []


ell =

     1


niter =

     []


niter =

     []


niter =

     []


tol =

     []


kest =

    11

Trimming ...
Sparse SVD ...
Iteration	Fit Error
0		2.718988e+00

sig =

     1


ell =

     1


tol =

     []


kest =

    11

Trimming ...
Sparse SVD ...
Iteration	Fit Error
0		2.745073e+00

sig =

     1


tol =

     []


kest =

    11

Trimming ...
Sparse SVD ...
Iteration	Fit Error
0		2.723116e+00

sig =

     1


ell =

     1


ell =

     1


tol =

     []


kest =

    11

Trimming ...
Sparse SVD ...
Iteration	Fit Error
0		2.719847e+00

sig =

     1


tol =

     []


kest =

    11

Trimming ...
Sparse SVD ...
Iteration	Fit Error
0		2.727849e+00

sig =

     1


tol =

     []


kest =

    11

Trimming ...
Sparse SVD ...
Iteration	Fit Error
0		2.734793e+00

sig =

     1


ell =

     1


tol =

     []


kest =

    11

Trimming ...
Sparse SVD ...
Iteration	Fit Error
0		2.735588e+00

sig =

     1


ell =

     1


tol =

     []


kest =

    11

Trimming ...
Sparse SVD ...
Iteration	Fit Error
0		2.735494e+00

sig =

     1


tol =

     []


kest =

    11

Trimming ...
Sparse SVD ...
Iteration	Fit Error
0		2.728828e+00

sig =

     1


tol =

     []


kest =

    11

Trimming ...
Sparse SVD ...
Iteration	Fit Error
0		2.731459e+00

sig =

     1


niter =

     []


ell =

     1


ell =

     1


ell =

     1


tol =

     []


kest =

    11

Trimming ...
Sparse SVD ...
Iteration	Fit Error
0		2.733491e+00

sig =

     1


ell =

     1


ell =

     1


niter =

     []


ell =

     1


niter =

     []


tol =

     []


kest =

    11

Trimming ...
Sparse SVD ...
Iteration	Fit Error
0		2.729531e+00

sig =

     1


niter =

     []


ell =

     1


niter =

     []


niter =

     []


niter =

     []


niter =

     []


niter =

     []


niter =

     []


niter =

     []


niter =

     []


tol =

     []


kest =

    11

Trimming ...
Sparse SVD ...
Iteration	Fit Error
0		2.808981e+00

sig =

     1


ell =

     1


tol =

     []


kest =

    11

Trimming ...
Sparse SVD ...
Iteration	Fit Error
0		2.832494e+00

sig =

     1


tol =

     []


kest =

    11

Trimming ...
Sparse SVD ...
Iteration	Fit Error
0		2.812735e+00

sig =

     1


ell =

     1


ell =

     1


tol =

     []


kest =

    11

Trimming ...
Sparse SVD ...
Iteration	Fit Error
0		2.825194e+00

sig =

     1


tol =

     []


kest =

    11

Trimming ...
Sparse SVD ...
Iteration	Fit Error
0		2.814979e+00

sig =

     1


tol =

     []


kest =

    11

Trimming ...
Sparse SVD ...
Iteration	Fit Error
0		2.817997e+00

sig =

     1


ell =

     1


niter =

     []


tol =

     []


kest =

    11

Trimming ...
Sparse SVD ...
Iteration	Fit Error
0		2.821799e+00

sig =

     1


ell =

     1


tol =

     []


kest =

    11

Trimming ...
Sparse SVD ...
Iteration	Fit Error
0		2.823233e+00

sig =

     1


tol =

     []


kest =

    11

Trimming ...
Sparse SVD ...
Iteration	Fit Error
0		2.819891e+00

sig =

     1


tol =

     []


kest =

    11

Trimming ...
Sparse SVD ...
Iteration	Fit Error
0		2.822857e+00

sig =

     1


niter =

     []


ell =

     1


ell =

     1


ell =

     1


tol =

     []


kest =

    11

Trimming ...
Sparse SVD ...
Iteration	Fit Error
0		2.823889e+00

sig =

     1


ell =

     1


ell =

     1


ell =

     1


niter =

     []


tol =

     []


kest =

    11

Trimming ...
Sparse SVD ...
Iteration	Fit Error
0		2.819130e+00

sig =

     1


niter =

     []


niter =

     []


ell =

     1


niter =

     []


niter =

     []


niter =

     []


niter =

     []


niter =

     []


niter =

     []


tol =

     []


kest =

    11

Trimming ...
Sparse SVD ...
Iteration	Fit Error
0		2.887712e+00

sig =

     1


niter =

     []


ell =

     1


tol =

     []


kest =

    11

Trimming ...
Sparse SVD ...
Iteration	Fit Error
0		2.870575e+00

sig =

     1


ell =

     1


tol =

     []


kest =

    11

Trimming ...
Sparse SVD ...
Iteration	Fit Error
0		2.872752e+00

sig =

     1


ell =

     1


tol =

     []


kest =

    11

Trimming ...
Sparse SVD ...
Iteration	Fit Error
0		2.881291e+00

sig =

     1


tol =

     []


kest =

    11

Trimming ...
Sparse SVD ...
Iteration	Fit Error
0		2.886353e+00

sig =

     1


tol =

     []


kest =

    11

Trimming ...
Sparse SVD ...
Iteration	Fit Error
0		2.881001e+00

sig =

     1


niter =

     []


tol =

     []


kest =

    11

Trimming ...
Sparse SVD ...
Iteration	Fit Error
0		2.878454e+00

sig =

     1


ell =

     1


tol =

     []


kest =

    11

Trimming ...
Sparse SVD ...
Iteration	Fit Error
0		2.878728e+00

sig =

     1


ell =

     1


ell =

     1


ell =

     1


ell =

     1


tol =

     []


kest =

    11

Trimming ...
Sparse SVD ...
Iteration	Fit Error
0		2.882195e+00

sig =

     1


tol =

     []


kest =

    11

Trimming ...
Sparse SVD ...
Iteration	Fit Error
0		2.884076e+00

sig =

     1


tol =

     []


kest =

    11

Trimming ...
Sparse SVD ...
Iteration	Fit Error
0		2.883703e+00

sig =

     1


niter =

     []


ell =

     1


ell =

     1


ell =

     1


niter =

     []


niter =

     []


tol =

     []


kest =

    11

Trimming ...
Sparse SVD ...
Iteration	Fit Error
0		2.878986e+00

sig =

     1


niter =

     []


ell =

     1


niter =

     []


niter =

     []


niter =

     []


niter =

     []


niter =

     []


niter =

     []


tol =

     []


kest =

    11

Trimming ...
Sparse SVD ...
Iteration	Fit Error
0		2.919974e+00

sig =

     1


niter =

     []


ell =

     1


tol =

     []


kest =

    11

Trimming ...
Sparse SVD ...
Iteration	Fit Error
0		2.908875e+00

sig =

     1


ell =

     1


tol =

     []


kest =

    11

Trimming ...
Sparse SVD ...
Iteration	Fit Error
0		2.911096e+00

sig =

     1


niter =

     []


ell =

     1


tol =

     []


kest =

    11

Trimming ...
Sparse SVD ...
Iteration	Fit Error
0		2.923048e+00

sig =

     1


tol =

     []


kest =

    11

Trimming ...
Sparse SVD ...
Iteration	Fit Error
0		2.917169e+00

sig =

     1


ell =

     1


tol =

     []


kest =

    11

Trimming ...
Sparse SVD ...
Iteration	Fit Error
0		2.917699e+00

sig =

     1


tol =

     []


kest =

    11

Trimming ...
Sparse SVD ...
Iteration	Fit Error
0		2.915977e+00

sig =

     1


ell =

     1


tol =

     []


kest =

    11

Trimming ...
Sparse SVD ...
Iteration	Fit Error
0		2.916016e+00

sig =

     1


tol =

     []


kest =

    11

Trimming ...
Sparse SVD ...
Iteration	Fit Error
0		2.917475e+00

sig =

     1


ell =

     1


tol =

     []


kest =

    11

Trimming ...
Sparse SVD ...
Iteration	Fit Error
0		2.921097e+00

sig =

     1


ell =

     1


ell =

     1


ell =

     1


tol =

     []


kest =

    11

Trimming ...
Sparse SVD ...
Iteration	Fit Error
0		2.919726e+00

sig =

     1


ell =

     1


niter =

     []


niter =

     []


ell =

     1


tol =

     []


kest =

    11

Trimming ...
Sparse SVD ...
Iteration	Fit Error
0		2.914563e+00

sig =

     1


niter =

     []


niter =

     []


ell =

     1


niter =

     []


niter =

     []


tol =

     []


kest =

    11

Trimming ...
Sparse SVD ...
Iteration	Fit Error
0		2.935709e+00

sig =

     1


niter =

     []


niter =

     []


niter =

     []


ell =

     1


niter =

     []


niter =

     []


niter =

     []


tol =

     []


kest =

    11

Trimming ...
Sparse SVD ...
Iteration	Fit Error
0		2.930809e+00

sig =

     1


tol =

     []


kest =

    11

Trimming ...
Sparse SVD ...
Iteration	Fit Error
0		2.933221e+00

sig =

     1


tol =

     []


kest =

    11

Trimming ...
Sparse SVD ...
Iteration	Fit Error
0		2.937814e+00

sig =

     1


ell =

     1


ell =

     1


ell =

     1


tol =

     []


kest =

    11

Trimming ...
Sparse SVD ...
Iteration	Fit Error
0		2.942385e+00

sig =

     1


ell =

     1


tol =

     []


kest =

    11

Trimming ...
Sparse SVD ...
Iteration	Fit Error
0		2.935603e+00

sig =

     1


tol =

     []


kest =

    11

Trimming ...
Sparse SVD ...
Iteration	Fit Error
0		2.937356e+00

sig =

     1


niter =

     []


tol =

     []


kest =

    11

Trimming ...
Sparse SVD ...
Iteration	Fit Error
0		2.935480e+00

sig =

     1


tol =

     []


kest =

    11

Trimming ...
Sparse SVD ...
Iteration	Fit Error
0		2.936010e+00

sig =

     1


ell =

     1


tol =

     []


kest =

    11

Trimming ...
Sparse SVD ...
Iteration	Fit Error
0		2.938172e+00

sig =

     1


ell =

     1


tol =

     []


kest =

    11

Trimming ...
Sparse SVD ...
Iteration	Fit Error
0		2.940938e+00

sig =

     1


niter =

     []


ell =

     1


niter =

     []


ell =

     1


tol =

     []


kest =

    11

Trimming ...
Sparse SVD ...
Iteration	Fit Error
0		2.933381e+00

sig =

     1


ell =

     1


ell =

     1


ell =

     1


niter =

     []


niter =

     []


niter =

     []


tol =

     []


kest =

    11

Trimming ...
Sparse SVD ...
Iteration	Fit Error
0		2.943936e+00
Run: 
     17 


niter =

     []


niter =

     []


chk0 =

   1.1150e-15


sig =

     1


ell =

     1


niter =

     []


niter =

     []


niter =

     []


niter =

     []


tol =

     []


kest =

    11

Trimming ...
Sparse SVD ...
Iteration	Fit Error
0		2.940406e+00
Run: 
     14 


chk0 =

   8.9900e-16


sig =

     1


ell =

     1


tol =

     []


kest =

    11

Trimming ...
Sparse SVD ...
Iteration	Fit Error
0		2.944151e+00
Run: 
     23 


tol =

     []


kest =

    11

Trimming ...
Sparse SVD ...
Iteration	Fit Error
0		2.948278e+00
Run: 
     19 


chk0 =

   6.7697e-16


sig =

     1


ell =

     1


chk0 =

   1.1130e-15


sig =

     1


ell =

     1


tol =

     []


kest =

    11

Trimming ...
Sparse SVD ...
Iteration	Fit Error
0		2.951612e+00
Run: 
     11 


tol =

     []


kest =

    11

Trimming ...
Sparse SVD ...
Iteration	Fit Error
0		2.940770e+00
Run: 
     27 


chk0 =

   8.9110e-16


sig =

     1


ell =

     1


tol =

     []


kest =

    11

Trimming ...
Sparse SVD ...
Iteration	Fit Error
0		2.944852e+00
Run: 
     25 


chk0 =

   8.8958e-16


sig =

     1


ell =

     1


chk0 =

   1.3357e-15


sig =

     1


ell =

     1


tol =

     []


kest =

    11

Trimming ...
Sparse SVD ...
Iteration	Fit Error
0		2.946674e+00
Run: 
     21 


tol =

     []


kest =

    11

Trimming ...
Sparse SVD ...
Iteration	Fit Error
0		2.949886e+00
Run: 
     8 


tol =

     []


kest =

    11

Trimming ...
Sparse SVD ...
Iteration	Fit Error
0		2.945733e+00
Run: 
     5 


chk0 =

   1.2291e-15


sig =

     1


ell =

     1


niter =

     []


niter =

     []


chk0 =

   7.8289e-16


sig =

     1


ell =

     1


tol =

     []


kest =

    11

Trimming ...
Sparse SVD ...
Iteration	Fit Error
0		2.946669e+00

chk0 =

   1.2247e-15


sig =

     1


ell =

     1


niter =

     []


tol =

     []


kest =

    11

Trimming ...
Sparse SVD ...
Iteration	Fit Error
0		2.943103e+00
Run: 
     2 


niter =

     []

Run: 
     30 


chk0 =

   6.7901e-16


sig =

     1


ell =

     1


chk0 =

   7.8399e-16


sig =

     1


ell =

     1


tol =

     []


kest =

    11

Trimming ...
Sparse SVD ...
Iteration	Fit Error
0		2.047544e+00

sig =

     1


niter =

     []


niter =

     []


ell =

     1


niter =

     []


niter =

     []


niter =

     []


niter =

     []


niter =

     []


niter =

     []


tol =

     []


kest =

    11

Trimming ...
Sparse SVD ...
Iteration	Fit Error
0		2.047714e+00

sig =

     1


tol =

     []


kest =

    11

Trimming ...
Sparse SVD ...
Iteration	Fit Error
0		2.033446e+00

sig =

     1


tol =

     []


kest =

    11

Trimming ...
Sparse SVD ...
Iteration	Fit Error
0		2.026948e+00

sig =

     1


tol =

     []


kest =

    11

Trimming ...
Sparse SVD ...
Iteration	Fit Error
0		2.045960e+00

sig =

     1


ell =

     1


ell =

     1


ell =

     1


ell =

     1


niter =

     []


tol =

     []


kest =

    11

Trimming ...
Sparse SVD ...
Iteration	Fit Error
0		2.060535e+00

sig =

     1


tol =

     []


kest =

    11

Trimming ...
Sparse SVD ...
Iteration	Fit Error
0		2.041033e+00

sig =

     1


tol =

     []


kest =

    11

Trimming ...
Sparse SVD ...
Iteration	Fit Error
0		2.042696e+00

sig =

     1


ell =

     1


ell =

     1


ell =

     1


niter =

     []


tol =

     []


kest =

    11

Trimming ...
Sparse SVD ...
Iteration	Fit Error
0		2.041455e+00

sig =

     1


niter =

     []


tol =

     []


kest =

    11

Trimming ...
Sparse SVD ...
Iteration	Fit Error
0		2.014772e+00

sig =

     1


tol =

     []


kest =

    11

Trimming ...
Sparse SVD ...
Iteration	Fit Error
0		2.028709e+00

sig =

     1


ell =

     1


ell =

     1


niter =

     []


tol =

     []


kest =

    11

Trimming ...
Sparse SVD ...
Iteration	Fit Error
0		2.266697e+00

sig =

     1


tol =

     []


kest =

    11

Trimming ...
Sparse SVD ...
Iteration	Fit Error
0		2.010151e+00

sig =

     1


ell =

     1


niter =

     []


ell =

     1


ell =

     1


niter =

     []


niter =

     []


niter =

     []


niter =

     []


niter =

     []


niter =

     []


niter =

     []


tol =

     []


kest =

    11

Trimming ...
Sparse SVD ...
Iteration	Fit Error
0		2.249325e+00

sig =

     1


ell =

     1


tol =

     []


kest =

    11

Trimming ...
Sparse SVD ...
Iteration	Fit Error
0		2.259796e+00

sig =

     1


tol =

     []


kest =

    11

Trimming ...
Sparse SVD ...
Iteration	Fit Error
0		2.244433e+00

sig =

     1


ell =

     1


tol =

     []


kest =

    11

Trimming ...
Sparse SVD ...
Iteration	Fit Error
0		2.255188e+00

sig =

     1


tol =

     []


kest =

    11

Trimming ...
Sparse SVD ...
Iteration	Fit Error
0		2.261504e+00

sig =

     1


ell =

     1


ell =

     1


ell =

     1


tol =

     []


kest =

    11

Trimming ...
Sparse SVD ...
Iteration	Fit Error
0		2.260721e+00

sig =

     1


niter =

     []


tol =

     []


kest =

    11

Trimming ...
Sparse SVD ...
Iteration	Fit Error
0		2.273969e+00

sig =

     1


ell =

     1


tol =

     []


kest =

    11

Trimming ...
Sparse SVD ...
Iteration	Fit Error
0		2.256930e+00

sig =

     1


ell =

     1


tol =

     []


kest =

    11

Trimming ...
Sparse SVD ...
Iteration	Fit Error
0		2.232537e+00

sig =

     1


tol =

     []


kest =

    11

Trimming ...
Sparse SVD ...
Iteration	Fit Error
0		2.245531e+00

sig =

     1


niter =

     []


ell =

     1


ell =

     1


tol =

     []


kest =

    11

Trimming ...
Sparse SVD ...
Iteration	Fit Error
0		2.462982e+00

sig =

     1


ell =

     1


niter =

     []


ell =

     1


tol =

     []


kest =

    11

Trimming ...
Sparse SVD ...
Iteration	Fit Error
0		2.228311e+00

sig =

     1


niter =

     []


ell =

     1


niter =

     []


niter =

     []


niter =

     []


niter =

     []


niter =

     []


niter =

     []


niter =

     []


tol =

     []


kest =

    11

Trimming ...
Sparse SVD ...
Iteration	Fit Error
0		2.444328e+00

sig =

     1


ell =

     1


niter =

     []


tol =

     []


kest =

    11

Trimming ...
Sparse SVD ...
Iteration	Fit Error
0		2.453736e+00

sig =

     1


ell =

     1


tol =

     []


kest =

    11

Trimming ...
Sparse SVD ...
Iteration	Fit Error
0		2.453207e+00

sig =

     1


ell =

     1


niter =

     []


tol =

     []


kest =

    11

Trimming ...
Sparse SVD ...
Iteration	Fit Error
0		2.448808e+00

sig =

     1


tol =

     []


kest =

    11

Trimming ...
Sparse SVD ...
Iteration	Fit Error
0		2.455015e+00

sig =

     1


tol =

     []


kest =

    11

Trimming ...
Sparse SVD ...
Iteration	Fit Error
0		2.441152e+00

sig =

     1


ell =

     1


ell =

     1


tol =

     []


kest =

    11

Trimming ...
Sparse SVD ...
Iteration	Fit Error
0		2.464659e+00

sig =

     1


ell =

     1


niter =

     []


ell =

     1


tol =

     []


kest =

    11

Trimming ...
Sparse SVD ...
Iteration	Fit Error
0		2.440999e+00

sig =

     1


niter =

     []


tol =

     []


kest =

    11

Trimming ...
Sparse SVD ...
Iteration	Fit Error
0		2.447691e+00

sig =

     1


tol =

     []


kest =

    11

Trimming ...
Sparse SVD ...
Iteration	Fit Error
0		2.427949e+00

sig =

     1


tol =

     []


kest =

    11

Trimming ...
Sparse SVD ...
Iteration	Fit Error
0		2.624146e+00

sig =

     1


ell =

     1


ell =

     1


ell =

     1


ell =

     1


niter =

     []


tol =

     []


kest =

    11

Trimming ...
Sparse SVD ...
Iteration	Fit Error
0		2.426598e+00

sig =

     1


niter =

     []


niter =

     []


niter =

     []


ell =

     1


tol =

     []


kest =

    11

Trimming ...
Sparse SVD ...
Iteration	Fit Error
0		2.607876e+00

sig =

     1


ell =

     1


niter =

     []


niter =

     []


niter =

     []


niter =

     []


niter =

     []


tol =

     []


kest =

    11

Trimming ...
Sparse SVD ...
Iteration	Fit Error
0		2.613154e+00

sig =

     1


ell =

     1


tol =

     []


kest =

    11

Trimming ...
Sparse SVD ...
Iteration	Fit Error
0		2.614328e+00

sig =

     1


niter =

     []


ell =

     1


tol =

     []


kest =

    11

Trimming ...
Sparse SVD ...
Iteration	Fit Error
0		2.616386e+00

sig =

     1


niter =

     []


ell =

     1


tol =

     []


kest =

    11

Trimming ...
Sparse SVD ...
Iteration	Fit Error
0		2.604802e+00

sig =

     1


tol =

     []


kest =

    11

Trimming ...
Sparse SVD ...
Iteration	Fit Error
0		2.609286e+00

sig =

     1


ell =

     1


tol =

     []


kest =

    11

Trimming ...
Sparse SVD ...
Iteration	Fit Error
0		2.618675e+00

sig =

     1


ell =

     1


niter =

     []


ell =

     1


tol =

     []


kest =

    11

Trimming ...
Sparse SVD ...
Iteration	Fit Error
0		2.609849e+00

sig =

     1


tol =

     []


kest =

    11

Trimming ...
Sparse SVD ...
Iteration	Fit Error
0		2.593030e+00

sig =

     1


niter =

     []


tol =

     []


kest =

    11

Trimming ...
Sparse SVD ...
Iteration	Fit Error
0		2.750169e+00

sig =

     1


tol =

     []


kest =

    11

Trimming ...
Sparse SVD ...
Iteration	Fit Error
0		2.603901e+00

sig =

     1


niter =

     []


ell =

     1


ell =

     1


ell =

     1


tol =

     []


kest =

    11

Trimming ...
Sparse SVD ...
Iteration	Fit Error
0		2.592686e+00

sig =

     1


ell =

     1


ell =

     1


niter =

     []


niter =

     []


niter =

     []


tol =

     []


kest =

    11

Trimming ...
Sparse SVD ...
Iteration	Fit Error
0		2.736453e+00

sig =

     1


tol =

     []


kest =

    11

Trimming ...
Sparse SVD ...
Iteration	Fit Error
0		2.731199e+00

sig =

     1


ell =

     1


ell =

     1


niter =

     []


niter =

     []


niter =

     []


niter =

     []


tol =

     []


kest =

    11

Trimming ...
Sparse SVD ...
Iteration	Fit Error
0		2.740531e+00

sig =

     1


niter =

     []


ell =

     1


tol =

     []


kest =

    11

Trimming ...
Sparse SVD ...
Iteration	Fit Error
0		2.732850e+00

sig =

     1


tol =

     []


kest =

    11

Trimming ...
Sparse SVD ...
Iteration	Fit Error
0		2.737321e+00

sig =

     1


niter =

     []


ell =

     1


ell =

     1


niter =

     []


tol =

     []


kest =

    11

Trimming ...
Sparse SVD ...
Iteration	Fit Error
0		2.732703e+00

sig =

     1


tol =

     []


kest =

    11

Trimming ...
Sparse SVD ...
Iteration	Fit Error
0		2.739301e+00

sig =

     1


niter =

     []


ell =

     1


ell =

     1


tol =

     []


kest =

    11

Trimming ...
Sparse SVD ...
Iteration	Fit Error
0		2.839883e+00

sig =

     1


ell =

     1


tol =

     []


kest =

    11

Trimming ...
Sparse SVD ...
Iteration	Fit Error
0		2.734469e+00

sig =

     1


niter =

     []


niter =

     []


ell =

     1


niter =

     []


tol =

     []


kest =

    11

Trimming ...
Sparse SVD ...
Iteration	Fit Error
0		2.722978e+00

sig =

     1


tol =

     []


kest =

    11

Trimming ...
Sparse SVD ...
Iteration	Fit Error
0		2.730072e+00

sig =

     1


ell =

     1


tol =

     []


kest =

    11

Trimming ...
Sparse SVD ...
Iteration	Fit Error
0		2.722505e+00

sig =

     1


ell =

     1


tol =

     []


kest =

    11

Trimming ...
Sparse SVD ...
Iteration	Fit Error
0		2.824706e+00

sig =

     1


ell =

     1


ell =

     1


tol =

     []


kest =

    11

Trimming ...
Sparse SVD ...
Iteration	Fit Error
0		2.820260e+00

sig =

     1


niter =

     []


tol =

     []


kest =

    11

Trimming ...
Sparse SVD ...
Iteration	Fit Error
0		2.830231e+00

sig =

     1


ell =

     1


niter =

     []


ell =

     1


niter =

     []


niter =

     []


tol =

     []


kest =

    11

Trimming ...
Sparse SVD ...
Iteration	Fit Error
0		2.826839e+00

sig =

     1


niter =

     []


ell =

     1


niter =

     []


tol =

     []


kest =

    11

Trimming ...
Sparse SVD ...
Iteration	Fit Error
0		2.823363e+00

sig =

     1


tol =

     []


kest =

    11

Trimming ...
Sparse SVD ...
Iteration	Fit Error
0		2.824302e+00

sig =

     1


tol =

     []


kest =

    11

Trimming ...
Sparse SVD ...
Iteration	Fit Error
0		2.821714e+00

sig =

     1


niter =

     []


ell =

     1


ell =

     1


niter =

     []


ell =

     1


niter =

     []


tol =

     []


kest =

    11

Trimming ...
Sparse SVD ...
Iteration	Fit Error
0		2.895696e+00

sig =

     1


tol =

     []


kest =

    11

Trimming ...
Sparse SVD ...
Iteration	Fit Error
0		2.822946e+00

sig =

     1


ell =

     1


ell =

     1


niter =

     []


niter =

     []


niter =

     []


tol =

     []


kest =

    11

Trimming ...
Sparse SVD ...
Iteration	Fit Error
0		2.821105e+00

sig =

     1


tol =

     []


kest =

    11

Trimming ...
Sparse SVD ...
Iteration	Fit Error
0		2.882725e+00

sig =

     1


tol =

     []


kest =

    11

Trimming ...
Sparse SVD ...
Iteration	Fit Error
0		2.817109e+00

sig =

     1


ell =

     1


ell =

     1


ell =

     1


tol =

     []


kest =

    11

Trimming ...
Sparse SVD ...
Iteration	Fit Error
0		2.815387e+00

sig =

     1


tol =

     []


kest =

    11

Trimming ...
Sparse SVD ...
Iteration	Fit Error
0		2.879813e+00

sig =

     1


niter =

     []


ell =

     1


tol =

     []


kest =

    11

Trimming ...
Sparse SVD ...
Iteration	Fit Error
0		2.889348e+00

sig =

     1


ell =

     1


niter =

     []


niter =

     []


tol =

     []


kest =

    11

Trimming ...
Sparse SVD ...
Iteration	Fit Error
0		2.886484e+00

sig =

     1


ell =

     1


niter =

     []


niter =

     []


ell =

     1


niter =

     []


tol =

     []


kest =

    11

Trimming ...
Sparse SVD ...
Iteration	Fit Error
0		2.882693e+00

sig =

     1


tol =

     []


kest =

    11

Trimming ...
Sparse SVD ...
Iteration	Fit Error
0		2.881018e+00

sig =

     1


tol =

     []


kest =

    11

Trimming ...
Sparse SVD ...
Iteration	Fit Error
0		2.880547e+00

sig =

     1


niter =

     []


niter =

     []


ell =

     1


ell =

     1


ell =

     1


niter =

     []


niter =

     []


tol =

     []


kest =

    11

Trimming ...
Sparse SVD ...
Iteration	Fit Error
0		2.928478e+00

sig =

     1


tol =

     []


kest =

    11

Trimming ...
Sparse SVD ...
Iteration	Fit Error
0		2.881872e+00

sig =

     1


ell =

     1


tol =

     []


kest =

    11

Trimming ...
Sparse SVD ...
Iteration	Fit Error
0		2.880399e+00

sig =

     1


ell =

     1


niter =

     []


niter =

     []


ell =

     1


tol =

     []


kest =

    11

Trimming ...
Sparse SVD ...
Iteration	Fit Error
0		2.917605e+00

sig =

     1


tol =

     []


kest =

    11

Trimming ...
Sparse SVD ...
Iteration	Fit Error
0		2.879671e+00

sig =

     1


ell =

     1


tol =

     []


kest =

    11

Trimming ...
Sparse SVD ...
Iteration	Fit Error
0		2.924187e+00

sig =

     1


niter =

     []


ell =

     1


niter =

     []


ell =

     1


tol =

     []


kest =

    11

Trimming ...
Sparse SVD ...
Iteration	Fit Error
0		2.877518e+00

sig =

     1


tol =

     []


kest =

    11

Trimming ...
Sparse SVD ...
Iteration	Fit Error
0		2.914965e+00

sig =

     1


niter =

     []


ell =

     1


ell =

     1


tol =

     []


kest =

    11

Trimming ...
Sparse SVD ...
Iteration	Fit Error
0		2.922167e+00

sig =

     1


niter =

     []


ell =

     1


niter =

     []


niter =

     []


tol =

     []


kest =

    11

Trimming ...
Sparse SVD ...
Iteration	Fit Error
0		2.916360e+00

sig =

     1


ell =

     1


tol =

     []


kest =

    11

Trimming ...
Sparse SVD ...
Iteration	Fit Error
0		2.918551e+00

sig =

     1


tol =

     []


kest =

    11

Trimming ...
Sparse SVD ...
Iteration	Fit Error
0		2.915551e+00

sig =

     1


niter =

     []


niter =

     []


ell =

     1


ell =

     1


tol =

     []


kest =

    11

Trimming ...
Sparse SVD ...
Iteration	Fit Error
0		2.917745e+00

sig =

     1


tol =

     []


kest =

    11

Trimming ...
Sparse SVD ...
Iteration	Fit Error
0		2.916701e+00

sig =

     1


niter =

     []


ell =

     1


niter =

     []


tol =

     []


kest =

    11

Trimming ...
Sparse SVD ...
Iteration	Fit Error
0		2.944737e+00

sig =

     1


ell =

     1


niter =

     []


ell =

     1


niter =

     []


tol =

     []


kest =

    11

Trimming ...
Sparse SVD ...
Iteration	Fit Error
0		2.942711e+00

sig =

     1


tol =

     []


kest =

    11

Trimming ...
Sparse SVD ...
Iteration	Fit Error
0		2.936993e+00

sig =

     1


tol =

     []


kest =

    11

Trimming ...
Sparse SVD ...
Iteration	Fit Error
0		2.917874e+00

sig =

     1


ell =

     1


ell =

     1


niter =

     []


ell =

     1


niter =

     []


niter =

     []


tol =

     []


kest =

    11

Trimming ...
Sparse SVD ...
Iteration	Fit Error
0		2.916098e+00

sig =

     1


tol =

     []


kest =

    11

Trimming ...
Sparse SVD ...
Iteration	Fit Error
0		2.933433e+00

sig =

     1


ell =

     1


tol =

     []


kest =

    11

Trimming ...
Sparse SVD ...
Iteration	Fit Error
0		2.940009e+00

sig =

     1


ell =

     1


niter =

     []


ell =

     1


niter =

     []


tol =

     []


kest =

    11

Trimming ...
Sparse SVD ...
Iteration	Fit Error
0		2.935790e+00

sig =

     1


niter =

     []


tol =

     []


kest =

    11

Trimming ...
Sparse SVD ...
Iteration	Fit Error
0		2.937774e+00

sig =

     1


tol =

     []


kest =

    11

Trimming ...
Sparse SVD ...
Iteration	Fit Error
0		2.934601e+00

sig =

     1


ell =

     1


ell =

     1


ell =

     1


niter =

     []


niter =

     []


niter =

     []


tol =

     []


kest =

    11

Trimming ...
Sparse SVD ...
Iteration	Fit Error
0		2.935949e+00

sig =

     1


tol =

     []


kest =

    11

Trimming ...
Sparse SVD ...
Iteration	Fit Error
0		2.938294e+00

sig =

     1


niter =

     []


tol =

     []


kest =

    11

Trimming ...
Sparse SVD ...
Iteration	Fit Error
0		2.951274e+00
Run: 
     16 


ell =

     1


ell =

     1


niter =

     []


niter =

     []


chk0 =

   6.7230e-16


sig =

     1


ell =

     1


tol =

     []


kest =

    11

Trimming ...
Sparse SVD ...
Iteration	Fit Error
0		2.952082e+00

tol =

     []


kest =

    11

Trimming ...
Sparse SVD ...
Iteration	Fit Error
0		2.937411e+00

sig =

     1


tol =

     []


kest =

    11

Trimming ...
Sparse SVD ...
Iteration	Fit Error
0		2.946858e+00
Run: 
     13 


niter =

     []


ell =

     1


niter =

     []


niter =

     []

Run: 
     31 


chk0 =

   8.9375e-16


sig =

     1


ell =

     1


chk0 =

   9.0413e-16


sig =

     1


ell =

     1


tol =

     []


kest =

    11

Trimming ...
Sparse SVD ...
Iteration	Fit Error
0		2.941772e+00

niter =

     []


tol =

     []


kest =

    11

Trimming ...
Sparse SVD ...
Iteration	Fit Error
0		2.937577e+00

sig =

     1


tol =

     []


kest =

    11

Trimming ...
Sparse SVD ...
Iteration	Fit Error
0		2.947415e+00
Run: 
     32 


chk0 =

   1.7807e-15


sig =

     1


ell =

     1


niter =

     []


tol =

     []


kest =

    11

Trimming ...
Sparse SVD ...
Iteration	Fit Error
0		2.944079e+00

ell =

     1

Run: 
     33 


chk0 =

   6.7238e-16


sig =

     1


ell =

     1


niter =

     []


tol =

     []


kest =

    11

Trimming ...
Sparse SVD ...
Iteration	Fit Error
0		2.947658e+00
Run: 
     10 


tol =

     []


kest =

    11

Trimming ...
Sparse SVD ...
Iteration	Fit Error
0		2.943986e+00
Run: 
     34 


chk0 =

   7.1498e-16


sig =

     1


ell =

     1


niter =

     []


niter =

     []


chk0 =

   8.9546e-16


sig =

     1


ell =

     1

Run: 
     35 


chk0 =

   1.3343e-15


sig =

     1


ell =

     1


tol =

     []


kest =

    11

Trimming ...
Sparse SVD ...
Iteration	Fit Error
0		2.947356e+00
Run: 
     4 


niter =

     []


tol =

     []


kest =

    11

Trimming ...
Sparse SVD ...
Iteration	Fit Error
0		2.017624e+00

sig =

     1


tol =

     []


kest =

    11

Trimming ...
Sparse SVD ...
Iteration	Fit Error
0		2.943911e+00
Run: 
     7 


chk0 =

   8.9098e-16


sig =

     1


ell =

     1


ell =

     1


chk0 =

   8.9284e-16


sig =

     1


ell =

     1


niter =

     []


niter =

     []


niter =

     []


tol =

     []


kest =

    11

Trimming ...
Sparse SVD ...
Iteration	Fit Error
0		2.048844e+00

sig =

     1


ell =

     1


niter =

     []


tol =

     []


kest =

    11

Trimming ...
Sparse SVD ...
Iteration	Fit Error
0		2.945295e+00

tol =

     []


kest =

    11

Trimming ...
Sparse SVD ...
Iteration	Fit Error
0		2.033262e+00

sig =

     1

Run: 
     36 


chk0 =

   6.9400e-16


sig =

     1


ell =

     1


niter =

     []


tol =

     []


kest =

    11

Trimming ...
Sparse SVD ...
Iteration	Fit Error
0		2.947084e+00
Run: 
     1 


tol =

     []


kest =

    11

Trimming ...
Sparse SVD ...
Iteration	Fit Error
0		2.046067e+00

sig =

     1


chk0 =

   1.2239e-15


sig =

     1


ell =

     1


niter =

     []


ell =

     1


niter =

     []


ell =

     1


tol =

     []


kest =

    11

Trimming ...
Sparse SVD ...
Iteration	Fit Error
0		2.010107e+00

sig =

     1


ell =

     1


niter =

     []


tol =

     []


kest =

    11

Trimming ...
Sparse SVD ...
Iteration	Fit Error
0		2.014927e+00

sig =

     1


tol =

     []


kest =

    11

Trimming ...
Sparse SVD ...
Iteration	Fit Error
0		2.051444e+00

sig =

     1


tol =

     []


kest =

    11

Trimming ...
Sparse SVD ...
Iteration	Fit Error
0		2.010656e+00

sig =

     1


niter =

     []


niter =

     []


ell =

     1


niter =

     []


ell =

     1


ell =

     1


niter =

     []


tol =

     []


kest =

    11

Trimming ...
Sparse SVD ...
Iteration	Fit Error
0		2.044345e+00

sig =

     1


ell =

     1


tol =

     []


kest =

    11

Trimming ...
Sparse SVD ...
Iteration	Fit Error
0		2.235607e+00

sig =

     1


niter =

     []


ell =

     1


tol =

     []


kest =

    11

Trimming ...
Sparse SVD ...
Iteration	Fit Error
0		2.047533e+00

sig =

     1


niter =

     []


tol =

     []


kest =

    11

Trimming ...
Sparse SVD ...
Iteration	Fit Error
0		2.263457e+00

sig =

     1


niter =

     []


ell =

     1


ell =

     1


tol =

     []


kest =

    11

Trimming ...
Sparse SVD ...
Iteration	Fit Error
0		2.024607e+00

sig =

     1


niter =

     []


niter =

     []


ell =

     1


tol =

     []


kest =

    11

Trimming ...
Sparse SVD ...
Iteration	Fit Error
0		2.226915e+00

sig =

     1


tol =

     []


kest =

    11

Trimming ...
Sparse SVD ...
Iteration	Fit Error
0		2.018717e+00

sig =

     1


tol =

     []


kest =

    11

Trimming ...
Sparse SVD ...
Iteration	Fit Error
0		2.249793e+00

sig =

     1


ell =

     1


ell =

     1


tol =

     []


kest =

    11

Trimming ...
Sparse SVD ...
Iteration	Fit Error
0		2.259996e+00

sig =

     1


ell =

     1


niter =

     []


ell =

     1


niter =

     []


niter =

     []


niter =

     []


tol =

     []


kest =

    11

Trimming ...
Sparse SVD ...
Iteration	Fit Error
0		2.229612e+00

sig =

     1


tol =

     []


kest =

    11

Trimming ...
Sparse SVD ...
Iteration	Fit Error
0		2.234234e+00

sig =

     1


tol =

     []


kest =

    11

Trimming ...
Sparse SVD ...
Iteration	Fit Error
0		2.268383e+00

sig =

     1


ell =

     1


ell =

     1


ell =

     1


niter =

     []


niter =

     []


tol =

     []


kest =

    11

Trimming ...
Sparse SVD ...
Iteration	Fit Error
0		2.430637e+00

sig =

     1


niter =

     []


tol =

     []


kest =

    11

Trimming ...
Sparse SVD ...
Iteration	Fit Error
0		2.261002e+00

sig =

     1


niter =

     []


ell =

     1


niter =

     []


ell =

     1


niter =

     []


tol =

     []


kest =

    11

Trimming ...
Sparse SVD ...
Iteration	Fit Error
0		2.259554e+00

sig =

     1


tol =

     []


kest =

    11

Trimming ...
Sparse SVD ...
Iteration	Fit Error
0		2.454360e+00

sig =

     1


tol =

     []


kest =

    11

Trimming ...
Sparse SVD ...
Iteration	Fit Error
0		2.240667e+00

sig =

     1


niter =

     []


ell =

     1


ell =

     1


tol =

     []


kest =

    11

Trimming ...
Sparse SVD ...
Iteration	Fit Error
0		2.444485e+00

sig =

     1


ell =

     1


ell =

     1


tol =

     []


kest =

    11

Trimming ...
Sparse SVD ...
Iteration	Fit Error
0		2.424433e+00

sig =

     1


tol =

     []


kest =

    11

Trimming ...
Sparse SVD ...
Iteration	Fit Error
0		2.453066e+00

sig =

     1


niter =

     []


ell =

     1


tol =

     []


kest =

    11

Trimming ...
Sparse SVD ...
Iteration	Fit Error
0		2.234820e+00

sig =

     1


niter =

     []


ell =

     1


niter =

     []


ell =

     1


niter =

     []


tol =

     []


kest =

    11

Trimming ...
Sparse SVD ...
Iteration	Fit Error
0		2.462396e+00

sig =

     1


niter =

     []


tol =

     []


kest =

    11

Trimming ...
Sparse SVD ...
Iteration	Fit Error
0		2.430672e+00

sig =

     1


ell =

     1


tol =

     []


kest =

    11

Trimming ...
Sparse SVD ...
Iteration	Fit Error
0		2.428168e+00

sig =

     1


ell =

     1


ell =

     1


tol =

     []


kest =

    11

Trimming ...
Sparse SVD ...
Iteration	Fit Error
0		2.596882e+00

sig =

     1


niter =

     []


ell =

     1


niter =

     []


niter =

     []


niter =

     []


niter =

     []


tol =

     []


kest =

    11

Trimming ...
Sparse SVD ...
Iteration	Fit Error
0		2.606985e+00

sig =

     1


tol =

     []


kest =

    11

Trimming ...
Sparse SVD ...
Iteration	Fit Error
0		2.456044e+00

sig =

     1


niter =

     []


niter =

     []


tol =

     []


kest =

    11

Trimming ...
Sparse SVD ...
Iteration	Fit Error
0		2.454732e+00

sig =

     1


ell =

     1


ell =

     1


tol =

     []


kest =

    11

Trimming ...
Sparse SVD ...
Iteration	Fit Error
0		2.613831e+00

sig =

     1


ell =

     1


ell =

     1


tol =

     []


kest =

    11

Trimming ...
Sparse SVD ...
Iteration	Fit Error
0		2.436053e+00

sig =

     1


ell =

     1


tol =

     []


kest =

    11

Trimming ...
Sparse SVD ...
Iteration	Fit Error
0		2.590160e+00

sig =

     1


niter =

     []


niter =

     []


tol =

     []


kest =

    11

Trimming ...
Sparse SVD ...
Iteration	Fit Error
0		2.620748e+00

sig =

     1


ell =

     1


tol =

     []


kest =

    11

Trimming ...
Sparse SVD ...
Iteration	Fit Error
0		2.615363e+00

sig =

     1


ell =

     1


niter =

     []


ell =

     1


tol =

     []


kest =

    11

Trimming ...
Sparse SVD ...
Iteration	Fit Error
0		2.591899e+00

sig =

     1


tol =

     []


kest =

    11

Trimming ...
Sparse SVD ...
Iteration	Fit Error
0		2.431010e+00

sig =

     1


ell =

     1


tol =

     []


kest =

    11

Trimming ...
Sparse SVD ...
Iteration	Fit Error
0		2.592733e+00

sig =

     1


niter =

     []


tol =

     []


kest =

    11

Trimming ...
Sparse SVD ...
Iteration	Fit Error
0		2.725661e+00

sig =

     1


ell =

     1


niter =

     []


ell =

     1


niter =

     []


ell =

     1


niter =

     []


niter =

     []


niter =

     []


niter =

     []


tol =

     []


kest =

    11

Trimming ...
Sparse SVD ...
Iteration	Fit Error
0		2.732140e+00

sig =

     1


tol =

     []


kest =

    11

Trimming ...
Sparse SVD ...
Iteration	Fit Error
0		2.618493e+00

sig =

     1


niter =

     []


niter =

     []


ell =

     1


ell =

     1


tol =

     []


kest =

    11

Trimming ...
Sparse SVD ...
Iteration	Fit Error
0		2.617339e+00

sig =

     1


ell =

     1


tol =

     []


kest =

    11

Trimming ...
Sparse SVD ...
Iteration	Fit Error
0		2.736581e+00

sig =

     1


tol =

     []


kest =

    11

Trimming ...
Sparse SVD ...
Iteration	Fit Error
0		2.600614e+00

sig =

     1


niter =

     []


ell =

     1


tol =

     []


kest =

    11

Trimming ...
Sparse SVD ...
Iteration	Fit Error
0		2.718993e+00

sig =

     1


ell =

     1


niter =

     []


ell =

     1


tol =

     []


kest =

    11

Trimming ...
Sparse SVD ...
Iteration	Fit Error
0		2.719428e+00

sig =

     1


tol =

     []


kest =

    11

Trimming ...
Sparse SVD ...
Iteration	Fit Error
0		2.742709e+00

sig =

     1


ell =

     1


ell =

     1


tol =

     []


kest =

    11

Trimming ...
Sparse SVD ...
Iteration	Fit Error
0		2.721048e+00

sig =

     1


niter =

     []


tol =

     []


kest =

    11

Trimming ...
Sparse SVD ...
Iteration	Fit Error
0		2.740337e+00

sig =

     1


ell =

     1


ell =

     1


niter =

     []


tol =

     []


kest =

    11

Trimming ...
Sparse SVD ...
Iteration	Fit Error
0		2.816256e+00

sig =

     1


niter =

     []


niter =

     []


ell =

     1


tol =

     []


kest =

    11

Trimming ...
Sparse SVD ...
Iteration	Fit Error
0		2.595787e+00

sig =

     1


niter =

     []


niter =

     []


ell =

     1


niter =

     []


niter =

     []


tol =

     []


kest =

    11

Trimming ...
Sparse SVD ...
Iteration	Fit Error
0		2.820627e+00

sig =

     1


tol =

     []


kest =

    11

Trimming ...
Sparse SVD ...
Iteration	Fit Error
0		2.740629e+00

sig =

     1


ell =

     1


ell =

     1


niter =

     []


niter =

     []


tol =

     []


kest =

    11

Trimming ...
Sparse SVD ...
Iteration	Fit Error
0		2.741495e+00

sig =

     1


ell =

     1


tol =

     []


kest =

    11

Trimming ...
Sparse SVD ...
Iteration	Fit Error
0		2.825470e+00

sig =

     1


niter =

     []


tol =

     []


kest =

    11

Trimming ...
Sparse SVD ...
Iteration	Fit Error
0		2.727926e+00

sig =

     1


tol =

     []


kest =

    11

Trimming ...
Sparse SVD ...
Iteration	Fit Error
0		2.811968e+00

sig =

     1


ell =

     1


niter =

     []


tol =

     []


kest =

    11

Trimming ...
Sparse SVD ...
Iteration	Fit Error
0		2.829289e+00

sig =

     1


tol =

     []


kest =

    11

Trimming ...
Sparse SVD ...
Iteration	Fit Error
0		2.812490e+00

sig =

     1


ell =

     1


ell =

     1


tol =

     []


kest =

    11

Trimming ...
Sparse SVD ...
Iteration	Fit Error
0		2.811607e+00

sig =

     1


ell =

     1


ell =

     1


ell =

     1


niter =

     []


niter =

     []


tol =

     []


kest =

    11

Trimming ...
Sparse SVD ...
Iteration	Fit Error
0		2.828355e+00

sig =

     1


ell =

     1


tol =

     []


kest =

    11

Trimming ...
Sparse SVD ...
Iteration	Fit Error
0		2.876512e+00

sig =

     1


niter =

     []


niter =

     []


niter =

     []


niter =

     []


ell =

     1


niter =

     []


tol =

     []


kest =

    11

Trimming ...
Sparse SVD ...
Iteration	Fit Error
0		2.722584e+00

sig =

     1


niter =

     []


niter =

     []


ell =

     1


tol =

     []


kest =

    11

Trimming ...
Sparse SVD ...
Iteration	Fit Error
0		2.826037e+00

sig =

     1


tol =

     []


kest =

    11

Trimming ...
Sparse SVD ...
Iteration	Fit Error
0		2.881005e+00

sig =

     1


ell =

     1


ell =

     1


tol =

     []


kest =

    11

Trimming ...
Sparse SVD ...
Iteration	Fit Error
0		2.817996e+00

sig =

     1


tol =

     []


kest =

    11

Trimming ...
Sparse SVD ...
Iteration	Fit Error
0		2.830672e+00

sig =

     1


ell =

     1


niter =

     []


ell =

     1


tol =

     []


kest =

    11

Trimming ...
Sparse SVD ...
Iteration	Fit Error
0		2.881900e+00

sig =

     1


tol =

     []


kest =

    11

Trimming ...
Sparse SVD ...
Iteration	Fit Error
0		2.885085e+00

sig =

     1


niter =

     []


niter =

     []


tol =

     []


kest =

    11

Trimming ...
Sparse SVD ...
Iteration	Fit Error
0		2.873060e+00

sig =

     1


tol =

     []


kest =

    11

Trimming ...
Sparse SVD ...
Iteration	Fit Error
0		2.874423e+00

sig =

     1


tol =

     []


kest =

    11

Trimming ...
Sparse SVD ...
Iteration	Fit Error
0		2.887987e+00

sig =

     1


ell =

     1


ell =

     1


ell =

     1


ell =

     1


ell =

     1


tol =

     []


kest =

    11

Trimming ...
Sparse SVD ...
Iteration	Fit Error
0		2.872231e+00

sig =

     1


tol =

     []


kest =

    11

Trimming ...
Sparse SVD ...
Iteration	Fit Error
0		2.911763e+00

sig =

     1


ell =

     1


niter =

     []


ell =

     1


niter =

     []


niter =

     []


niter =

     []


niter =

     []


niter =

     []


niter =

     []


niter =

     []


niter =

     []


tol =

     []


kest =

    11

Trimming ...
Sparse SVD ...
Iteration	Fit Error
0		2.814753e+00

sig =

     1


tol =

     []


kest =

    11

Trimming ...
Sparse SVD ...
Iteration	Fit Error
0		2.918115e+00

sig =

     1


tol =

     []


kest =

    11

Trimming ...
Sparse SVD ...
Iteration	Fit Error
0		2.882996e+00

sig =

     1


ell =

     1


ell =

     1


ell =

     1


tol =

     []


kest =

    11

Trimming ...
Sparse SVD ...
Iteration	Fit Error
0		2.877427e+00

sig =

     1


tol =

     []


kest =

    11

Trimming ...
Sparse SVD ...
Iteration	Fit Error
0		2.889588e+00

sig =

     1


ell =

     1


ell =

     1


tol =

     []


kest =

    11

Trimming ...
Sparse SVD ...
Iteration	Fit Error
0		2.918170e+00

sig =

     1


niter =

     []


tol =

     []


kest =

    11

Trimming ...
Sparse SVD ...
Iteration	Fit Error
0		2.919371e+00

sig =

     1


tol =

     []


kest =

    11

Trimming ...
Sparse SVD ...
Iteration	Fit Error
0		2.912570e+00

sig =

     1


niter =

     []


ell =

     1


niter =

     []


ell =

     1


tol =

     []


kest =

    11

Trimming ...
Sparse SVD ...
Iteration	Fit Error
0		2.909921e+00

sig =

     1


tol =

     []


kest =

    11

Trimming ...
Sparse SVD ...
Iteration	Fit Error
0		2.925060e+00

sig =

     1


tol =

     []


kest =

    11

Trimming ...
Sparse SVD ...
Iteration	Fit Error
0		2.909912e+00

sig =

     1


ell =

     1


niter =

     []


ell =

     1


tol =

     []


kest =

    11

Trimming ...
Sparse SVD ...
Iteration	Fit Error
0		2.930457e+00

sig =

     1


ell =

     1


ell =

     1


ell =

     1


niter =

     []


niter =

     []


niter =

     []


niter =

     []


niter =

     []


niter =

     []


niter =

     []


niter =

     []


tol =

     []


kest =

    11

Trimming ...
Sparse SVD ...
Iteration	Fit Error
0		2.938362e+00

sig =

     1


tol =

     []


kest =

    11

Trimming ...
Sparse SVD ...
Iteration	Fit Error
0		2.875914e+00

sig =

     1


ell =

     1


tol =

     []


kest =

    11

Trimming ...
Sparse SVD ...
Iteration	Fit Error
0		2.917696e+00

sig =

     1


ell =

     1


ell =

     1


tol =

     []


kest =

    11

Trimming ...
Sparse SVD ...
Iteration	Fit Error
0		2.913604e+00

sig =

     1


ell =

     1


tol =

     []


kest =

    11

Trimming ...
Sparse SVD ...
Iteration	Fit Error
0		2.923428e+00

sig =

     1


niter =

     []


ell =

     1


tol =

     []


kest =

    11

Trimming ...
Sparse SVD ...
Iteration	Fit Error
0		2.938215e+00

sig =

     1


tol =

     []


kest =

    11

Trimming ...
Sparse SVD ...
Iteration	Fit Error
0		2.936045e+00

sig =

     1


niter =

     []


niter =

     []


ell =

     1


tol =

     []


kest =

    11

Trimming ...
Sparse SVD ...
Iteration	Fit Error
0		2.930926e+00

sig =

     1


niter =

     []


tol =

     []


kest =

    11

Trimming ...
Sparse SVD ...
Iteration	Fit Error
0		2.934622e+00

sig =

     1


tol =

     []


kest =

    11

Trimming ...
Sparse SVD ...
Iteration	Fit Error
0		2.944187e+00

sig =

     1


ell =

     1


ell =

     1


ell =

     1


tol =

     []


kest =

    11

Trimming ...
Sparse SVD ...
Iteration	Fit Error
0		2.930260e+00

sig =

     1


ell =

     1


tol =

     []


kest =

    11

Trimming ...
Sparse SVD ...
Iteration	Fit Error
0		2.940279e+00

ell =

     1


niter =

     []

Run: 
     37 


chk0 =

   8.9291e-16


sig =

     1


ell =

     1


niter =

     []


niter =

     []


niter =

     []


niter =

     []


niter =

     []


niter =

     []


niter =

     []


tol =

     []


kest =

    11

Trimming ...
Sparse SVD ...
Iteration	Fit Error
0		2.914712e+00

sig =

     1


tol =

     []


kest =

    11

Trimming ...
Sparse SVD ...
Iteration	Fit Error
0		2.946036e+00

tol =

     []


kest =

    11

Trimming ...
Sparse SVD ...
Iteration	Fit Error
0		2.936036e+00

sig =

     1


tol =

     []


kest =

    11

Trimming ...
Sparse SVD ...
Iteration	Fit Error
0		2.933288e+00

sig =

     1


ell =

     1

Run: 
     38 


chk0 =

   1.3376e-15


sig =

     1


ell =

     1


ell =

     1


ell =

     1


tol =

     []


kest =

    11

Trimming ...
Sparse SVD ...
Iteration	Fit Error
0		2.941077e+00

sig =

     1


niter =

     []


tol =

     []


kest =

    11

Trimming ...
Sparse SVD ...
Iteration	Fit Error
0		2.947078e+00

niter =

     []


ell =

     1


niter =

     []


tol =

     []


kest =

    11

Trimming ...
Sparse SVD ...
Iteration	Fit Error
0		2.951783e+00

tol =

     []


kest =

    11

Trimming ...
Sparse SVD ...
Iteration	Fit Error
0		2.945922e+00

tol =

     []


kest =

    11

Trimming ...
Sparse SVD ...
Iteration	Fit Error
0		2.944500e+00
Run: 
     39 


chk0 =

   6.7004e-16


sig =

     1


ell =

     1


tol =

     []


kest =

    11

Trimming ...
Sparse SVD ...
Iteration	Fit Error
0		2.941017e+00

niter =

     []

Run: 
     40 


chk0 =

   1.2260e-15


sig =

     1


ell =

     1


tol =

     []


kest =

    11

Trimming ...
Sparse SVD ...
Iteration	Fit Error
0		2.941174e+00

tol =

     []


kest =

    11

Trimming ...
Sparse SVD ...
Iteration	Fit Error
0		2.001812e+00

sig =

     1


ell =

     1


niter =

     []


niter =

     []


niter =

     []


tol =

     []


kest =

    11

Trimming ...
Sparse SVD ...
Iteration	Fit Error
0		2.945491e+00

niter =

     []


tol =

     []


kest =

    11

Trimming ...
Sparse SVD ...
Iteration	Fit Error
0		2.053443e+00

sig =

     1


tol =

     []


kest =

    11

Trimming ...
Sparse SVD ...
Iteration	Fit Error
0		2.935533e+00

sig =

     1


ell =

     1


tol =

     []


kest =

    11

Trimming ...
Sparse SVD ...
Iteration	Fit Error
0		2.943123e+00

ell =

     1


tol =

     []


kest =

    11

Trimming ...
Sparse SVD ...
Iteration	Fit Error
0		2.948106e+00

niter =

     []


niter =

     []


tol =

     []


kest =

    11

Trimming ...
Sparse SVD ...
Iteration	Fit Error
0		2.040066e+00

sig =

     1


tol =

     []


kest =

    11

Trimming ...
Sparse SVD ...
Iteration	Fit Error
0		2.033569e+00

sig =

     1


ell =

     1


tol =

     []


kest =

    11

Trimming ...
Sparse SVD ...
Iteration	Fit Error
0		2.218848e+00

sig =

     1


ell =

     1


ell =

     1


niter =

     []


niter =

     []


niter =

     []


tol =

     []


kest =

    11

Trimming ...
Sparse SVD ...
Iteration	Fit Error
0		2.944456e+00

tol =

     []


kest =

    11

Trimming ...
Sparse SVD ...
Iteration	Fit Error
0		2.268685e+00

sig =

     1


ell =

     1


niter =

     []


tol =

     []


kest =

    11

Trimming ...
Sparse SVD ...
Iteration	Fit Error
0		2.254360e+00

sig =

     1


ell =

     1


tol =

     []


kest =

    11

Trimming ...
Sparse SVD ...
Iteration	Fit Error
0		2.416540e+00

sig =

     1


tol =

     []


kest =

    11

Trimming ...
Sparse SVD ...
Iteration	Fit Error
0		2.249749e+00

sig =

     1


ell =

     1


niter =

     []


ell =

     1


tol =

     []


kest =

    11

Trimming ...
Sparse SVD ...
Iteration	Fit Error
0		2.463370e+00

sig =

     1


niter =

     []


niter =

     []


ell =

     1


niter =

     []


tol =

     []


kest =

    11

Trimming ...
Sparse SVD ...
Iteration	Fit Error
0		2.447874e+00

sig =

     1


ell =

     1


tol =

     []


kest =

    11

Trimming ...
Sparse SVD ...
Iteration	Fit Error
0		2.583465e+00

sig =

     1


tol =

     []


kest =

    11

Trimming ...
Sparse SVD ...
Iteration	Fit Error
0		2.445424e+00

sig =

     1


ell =

     1


ell =

     1


tol =

     []


kest =

    11

Trimming ...
Sparse SVD ...
Iteration	Fit Error
0		2.623404e+00

sig =

     1


niter =

     []


ell =

     1


niter =

     []


niter =

     []


niter =

     []


tol =

     []


kest =

    11

Trimming ...
Sparse SVD ...
Iteration	Fit Error
0		2.609192e+00

sig =

     1


ell =

     1


tol =

     []


kest =

    11

Trimming ...
Sparse SVD ...
Iteration	Fit Error
0		2.714616e+00

sig =

     1


tol =

     []


kest =

    11

Trimming ...
Sparse SVD ...
Iteration	Fit Error
0		2.607087e+00

sig =

     1


ell =

     1


niter =

     []


ell =

     1


tol =

     []


kest =

    11

Trimming ...
Sparse SVD ...
Iteration	Fit Error
0		2.746526e+00

sig =

     1


ell =

     1


niter =

     []


niter =

     []


niter =

     []


tol =

     []


kest =

    11

Trimming ...
Sparse SVD ...
Iteration	Fit Error
0		2.730940e+00

sig =

     1


ell =

     1


tol =

     []


kest =

    11

Trimming ...
Sparse SVD ...
Iteration	Fit Error
0		2.810347e+00

sig =

     1


niter =

     []


ell =

     1


tol =

     []


kest =

    11

Trimming ...
Sparse SVD ...
Iteration	Fit Error
0		2.732300e+00

sig =

     1


tol =

     []


kest =

    11

Trimming ...
Sparse SVD ...
Iteration	Fit Error
0		2.833004e+00

sig =

     1


ell =

     1


ell =

     1


niter =

     []


niter =

     []


niter =

     []


tol =

     []


kest =

    11

Trimming ...
Sparse SVD ...
Iteration	Fit Error
0		2.821337e+00

sig =

     1


ell =

     1


tol =

     []


kest =

    11

Trimming ...
Sparse SVD ...
Iteration	Fit Error
0		2.874648e+00

sig =

     1


ell =

     1


tol =

     []


kest =

    11

Trimming ...
Sparse SVD ...
Iteration	Fit Error
0		2.823005e+00

sig =

     1


tol =

     []


kest =

    11

Trimming ...
Sparse SVD ...
Iteration	Fit Error
0		2.889871e+00

sig =

     1


ell =

     1


ell =

     1


niter =

     []


niter =

     []


niter =

     []


niter =

     []


tol =

     []


kest =

    11

Trimming ...
Sparse SVD ...
Iteration	Fit Error
0		2.883073e+00

sig =

     1


ell =

     1


tol =

     []


kest =

    11

Trimming ...
Sparse SVD ...
Iteration	Fit Error
0		2.911735e+00

sig =

     1


tol =

     []


kest =

    11

Trimming ...
Sparse SVD ...
Iteration	Fit Error
0		2.924257e+00

sig =

     1


ell =

     1


tol =

     []


kest =

    11

Trimming ...
Sparse SVD ...
Iteration	Fit Error
0		2.882042e+00

sig =

     1


ell =

     1


niter =

     []


ell =

     1


niter =

     []


niter =

     []


niter =

     []


tol =

     []


kest =

    11

Trimming ...
Sparse SVD ...
Iteration	Fit Error
0		2.920335e+00

sig =

     1


ell =

     1


tol =

     []


kest =

    11

Trimming ...
Sparse SVD ...
Iteration	Fit Error
0		2.933509e+00

sig =

     1


ell =

     1


tol =

     []


kest =

    11

Trimming ...
Sparse SVD ...
Iteration	Fit Error
0		2.916088e+00

sig =

     1


tol =

     []


kest =

    11

Trimming ...
Sparse SVD ...
Iteration	Fit Error
0		2.940892e+00

sig =

     1


ell =

     1


ell =

     1


niter =

     []


niter =

     []


niter =

     []


niter =

     []


tol =

     []


kest =

    11

Trimming ...
Sparse SVD ...
Iteration	Fit Error
0		2.940008e+00

sig =

     1


ell =

     1


tol =

     []


kest =

    11

Trimming ...
Sparse SVD ...
Iteration	Fit Error
0		2.943771e+00

tol =

     []


kest =

    11

Trimming ...
Sparse SVD ...
Iteration	Fit Error
0		2.947881e+00

tol =

     []


kest =

    11

Trimming ...
Sparse SVD ...
Iteration	Fit Error
0		2.933432e+00

sig =

     1


ell =

     1


niter =

     []


niter =

     []


tol =

     []


kest =

    11

Trimming ...
Sparse SVD ...
Iteration	Fit Error
0		2.949702e+00

tol =

     []


kest =

    11

Trimming ...
Sparse SVD ...
Iteration	Fit Error
0		2.942262e+00

timing =

   6.0078e+02


errs_opt =

  Columns 1 through 6

   3.2452e-01   4.1545e-01   5.2796e-01   6.8642e-01   8.9937e-01   1.1486e+00
   3.3005e-01   4.1962e-01   5.3336e-01   6.8143e-01   8.7925e-01   1.1264e+00
   3.3080e-01   4.2426e-01   5.4341e-01   6.9952e-01   8.9645e-01   1.1587e+00
   3.3102e-01   4.2430e-01   5.4239e-01   7.0301e-01   9.2438e-01   1.1954e+00
   3.2629e-01   4.1665e-01   5.3703e-01   6.8783e-01   9.0152e-01   1.1563e+00
   3.3263e-01   4.2402e-01   5.4255e-01   7.0199e-01   9.0527e-01   1.1542e+00
   3.3282e-01   4.2844e-01   5.4462e-01   7.0194e-01   9.1057e-01   1.1751e+00
   3.2997e-01   4.2196e-01   5.4333e-01   7.0141e-01   9.0693e-01   1.1584e+00
   3.2746e-01   4.1739e-01   5.3373e-01   6.8561e-01   8.8177e-01   1.1457e+00
   3.3852e-01   4.3315e-01   5.5608e-01   7.1879e-01   9.2690e-01   1.1980e+00
   3.3235e-01   4.2531e-01   5.4390e-01   6.9049e-01   8.8580e-01   1.1436e+00
   3.4582e-01   4.3362e-01   5.4910e-01   7.0346e-01   8.9934e-01   1.1496e+00
   3.4275e-01   4.3296e-01   5.4485e-01   6.9408e-01   9.1094e-01   1.1604e+00
   3.3412e-01   4.2559e-01   5.4672e-01   7.0389e-01   9.0729e-01   1.1706e+00
   3.2468e-01   4.1488e-01   5.3152e-01   6.8403e-01   8.8595e-01   1.1476e+00
   3.3042e-01   4.1860e-01   5.3051e-01   6.8066e-01   8.8095e-01   1.1453e+00
   3.3019e-01   4.2155e-01   5.4171e-01   6.9411e-01   9.0187e-01   1.1807e+00
   3.3579e-01   4.2923e-01   5.4935e-01   7.1010e-01   9.2831e-01   1.1943e+00
   3.3582e-01   4.2999e-01   5.4974e-01   7.1530e-01   9.2319e-01   1.1768e+00
   3.4214e-01   4.3514e-01   5.5731e-01   7.1734e-01   9.2891e-01   1.1836e+00
   3.3923e-01   4.3258e-01   5.4927e-01   7.0335e-01   9.1120e-01   1.1720e+00
   3.3497e-01   4.2274e-01   5.3558e-01   6.8706e-01   8.9625e-01   1.1455e+00
   3.3903e-01   4.2851e-01   5.3968e-01   6.9012e-01   8.9538e-01   1.1586e+00
   3.3247e-01   4.2348e-01   5.4086e-01   6.9552e-01   9.0127e-01   1.1560e+00
   3.3953e-01   4.3289e-01   5.5277e-01   7.1718e-01   9.2906e-01   1.1894e+00
   3.3898e-01   4.2957e-01   5.4699e-01   7.0017e-01   9.0156e-01   1.1621e+00
   3.3400e-01   4.3064e-01   5.4785e-01   6.9882e-01   9.1086e-01   1.1663e+00
   3.2501e-01   4.1550e-01   5.2775e-01   6.7222e-01   8.7027e-01   1.1258e+00
   3.2824e-01   4.1908e-01   5.3449e-01   6.8817e-01   8.8984e-01   1.1443e+00
   3.3288e-01   4.1569e-01   5.2521e-01   6.7169e-01   8.6453e-01   1.1174e+00
   3.4064e-01   4.3270e-01   5.5076e-01   7.0803e-01   9.1996e-01   1.1771e+00
   3.2955e-01   4.1993e-01   5.3448e-01   6.8768e-01   8.9045e-01   1.1413e+00
   3.2704e-01   4.1877e-01   5.4146e-01   6.8822e-01   8.7895e-01   1.1320e+00
   3.3020e-01   4.1838e-01   5.2896e-01   6.7796e-01   8.7881e-01   1.1363e+00
   3.1744e-01   4.0746e-01   5.2734e-01   6.7309e-01   8.6941e-01   1.1328e+00
   3.3613e-01   4.2427e-01   5.3800e-01   6.9078e-01   8.9948e-01   1.1560e+00
   3.2619e-01   4.1685e-01   5.3222e-01   6.8039e-01   8.7482e-01   1.1160e+00
   3.3230e-01   4.2326e-01   5.3865e-01   7.0088e-01   9.1810e-01   1.2021e+00
   3.3365e-01   4.2539e-01   5.4270e-01   6.9985e-01   8.9729e-01   1.1456e+00
   3.3337e-01   4.2063e-01   5.3500e-01   6.8379e-01   8.8779e-01   1.1458e+00

  Columns 7 through 10

   1.4680e+00   1.8681e+00   2.3732e+00   2.9622e+00
   1.4527e+00   1.8782e+00   2.3795e+00   2.9719e+00
   1.4873e+00   1.9249e+00   2.4402e+00   3.0517e+00
   1.5248e+00   1.9344e+00   2.4261e+00   3.0157e+00
   1.4843e+00   1.8931e+00   2.4045e+00   2.9985e+00
   1.4846e+00   1.8997e+00   2.3914e+00   3.0020e+00
   1.5135e+00   1.9547e+00   2.4612e+00   3.0572e+00
   1.4820e+00   1.9011e+00   2.4050e+00   2.9900e+00
   1.4652e+00   1.8840e+00   2.4040e+00   3.0053e+00
   1.5312e+00   1.9576e+00   2.4553e+00   3.0524e+00
   1.4507e+00   1.8595e+00   2.3733e+00   2.9605e+00
   1.4803e+00   1.8933e+00   2.3940e+00   3.0021e+00
   1.4825e+00   1.9133e+00   2.4539e+00   3.0785e+00
   1.4984e+00   1.8991e+00   2.4051e+00   2.9965e+00
   1.4592e+00   1.8600e+00   2.3668e+00   2.9618e+00
   1.4825e+00   1.8863e+00   2.3542e+00   2.9272e+00
   1.5155e+00   1.9370e+00   2.4345e+00   3.0155e+00
   1.5303e+00   1.9487e+00   2.4815e+00   3.0737e+00
   1.5015e+00   1.9160e+00   2.4182e+00   3.0283e+00
   1.5097e+00   1.9164e+00   2.4300e+00   3.0527e+00
   1.5091e+00   1.9151e+00   2.4277e+00   3.0228e+00
   1.4559e+00   1.8669e+00   2.3702e+00   2.9647e+00
   1.4779e+00   1.9142e+00   2.4374e+00   3.0131e+00
   1.4564e+00   1.8658e+00   2.3775e+00   2.9675e+00
   1.5113e+00   1.9340e+00   2.4451e+00   3.0517e+00
   1.4888e+00   1.9109e+00   2.4271e+00   3.0062e+00
   1.4914e+00   1.9160e+00   2.4441e+00   3.0569e+00
   1.4429e+00   1.8546e+00   2.3588e+00   2.9518e+00
   1.4673e+00   1.8995e+00   2.3979e+00   3.0144e+00
   1.4419e+00   1.8730e+00   2.3732e+00   2.9590e+00
   1.5223e+00   1.9332e+00   2.4563e+00   3.0396e+00
   1.4657e+00   1.8965e+00   2.4068e+00   3.0249e+00
   1.4551e+00   1.8743e+00   2.3619e+00   2.9441e+00
   1.4575e+00   1.8651e+00   2.3473e+00   2.9398e+00
   1.4575e+00   1.8494e+00   2.3321e+00   2.9270e+00
   1.4761e+00   1.8818e+00   2.4031e+00   2.9860e+00
   1.4294e+00   1.8531e+00   2.3457e+00   2.9286e+00
   1.5348e+00   1.9551e+00   2.4634e+00   3.0560e+00
   1.4637e+00   1.8841e+00   2.3777e+00   2.9672e+00
   1.4779e+00   1.9109e+00   2.4024e+00   2.9718e+00


errs_shr =

  Columns 1 through 6

   3.7346e-01   4.0785e-01   4.5423e-01   5.1366e-01   5.8503e-01   6.6096e-01
   3.7293e-01   4.0637e-01   4.5209e-01   5.1136e-01   5.8215e-01   6.6636e-01
   3.7525e-01   4.1108e-01   4.5849e-01   5.1687e-01   5.8489e-01   6.6833e-01
   3.7363e-01   4.1156e-01   4.6053e-01   5.2312e-01   5.9846e-01   6.8218e-01
   3.7512e-01   4.0910e-01   4.5629e-01   5.1438e-01   5.8447e-01   6.6885e-01
   3.7281e-01   4.0950e-01   4.5706e-01   5.1596e-01   5.7971e-01   6.5262e-01
   3.7315e-01   4.1064e-01   4.5961e-01   5.1980e-01   5.8893e-01   6.6995e-01
   3.7041e-01   4.0728e-01   4.5635e-01   5.1612e-01   5.8565e-01   6.6707e-01
   3.6765e-01   4.0018e-01   4.4395e-01   4.9783e-01   5.6125e-01   6.4431e-01
   3.7723e-01   4.1164e-01   4.5699e-01   5.1727e-01   5.8477e-01   6.6797e-01
   3.7689e-01   4.1221e-01   4.5921e-01   5.1727e-01   5.8641e-01   6.6321e-01
   3.7710e-01   4.1252e-01   4.5869e-01   5.1522e-01   5.8207e-01   6.5875e-01
   3.7264e-01   4.0572e-01   4.4970e-01   5.0515e-01   5.7231e-01   6.4701e-01
   3.8093e-01   4.1098e-01   4.5336e-01   5.0894e-01   5.7363e-01   6.5272e-01
   3.7035e-01   4.0592e-01   4.5205e-01   5.0880e-01   5.7546e-01   6.5349e-01
   3.7096e-01   4.0407e-01   4.5262e-01   5.1431e-01   5.8484e-01   6.7285e-01
   3.6872e-01   4.0367e-01   4.5093e-01   5.1407e-01   5.8983e-01   6.8012e-01
   3.7114e-01   4.0835e-01   4.5696e-01   5.2139e-01   5.9965e-01   6.8487e-01
   3.7504e-01   4.1394e-01   4.6413e-01   5.2675e-01   5.9511e-01   6.7058e-01
   3.8312e-01   4.2140e-01   4.6828e-01   5.2627e-01   5.9432e-01   6.7462e-01
   3.8057e-01   4.1316e-01   4.5786e-01   5.1562e-01   5.8548e-01   6.6769e-01
   3.7317e-01   4.0782e-01   4.5478e-01   5.1427e-01   5.8358e-01   6.6185e-01
   3.7208e-01   4.0736e-01   4.5493e-01   5.1691e-01   5.9043e-01   6.7134e-01
   3.7024e-01   4.0553e-01   4.5252e-01   5.1091e-01   5.7867e-01   6.5372e-01
   3.7639e-01   4.1279e-01   4.6183e-01   5.2135e-01   5.9100e-01   6.7492e-01
   3.8284e-01   4.1760e-01   4.6386e-01   5.2381e-01   5.9389e-01   6.7234e-01
   3.7333e-01   4.1397e-01   4.6113e-01   5.1892e-01   5.8702e-01   6.6863e-01
   3.6369e-01   3.9845e-01   4.4544e-01   5.0689e-01   5.7813e-01   6.6298e-01
   3.6790e-01   4.0276e-01   4.4764e-01   5.0580e-01   5.7717e-01   6.6103e-01
   3.7054e-01   4.0289e-01   4.4636e-01   5.0435e-01   5.7431e-01   6.5187e-01
   3.7777e-01   4.1693e-01   4.6319e-01   5.2038e-01   5.8886e-01   6.6871e-01
   3.8146e-01   4.1762e-01   4.6476e-01   5.2337e-01   5.9124e-01   6.6573e-01
   3.7246e-01   4.0794e-01   4.5665e-01   5.1282e-01   5.8009e-01   6.5711e-01
   3.8057e-01   4.1481e-01   4.5860e-01   5.1241e-01   5.7692e-01   6.5761e-01
   3.7452e-01   4.1055e-01   4.5536e-01   5.0851e-01   5.7159e-01   6.4759e-01
   3.7127e-01   4.0483e-01   4.5223e-01   5.1279e-01   5.8298e-01   6.6299e-01
   3.6436e-01   4.0007e-01   4.4697e-01   5.0535e-01   5.7527e-01   6.5661e-01
   3.8286e-01   4.1763e-01   4.6358e-01   5.2164e-01   5.9075e-01   6.7225e-01
   3.7042e-01   4.0594e-01   4.5315e-01   5.0927e-01   5.7488e-01   6.5212e-01
   3.7432e-01   4.0891e-01   4.5330e-01   5.1108e-01   5.8111e-01   6.6332e-01

  Columns 7 through 10

   7.4462e-01   8.3729e-01   9.2241e-01   9.7807e-01
   7.5989e-01   8.5229e-01   9.1999e-01   9.6703e-01
   7.5843e-01   8.4671e-01   9.2305e-01   9.7930e-01
   7.7697e-01   8.7042e-01   9.5029e-01   1.0109e+00
   7.6400e-01   8.5164e-01   9.2370e-01   9.7710e-01
   7.3670e-01   8.2043e-01   9.0058e-01   9.6058e-01
   7.6750e-01   8.5487e-01   9.3861e-01   9.9143e-01
   7.6164e-01   8.4900e-01   9.2756e-01   9.7171e-01
   7.4053e-01   8.3684e-01   9.1876e-01   9.7467e-01
   7.6110e-01   8.5037e-01   9.1465e-01   9.6566e-01
   7.4796e-01   8.3901e-01   9.2773e-01   9.8643e-01
   7.5215e-01   8.4046e-01   9.2304e-01   9.7719e-01
   7.3161e-01   8.2398e-01   9.1784e-01   9.6950e-01
   7.4002e-01   8.2590e-01   9.0628e-01   9.5894e-01
   7.4083e-01   8.4071e-01   9.1045e-01   9.6139e-01
   7.7021e-01   8.5079e-01   9.2555e-01   9.9500e-01
   7.7165e-01   8.6551e-01   9.3443e-01   9.7955e-01
   7.7034e-01   8.5963e-01   9.3266e-01   9.8761e-01
   7.6572e-01   8.5017e-01   9.2139e-01   9.7842e-01
   7.6078e-01   8.3728e-01   9.1413e-01   9.7020e-01
   7.5348e-01   8.4132e-01   9.2000e-01   9.7890e-01
   7.5199e-01   8.3881e-01   9.1901e-01   9.7556e-01
   7.6235e-01   8.5198e-01   9.1980e-01   9.6545e-01
   7.4069e-01   8.3717e-01   9.2052e-01   9.8809e-01
   7.6174e-01   8.5236e-01   9.3286e-01   9.8776e-01
   7.6137e-01   8.5513e-01   9.3147e-01   9.8863e-01
   7.5952e-01   8.5298e-01   9.3025e-01   9.9137e-01
   7.5922e-01   8.5435e-01   9.3134e-01   9.8152e-01
   7.5674e-01   8.5283e-01   9.2407e-01   9.7059e-01
   7.4113e-01   8.3045e-01   9.1014e-01   9.6577e-01
   7.5945e-01   8.4850e-01   9.2506e-01   9.7875e-01
   7.5299e-01   8.4758e-01   9.3724e-01   9.9121e-01
   7.4523e-01   8.2884e-01   9.0744e-01   9.6165e-01
   7.4574e-01   8.3444e-01   9.1901e-01   9.7993e-01
   7.3032e-01   8.1626e-01   9.0066e-01   9.5052e-01
   7.5274e-01   8.5513e-01   9.2187e-01   9.6963e-01
   7.4666e-01   8.4075e-01   9.0834e-01   9.6804e-01
   7.6812e-01   8.5344e-01   9.2364e-01   9.8215e-01
   7.4403e-01   8.3831e-01   9.2633e-01   9.8210e-01
   7.5521e-01   8.4347e-01   9.1534e-01   9.5931e-01


errs_nuc =

  Columns 1 through 6

   4.0152e-01   4.7220e-01   5.4982e-01   6.3251e-01   7.1643e-01   7.9811e-01
   4.0277e-01   4.7356e-01   5.5186e-01   6.3622e-01   7.2363e-01   8.1002e-01
   4.0959e-01   4.8057e-01   5.5860e-01   6.4231e-01   7.2944e-01   8.1485e-01
   4.1512e-01   4.8851e-01   5.6904e-01   6.5472e-01   7.4162e-01   8.2410e-01
   4.0774e-01   4.7908e-01   5.5759e-01   6.4171e-01   7.2852e-01   8.1382e-01
   4.0596e-01   4.7645e-01   5.5355e-01   6.3517e-01   7.1936e-01   8.0284e-01
   4.1080e-01   4.8257e-01   5.6169e-01   6.4652e-01   7.3377e-01   8.1925e-01
   4.0890e-01   4.8057e-01   5.5937e-01   6.4360e-01   7.3023e-01   8.1390e-01
   4.0188e-01   4.7270e-01   5.5108e-01   6.3542e-01   7.2377e-01   8.1173e-01
   4.1248e-01   4.8362e-01   5.6173e-01   6.4502e-01   7.3089e-01   8.1411e-01
   4.0653e-01   4.7705e-01   5.5461e-01   6.3790e-01   7.2431e-01   8.0861e-01
   4.0848e-01   4.7937e-01   5.5730e-01   6.4113e-01   7.2881e-01   8.1619e-01
   4.0460e-01   4.7440e-01   5.5155e-01   6.3475e-01   7.2103e-01   8.0731e-01
   4.0950e-01   4.8034e-01   5.5824e-01   6.4165e-01   7.2781e-01   8.1147e-01
   4.0509e-01   4.7513e-01   5.5180e-01   6.3359e-01   7.1837e-01   8.0153e-01
   4.0444e-01   4.7572e-01   5.5434e-01   6.3833e-01   7.2453e-01   8.0776e-01
   4.1380e-01   4.8682e-01   5.6757e-01   6.5444e-01   7.4370e-01   8.2891e-01
   4.1319e-01   4.8552e-01   5.6526e-01   6.5058e-01   7.3740e-01   8.1990e-01
   4.0826e-01   4.7914e-01   5.5689e-01   6.3966e-01   7.2479e-01   8.0876e-01
   4.1254e-01   4.8345e-01   5.6060e-01   6.4202e-01   7.2468e-01   8.0504e-01
   4.0809e-01   4.7866e-01   5.5617e-01   6.3934e-01   7.2518e-01   8.0873e-01
   4.0911e-01   4.8061e-01   5.5924e-01   6.4295e-01   7.2770e-01   8.1110e-01
   4.1063e-01   4.8222e-01   5.6164e-01   6.4695e-01   7.3469e-01   8.2034e-01
   4.0301e-01   4.7378e-01   5.5155e-01   6.3443e-01   7.1931e-01   8.0246e-01
   4.1339e-01   4.8537e-01   5.6408e-01   6.4777e-01   7.3398e-01   8.1698e-01
   4.0945e-01   4.8057e-01   5.5878e-01   6.4235e-01   7.2775e-01   8.1033e-01
   4.1066e-01   4.8203e-01   5.6026e-01   6.4413e-01   7.3089e-01   8.1587e-01
   4.0428e-01   4.7573e-01   5.5486e-01   6.4017e-01   7.2844e-01   8.1452e-01
   4.0261e-01   4.7299e-01   5.5091e-01   6.3492e-01   7.2209e-01   8.0802e-01
   3.9935e-01   4.6899e-01   5.4648e-01   6.3044e-01   7.1773e-01   8.0365e-01
   4.1183e-01   4.8249e-01   5.6010e-01   6.4332e-01   7.2942e-01   8.1392e-01
   4.0664e-01   4.7785e-01   5.5614e-01   6.3954e-01   7.2495e-01   8.0880e-01
   4.0290e-01   4.7317e-01   5.5057e-01   6.3373e-01   7.2026e-01   8.0503e-01
   4.0335e-01   4.7322e-01   5.4998e-01   6.3223e-01   7.1702e-01   8.0023e-01
   3.9859e-01   4.6868e-01   5.4529e-01   6.2687e-01   7.1127e-01   7.9389e-01
   4.0461e-01   4.7568e-01   5.5425e-01   6.3841e-01   7.2458e-01   8.0870e-01
   3.9606e-01   4.6604e-01   5.4336e-01   6.2658e-01   7.1300e-01   7.9793e-01
   4.1580e-01   4.8799e-01   5.6726e-01   6.5203e-01   7.3878e-01   8.2311e-01
   4.0770e-01   4.7933e-01   5.5800e-01   6.4193e-01   7.2857e-01   8.1381e-01
   4.0303e-01   4.7306e-01   5.5060e-01   6.3434e-01   7.2141e-01   8.0675e-01

  Columns 7 through 10

   8.7379e-01   9.3477e-01   9.7329e-01   9.9048e-01
   8.8748e-01   9.4657e-01   9.8074e-01   9.9539e-01
   8.9077e-01   9.4964e-01   9.8438e-01   9.9724e-01
   8.9631e-01   9.5110e-01   9.8148e-01   9.9563e-01
   8.8969e-01   9.4768e-01   9.8357e-01   9.9752e-01
   8.7935e-01   9.4201e-01   9.8451e-01   9.9977e-01
   8.9582e-01   9.5452e-01   9.8796e-01   9.9912e-01
   8.8773e-01   9.4432e-01   9.7853e-01   9.9373e-01
   8.9099e-01   9.5167e-01   9.8780e-01   9.9934e-01
   8.8772e-01   9.4281e-01   9.7940e-01   9.9528e-01
   8.8550e-01   9.4730e-01   9.8488e-01   9.9798e-01
   8.9479e-01   9.5535e-01   9.8869e-01   9.9737e-01
   8.8814e-01   9.5426e-01   9.9198e-01   9.9966e-01
   8.8725e-01   9.4708e-01   9.8421e-01   9.9878e-01
   8.7824e-01   9.3974e-01   9.7948e-01   9.9632e-01
   8.8011e-01   9.3664e-01   9.7717e-01   9.9523e-01
   9.0339e-01   9.5808e-01   9.8938e-01   9.9856e-01
   8.9214e-01   9.4926e-01   9.8406e-01   9.9687e-01
   8.8377e-01   9.4117e-01   9.7738e-01   9.9419e-01
   8.7599e-01   9.3383e-01   9.7529e-01   9.9471e-01
   8.8416e-01   9.4492e-01   9.8339e-01   9.9711e-01
   8.8576e-01   9.4596e-01   9.8312e-01   9.9796e-01
   8.9659e-01   9.5387e-01   9.8616e-01   9.9750e-01
   8.8090e-01   9.4460e-01   9.8449e-01   9.9703e-01
   8.9160e-01   9.5001e-01   9.8564e-01   9.9742e-01
   8.8483e-01   9.4231e-01   9.7856e-01   9.9638e-01
   8.9267e-01   9.5402e-01   9.8837e-01   9.9885e-01
   8.9137e-01   9.5039e-01   9.8171e-01   9.9477e-01
   8.8641e-01   9.4559e-01   9.8059e-01   9.9577e-01
   8.8181e-01   9.4454e-01   9.8182e-01   9.9695e-01
   8.8973e-01   9.4896e-01   9.8437e-01   9.9701e-01
   8.8525e-01   9.4592e-01   9.8293e-01   9.9668e-01
   8.8067e-01   9.4146e-01   9.8091e-01   9.9832e-01
   8.7655e-01   9.3931e-01   9.7999e-01   9.9685e-01
   8.6951e-01   9.3233e-01   9.7155e-01   9.9111e-01
   8.8537e-01   9.4504e-01   9.7960e-01   9.9474e-01
   8.7575e-01   9.3650e-01   9.7624e-01   9.9460e-01
   8.9826e-01   9.5572e-01   9.9044e-01   9.9954e-01
   8.9060e-01   9.5043e-01   9.8682e-01   9.9863e-01
   8.8333e-01   9.4186e-01   9.7698e-01   9.9240e-01

{Undefined function or variable 'stop'.

Error in test10>stopnow (line 254)
        stop

Error in test10 (line 81)
        stopnow

Error in run10 (line 13)
  test10()
} 
