
                            < M A T L A B (R) >
                  Copyright 1984-2015 The MathWorks, Inc.
                   R2015a (8.5.0.197613) 64-bit (glnxa64)
                             February 12, 2015

 
To get started, type one of these: helpwin, helpdesk, or demo.
For product information, visit www.mathworks.com.
 
Setting CVX paths...done.

	Academic License


ifinit =

     1


ifplot =

     0


gam =

   8.0000e-01


m =

   300


n =

   375


k =

    10


m1 =

    10


ells =

    10     9     8     7     6     5     4     3     2     1


delta =

   5.0000e-01


nruns =

    40


nsigmas =

    10


sigmas =

  Columns 1 through 6

   1.0000e+00   1.2414e+00   1.5410e+00   1.9129e+00   2.3746e+00   2.9478e+00

  Columns 7 through 10

   3.6593e+00   4.5425e+00   5.6390e+00   7.0000e+00

Starting parallel pool (parpool) using the 'local' profile ... connected to 5 workers.
Run: 
     12 


chk0 =

   8.8885e-16


sig =

     1


ell =

     1

Run: 
     27 


chk0 =

   1.0024e-15


sig =

     1


ell =

     1

Run: 
     23 


chk0 =

   4.7730e-16


sig =

     1


ell =

     1

Run: 
     18 


chk0 =

   8.9178e-16


sig =

     1


ell =

     1

Run: 
     6 


chk0 =

   5.6998e-16


sig =

     1


ell =

     1


niter =

     []


niter =

     []


niter =

     []


niter =

     []


niter =

     []


tol =

     []


kest =

    11

Trimming ...
Sparse SVD ...
Iteration	Fit Error
0		2.068609e+00

sig =

     1


tol =

     []


kest =

    11

Trimming ...
Sparse SVD ...
Iteration	Fit Error
0		2.068905e+00

sig =

     1


ell =

     1


ell =

     1


tol =

     []


kest =

    11

Trimming ...
Sparse SVD ...
Iteration	Fit Error
0		2.052053e+00

sig =

     1


ell =

     1


tol =

     []


kest =

    11

Trimming ...
Sparse SVD ...
Iteration	Fit Error
0		2.051661e+00

sig =

     1


ell =

     1


tol =

     []


kest =

    11

Trimming ...
Sparse SVD ...
Iteration	Fit Error
0		2.064285e+00

sig =

     1


niter =

     []


ell =

     1


niter =

     []


niter =

     []


niter =

     []


niter =

     []


tol =

     []


kest =

    11

Trimming ...
Sparse SVD ...
Iteration	Fit Error
0		2.287366e+00

sig =

     1


ell =

     1


tol =

     []


kest =

    11

Trimming ...
Sparse SVD ...
Iteration	Fit Error
0		2.285865e+00

sig =

     1


ell =

     1


tol =

     []


kest =

    11

Trimming ...
Sparse SVD ...
Iteration	Fit Error
0		2.268973e+00

sig =

     1


tol =

     []


kest =

    11

Trimming ...
Sparse SVD ...
Iteration	Fit Error
0		2.268852e+00

sig =

     1


ell =

     1


ell =

     1


niter =

     []


tol =

     []


kest =

    11

Trimming ...
Sparse SVD ...
Iteration	Fit Error
0		2.278880e+00

sig =

     1


ell =

     1


niter =

     []


niter =

     []


niter =

     []


tol =

     []


kest =

    11

Trimming ...
Sparse SVD ...
Iteration	Fit Error
0		2.483627e+00

sig =

     1


ell =

     1


tol =

     []


kest =

    11

Trimming ...
Sparse SVD ...
Iteration	Fit Error
0		2.464163e+00

sig =

     1


niter =

     []


ell =

     1


tol =

     []


kest =

    11

Trimming ...
Sparse SVD ...
Iteration	Fit Error
0		2.466824e+00

sig =

     1


tol =

     []


kest =

    11

Trimming ...
Sparse SVD ...
Iteration	Fit Error
0		2.481069e+00

sig =

     1


ell =

     1


ell =

     1


niter =

     []


niter =

     []


niter =

     []


tol =

     []


kest =

    11

Trimming ...
Sparse SVD ...
Iteration	Fit Error
0		2.474018e+00

sig =

     1


ell =

     1


niter =

     []


tol =

     []


kest =

    11

Trimming ...
Sparse SVD ...
Iteration	Fit Error
0		2.645695e+00

sig =

     1


tol =

     []


kest =

    11

Trimming ...
Sparse SVD ...
Iteration	Fit Error
0		2.624950e+00

sig =

     1


tol =

     []


kest =

    11

Trimming ...
Sparse SVD ...
Iteration	Fit Error
0		2.625559e+00

sig =

     1


niter =

     []


ell =

     1


ell =

     1


ell =

     1


tol =

     []


kest =

    11

Trimming ...
Sparse SVD ...
Iteration	Fit Error
0		2.642032e+00

sig =

     1


ell =

     1


niter =

     []


niter =

     []


niter =

     []


tol =

     []


kest =

    11

Trimming ...
Sparse SVD ...
Iteration	Fit Error
0		2.637439e+00

sig =

     1


ell =

     1


niter =

     []


tol =

     []


kest =

    11

Trimming ...
Sparse SVD ...
Iteration	Fit Error
0		2.749000e+00

sig =

     1


tol =

     []


kest =

    11

Trimming ...
Sparse SVD ...
Iteration	Fit Error
0		2.766350e+00

sig =

     1


tol =

     []


kest =

    11

Trimming ...
Sparse SVD ...
Iteration	Fit Error
0		2.742852e+00

sig =

     1


ell =

     1


ell =

     1


ell =

     1


niter =

     []


niter =

     []


tol =

     []


kest =

    11

Trimming ...
Sparse SVD ...
Iteration	Fit Error
0		2.764007e+00

sig =

     1


niter =

     []


niter =

     []


ell =

     1


niter =

     []


tol =

     []


kest =

    11

Trimming ...
Sparse SVD ...
Iteration	Fit Error
0		2.756910e+00

sig =

     1


tol =

     []


kest =

    11

Trimming ...
Sparse SVD ...
Iteration	Fit Error
0		2.835532e+00

sig =

     1


ell =

     1


tol =

     []


kest =

    11

Trimming ...
Sparse SVD ...
Iteration	Fit Error
0		2.846226e+00

sig =

     1


tol =

     []


kest =

    11

Trimming ...
Sparse SVD ...
Iteration	Fit Error
0		2.828509e+00

sig =

     1


ell =

     1


ell =

     1


ell =

     1


niter =

     []


niter =

     []


tol =

     []


kest =

    11

Trimming ...
Sparse SVD ...
Iteration	Fit Error
0		2.846473e+00

sig =

     1


niter =

     []


niter =

     []


ell =

     1


niter =

     []


tol =

     []


kest =

    11

Trimming ...
Sparse SVD ...
Iteration	Fit Error
0		2.843424e+00

sig =

     1


tol =

     []


kest =

    11

Trimming ...
Sparse SVD ...
Iteration	Fit Error
0		2.892527e+00

sig =

     1


ell =

     1


tol =

     []


kest =

    11

Trimming ...
Sparse SVD ...
Iteration	Fit Error
0		2.883795e+00

sig =

     1


ell =

     1


tol =

     []


kest =

    11

Trimming ...
Sparse SVD ...
Iteration	Fit Error
0		2.894961e+00

sig =

     1


ell =

     1


ell =

     1


niter =

     []


niter =

     []


niter =

     []


niter =

     []


tol =

     []


kest =

    11

Trimming ...
Sparse SVD ...
Iteration	Fit Error
0		2.898281e+00

sig =

     1


ell =

     1


tol =

     []


kest =

    11

Trimming ...
Sparse SVD ...
Iteration	Fit Error
0		2.897572e+00

sig =

     1


niter =

     []


ell =

     1


tol =

     []


kest =

    11

Trimming ...
Sparse SVD ...
Iteration	Fit Error
0		2.917772e+00

sig =

     1


tol =

     []


kest =

    11

Trimming ...
Sparse SVD ...
Iteration	Fit Error
0		2.925380e+00

sig =

     1


tol =

     []


kest =

    11

Trimming ...
Sparse SVD ...
Iteration	Fit Error
0		2.923295e+00

sig =

     1


ell =

     1


ell =

     1


ell =

     1


niter =

     []


niter =

     []


niter =

     []


niter =

     []


tol =

     []


kest =

    11

Trimming ...
Sparse SVD ...
Iteration	Fit Error
0		2.929509e+00

sig =

     1


ell =

     1


tol =

     []


kest =

    11

Trimming ...
Sparse SVD ...
Iteration	Fit Error
0		2.928136e+00

sig =

     1


tol =

     []


kest =

    11

Trimming ...
Sparse SVD ...
Iteration	Fit Error
0		2.936693e+00

sig =

     1


ell =

     1


niter =

     []


ell =

     1


tol =

     []


kest =

    11

Trimming ...
Sparse SVD ...
Iteration	Fit Error
0		2.943505e+00

sig =

     1


tol =

     []


kest =

    11

Trimming ...
Sparse SVD ...
Iteration	Fit Error
0		2.938391e+00

sig =

     1


ell =

     1


ell =

     1


niter =

     []


niter =

     []


niter =

     []


niter =

     []


tol =

     []


kest =

    11

Trimming ...
Sparse SVD ...
Iteration	Fit Error
0		2.945372e+00

sig =

     1


ell =

     1


tol =

     []


kest =

    11

Trimming ...
Sparse SVD ...
Iteration	Fit Error
0		2.943826e+00

sig =

     1


tol =

     []


kest =

    11

Trimming ...
Sparse SVD ...
Iteration	Fit Error
0		2.945746e+00
Run: 
     5 


ell =

     1


tol =

     []


kest =

    11

Trimming ...
Sparse SVD ...
Iteration	Fit Error
0		2.945449e+00
Run: 
     17 


chk0 =

   8.9004e-16


sig =

     1


ell =

     1


niter =

     []


chk0 =

   6.7275e-16


sig =

     1


ell =

     1


tol =

     []


kest =

    11

Trimming ...
Sparse SVD ...
Iteration	Fit Error
0		2.950399e+00
Run: 
     11 


chk0 =

   8.9019e-16


sig =

     1


ell =

     1


niter =

     []


niter =

     []


niter =

     []


tol =

     []


kest =

    11

Trimming ...
Sparse SVD ...
Iteration	Fit Error
0		2.950856e+00
Run: 
     26 


chk0 =

   1.3334e-15


sig =

     1


ell =

     1


niter =

     []


tol =

     []


kest =

    11

Trimming ...
Sparse SVD ...
Iteration	Fit Error
0		2.949419e+00
Run: 
     22 


chk0 =

   8.9135e-16


sig =

     1


ell =

     1


tol =

     []


kest =

    11

Trimming ...
Sparse SVD ...
Iteration	Fit Error
0		2.056310e+00

sig =

     1


tol =

     []


kest =

    11

Trimming ...
Sparse SVD ...
Iteration	Fit Error
0		2.055589e+00

sig =

     1


niter =

     []


ell =

     1


ell =

     1


niter =

     []


tol =

     []


kest =

    11

Trimming ...
Sparse SVD ...
Iteration	Fit Error
0		2.036644e+00

sig =

     1


niter =

     []


niter =

     []


ell =

     1


tol =

     []


kest =

    11

Trimming ...
Sparse SVD ...
Iteration	Fit Error
0		2.049722e+00

sig =

     1


ell =

     1


niter =

     []


tol =

     []


kest =

    11

Trimming ...
Sparse SVD ...
Iteration	Fit Error
0		2.039562e+00

sig =

     1


tol =

     []


kest =

    11

Trimming ...
Sparse SVD ...
Iteration	Fit Error
0		2.272077e+00

sig =

     1


ell =

     1


tol =

     []


kest =

    11

Trimming ...
Sparse SVD ...
Iteration	Fit Error
0		2.278166e+00

sig =

     1


ell =

     1


ell =

     1


niter =

     []


tol =

     []


kest =

    11

Trimming ...
Sparse SVD ...
Iteration	Fit Error
0		2.255892e+00

sig =

     1


ell =

     1


niter =

     []


niter =

     []


niter =

     []


niter =

     []


tol =

     []


kest =

    11

Trimming ...
Sparse SVD ...
Iteration	Fit Error
0		2.267886e+00

sig =

     1


ell =

     1


tol =

     []


kest =

    11

Trimming ...
Sparse SVD ...
Iteration	Fit Error
0		2.468146e+00

sig =

     1


tol =

     []


kest =

    11

Trimming ...
Sparse SVD ...
Iteration	Fit Error
0		2.260776e+00

sig =

     1


ell =

     1


ell =

     1


tol =

     []


kest =

    11

Trimming ...
Sparse SVD ...
Iteration	Fit Error
0		2.479097e+00

sig =

     1


ell =

     1


niter =

     []


tol =

     []


kest =

    11

Trimming ...
Sparse SVD ...
Iteration	Fit Error
0		2.454540e+00

sig =

     1


niter =

     []


ell =

     1


niter =

     []


niter =

     []


niter =

     []


tol =

     []


kest =

    11

Trimming ...
Sparse SVD ...
Iteration	Fit Error
0		2.463735e+00

sig =

     1


ell =

     1


tol =

     []


kest =

    11

Trimming ...
Sparse SVD ...
Iteration	Fit Error
0		2.631915e+00

sig =

     1


ell =

     1


tol =

     []


kest =

    11

Trimming ...
Sparse SVD ...
Iteration	Fit Error
0		2.645450e+00

sig =

     1


niter =

     []


tol =

     []


kest =

    11

Trimming ...
Sparse SVD ...
Iteration	Fit Error
0		2.619097e+00

sig =

     1


ell =

     1


ell =

     1


niter =

     []


tol =

     []


kest =

    11

Trimming ...
Sparse SVD ...
Iteration	Fit Error
0		2.461654e+00

sig =

     1


ell =

     1


niter =

     []


niter =

     []


niter =

     []


tol =

     []


kest =

    11

Trimming ...
Sparse SVD ...
Iteration	Fit Error
0		2.625645e+00

sig =

     1


tol =

     []


kest =

    11

Trimming ...
Sparse SVD ...
Iteration	Fit Error
0		2.753250e+00

sig =

     1


ell =

     1


ell =

     1


tol =

     []


kest =

    11

Trimming ...
Sparse SVD ...
Iteration	Fit Error
0		2.769641e+00

sig =

     1


tol =

     []


kest =

    11

Trimming ...
Sparse SVD ...
Iteration	Fit Error
0		2.744938e+00

sig =

     1


ell =

     1


ell =

     1


niter =

     []


niter =

     []


tol =

     []


kest =

    11

Trimming ...
Sparse SVD ...
Iteration	Fit Error
0		2.623797e+00

sig =

     1


ell =

     1


niter =

     []


niter =

     []


tol =

     []


kest =

    11

Trimming ...
Sparse SVD ...
Iteration	Fit Error
0		2.833784e+00

sig =

     1


niter =

     []


tol =

     []


kest =

    11

Trimming ...
Sparse SVD ...
Iteration	Fit Error
0		2.749107e+00

sig =

     1


ell =

     1


ell =

     1


tol =

     []


kest =

    11

Trimming ...
Sparse SVD ...
Iteration	Fit Error
0		2.852430e+00

sig =

     1


ell =

     1


tol =

     []


kest =

    11

Trimming ...
Sparse SVD ...
Iteration	Fit Error
0		2.833369e+00

sig =

     1


niter =

     []


ell =

     1


niter =

     []


niter =

     []


tol =

     []


kest =

    11

Trimming ...
Sparse SVD ...
Iteration	Fit Error
0		2.749610e+00

sig =

     1


ell =

     1


niter =

     []


tol =

     []


kest =

    11

Trimming ...
Sparse SVD ...
Iteration	Fit Error
0		2.888066e+00

sig =

     1


ell =

     1


tol =

     []


kest =

    11

Trimming ...
Sparse SVD ...
Iteration	Fit Error
0		2.833879e+00

sig =

     1


niter =

     []


ell =

     1


tol =

     []


kest =

    11

Trimming ...
Sparse SVD ...
Iteration	Fit Error
0		2.901710e+00

sig =

     1


ell =

     1


niter =

     []


tol =

     []


kest =

    11

Trimming ...
Sparse SVD ...
Iteration	Fit Error
0		2.888808e+00

sig =

     1


niter =

     []


ell =

     1


niter =

     []


niter =

     []


tol =

     []


kest =

    11

Trimming ...
Sparse SVD ...
Iteration	Fit Error
0		2.837806e+00

sig =

     1


ell =

     1


tol =

     []


kest =

    11

Trimming ...
Sparse SVD ...
Iteration	Fit Error
0		2.920085e+00

sig =

     1


ell =

     1


niter =

     []


tol =

     []


kest =

    11

Trimming ...
Sparse SVD ...
Iteration	Fit Error
0		2.887377e+00

sig =

     1


ell =

     1


tol =

     []


kest =

    11

Trimming ...
Sparse SVD ...
Iteration	Fit Error
0		2.931505e+00

sig =

     1


ell =

     1


tol =

     []


kest =

    11

Trimming ...
Sparse SVD ...
Iteration	Fit Error
0		2.922725e+00

sig =

     1


niter =

     []


niter =

     []


ell =

     1


niter =

     []


niter =

     []


tol =

     []


kest =

    11

Trimming ...
Sparse SVD ...
Iteration	Fit Error
0		2.894673e+00

sig =

     1


ell =

     1


tol =

     []


kest =

    11

Trimming ...
Sparse SVD ...
Iteration	Fit Error
0		2.939096e+00

sig =

     1


tol =

     []


kest =

    11

Trimming ...
Sparse SVD ...
Iteration	Fit Error
0		2.945099e+00

sig =

     1


ell =

     1


ell =

     1


niter =

     []


tol =

     []


kest =

    11

Trimming ...
Sparse SVD ...
Iteration	Fit Error
0		2.919321e+00

sig =

     1


tol =

     []


kest =

    11

Trimming ...
Sparse SVD ...
Iteration	Fit Error
0		2.941205e+00

sig =

     1


ell =

     1


niter =

     []


ell =

     1


niter =

     []


niter =

     []


niter =

     []


tol =

     []


kest =

    11

Trimming ...
Sparse SVD ...
Iteration	Fit Error
0		2.925658e+00

sig =

     1


tol =

     []


kest =

    11

Trimming ...
Sparse SVD ...
Iteration	Fit Error
0		2.951588e+00
Run: 
     16 


ell =

     1


chk0 =

   1.1132e-15


sig =

     1


ell =

     1


tol =

     []


kest =

    11

Trimming ...
Sparse SVD ...
Iteration	Fit Error
0		2.948127e+00
Run: 
     10 


tol =

     []


kest =

    11

Trimming ...
Sparse SVD ...
Iteration	Fit Error
0		2.948669e+00
Run: 
     4 


chk0 =

   1.0128e-15


sig =

     1


ell =

     1


chk0 =

   8.9348e-16


sig =

     1


ell =

     1


tol =

     []


kest =

    11

Trimming ...
Sparse SVD ...
Iteration	Fit Error
0		2.936143e+00

sig =

     1


niter =

     []


ell =

     1


niter =

     []


niter =

     []


niter =

     []


niter =

     []


tol =

     []


kest =

    11

Trimming ...
Sparse SVD ...
Iteration	Fit Error
0		2.941707e+00

sig =

     1


tol =

     []


kest =

    11

Trimming ...
Sparse SVD ...
Iteration	Fit Error
0		2.018245e+00

sig =

     1


ell =

     1


ell =

     1


tol =

     []


kest =

    11

Trimming ...
Sparse SVD ...
Iteration	Fit Error
0		2.096366e+00

sig =

     1


ell =

     1


niter =

     []


tol =

     []


kest =

    11

Trimming ...
Sparse SVD ...
Iteration	Fit Error
0		2.944480e+00
Run: 
     25 


tol =

     []


kest =

    11

Trimming ...
Sparse SVD ...
Iteration	Fit Error
0		2.044194e+00

sig =

     1


ell =

     1


chk0 =

   1.1412e-15


sig =

     1


ell =

     1


niter =

     []


niter =

     []


tol =

     []


kest =

    11

Trimming ...
Sparse SVD ...
Iteration	Fit Error
0		2.948180e+00
Run: 
     21 


niter =

     []


chk0 =

   1.2259e-15


sig =

     1


ell =

     1


tol =

     []


kest =

    11

Trimming ...
Sparse SVD ...
Iteration	Fit Error
0		2.243582e+00

sig =

     1


niter =

     []


ell =

     1


tol =

     []


kest =

    11

Trimming ...
Sparse SVD ...
Iteration	Fit Error
0		2.310409e+00

sig =

     1


tol =

     []


kest =

    11

Trimming ...
Sparse SVD ...
Iteration	Fit Error
0		2.266198e+00

sig =

     1


ell =

     1


niter =

     []


ell =

     1


tol =

     []


kest =

    11

Trimming ...
Sparse SVD ...
Iteration	Fit Error
0		2.078002e+00

sig =

     1


niter =

     []


ell =

     1


niter =

     []


tol =

     []


kest =

    11

Trimming ...
Sparse SVD ...
Iteration	Fit Error
0		2.069567e+00

sig =

     1


niter =

     []


niter =

     []


ell =

     1


tol =

     []


kest =

    11

Trimming ...
Sparse SVD ...
Iteration	Fit Error
0		2.448844e+00

sig =

     1


niter =

     []


ell =

     1


tol =

     []


kest =

    11

Trimming ...
Sparse SVD ...
Iteration	Fit Error
0		2.501803e+00

sig =

     1


ell =

     1


tol =

     []


kest =

    11

Trimming ...
Sparse SVD ...
Iteration	Fit Error
0		2.293759e+00

sig =

     1


ell =

     1


niter =

     []


tol =

     []


kest =

    11

Trimming ...
Sparse SVD ...
Iteration	Fit Error
0		2.465839e+00

sig =

     1


niter =

     []


ell =

     1


tol =

     []


kest =

    11

Trimming ...
Sparse SVD ...
Iteration	Fit Error
0		2.281929e+00

sig =

     1


ell =

     1


niter =

     []


niter =

     []


tol =

     []


kest =

    11

Trimming ...
Sparse SVD ...
Iteration	Fit Error
0		2.619804e+00

sig =

     1


niter =

     []


tol =

     []


kest =

    11

Trimming ...
Sparse SVD ...
Iteration	Fit Error
0		2.657277e+00

sig =

     1


ell =

     1


ell =

     1


niter =

     []


tol =

     []


kest =

    11

Trimming ...
Sparse SVD ...
Iteration	Fit Error
0		2.486776e+00

sig =

     1


ell =

     1


niter =

     []


tol =

     []


kest =

    11

Trimming ...
Sparse SVD ...
Iteration	Fit Error
0		2.474074e+00

sig =

     1


niter =

     []


tol =

     []


kest =

    11

Trimming ...
Sparse SVD ...
Iteration	Fit Error
0		2.629749e+00

sig =

     1


ell =

     1


ell =

     1


niter =

     []


tol =

     []


kest =

    11

Trimming ...
Sparse SVD ...
Iteration	Fit Error
0		2.770421e+00

sig =

     1


ell =

     1


niter =

     []


tol =

     []


kest =

    11

Trimming ...
Sparse SVD ...
Iteration	Fit Error
0		2.748590e+00

sig =

     1


niter =

     []


ell =

     1


tol =

     []


kest =

    11

Trimming ...
Sparse SVD ...
Iteration	Fit Error
0		2.645279e+00

sig =

     1


niter =

     []


ell =

     1


tol =

     []


kest =

    11

Trimming ...
Sparse SVD ...
Iteration	Fit Error
0		2.752529e+00

sig =

     1


ell =

     1


tol =

     []


kest =

    11

Trimming ...
Sparse SVD ...
Iteration	Fit Error
0		2.635853e+00

sig =

     1


tol =

     []


kest =

    11

Trimming ...
Sparse SVD ...
Iteration	Fit Error
0		2.844443e+00

sig =

     1


ell =

     1


niter =

     []


ell =

     1


niter =

     []


tol =

     []


kest =

    11

Trimming ...
Sparse SVD ...
Iteration	Fit Error
0		2.835685e+00

sig =

     1


ell =

     1


niter =

     []


niter =

     []


niter =

     []


tol =

     []


kest =

    11

Trimming ...
Sparse SVD ...
Iteration	Fit Error
0		2.835366e+00

sig =

     1


tol =

     []


kest =

    11

Trimming ...
Sparse SVD ...
Iteration	Fit Error
0		2.764539e+00

sig =

     1


ell =

     1


ell =

     1


niter =

     []


tol =

     []


kest =

    11

Trimming ...
Sparse SVD ...
Iteration	Fit Error
0		2.894417e+00

sig =

     1


tol =

     []


kest =

    11

Trimming ...
Sparse SVD ...
Iteration	Fit Error
0		2.758329e+00

sig =

     1


niter =

     []


ell =

     1


ell =

     1


tol =

     []


kest =

    11

Trimming ...
Sparse SVD ...
Iteration	Fit Error
0		2.890887e+00

sig =

     1


niter =

     []


ell =

     1


niter =

     []


tol =

     []


kest =

    11

Trimming ...
Sparse SVD ...
Iteration	Fit Error
0		2.888704e+00

sig =

     1


tol =

     []


kest =

    11

Trimming ...
Sparse SVD ...
Iteration	Fit Error
0		2.841943e+00

sig =

     1


niter =

     []


ell =

     1


ell =

     1


tol =

     []


kest =

    11

Trimming ...
Sparse SVD ...
Iteration	Fit Error
0		2.923724e+00

sig =

     1


ell =

     1


niter =

     []


niter =

     []


tol =

     []


kest =

    11

Trimming ...
Sparse SVD ...
Iteration	Fit Error
0		2.839138e+00

sig =

     1


niter =

     []


ell =

     1


tol =

     []


kest =

    11

Trimming ...
Sparse SVD ...
Iteration	Fit Error
0		2.919589e+00

sig =

     1


ell =

     1


niter =

     []


tol =

     []


kest =

    11

Trimming ...
Sparse SVD ...
Iteration	Fit Error
0		2.894700e+00

sig =

     1


niter =

     []


tol =

     []


kest =

    11

Trimming ...
Sparse SVD ...
Iteration	Fit Error
0		2.922391e+00

sig =

     1


ell =

     1


ell =

     1


tol =

     []


kest =

    11

Trimming ...
Sparse SVD ...
Iteration	Fit Error
0		2.939757e+00

sig =

     1


ell =

     1


niter =

     []


niter =

     []


niter =

     []


tol =

     []


kest =

    11

Trimming ...
Sparse SVD ...
Iteration	Fit Error
0		2.889245e+00

sig =

     1


ell =

     1


tol =

     []


kest =

    11

Trimming ...
Sparse SVD ...
Iteration	Fit Error
0		2.934381e+00

sig =

     1


ell =

     1


niter =

     []


niter =

     []


tol =

     []


kest =

    11

Trimming ...
Sparse SVD ...
Iteration	Fit Error
0		2.939487e+00

sig =

     1


tol =

     []


kest =

    11

Trimming ...
Sparse SVD ...
Iteration	Fit Error
0		2.924700e+00

sig =

     1


ell =

     1


tol =

     []


kest =

    11

Trimming ...
Sparse SVD ...
Iteration	Fit Error
0		2.947062e+00
Run: 
     9 


ell =

     1


chk0 =

   8.9195e-16


sig =

     1


ell =

     1


niter =

     []


niter =

     []


tol =

     []


kest =

    11

Trimming ...
Sparse SVD ...
Iteration	Fit Error
0		2.920147e+00

sig =

     1


tol =

     []


kest =

    11

Trimming ...
Sparse SVD ...
Iteration	Fit Error
0		2.941260e+00
Run: 
     15 


niter =

     []


chk0 =

   1.1161e-15


sig =

     1


ell =

     1


ell =

     1


niter =

     []


tol =

     []


kest =

    11

Trimming ...
Sparse SVD ...
Iteration	Fit Error
0		2.946600e+00
Run: 
     3 


tol =

     []


kest =

    11

Trimming ...
Sparse SVD ...
Iteration	Fit Error
0		2.940439e+00

sig =

     1


chk0 =

   8.9179e-16


sig =

     1


ell =

     1


ell =

     1


tol =

     []


kest =

    11

Trimming ...
Sparse SVD ...
Iteration	Fit Error
0		2.032996e+00

sig =

     1


niter =

     []


ell =

     1


niter =

     []


tol =

     []


kest =

    11

Trimming ...
Sparse SVD ...
Iteration	Fit Error
0		2.937466e+00

sig =

     1


ell =

     1


niter =

     []


tol =

     []


kest =

    11

Trimming ...
Sparse SVD ...
Iteration	Fit Error
0		2.034210e+00

sig =

     1


ell =

     1


niter =

     []


tol =

     []


kest =

    11

Trimming ...
Sparse SVD ...
Iteration	Fit Error
0		2.946155e+00
Run: 
     24 


niter =

     []


chk0 =

   1.1168e-15


sig =

     1


ell =

     1


niter =

     []


tol =

     []


kest =

    11

Trimming ...
Sparse SVD ...
Iteration	Fit Error
0		2.945362e+00
Run: 
     20 


niter =

     []


chk0 =

   1.3354e-15


sig =

     1


ell =

     1


tol =

     []


kest =

    11

Trimming ...
Sparse SVD ...
Iteration	Fit Error
0		2.044505e+00

sig =

     1


ell =

     1


tol =

     []


kest =

    11

Trimming ...
Sparse SVD ...
Iteration	Fit Error
0		2.254452e+00

sig =

     1


ell =

     1


niter =

     []


tol =

     []


kest =

    11

Trimming ...
Sparse SVD ...
Iteration	Fit Error
0		2.067585e+00

sig =

     1


niter =

     []


ell =

     1


tol =

     []


kest =

    11

Trimming ...
Sparse SVD ...
Iteration	Fit Error
0		2.252796e+00

sig =

     1


niter =

     []


ell =

     1


niter =

     []


niter =

     []


tol =

     []


kest =

    11

Trimming ...
Sparse SVD ...
Iteration	Fit Error
0		2.265847e+00

sig =

     1


tol =

     []


kest =

    11

Trimming ...
Sparse SVD ...
Iteration	Fit Error
0		2.454291e+00

sig =

     1


ell =

     1


ell =

     1


tol =

     []


kest =

    11

Trimming ...
Sparse SVD ...
Iteration	Fit Error
0		2.048581e+00

sig =

     1


ell =

     1


tol =

     []


kest =

    11

Trimming ...
Sparse SVD ...
Iteration	Fit Error
0		2.278486e+00

sig =

     1


ell =

     1


niter =

     []


tol =

     []


kest =

    11

Trimming ...
Sparse SVD ...
Iteration	Fit Error
0		2.451698e+00

sig =

     1


ell =

     1


niter =

     []


niter =

     []


niter =

     []


niter =

     []


tol =

     []


kest =

    11

Trimming ...
Sparse SVD ...
Iteration	Fit Error
0		2.620782e+00

sig =

     1


ell =

     1


tol =

     []


kest =

    11

Trimming ...
Sparse SVD ...
Iteration	Fit Error
0		2.465943e+00

sig =

     1


tol =

     []


kest =

    11

Trimming ...
Sparse SVD ...
Iteration	Fit Error
0		2.270050e+00

sig =

     1


ell =

     1


ell =

     1


tol =

     []


kest =

    11

Trimming ...
Sparse SVD ...
Iteration	Fit Error
0		2.615863e+00

sig =

     1


ell =

     1


tol =

     []


kest =

    11

Trimming ...
Sparse SVD ...
Iteration	Fit Error
0		2.470313e+00

sig =

     1


niter =

     []


ell =

     1


niter =

     []


niter =

     []


niter =

     []


niter =

     []


tol =

     []


kest =

    11

Trimming ...
Sparse SVD ...
Iteration	Fit Error
0		2.748758e+00

sig =

     1


ell =

     1


tol =

     []


kest =

    11

Trimming ...
Sparse SVD ...
Iteration	Fit Error
0		2.738299e+00

sig =

     1


tol =

     []


kest =

    11

Trimming ...
Sparse SVD ...
Iteration	Fit Error
0		2.631340e+00

sig =

     1


ell =

     1


ell =

     1


tol =

     []


kest =

    11

Trimming ...
Sparse SVD ...
Iteration	Fit Error
0		2.469212e+00

sig =

     1


ell =

     1


tol =

     []


kest =

    11

Trimming ...
Sparse SVD ...
Iteration	Fit Error
0		2.628240e+00

sig =

     1


niter =

     []


ell =

     1


niter =

     []


niter =

     []


niter =

     []


niter =

     []


tol =

     []


kest =

    11

Trimming ...
Sparse SVD ...
Iteration	Fit Error
0		2.837940e+00

sig =

     1


ell =

     1


tol =

     []


kest =

    11

Trimming ...
Sparse SVD ...
Iteration	Fit Error
0		2.823856e+00

sig =

     1


tol =

     []


kest =

    11

Trimming ...
Sparse SVD ...
Iteration	Fit Error
0		2.748558e+00

sig =

     1


ell =

     1


tol =

     []


kest =

    11

Trimming ...
Sparse SVD ...
Iteration	Fit Error
0		2.754535e+00

sig =

     1


ell =

     1


ell =

     1


niter =

     []


tol =

     []


kest =

    11

Trimming ...
Sparse SVD ...
Iteration	Fit Error
0		2.633258e+00

sig =

     1


ell =

     1


niter =

     []


niter =

     []


niter =

     []


niter =

     []


tol =

     []


kest =

    11

Trimming ...
Sparse SVD ...
Iteration	Fit Error
0		2.896227e+00

sig =

     1


ell =

     1


tol =

     []


kest =

    11

Trimming ...
Sparse SVD ...
Iteration	Fit Error
0		2.824998e+00

sig =

     1


tol =

     []


kest =

    11

Trimming ...
Sparse SVD ...
Iteration	Fit Error
0		2.878998e+00

sig =

     1


tol =

     []


kest =

    11

Trimming ...
Sparse SVD ...
Iteration	Fit Error
0		2.840417e+00

sig =

     1


ell =

     1


ell =

     1


ell =

     1


niter =

     []


tol =

     []


kest =

    11

Trimming ...
Sparse SVD ...
Iteration	Fit Error
0		2.754634e+00

sig =

     1


niter =

     []


ell =

     1


niter =

     []


niter =

     []


tol =

     []


kest =

    11

Trimming ...
Sparse SVD ...
Iteration	Fit Error
0		2.928950e+00

sig =

     1


niter =

     []


ell =

     1


tol =

     []


kest =

    11

Trimming ...
Sparse SVD ...
Iteration	Fit Error
0		2.914521e+00

sig =

     1


tol =

     []


kest =

    11

Trimming ...
Sparse SVD ...
Iteration	Fit Error
0		2.879181e+00

sig =

     1


ell =

     1


tol =

     []


kest =

    11

Trimming ...
Sparse SVD ...
Iteration	Fit Error
0		2.891732e+00

sig =

     1


ell =

     1


ell =

     1


niter =

     []


tol =

     []


kest =

    11

Trimming ...
Sparse SVD ...
Iteration	Fit Error
0		2.834139e+00

sig =

     1


niter =

     []


ell =

     1


niter =

     []


niter =

     []


niter =

     []


tol =

     []


kest =

    11

Trimming ...
Sparse SVD ...
Iteration	Fit Error
0		2.945367e+00

sig =

     1


ell =

     1


tol =

     []


kest =

    11

Trimming ...
Sparse SVD ...
Iteration	Fit Error
0		2.933509e+00

sig =

     1


tol =

     []


kest =

    11

Trimming ...
Sparse SVD ...
Iteration	Fit Error
0		2.913563e+00

sig =

     1


ell =

     1


tol =

     []


kest =

    11

Trimming ...
Sparse SVD ...
Iteration	Fit Error
0		2.921161e+00

sig =

     1


ell =

     1


ell =

     1


niter =

     []


tol =

     []


kest =

    11

Trimming ...
Sparse SVD ...
Iteration	Fit Error
0		2.889444e+00

sig =

     1


ell =

     1


niter =

     []


niter =

     []


niter =

     []


niter =

     []


tol =

     []


kest =

    11

Trimming ...
Sparse SVD ...
Iteration	Fit Error
0		2.951765e+00
Run: 
     8 


chk0 =

   5.7030e-16


sig =

     1


ell =

     1


tol =

     []


kest =

    11

Trimming ...
Sparse SVD ...
Iteration	Fit Error
0		2.933171e+00

sig =

     1


tol =

     []


kest =

    11

Trimming ...
Sparse SVD ...
Iteration	Fit Error
0		2.941722e+00
Run: 
     14 


ell =

     1


chk0 =

   1.1137e-15


sig =

     1


ell =

     1


tol =

     []


kest =

    11

Trimming ...
Sparse SVD ...
Iteration	Fit Error
0		2.937597e+00

sig =

     1


ell =

     1


tol =

     []


kest =

    11

Trimming ...
Sparse SVD ...
Iteration	Fit Error
0		2.923197e+00

sig =

     1


niter =

     []


ell =

     1


niter =

     []


niter =

     []


niter =

     []


niter =

     []


tol =

     []


kest =

    11

Trimming ...
Sparse SVD ...
Iteration	Fit Error
0		2.042983e+00

sig =

     1


tol =

     []


kest =

    11

Trimming ...
Sparse SVD ...
Iteration	Fit Error
0		2.941407e+00

ell =

     1


tol =

     []


kest =

    11

Trimming ...
Sparse SVD ...
Iteration	Fit Error
0		2.942398e+00

sig =

     1

Run: 
     30 


chk0 =

   8.9056e-16


sig =

     1


ell =

     1


tol =

     []


kest =

    11

Trimming ...
Sparse SVD ...
Iteration	Fit Error
0		2.944247e+00
Run: 
     2 


ell =

     1


chk0 =

   1.5555e-15


sig =

     1


ell =

     1


tol =

     []


kest =

    11

Trimming ...
Sparse SVD ...
Iteration	Fit Error
0		2.070666e+00

sig =

     1


ell =

     1


niter =

     []


niter =

     []


niter =

     []


niter =

     []


niter =

     []


tol =

     []


kest =

    11

Trimming ...
Sparse SVD ...
Iteration	Fit Error
0		2.034026e+00

sig =

     1


tol =

     []


kest =

    11

Trimming ...
Sparse SVD ...
Iteration	Fit Error
0		2.263808e+00

sig =

     1


tol =

     []


kest =

    11

Trimming ...
Sparse SVD ...
Iteration	Fit Error
0		2.951921e+00
Run: 
     19 


tol =

     []


kest =

    11

Trimming ...
Sparse SVD ...
Iteration	Fit Error
0		2.042516e+00

sig =

     1


ell =

     1


ell =

     1


chk0 =

   1.1149e-15


sig =

     1


ell =

     1


ell =

     1


tol =

     []


kest =

    11

Trimming ...
Sparse SVD ...
Iteration	Fit Error
0		2.285594e+00

sig =

     1


ell =

     1


niter =

     []


niter =

     []


niter =

     []


niter =

     []


niter =

     []


tol =

     []


kest =

    11

Trimming ...
Sparse SVD ...
Iteration	Fit Error
0		2.260928e+00

sig =

     1


tol =

     []


kest =

    11

Trimming ...
Sparse SVD ...
Iteration	Fit Error
0		2.253760e+00

sig =

     1


tol =

     []


kest =

    11

Trimming ...
Sparse SVD ...
Iteration	Fit Error
0		2.462785e+00

sig =

     1


ell =

     1


ell =

     1


ell =

     1


tol =

     []


kest =

    11

Trimming ...
Sparse SVD ...
Iteration	Fit Error
0		2.066425e+00

sig =

     1


tol =

     []


kest =

    11

Trimming ...
Sparse SVD ...
Iteration	Fit Error
0		2.478632e+00

sig =

     1


ell =

     1


ell =

     1


niter =

     []


niter =

     []


niter =

     []


niter =

     []


niter =

     []


tol =

     []


kest =

    11

Trimming ...
Sparse SVD ...
Iteration	Fit Error
0		2.459870e+00

sig =

     1


tol =

     []


kest =

    11

Trimming ...
Sparse SVD ...
Iteration	Fit Error
0		2.636340e+00

sig =

     1


tol =

     []


kest =

    11

Trimming ...
Sparse SVD ...
Iteration	Fit Error
0		2.452949e+00

sig =

     1


tol =

     []


kest =

    11

Trimming ...
Sparse SVD ...
Iteration	Fit Error
0		2.281563e+00

sig =

     1


ell =

     1


ell =

     1


ell =

     1


ell =

     1


tol =

     []


kest =

    11

Trimming ...
Sparse SVD ...
Iteration	Fit Error
0		2.627036e+00

sig =

     1


ell =

     1


niter =

     []


niter =

     []


niter =

     []


niter =

     []


niter =

     []


tol =

     []


kest =

    11

Trimming ...
Sparse SVD ...
Iteration	Fit Error
0		2.625987e+00

sig =

     1


tol =

     []


kest =

    11

Trimming ...
Sparse SVD ...
Iteration	Fit Error
0		2.619187e+00

sig =

     1


ell =

     1


tol =

     []


kest =

    11

Trimming ...
Sparse SVD ...
Iteration	Fit Error
0		2.759267e+00

sig =

     1


ell =

     1


ell =

     1


tol =

     []


kest =

    11

Trimming ...
Sparse SVD ...
Iteration	Fit Error
0		2.750970e+00

sig =

     1


tol =

     []


kest =

    11

Trimming ...
Sparse SVD ...
Iteration	Fit Error
0		2.475538e+00

sig =

     1


ell =

     1


ell =

     1


niter =

     []


niter =

     []


niter =

     []


niter =

     []


niter =

     []


tol =

     []


kest =

    11

Trimming ...
Sparse SVD ...
Iteration	Fit Error
0		2.839305e+00

sig =

     1


tol =

     []


kest =

    11

Trimming ...
Sparse SVD ...
Iteration	Fit Error
0		2.743971e+00

sig =

     1


tol =

     []


kest =

    11

Trimming ...
Sparse SVD ...
Iteration	Fit Error
0		2.752032e+00

sig =

     1


ell =

     1


ell =

     1


ell =

     1


tol =

     []


kest =

    11

Trimming ...
Sparse SVD ...
Iteration	Fit Error
0		2.836534e+00

sig =

     1


tol =

     []


kest =

    11

Trimming ...
Sparse SVD ...
Iteration	Fit Error
0		2.631050e+00

sig =

     1


niter =

     []


ell =

     1


ell =

     1


niter =

     []


niter =

     []


niter =

     []


niter =

     []


tol =

     []


kest =

    11

Trimming ...
Sparse SVD ...
Iteration	Fit Error
0		2.831846e+00

sig =

     1


tol =

     []


kest =

    11

Trimming ...
Sparse SVD ...
Iteration	Fit Error
0		2.891029e+00

sig =

     1


ell =

     1


ell =

     1


tol =

     []


kest =

    11

Trimming ...
Sparse SVD ...
Iteration	Fit Error
0		2.836085e+00

sig =

     1


ell =

     1


tol =

     []


kest =

    11

Trimming ...
Sparse SVD ...
Iteration	Fit Error
0		2.893032e+00

sig =

     1


tol =

     []


kest =

    11

Trimming ...
Sparse SVD ...
Iteration	Fit Error
0		2.750696e+00

sig =

     1


niter =

     []


ell =

     1


niter =

     []


niter =

     []


ell =

     1


niter =

     []


niter =

     []


tol =

     []


kest =

    11

Trimming ...
Sparse SVD ...
Iteration	Fit Error
0		2.888469e+00

sig =

     1


tol =

     []


kest =

    11

Trimming ...
Sparse SVD ...
Iteration	Fit Error
0		2.922475e+00

sig =

     1


ell =

     1


tol =

     []


kest =

    11

Trimming ...
Sparse SVD ...
Iteration	Fit Error
0		2.925165e+00

sig =

     1


ell =

     1


ell =

     1


tol =

     []


kest =

    11

Trimming ...
Sparse SVD ...
Iteration	Fit Error
0		2.890202e+00

sig =

     1


niter =

     []


ell =

     1


tol =

     []


kest =

    11

Trimming ...
Sparse SVD ...
Iteration	Fit Error
0		2.836554e+00

sig =

     1


niter =

     []


niter =

     []


ell =

     1


niter =

     []


niter =

     []


tol =

     []


kest =

    11

Trimming ...
Sparse SVD ...
Iteration	Fit Error
0		2.923264e+00

sig =

     1


tol =

     []


kest =

    11

Trimming ...
Sparse SVD ...
Iteration	Fit Error
0		2.939359e+00

sig =

     1


ell =

     1


tol =

     []


kest =

    11

Trimming ...
Sparse SVD ...
Iteration	Fit Error
0		2.941638e+00

sig =

     1


ell =

     1


ell =

     1


tol =

     []


kest =

    11

Trimming ...
Sparse SVD ...
Iteration	Fit Error
0		2.925435e+00

sig =

     1


niter =

     []


ell =

     1


niter =

     []


niter =

     []


tol =

     []


kest =

    11

Trimming ...
Sparse SVD ...
Iteration	Fit Error
0		2.890722e+00

sig =

     1


ell =

     1


niter =

     []


niter =

     []


tol =

     []


kest =

    11

Trimming ...
Sparse SVD ...
Iteration	Fit Error
0		2.941347e+00

sig =

     1


tol =

     []


kest =

    11

Trimming ...
Sparse SVD ...
Iteration	Fit Error
0		2.947604e+00
Run: 
     13 


ell =

     1


tol =

     []


kest =

    11

Trimming ...
Sparse SVD ...
Iteration	Fit Error
0		2.947430e+00
Run: 
     7 


chk0 =

   6.7486e-16


sig =

     1


ell =

     1


chk0 =

   6.6887e-16


sig =

     1


ell =

     1


niter =

     []


tol =

     []


kest =

    11

Trimming ...
Sparse SVD ...
Iteration	Fit Error
0		2.940591e+00

sig =

     1


ell =

     1


niter =

     []


tol =

     []


kest =

    11

Trimming ...
Sparse SVD ...
Iteration	Fit Error
0		2.920023e+00

sig =

     1


ell =

     1


niter =

     []


niter =

     []


tol =

     []


kest =

    11

Trimming ...
Sparse SVD ...
Iteration	Fit Error
0		2.949108e+00
Run: 
     1 


niter =

     []


chk0 =

   7.8481e-16


sig =

     1


ell =

     1


tol =

     []


kest =

    11

Trimming ...
Sparse SVD ...
Iteration	Fit Error
0		2.053535e+00

sig =

     1


tol =

     []


kest =

    11

Trimming ...
Sparse SVD ...
Iteration	Fit Error
0		2.946965e+00
Run: 
     29 


chk0 =

   1.7806e-15


sig =

     1


ell =

     1


tol =

     []


kest =

    11

Trimming ...
Sparse SVD ...
Iteration	Fit Error
0		2.050927e+00

sig =

     1


ell =

     1


ell =

     1


niter =

     []


niter =

     []


tol =

     []


kest =

    11

Trimming ...
Sparse SVD ...
Iteration	Fit Error
0		2.936554e+00

sig =

     1


ell =

     1


niter =

     []


niter =

     []


niter =

     []


tol =

     []


kest =

    11

Trimming ...
Sparse SVD ...
Iteration	Fit Error
0		2.274519e+00

sig =

     1


tol =

     []


kest =

    11

Trimming ...
Sparse SVD ...
Iteration	Fit Error
0		2.050075e+00

sig =

     1


ell =

     1


ell =

     1


tol =

     []


kest =

    11

Trimming ...
Sparse SVD ...
Iteration	Fit Error
0		2.272961e+00

sig =

     1


tol =

     []


kest =

    11

Trimming ...
Sparse SVD ...
Iteration	Fit Error
0		2.047599e+00

sig =

     1


ell =

     1


ell =

     1


tol =

     []


kest =

    11

Trimming ...
Sparse SVD ...
Iteration	Fit Error
0		2.943090e+00

niter =

     []

Run: 
     32 


chk0 =

   7.8290e-16


sig =

     1


ell =

     1


niter =

     []


niter =

     []


niter =

     []


tol =

     []


kest =

    11

Trimming ...
Sparse SVD ...
Iteration	Fit Error
0		2.473547e+00

sig =

     1


ell =

     1


niter =

     []


tol =

     []


kest =

    11

Trimming ...
Sparse SVD ...
Iteration	Fit Error
0		2.476378e+00

sig =

     1


tol =

     []


kest =

    11

Trimming ...
Sparse SVD ...
Iteration	Fit Error
0		2.264527e+00

sig =

     1


ell =

     1


ell =

     1


niter =

     []


tol =

     []


kest =

    11

Trimming ...
Sparse SVD ...
Iteration	Fit Error
0		2.269879e+00

sig =

     1


niter =

     []


ell =

     1


tol =

     []


kest =

    11

Trimming ...
Sparse SVD ...
Iteration	Fit Error
0		2.022131e+00

sig =

     1


niter =

     []


ell =

     1


tol =

     []


kest =

    11

Trimming ...
Sparse SVD ...
Iteration	Fit Error
0		2.635724e+00

sig =

     1


ell =

     1


tol =

     []


kest =

    11

Trimming ...
Sparse SVD ...
Iteration	Fit Error
0		2.636672e+00

sig =

     1


ell =

     1


niter =

     []


tol =

     []


kest =

    11

Trimming ...
Sparse SVD ...
Iteration	Fit Error
0		2.458888e+00

sig =

     1


niter =

     []


ell =

     1


niter =

     []


niter =

     []


tol =

     []


kest =

    11

Trimming ...
Sparse SVD ...
Iteration	Fit Error
0		2.470712e+00

sig =

     1


ell =

     1


niter =

     []


tol =

     []


kest =

    11

Trimming ...
Sparse SVD ...
Iteration	Fit Error
0		2.755917e+00

sig =

     1


niter =

     []


ell =

     1


tol =

     []


kest =

    11

Trimming ...
Sparse SVD ...
Iteration	Fit Error
0		2.757916e+00

sig =

     1


ell =

     1


tol =

     []


kest =

    11

Trimming ...
Sparse SVD ...
Iteration	Fit Error
0		2.245475e+00

sig =

     1


ell =

     1


niter =

     []


niter =

     []


tol =

     []


kest =

    11

Trimming ...
Sparse SVD ...
Iteration	Fit Error
0		2.618754e+00

sig =

     1


ell =

     1


tol =

     []


kest =

    11

Trimming ...
Sparse SVD ...
Iteration	Fit Error
0		2.636276e+00

sig =

     1


ell =

     1


niter =

     []


tol =

     []


kest =

    11

Trimming ...
Sparse SVD ...
Iteration	Fit Error
0		2.845491e+00

sig =

     1


tol =

     []


kest =

    11

Trimming ...
Sparse SVD ...
Iteration	Fit Error
0		2.842708e+00

sig =

     1


niter =

     []


ell =

     1


ell =

     1


niter =

     []


niter =

     []


niter =

     []


tol =

     []


kest =

    11

Trimming ...
Sparse SVD ...
Iteration	Fit Error
0		2.445863e+00

sig =

     1


tol =

     []


kest =

    11

Trimming ...
Sparse SVD ...
Iteration	Fit Error
0		2.744169e+00

sig =

     1


ell =

     1


ell =

     1


tol =

     []


kest =

    11

Trimming ...
Sparse SVD ...
Iteration	Fit Error
0		2.901310e+00

sig =

     1


tol =

     []


kest =

    11

Trimming ...
Sparse SVD ...
Iteration	Fit Error
0		2.759298e+00

sig =

     1


ell =

     1


niter =

     []


ell =

     1


niter =

     []


niter =

     []


tol =

     []


kest =

    11

Trimming ...
Sparse SVD ...
Iteration	Fit Error
0		2.898456e+00

sig =

     1


niter =

     []


ell =

     1


niter =

     []


tol =

     []


kest =

    11

Trimming ...
Sparse SVD ...
Iteration	Fit Error
0		2.611868e+00

sig =

     1


tol =

     []


kest =

    11

Trimming ...
Sparse SVD ...
Iteration	Fit Error
0		2.931587e+00

sig =

     1


ell =

     1


tol =

     []


kest =

    11

Trimming ...
Sparse SVD ...
Iteration	Fit Error
0		2.843959e+00

sig =

     1


ell =

     1


ell =

     1


tol =

     []


kest =

    11

Trimming ...
Sparse SVD ...
Iteration	Fit Error
0		2.824129e+00

sig =

     1


ell =

     1


niter =

     []


niter =

     []


niter =

     []


tol =

     []


kest =

    11

Trimming ...
Sparse SVD ...
Iteration	Fit Error
0		2.929629e+00

sig =

     1


ell =

     1


niter =

     []


niter =

     []


tol =

     []


kest =

    11

Trimming ...
Sparse SVD ...
Iteration	Fit Error
0		2.897454e+00

sig =

     1


tol =

     []


kest =

    11

Trimming ...
Sparse SVD ...
Iteration	Fit Error
0		2.945716e+00

sig =

     1


tol =

     []


kest =

    11

Trimming ...
Sparse SVD ...
Iteration	Fit Error
0		2.739493e+00

sig =

     1


ell =

     1


ell =

     1


ell =

     1


tol =

     []


kest =

    11

Trimming ...
Sparse SVD ...
Iteration	Fit Error
0		2.879582e+00

sig =

     1


ell =

     1


niter =

     []


niter =

     []


niter =

     []


tol =

     []


kest =

    11

Trimming ...
Sparse SVD ...
Iteration	Fit Error
0		2.947194e+00

sig =

     1


ell =

     1


niter =

     []


niter =

     []


tol =

     []


kest =

    11

Trimming ...
Sparse SVD ...
Iteration	Fit Error
0		2.829276e+00

sig =

     1


tol =

     []


kest =

    11

Trimming ...
Sparse SVD ...
Iteration	Fit Error
0		2.949835e+00

ell =

     1


tol =

     []


kest =

    11

Trimming ...
Sparse SVD ...
Iteration	Fit Error
0		2.927235e+00

sig =

     1

Run: 
     34 


chk0 =

   1.0051e-15


sig =

     1


ell =

     1


niter =

     []


ell =

     1


tol =

     []


kest =

    11

Trimming ...
Sparse SVD ...
Iteration	Fit Error
0		2.915219e+00

sig =

     1


ell =

     1


tol =

     []


kest =

    11

Trimming ...
Sparse SVD ...
Iteration	Fit Error
0		2.953909e+00

niter =

     []

Run: 
     36 


chk0 =

   8.9264e-16


sig =

     1


ell =

     1


niter =

     []


niter =

     []


tol =

     []


kest =

    11

Trimming ...
Sparse SVD ...
Iteration	Fit Error
0		2.887388e+00

sig =

     1


ell =

     1


niter =

     []


tol =

     []


kest =

    11

Trimming ...
Sparse SVD ...
Iteration	Fit Error
0		2.944489e+00

sig =

     1


niter =

     []


ell =

     1


tol =

     []


kest =

    11

Trimming ...
Sparse SVD ...
Iteration	Fit Error
0		2.934391e+00

sig =

     1


ell =

     1


tol =

     []


kest =

    11

Trimming ...
Sparse SVD ...
Iteration	Fit Error
0		2.000052e+00

sig =

     1


niter =

     []


tol =

     []


kest =

    11

Trimming ...
Sparse SVD ...
Iteration	Fit Error
0		2.048287e+00

sig =

     1


niter =

     []


tol =

     []


kest =

    11

Trimming ...
Sparse SVD ...
Iteration	Fit Error
0		2.921481e+00

sig =

     1


ell =

     1


niter =

     []


tol =

     []


kest =

    11

Trimming ...
Sparse SVD ...
Iteration	Fit Error
0		2.949521e+00
Run: 
     28 


tol =

     []


kest =

    11

Trimming ...
Sparse SVD ...
Iteration	Fit Error
0		2.942885e+00

chk0 =

   1.3358e-15


sig =

     1


ell =

     1


ell =

     1


niter =

     []


ell =

     1


niter =

     []

Run: 
     37 


chk0 =

   8.9138e-16


sig =

     1


ell =

     1


niter =

     []


tol =

     []


kest =

    11

Trimming ...
Sparse SVD ...
Iteration	Fit Error
0		2.940535e+00

sig =

     1


ell =

     1


tol =

     []


kest =

    11

Trimming ...
Sparse SVD ...
Iteration	Fit Error
0		2.223472e+00

sig =

     1


ell =

     1


niter =

     []


tol =

     []


kest =

    11

Trimming ...
Sparse SVD ...
Iteration	Fit Error
0		2.267026e+00

sig =

     1


ell =

     1


niter =

     []


niter =

     []


niter =

     []


tol =

     []


kest =

    11

Trimming ...
Sparse SVD ...
Iteration	Fit Error
0		2.029020e+00

sig =

     1


tol =

     []


kest =

    11

Trimming ...
Sparse SVD ...
Iteration	Fit Error
0		2.025405e+00

sig =

     1


ell =

     1


tol =

     []


kest =

    11

Trimming ...
Sparse SVD ...
Iteration	Fit Error
0		2.947196e+00
Run: 
     31 


chk0 =

   1.7809e-15


sig =

     1


ell =

     1


ell =

     1


niter =

     []


tol =

     []


kest =

    11

Trimming ...
Sparse SVD ...
Iteration	Fit Error
0		2.427137e+00

sig =

     1


tol =

     []


kest =

    11

Trimming ...
Sparse SVD ...
Iteration	Fit Error
0		2.464498e+00

sig =

     1


ell =

     1


ell =

     1


niter =

     []


niter =

     []


tol =

     []


kest =

    11

Trimming ...
Sparse SVD ...
Iteration	Fit Error
0		2.243113e+00

sig =

     1


niter =

     []


niter =

     []


ell =

     1


tol =

     []


kest =

    11

Trimming ...
Sparse SVD ...
Iteration	Fit Error
0		2.088583e+00

sig =

     1


ell =

     1


tol =

     []


kest =

    11

Trimming ...
Sparse SVD ...
Iteration	Fit Error
0		2.626229e+00

sig =

     1


ell =

     1


tol =

     []


kest =

    11

Trimming ...
Sparse SVD ...
Iteration	Fit Error
0		2.597834e+00

sig =

     1


ell =

     1


tol =

     []


kest =

    11

Trimming ...
Sparse SVD ...
Iteration	Fit Error
0		2.244006e+00

sig =

     1


niter =

     []


niter =

     []


ell =

     1


niter =

     []


niter =

     []


niter =

     []


tol =

     []


kest =

    11

Trimming ...
Sparse SVD ...
Iteration	Fit Error
0		2.438215e+00

sig =

     1


tol =

     []


kest =

    11

Trimming ...
Sparse SVD ...
Iteration	Fit Error
0		2.747006e+00

sig =

     1


ell =

     1


tol =

     []


kest =

    11

Trimming ...
Sparse SVD ...
Iteration	Fit Error
0		2.301342e+00

sig =

     1


ell =

     1


ell =

     1


tol =

     []


kest =

    11

Trimming ...
Sparse SVD ...
Iteration	Fit Error
0		2.443533e+00

sig =

     1


niter =

     []


tol =

     []


kest =

    11

Trimming ...
Sparse SVD ...
Iteration	Fit Error
0		2.728984e+00

sig =

     1


ell =

     1


niter =

     []


ell =

     1


niter =

     []


niter =

     []


tol =

     []


kest =

    11

Trimming ...
Sparse SVD ...
Iteration	Fit Error
0		2.602851e+00

sig =

     1


niter =

     []


tol =

     []


kest =

    11

Trimming ...
Sparse SVD ...
Iteration	Fit Error
0		2.829242e+00

sig =

     1


ell =

     1


ell =

     1


tol =

     []


kest =

    11

Trimming ...
Sparse SVD ...
Iteration	Fit Error
0		2.820830e+00

sig =

     1


tol =

     []


kest =

    11

Trimming ...
Sparse SVD ...
Iteration	Fit Error
0		2.491846e+00

sig =

     1


niter =

     []


niter =

     []


ell =

     1


ell =

     1


tol =

     []


kest =

    11

Trimming ...
Sparse SVD ...
Iteration	Fit Error
0		2.607559e+00

sig =

     1


ell =

     1


niter =

     []


niter =

     []


tol =

     []


kest =

    11

Trimming ...
Sparse SVD ...
Iteration	Fit Error
0		2.884487e+00

sig =

     1


tol =

     []


kest =

    11

Trimming ...
Sparse SVD ...
Iteration	Fit Error
0		2.729682e+00

sig =

     1


ell =

     1


ell =

     1


niter =

     []


niter =

     []


tol =

     []


kest =

    11

Trimming ...
Sparse SVD ...
Iteration	Fit Error
0		2.646936e+00

sig =

     1


tol =

     []


kest =

    11

Trimming ...
Sparse SVD ...
Iteration	Fit Error
0		2.880694e+00

sig =

     1


ell =

     1


niter =

     []


ell =

     1


tol =

     []


kest =

    11

Trimming ...
Sparse SVD ...
Iteration	Fit Error
0		2.733817e+00

sig =

     1


niter =

     []


ell =

     1


tol =

     []


kest =

    11

Trimming ...
Sparse SVD ...
Iteration	Fit Error
0		2.918026e+00

sig =

     1


niter =

     []


ell =

     1


tol =

     []


kest =

    11

Trimming ...
Sparse SVD ...
Iteration	Fit Error
0		2.818553e+00

sig =

     1


ell =

     1


niter =

     []


niter =

     []


tol =

     []


kest =

    11

Trimming ...
Sparse SVD ...
Iteration	Fit Error
0		2.755906e+00

sig =

     1


tol =

     []


kest =

    11

Trimming ...
Sparse SVD ...
Iteration	Fit Error
0		2.917591e+00

sig =

     1


niter =

     []


ell =

     1


ell =

     1


niter =

     []


tol =

     []


kest =

    11

Trimming ...
Sparse SVD ...
Iteration	Fit Error
0		2.824818e+00

sig =

     1


tol =

     []


kest =

    11

Trimming ...
Sparse SVD ...
Iteration	Fit Error
0		2.935642e+00

sig =

     1


niter =

     []


ell =

     1


ell =

     1


tol =

     []


kest =

    11

Trimming ...
Sparse SVD ...
Iteration	Fit Error
0		2.878586e+00

sig =

     1


niter =

     []


ell =

     1


niter =

     []


tol =

     []


kest =

    11

Trimming ...
Sparse SVD ...
Iteration	Fit Error
0		2.937247e+00

sig =

     1


ell =

     1


tol =

     []


kest =

    11

Trimming ...
Sparse SVD ...
Iteration	Fit Error
0		2.836389e+00

sig =

     1


niter =

     []


ell =

     1


tol =

     []


kest =

    11

Trimming ...
Sparse SVD ...
Iteration	Fit Error
0		2.944305e+00
Run: 
     35 


niter =

     []


chk0 =

   7.7933e-16


sig =

     1


ell =

     1


niter =

     []


tol =

     []


kest =

    11

Trimming ...
Sparse SVD ...
Iteration	Fit Error
0		2.882292e+00

sig =

     1


ell =

     1


tol =

     []


kest =

    11

Trimming ...
Sparse SVD ...
Iteration	Fit Error
0		2.915933e+00

sig =

     1


niter =

     []


ell =

     1


tol =

     []


kest =

    11

Trimming ...
Sparse SVD ...
Iteration	Fit Error
0		2.946561e+00
Run: 
     33 


niter =

     []


chk0 =

   1.3339e-15


sig =

     1


ell =

     1


tol =

     []


kest =

    11

Trimming ...
Sparse SVD ...
Iteration	Fit Error
0		2.889099e+00

sig =

     1


ell =

     1


niter =

     []


tol =

     []


kest =

    11

Trimming ...
Sparse SVD ...
Iteration	Fit Error
0		2.916749e+00

sig =

     1


niter =

     []


ell =

     1


niter =

     []


niter =

     []


tol =

     []


kest =

    11

Trimming ...
Sparse SVD ...
Iteration	Fit Error
0		2.936052e+00

sig =

     1


tol =

     []


kest =

    11

Trimming ...
Sparse SVD ...
Iteration	Fit Error
0		2.045371e+00

sig =

     1


ell =

     1


niter =

     []


tol =

     []


kest =

    11

Trimming ...
Sparse SVD ...
Iteration	Fit Error
0		2.008520e+00

sig =

     1


tol =

     []


kest =

    11

Trimming ...
Sparse SVD ...
Iteration	Fit Error
0		2.921790e+00

sig =

     1


ell =

     1


ell =

     1


tol =

     []


kest =

    11

Trimming ...
Sparse SVD ...
Iteration	Fit Error
0		2.935244e+00

sig =

     1


ell =

     1


niter =

     []


ell =

     1


niter =

     []


tol =

     []


kest =

    11

Trimming ...
Sparse SVD ...
Iteration	Fit Error
0		2.945621e+00

niter =

     []


niter =

     []

Run: 
     38 


chk0 =

   6.7368e-16


sig =

     1


ell =

     1


tol =

     []


kest =

    11

Trimming ...
Sparse SVD ...
Iteration	Fit Error
0		2.263557e+00

sig =

     1


ell =

     1


tol =

     []


kest =

    11

Trimming ...
Sparse SVD ...
Iteration	Fit Error
0		2.938040e+00

sig =

     1


ell =

     1


tol =

     []


kest =

    11

Trimming ...
Sparse SVD ...
Iteration	Fit Error
0		2.941712e+00

tol =

     []


kest =

    11

Trimming ...
Sparse SVD ...
Iteration	Fit Error
0		2.237830e+00

sig =

     1


ell =

     1

Run: 
     39 


chk0 =

   6.7271e-16


sig =

     1


ell =

     1


niter =

     []


niter =

     []


niter =

     []


niter =

     []


tol =

     []


kest =

    11

Trimming ...
Sparse SVD ...
Iteration	Fit Error
0		2.944049e+00

tol =

     []


kest =

    11

Trimming ...
Sparse SVD ...
Iteration	Fit Error
0		2.462246e+00

sig =

     1


tol =

     []


kest =

    11

Trimming ...
Sparse SVD ...
Iteration	Fit Error
0		2.070430e+00

sig =

     1


niter =

     []


ell =

     1


ell =

     1

Run: 
     40 


chk0 =

   6.9043e-16


sig =

     1


ell =

     1


niter =

     []


tol =

     []


kest =

    11

Trimming ...
Sparse SVD ...
Iteration	Fit Error
0		2.439171e+00

sig =

     1


ell =

     1


niter =

     []


tol =

     []


kest =

    11

Trimming ...
Sparse SVD ...
Iteration	Fit Error
0		2.069395e+00

sig =

     1


ell =

     1


niter =

     []


niter =

     []


tol =

     []


kest =

    11

Trimming ...
Sparse SVD ...
Iteration	Fit Error
0		2.287546e+00

sig =

     1


ell =

     1


tol =

     []


kest =

    11

Trimming ...
Sparse SVD ...
Iteration	Fit Error
0		2.627307e+00

sig =

     1


ell =

     1


niter =

     []


tol =

     []


kest =

    11

Trimming ...
Sparse SVD ...
Iteration	Fit Error
0		2.608837e+00

sig =

     1


niter =

     []


ell =

     1


tol =

     []


kest =

    11

Trimming ...
Sparse SVD ...
Iteration	Fit Error
0		2.062841e+00

sig =

     1


ell =

     1


niter =

     []


niter =

     []


tol =

     []


kest =

    11

Trimming ...
Sparse SVD ...
Iteration	Fit Error
0		2.484747e+00

sig =

     1


ell =

     1


tol =

     []


kest =

    11

Trimming ...
Sparse SVD ...
Iteration	Fit Error
0		2.286670e+00

sig =

     1


ell =

     1


niter =

     []


tol =

     []


kest =

    11

Trimming ...
Sparse SVD ...
Iteration	Fit Error
0		2.751946e+00

sig =

     1


niter =

     []


niter =

     []


ell =

     1


tol =

     []


kest =

    11

Trimming ...
Sparse SVD ...
Iteration	Fit Error
0		2.740194e+00

sig =

     1


ell =

     1


niter =

     []


tol =

     []


kest =

    11

Trimming ...
Sparse SVD ...
Iteration	Fit Error
0		2.278851e+00

sig =

     1


tol =

     []


kest =

    11

Trimming ...
Sparse SVD ...
Iteration	Fit Error
0		2.648278e+00

sig =

     1


ell =

     1


tol =

     []


kest =

    11

Trimming ...
Sparse SVD ...
Iteration	Fit Error
0		2.482988e+00

sig =

     1


ell =

     1


niter =

     []


ell =

     1


tol =

     []


kest =

    11

Trimming ...
Sparse SVD ...
Iteration	Fit Error
0		2.838259e+00

sig =

     1


ell =

     1


niter =

     []


niter =

     []


niter =

     []


tol =

     []


kest =

    11

Trimming ...
Sparse SVD ...
Iteration	Fit Error
0		2.831176e+00

sig =

     1


niter =

     []


ell =

     1


tol =

     []


kest =

    11

Trimming ...
Sparse SVD ...
Iteration	Fit Error
0		2.768842e+00

sig =

     1


niter =

     []


ell =

     1


tol =

     []


kest =

    11

Trimming ...
Sparse SVD ...
Iteration	Fit Error
0		2.644357e+00

sig =

     1


tol =

     []


kest =

    11

Trimming ...
Sparse SVD ...
Iteration	Fit Error
0		2.893156e+00

sig =

     1


tol =

     []


kest =

    11

Trimming ...
Sparse SVD ...
Iteration	Fit Error
0		2.474016e+00

sig =

     1


ell =

     1


ell =

     1


ell =

     1


niter =

     []


niter =

     []


tol =

     []


kest =

    11

Trimming ...
Sparse SVD ...
Iteration	Fit Error
0		2.888275e+00

sig =

     1


niter =

     []


niter =

     []


ell =

     1


niter =

     []


tol =

     []


kest =

    11

Trimming ...
Sparse SVD ...
Iteration	Fit Error
0		2.848238e+00

sig =

     1


ell =

     1


tol =

     []


kest =

    11

Trimming ...
Sparse SVD ...
Iteration	Fit Error
0		2.761010e+00

sig =

     1


tol =

     []


kest =

    11

Trimming ...
Sparse SVD ...
Iteration	Fit Error
0		2.923363e+00

sig =

     1


tol =

     []


kest =

    11

Trimming ...
Sparse SVD ...
Iteration	Fit Error
0		2.634937e+00

sig =

     1


ell =

     1


ell =

     1


ell =

     1


niter =

     []


niter =

     []


niter =

     []


niter =

     []


tol =

     []


kest =

    11

Trimming ...
Sparse SVD ...
Iteration	Fit Error
0		2.920220e+00

sig =

     1


ell =

     1


tol =

     []


kest =

    11

Trimming ...
Sparse SVD ...
Iteration	Fit Error
0		2.899173e+00

sig =

     1


niter =

     []


tol =

     []


kest =

    11

Trimming ...
Sparse SVD ...
Iteration	Fit Error
0		2.754402e+00

sig =

     1


ell =

     1


tol =

     []


kest =

    11

Trimming ...
Sparse SVD ...
Iteration	Fit Error
0		2.839091e+00

sig =

     1


tol =

     []


kest =

    11

Trimming ...
Sparse SVD ...
Iteration	Fit Error
0		2.937603e+00

sig =

     1


ell =

     1


ell =

     1


ell =

     1


niter =

     []


niter =

     []


niter =

     []


niter =

     []


tol =

     []


kest =

    11

Trimming ...
Sparse SVD ...
Iteration	Fit Error
0		2.937922e+00

sig =

     1


ell =

     1


tol =

     []


kest =

    11

Trimming ...
Sparse SVD ...
Iteration	Fit Error
0		2.930410e+00

sig =

     1


niter =

     []


tol =

     []


kest =

    11

Trimming ...
Sparse SVD ...
Iteration	Fit Error
0		2.836645e+00

sig =

     1


ell =

     1


ell =

     1


tol =

     []


kest =

    11

Trimming ...
Sparse SVD ...
Iteration	Fit Error
0		2.944377e+00

tol =

     []


kest =

    11

Trimming ...
Sparse SVD ...
Iteration	Fit Error
0		2.895099e+00

sig =

     1


ell =

     1


niter =

     []


niter =

     []


tol =

     []


kest =

    11

Trimming ...
Sparse SVD ...
Iteration	Fit Error
0		2.946896e+00

niter =

     []


tol =

     []


kest =

    11

Trimming ...
Sparse SVD ...
Iteration	Fit Error
0		2.946191e+00

sig =

     1


ell =

     1


tol =

     []


kest =

    11

Trimming ...
Sparse SVD ...
Iteration	Fit Error
0		2.890753e+00

sig =

     1


ell =

     1


tol =

     []


kest =

    11

Trimming ...
Sparse SVD ...
Iteration	Fit Error
0		2.929158e+00

sig =

     1


niter =

     []


ell =

     1


niter =

     []


niter =

     []


tol =

     []


kest =

    11

Trimming ...
Sparse SVD ...
Iteration	Fit Error
0		2.950154e+00

tol =

     []


kest =

    11

Trimming ...
Sparse SVD ...
Iteration	Fit Error
0		2.922708e+00

sig =

     1


ell =

     1


tol =

     []


kest =

    11

Trimming ...
Sparse SVD ...
Iteration	Fit Error
0		2.945973e+00

sig =

     1


niter =

     []


ell =

     1


niter =

     []


tol =

     []


kest =

    11

Trimming ...
Sparse SVD ...
Iteration	Fit Error
0		2.939074e+00

sig =

     1


ell =

     1


niter =

     []


tol =

     []


kest =

    11

Trimming ...
Sparse SVD ...
Iteration	Fit Error
0		2.953194e+00

tol =

     []


kest =

    11

Trimming ...
Sparse SVD ...
Iteration	Fit Error
0		2.946725e+00

timing =

   1.1910e+03


errs_opt =

  Columns 1 through 6

   3.4037e-01   4.1707e-01   5.2868e-01   6.8834e-01   9.1425e-01   1.1766e+00
   3.6424e-01   4.3780e-01   5.4167e-01   6.8667e-01   8.8911e-01   1.1339e+00
   4.0663e-01   5.1218e-01   6.1517e-01   7.3843e-01   9.3731e-01   1.2033e+00
   3.9587e-01   4.9433e-01   6.1171e-01   7.7571e-01   9.8581e-01   1.2512e+00
   3.7188e-01   4.4429e-01   5.5202e-01   7.0303e-01   9.1108e-01   1.1826e+00
   3.5369e-01   4.3971e-01   5.5403e-01   7.1711e-01   9.1834e-01   1.1680e+00
   3.6217e-01   4.5299e-01   5.6716e-01   7.2963e-01   9.4790e-01   1.2171e+00
   3.8535e-01   4.7415e-01   5.9263e-01   7.5197e-01   9.5788e-01   1.2201e+00
   3.6074e-01   4.5340e-01   5.7381e-01   7.2514e-01   9.2714e-01   1.1902e+00
   3.6809e-01   4.6415e-01   5.9056e-01   7.3203e-01   9.3946e-01   1.2226e+00
   3.6198e-01   4.4877e-01   5.5950e-01   7.0542e-01   8.9994e-01   1.1560e+00
   3.8567e-01   4.6506e-01   5.7599e-01   7.1630e-01   9.1497e-01   1.1694e+00
   3.9522e-01   4.7699e-01   5.6868e-01   7.1691e-01   9.3653e-01   1.1913e+00
   3.4218e-01   4.3463e-01   5.5468e-01   7.1390e-01   9.2032e-01   1.1829e+00
   3.7631e-01   4.5130e-01   5.6785e-01   7.0559e-01   9.0149e-01   1.1489e+00
   3.7264e-01   4.5351e-01   5.6850e-01   7.2102e-01   9.1998e-01   1.1853e+00
   3.5910e-01   4.4331e-01   5.5740e-01   7.0656e-01   9.1219e-01   1.1968e+00
   3.6916e-01   4.5966e-01   5.7608e-01   7.4005e-01   9.5787e-01   1.2349e+00
   3.5384e-01   4.4637e-01   5.6535e-01   7.2340e-01   9.2564e-01   1.1838e+00
   3.6937e-01   4.5700e-01   5.7691e-01   7.3522e-01   9.4610e-01   1.2139e+00
   3.6428e-01   4.5300e-01   5.6886e-01   7.2120e-01   9.2275e-01   1.1926e+00
   4.1709e-01   5.1545e-01   6.3382e-01   7.7113e-01   9.5638e-01   1.2059e+00
   4.1285e-01   5.1076e-01   6.2464e-01   7.6753e-01   9.5346e-01   1.2164e+00
   3.4220e-01   4.3094e-01   5.4734e-01   6.9625e-01   9.0739e-01   1.1681e+00
   3.5416e-01   4.4648e-01   5.6971e-01   7.3734e-01   9.4701e-01   1.2160e+00
   3.7020e-01   4.5926e-01   5.8349e-01   7.4392e-01   9.4308e-01   1.2068e+00
   3.7437e-01   4.5719e-01   5.6749e-01   7.1745e-01   9.1940e-01   1.1900e+00
   3.7710e-01   4.6061e-01   5.7316e-01   7.2217e-01   9.1641e-01   1.1807e+00
   3.7611e-01   4.6724e-01   5.7987e-01   7.3005e-01   9.3857e-01   1.2029e+00
   3.4930e-01   4.2755e-01   5.3570e-01   6.7736e-01   8.7272e-01   1.1283e+00
   3.5603e-01   4.5139e-01   5.7211e-01   7.4374e-01   9.3488e-01   1.2001e+00
   4.1957e-01   5.1118e-01   6.2842e-01   7.8920e-01   9.7023e-01   1.2344e+00
   4.2277e-01   5.0028e-01   6.2740e-01   7.6508e-01   9.4621e-01   1.2083e+00
   4.1193e-01   4.9761e-01   6.0031e-01   7.5108e-01   9.5464e-01   1.2167e+00
   3.7093e-01   4.5976e-01   5.7241e-01   7.0645e-01   8.9624e-01   1.1563e+00
   3.4979e-01   4.3330e-01   5.4560e-01   6.9848e-01   9.0586e-01   1.1707e+00
   3.3848e-01   4.2500e-01   5.3601e-01   6.8267e-01   8.8429e-01   1.1248e+00
   3.6198e-01   4.4591e-01   5.5618e-01   7.1250e-01   9.3519e-01   1.2104e+00
   3.5933e-01   4.5081e-01   5.6807e-01   7.1888e-01   9.2349e-01   1.1773e+00
   3.5029e-01   4.3199e-01   5.4389e-01   6.9310e-01   8.9598e-01   1.1638e+00

  Columns 7 through 10

   1.4875e+00   1.8844e+00   2.3739e+00   2.9381e+00
   1.4632e+00   1.8836e+00   2.3882e+00   2.9916e+00
   1.5192e+00   1.9413e+00   2.4482e+00   3.0628e+00
   1.5722e+00   1.9690e+00   2.4599e+00   3.0350e+00
   1.5097e+00   1.8983e+00   2.4035e+00   2.9954e+00
   1.4958e+00   1.9242e+00   2.4157e+00   2.9909e+00
   1.5606e+00   1.9877e+00   2.4872e+00   3.0670e+00
   1.5383e+00   1.9348e+00   2.4474e+00   3.0282e+00
   1.5201e+00   1.9439e+00   2.4339e+00   3.0160e+00
   1.5585e+00   1.9998e+00   2.4833e+00   3.0561e+00
   1.4720e+00   1.8682e+00   2.3642e+00   2.9639e+00
   1.5042e+00   1.9226e+00   2.4305e+00   3.0312e+00
   1.5079e+00   1.9345e+00   2.4613e+00   3.0721e+00
   1.5262e+00   1.9512e+00   2.4367e+00   3.0134e+00
   1.4687e+00   1.8803e+00   2.3728e+00   2.9737e+00
   1.5223e+00   1.9077e+00   2.3790e+00   2.9596e+00
   1.5404e+00   1.9655e+00   2.4384e+00   3.0291e+00
   1.5733e+00   1.9730e+00   2.5060e+00   3.1096e+00
   1.5115e+00   1.9316e+00   2.4490e+00   3.0499e+00
   1.5352e+00   1.9277e+00   2.4376e+00   3.0540e+00
   1.5133e+00   1.9220e+00   2.4390e+00   3.0325e+00
   1.5259e+00   1.9122e+00   2.4032e+00   2.9723e+00
   1.5260e+00   1.9520e+00   2.4647e+00   3.0531e+00
   1.4791e+00   1.8881e+00   2.4000e+00   2.9801e+00
   1.5560e+00   1.9696e+00   2.4948e+00   3.0700e+00
   1.5287e+00   1.9390e+00   2.4277e+00   3.0239e+00
   1.5145e+00   1.9415e+00   2.4721e+00   3.0676e+00
   1.4932e+00   1.8870e+00   2.3797e+00   2.9718e+00
   1.5248e+00   1.9261e+00   2.4392e+00   3.0303e+00
   1.4578e+00   1.8694e+00   2.4021e+00   2.9732e+00
   1.5339e+00   1.9403e+00   2.4522e+00   3.0638e+00
   1.5591e+00   1.9403e+00   2.4396e+00   3.0235e+00
   1.5462e+00   1.9521e+00   2.4157e+00   2.9883e+00
   1.5299e+00   1.9250e+00   2.3847e+00   2.9621e+00
   1.5064e+00   1.8688e+00   2.3709e+00   2.9372e+00
   1.4888e+00   1.9065e+00   2.4099e+00   2.9953e+00
   1.4434e+00   1.8580e+00   2.3591e+00   2.9671e+00
   1.5532e+00   1.9802e+00   2.4804e+00   3.0682e+00
   1.5167e+00   1.9230e+00   2.4059e+00   3.0104e+00
   1.5025e+00   1.9325e+00   2.4286e+00   2.9996e+00


errs_shr =

  Columns 1 through 6

   4.9544e-01   5.1096e-01   5.3408e-01   5.7186e-01   6.2157e-01   6.8204e-01
   5.0231e-01   5.2120e-01   5.5150e-01   5.8951e-01   6.3715e-01   7.0190e-01
   5.5117e-01   5.6494e-01   5.8516e-01   6.1402e-01   6.5398e-01   7.0872e-01
   5.2673e-01   5.4822e-01   5.7678e-01   6.1551e-01   6.6753e-01   7.2739e-01
   5.0277e-01   5.2197e-01   5.4906e-01   5.8623e-01   6.3740e-01   6.9942e-01
   4.7589e-01   4.9795e-01   5.2798e-01   5.6358e-01   6.1152e-01   6.7270e-01
   5.2057e-01   5.4043e-01   5.6869e-01   6.0970e-01   6.5542e-01   7.1085e-01
   5.3242e-01   5.5118e-01   5.7723e-01   6.1229e-01   6.5887e-01   7.1876e-01
   5.0464e-01   5.2508e-01   5.5369e-01   5.8900e-01   6.3403e-01   6.9705e-01
   5.3410e-01   5.4801e-01   5.6869e-01   5.9791e-01   6.4003e-01   7.0085e-01
   4.9991e-01   5.1556e-01   5.3898e-01   5.7486e-01   6.2192e-01   6.8427e-01
   4.9972e-01   5.1914e-01   5.4727e-01   5.8585e-01   6.3503e-01   6.9408e-01
   5.0234e-01   5.2094e-01   5.4924e-01   5.8356e-01   6.2930e-01   6.7998e-01
   5.1193e-01   5.2772e-01   5.5044e-01   5.8369e-01   6.2911e-01   6.8554e-01
   4.9880e-01   5.1561e-01   5.4038e-01   5.7570e-01   6.2360e-01   6.8180e-01
   5.3220e-01   5.5049e-01   5.7635e-01   6.1204e-01   6.5813e-01   7.1789e-01
   5.1214e-01   5.3051e-01   5.5766e-01   5.9688e-01   6.5011e-01   7.1532e-01
   5.0298e-01   5.2595e-01   5.5959e-01   6.0442e-01   6.5884e-01   7.2629e-01
   5.1199e-01   5.2846e-01   5.5219e-01   5.8529e-01   6.3211e-01   6.9289e-01
   5.1111e-01   5.3374e-01   5.6366e-01   6.0048e-01   6.4689e-01   7.0703e-01
   5.3235e-01   5.4270e-01   5.6246e-01   5.9558e-01   6.4047e-01   6.9945e-01
   5.5152e-01   5.6784e-01   5.9127e-01   6.2516e-01   6.7025e-01   7.2131e-01
   5.5091e-01   5.6600e-01   5.8832e-01   6.2645e-01   6.7531e-01   7.3267e-01
   5.2273e-01   5.3359e-01   5.5103e-01   5.7849e-01   6.1974e-01   6.7472e-01
   4.9233e-01   5.1552e-01   5.4648e-01   5.8643e-01   6.3882e-01   7.0599e-01
   5.0719e-01   5.2670e-01   5.5783e-01   6.0048e-01   6.5094e-01   7.0898e-01
   5.2025e-01   5.3767e-01   5.6309e-01   5.9965e-01   6.4723e-01   7.0666e-01
   5.3694e-01   5.5235e-01   5.7472e-01   6.0655e-01   6.5123e-01   7.0883e-01
   5.3269e-01   5.4996e-01   5.7470e-01   6.0932e-01   6.5498e-01   7.0738e-01
   5.1858e-01   5.3170e-01   5.5122e-01   5.7966e-01   6.2129e-01   6.7810e-01
   4.9195e-01   5.0786e-01   5.3031e-01   5.6540e-01   6.1785e-01   6.8251e-01
   5.4247e-01   5.6456e-01   5.9502e-01   6.3286e-01   6.7800e-01   7.2929e-01
   5.1990e-01   5.4101e-01   5.7066e-01   6.0636e-01   6.5120e-01   7.0679e-01
   5.3320e-01   5.5327e-01   5.8030e-01   6.1531e-01   6.5985e-01   7.1954e-01
   5.4408e-01   5.5824e-01   5.7881e-01   6.1086e-01   6.5105e-01   7.0350e-01
   5.0270e-01   5.1845e-01   5.4291e-01   5.8114e-01   6.3377e-01   7.0008e-01
   4.8358e-01   5.0059e-01   5.2667e-01   5.6702e-01   6.2011e-01   6.8292e-01
   4.9900e-01   5.1942e-01   5.4914e-01   5.8913e-01   6.3883e-01   7.0281e-01
   5.2337e-01   5.3736e-01   5.5799e-01   5.8725e-01   6.3003e-01   6.8922e-01
   5.0000e-01   5.1445e-01   5.3683e-01   5.7103e-01   6.2050e-01   6.8314e-01

  Columns 7 through 10

   7.5619e-01   8.3934e-01   9.1252e-01   9.7747e-01
   7.7862e-01   8.5867e-01   9.1665e-01   9.6328e-01
   7.7820e-01   8.5211e-01   9.1958e-01   9.7640e-01
   7.9828e-01   8.7445e-01   9.4604e-01   1.0047e+00
   7.7707e-01   8.5117e-01   9.1643e-01   9.6883e-01
   7.4388e-01   8.2238e-01   8.9641e-01   9.5490e-01
   7.8196e-01   8.4943e-01   9.2706e-01   9.8598e-01
   7.9500e-01   8.6653e-01   9.3175e-01   9.7009e-01
   7.7186e-01   8.5313e-01   9.2178e-01   9.8334e-01
   7.7862e-01   8.5401e-01   9.1772e-01   9.6555e-01
   7.6200e-01   8.4672e-01   9.2757e-01   9.8627e-01
   7.6974e-01   8.4912e-01   9.2004e-01   9.7816e-01
   7.4246e-01   8.2599e-01   9.0993e-01   9.6740e-01
   7.5693e-01   8.3532e-01   9.0120e-01   9.5497e-01
   7.5089e-01   8.4080e-01   9.1035e-01   9.6163e-01
   7.9031e-01   8.5758e-01   9.2337e-01   9.9049e-01
   7.8672e-01   8.7108e-01   9.2538e-01   9.7657e-01
   7.9520e-01   8.6658e-01   9.2357e-01   9.7686e-01
   7.7368e-01   8.5099e-01   9.2128e-01   9.7178e-01
   7.7816e-01   8.4152e-01   9.0203e-01   9.5986e-01
   7.7113e-01   8.4609e-01   9.1917e-01   9.7616e-01
   7.8260e-01   8.5164e-01   9.1713e-01   9.7045e-01
   7.9935e-01   8.6767e-01   9.1507e-01   9.5786e-01
   7.4795e-01   8.3911e-01   9.1894e-01   9.7959e-01
   7.8064e-01   8.6383e-01   9.3168e-01   9.8716e-01
   7.8351e-01   8.5994e-01   9.1891e-01   9.7910e-01
   7.7858e-01   8.5891e-01   9.2837e-01   9.8921e-01
   7.8168e-01   8.5683e-01   9.2383e-01   9.7625e-01
   7.7997e-01   8.6005e-01   9.2537e-01   9.7418e-01
   7.5172e-01   8.3224e-01   9.1303e-01   9.6552e-01
   7.6215e-01   8.4964e-01   9.3394e-01   9.8163e-01
   7.9152e-01   8.6771e-01   9.3822e-01   9.8755e-01
   7.6813e-01   8.3905e-01   9.0376e-01   9.5186e-01
   7.8466e-01   8.5327e-01   9.2474e-01   9.8235e-01
   7.6120e-01   8.3161e-01   9.0357e-01   9.5419e-01
   7.7571e-01   8.6614e-01   9.2232e-01   9.6381e-01
   7.5970e-01   8.4400e-01   9.1391e-01   9.7096e-01
   7.8401e-01   8.5786e-01   9.2590e-01   9.7591e-01
   7.7160e-01   8.5606e-01   9.4071e-01   9.8182e-01
   7.6284e-01   8.4343e-01   9.1157e-01   9.5921e-01


errs_nuc =

  Columns 1 through 6

   4.1460e-01   4.8457e-01   5.6087e-01   6.4145e-01   7.2255e-01   8.0099e-01
   4.1489e-01   4.8486e-01   5.6192e-01   6.4473e-01   7.3031e-01   8.1470e-01
   4.2369e-01   4.9385e-01   5.7074e-01   6.5295e-01   7.3813e-01   8.2111e-01
   4.4208e-01   5.1149e-01   5.8753e-01   6.6826e-01   7.4958e-01   8.2647e-01
   4.1887e-01   4.8830e-01   5.6424e-01   6.4525e-01   7.2836e-01   8.0950e-01
   4.1221e-01   4.8223e-01   5.5868e-01   6.3921e-01   7.2168e-01   8.0243e-01
   4.2572e-01   4.9615e-01   5.7325e-01   6.5527e-01   7.3910e-01   8.2082e-01
   4.3778e-01   5.0718e-01   5.8325e-01   6.6419e-01   7.4698e-01   8.2626e-01
   4.2691e-01   4.9513e-01   5.7013e-01   6.5037e-01   7.3364e-01   8.1574e-01
   4.2928e-01   5.0065e-01   5.7859e-01   6.6093e-01   7.4515e-01   8.2552e-01
   4.1727e-01   4.8808e-01   5.6556e-01   6.4826e-01   7.3362e-01   8.1645e-01
   4.1677e-01   4.8679e-01   5.6341e-01   6.4557e-01   7.3116e-01   8.1604e-01
   4.2570e-01   4.9351e-01   5.6808e-01   6.4805e-01   7.3017e-01   8.1185e-01
   4.1823e-01   4.8908e-01   5.6645e-01   6.4882e-01   7.3340e-01   8.1543e-01
   4.1355e-01   4.8288e-01   5.5864e-01   6.3912e-01   7.2206e-01   8.0334e-01
   4.2723e-01   4.9609e-01   5.7178e-01   6.5238e-01   7.3442e-01   8.1290e-01
   4.2720e-01   4.9920e-01   5.7805e-01   6.6198e-01   7.4736e-01   8.2743e-01
   4.3191e-01   5.0298e-01   5.8070e-01   6.6311e-01   7.4619e-01   8.2397e-01
   4.1938e-01   4.8925e-01   5.6542e-01   6.4592e-01   7.2839e-01   8.0930e-01
   4.2698e-01   4.9616e-01   5.7114e-01   6.5012e-01   7.2981e-01   8.0666e-01
   4.2125e-01   4.9091e-01   5.6715e-01   6.4857e-01   7.3205e-01   8.1285e-01
   4.2662e-01   4.9697e-01   5.7412e-01   6.5594e-01   7.3847e-01   8.1920e-01
   4.3896e-01   5.0850e-01   5.8502e-01   6.6632e-01   7.4880e-01   8.2814e-01
   4.0799e-01   4.7845e-01   5.5565e-01   6.3773e-01   7.2143e-01   8.0290e-01
   4.2537e-01   4.9741e-01   5.7591e-01   6.5901e-01   7.4428e-01   8.2603e-01
   4.1712e-01   4.8707e-01   5.6371e-01   6.4528e-01   7.2815e-01   8.0764e-01
   4.2595e-01   4.9663e-01   5.7361e-01   6.5569e-01   7.3991e-01   8.2111e-01
   4.2281e-01   4.9181e-01   5.6768e-01   6.4868e-01   7.3182e-01   8.1209e-01
   4.2690e-01   4.9543e-01   5.7108e-01   6.5226e-01   7.3595e-01   8.1783e-01
   4.1164e-01   4.8023e-01   5.5636e-01   6.3870e-01   7.2411e-01   8.0782e-01
   4.2338e-01   4.9360e-01   5.7049e-01   6.5255e-01   7.3711e-01   8.1971e-01
   4.3309e-01   5.0090e-01   5.7519e-01   6.5394e-01   7.3407e-01   8.1210e-01
   4.2565e-01   4.9296e-01   5.6695e-01   6.4621e-01   7.2822e-01   8.0801e-01
   4.2859e-01   4.9530e-01   5.6844e-01   6.4641e-01   7.2631e-01   8.0410e-01
   4.1879e-01   4.8833e-01   5.6414e-01   6.4459e-01   7.2722e-01   8.0731e-01
   4.1707e-01   4.8829e-01   5.6667e-01   6.5002e-01   7.3471e-01   8.1618e-01
   4.0203e-01   4.7056e-01   5.4601e-01   6.2666e-01   7.0987e-01   7.9147e-01
   4.2865e-01   5.0000e-01   5.7792e-01   6.6076e-01   7.4481e-01   8.2583e-01
   4.3048e-01   5.0154e-01   5.7937e-01   6.6198e-01   7.4659e-01   8.2891e-01
   4.1297e-01   4.8276e-01   5.5978e-01   6.4262e-01   7.2836e-01   8.1211e-01

  Columns 7 through 10

   8.7306e-01   9.3101e-01   9.6931e-01   9.8960e-01
   8.9043e-01   9.4856e-01   9.8308e-01   9.9707e-01
   8.9441e-01   9.5099e-01   9.8471e-01   9.9767e-01
   8.9343e-01   9.4530e-01   9.7621e-01   9.9381e-01
   8.8134e-01   9.3704e-01   9.7327e-01   9.9362e-01
   8.7592e-01   9.3666e-01   9.8005e-01   9.9818e-01
   8.9373e-01   9.5091e-01   9.8596e-01   9.9847e-01
   8.9533e-01   9.4808e-01   9.8035e-01   9.9546e-01
   8.8955e-01   9.4614e-01   9.8067e-01   9.9486e-01
   8.9547e-01   9.4788e-01   9.8174e-01   9.9610e-01
   8.9107e-01   9.5041e-01   9.8550e-01   9.9803e-01
   8.9242e-01   9.5141e-01   9.8487e-01   9.9641e-01
   8.8786e-01   9.5026e-01   9.8666e-01   9.9878e-01
   8.8957e-01   9.4742e-01   9.8248e-01   9.9801e-01
   8.7830e-01   9.3858e-01   9.7758e-01   9.9535e-01
   8.8092e-01   9.3383e-01   9.7288e-01   9.9384e-01
   8.9638e-01   9.4641e-01   9.7603e-01   9.9194e-01
   8.9074e-01   9.4302e-01   9.7656e-01   9.9434e-01
   8.8149e-01   9.3713e-01   9.7255e-01   9.9075e-01
   8.7425e-01   9.2923e-01   9.7149e-01   9.9298e-01
   8.8561e-01   9.4397e-01   9.8160e-01   9.9541e-01
   8.9104e-01   9.4861e-01   9.8342e-01   9.9730e-01
   8.9749e-01   9.4885e-01   9.7899e-01   9.9431e-01
   8.7912e-01   9.4067e-01   9.7978e-01   9.9444e-01
   8.9865e-01   9.5423e-01   9.8636e-01   9.9766e-01
   8.7830e-01   9.3162e-01   9.6831e-01   9.9195e-01
   8.9387e-01   9.5150e-01   9.8382e-01   9.9809e-01
   8.8332e-01   9.3910e-01   9.7227e-01   9.8985e-01
   8.9173e-01   9.4764e-01   9.8188e-01   9.9724e-01
   8.8347e-01   9.4431e-01   9.8172e-01   9.9693e-01
   8.9356e-01   9.5265e-01   9.8770e-01   9.9766e-01
   8.8225e-01   9.3775e-01   9.7349e-01   9.9090e-01
   8.7875e-01   9.3615e-01   9.7370e-01   9.9306e-01
   8.7515e-01   9.3247e-01   9.7048e-01   9.8976e-01
   8.8013e-01   9.3962e-01   9.7642e-01   9.9540e-01
   8.8893e-01   9.4454e-01   9.7837e-01   9.9328e-01
   8.6642e-01   9.2639e-01   9.6741e-01   9.8897e-01
   8.9770e-01   9.5261e-01   9.8446e-01   9.9571e-01
   9.0165e-01   9.5652e-01   9.8828e-01   9.9834e-01
   8.8710e-01   9.4454e-01   9.7986e-01   9.9477e-01

{Undefined function or variable 'stop'.

Error in test10>stopnow (line 253)
        stop

Error in test10 (line 80)
        stopnow

Error in run10 (line 13)
  test10()
} 
